<<<<<<< HEAD
--------------- Build Started: 01/10/2020 10:24:53 Project: Design01, Configuration: ARM GCC 5.4-2016-q2-update Debug ---------------
The code generation step is up to date.
arm-none-eabi-gcc.exe -mcpu=cortex-m0 -mthumb -I. -IGenerated_Source\PSoC4 -Wa,-alh=.\CortexM0\ARM_GCC_541\Debug/main.lst -g -D DEBUG -D CY_CORE_ID=0 -Wall -ffunction-sections -ffat-lto-objects -Og -c main.c -o .\CortexM0\ARM_GCC_541\Debug\main.o
main.c: In function 'main':
main.c:39:11: warning: unused variable 'arr_dir' [-Wunused-variable]
     uint8 arr_dir[10] = {0, 0, 1, 0, 1, 0, 1, 1, 0, 1};
           ^
=======
--------------- Build Started: 12/24/2019 15:42:50 Project: Design01, Configuration: ARM GCC 5.4-2016-q2-update Debug ---------------
The code generation step is up to date.
arm-none-eabi-gcc.exe -mcpu=cortex-m0 -mthumb -I. -IGenerated_Source\PSoC4 -Wa,-alh=.\CortexM0\ARM_GCC_541\Debug/main.lst -g -D DEBUG -D CY_CORE_ID=0 -Wall -ffunction-sections -ffat-lto-objects -Og -c main.c -o .\CortexM0\ARM_GCC_541\Debug\main.o
>>>>>>> 2a53f4dd5b08b7201acfd3c35e4b74087265cf45
arm-none-eabi-gcc.exe -mcpu=cortex-m0 -mthumb -I. -IGenerated_Source\PSoC4 -Wa,-alh=.\CortexM0\ARM_GCC_541\Debug/stepper.lst -g -D DEBUG -D CY_CORE_ID=0 -Wall -ffunction-sections -ffat-lto-objects -Og -c stepper.c -o .\CortexM0\ARM_GCC_541\Debug\stepper.o
stepper.c:33:17: warning: 'spiralRotations' defined but not used [-Wunused-variable]
 static uint32_t spiralRotations;
                 ^
stepper.c:34:17: warning: 'slopeBeginTarget' defined but not used [-Wunused-variable]
 static uint32_t slopeBeginTarget;
                 ^
stepper.c:35:17: warning: 'slopeEndTarget' defined but not used [-Wunused-variable]
 static uint32_t slopeEndTarget;
                 ^
<<<<<<< HEAD
arm-none-eabi-ar.exe -rs .\CortexM0\ARM_GCC_541\Debug\Design01.a .\CortexM0\ARM_GCC_541\Debug\Pin_STEP_X.o .\CortexM0\ARM_GCC_541\Debug\Pin_STEP_X_PM.o .\CortexM0\ARM_GCC_541\Debug\Pin_DIR_X.o .\CortexM0\ARM_GCC_541\Debug\Pin_DIR_X_PM.o .\CortexM0\ARM_GCC_541\Debug\Pin_EN.o .\CortexM0\ARM_GCC_541\Debug\Pin_EN_PM.o .\CortexM0\ARM_GCC_541\Debug\Step_Counter.o .\CortexM0\ARM_GCC_541\Debug\Step_Counter_PM.o .\CortexM0\ARM_GCC_541\Debug\Clock_1.o .\CortexM0\ARM_GCC_541\Debug\X_Interrupt.o .\CortexM0\ARM_GCC_541\Debug\Counter_Motor_Steps.o .\CortexM0\ARM_GCC_541\Debug\Counter_Motor_Steps_PM.o .\CortexM0\ARM_GCC_541\Debug\Motor_Control_Reg.o .\CortexM0\ARM_GCC_541\Debug\Motor_Control_Reg_PM.o .\CortexM0\ARM_GCC_541\Debug\Pin_STEP_Y.o .\CortexM0\ARM_GCC_541\Debug\Pin_STEP_Y_PM.o .\CortexM0\ARM_GCC_541\Debug\Pin_DIR_Y.o .\CortexM0\ARM_GCC_541\Debug\Pin_DIR_Y_PM.o .\CortexM0\ARM_GCC_541\Debug\cy_em_eeprom.o .\CortexM0\ARM_GCC_541\Debug\CyFlash.o .\CortexM0\ARM_GCC_541\Debug\CyLib.o .\CortexM0\ARM_GCC_541\Debug\cyPm.o .\CortexM0\ARM_GCC_541\Debug\cyutils.o .\CortexM0\ARM_GCC_541\Debug\CyDMA.o .\CortexM0\ARM_GCC_541\Debug\CyLFClk.o .\CortexM0\ARM_GCC_541\Debug\LCD_BarGraph.o .\CortexM0\ARM_GCC_541\Debug\LCD.o .\CortexM0\ARM_GCC_541\Debug\LCD_PM.o .\CortexM0\ARM_GCC_541\Debug\LCD_LCDPort.o .\CortexM0\ARM_GCC_541\Debug\LCD_LCDPort_PM.o .\CortexM0\ARM_GCC_541\Debug\CyBootAsmGnu.o
=======
arm-none-eabi-ar.exe -rs .\CortexM0\ARM_GCC_541\Debug\Design01.a .\CortexM0\ARM_GCC_541\Debug\Pin_STEP.o .\CortexM0\ARM_GCC_541\Debug\Pin_STEP_PM.o .\CortexM0\ARM_GCC_541\Debug\Pin_DIR.o .\CortexM0\ARM_GCC_541\Debug\Pin_DIR_PM.o .\CortexM0\ARM_GCC_541\Debug\Pin_EN.o .\CortexM0\ARM_GCC_541\Debug\Pin_EN_PM.o .\CortexM0\ARM_GCC_541\Debug\Pin_LIM.o .\CortexM0\ARM_GCC_541\Debug\Pin_LIM_PM.o .\CortexM0\ARM_GCC_541\Debug\X_Counter.o .\CortexM0\ARM_GCC_541\Debug\X_Counter_PM.o .\CortexM0\ARM_GCC_541\Debug\Clock_1.o .\CortexM0\ARM_GCC_541\Debug\X_Interrupt.o .\CortexM0\ARM_GCC_541\Debug\cy_em_eeprom.o .\CortexM0\ARM_GCC_541\Debug\CyFlash.o .\CortexM0\ARM_GCC_541\Debug\CyLib.o .\CortexM0\ARM_GCC_541\Debug\cyPm.o .\CortexM0\ARM_GCC_541\Debug\cyutils.o .\CortexM0\ARM_GCC_541\Debug\CyDMA.o .\CortexM0\ARM_GCC_541\Debug\CyLFClk.o .\CortexM0\ARM_GCC_541\Debug\CyBootAsmGnu.o
>>>>>>> 2a53f4dd5b08b7201acfd3c35e4b74087265cf45
arm-none-eabi-ar.exe: creating .\CortexM0\ARM_GCC_541\Debug\Design01.a
arm-none-eabi-gcc.exe -Wl,--start-group -o "C:\Users\User\Documents\PSoC Creator\Workspace06\Design01.cydsn\CortexM0\ARM_GCC_541\Debug\Design01.elf" .\CortexM0\ARM_GCC_541\Debug\main.o .\CortexM0\ARM_GCC_541\Debug\stepper.o .\CortexM0\ARM_GCC_541\Debug\cyfitter_cfg.o .\CortexM0\ARM_GCC_541\Debug\cymetadata.o .\CortexM0\ARM_GCC_541\Debug\Cm0Start.o .\CortexM0\ARM_GCC_541\Debug\Design01.a -mcpu=cortex-m0 -mthumb -L Generated_Source\PSoC4 -Wl,-Map,.\CortexM0\ARM_GCC_541\Debug/Design01.map -T Generated_Source\PSoC4\cm0gcc.ld -specs=nano.specs -Wl,--gc-sections -g -ffunction-sections -Og -ffat-lto-objects -Wl,--end-group
cyelftool.exe -C "C:\Users\User\Documents\PSoC Creator\Workspace06\Design01.cydsn\CortexM0\ARM_GCC_541\Debug\Design01.elf" --flash_row_size 256 --flash_size 262144 --flash_offset 0x00000000
No ELF section .cychecksum found, creating one
Application checksum calculated and stored in ELF section .cychecksum
Checksum calculated and stored in ELF section .cymeta
cyelftool.exe -S "C:\Users\User\Documents\PSoC Creator\Workspace06\Design01.cydsn\CortexM0\ARM_GCC_541\Debug\Design01.elf"
<<<<<<< HEAD
Flash used: 13214 of 262144 bytes (5,0%).
SRAM used: 7592 of 32768 bytes (23,2%). Stack: 1024 bytes. Heap: 128 bytes.
--------------- Build Succeeded: 01/10/2020 10:24:54 ---------------
=======
Flash used: 2616 of 262144 bytes (1,0%).
SRAM used: 1552 of 32768 bytes (4,7%). Stack: 1024 bytes. Heap: 128 bytes.
--------------- Build Succeeded: 12/24/2019 15:42:51 ---------------
>>>>>>> 2a53f4dd5b08b7201acfd3c35e4b74087265cf45
