ARM GAS  C:\Users\Admin\AppData\Local\Temp\cceeSzmB.s 			page 1


   1              		.syntax unified
   2              		.cpu cortex-m0plus
   3              		.fpu softvfp
   4              		.eabi_attribute 20, 1
   5              		.eabi_attribute 21, 1
   6              		.eabi_attribute 23, 3
   7              		.eabi_attribute 24, 1
   8              		.eabi_attribute 25, 1
   9              		.eabi_attribute 26, 1
  10              		.eabi_attribute 30, 1
  11              		.eabi_attribute 34, 0
  12              		.eabi_attribute 18, 4
  13              		.thumb
  14              		.syntax unified
  15              		.file	"main.c"
  16              		.text
  17              	.Ltext0:
  18              		.cfi_sections	.debug_frame
  19              		.section	.text.main,"ax",%progbits
  20              		.align	2
  21              		.global	main
  22              		.code	16
  23              		.thumb_func
  24              		.type	main, %function
  25              	main:
  26              	.LFB33:
  27              		.file 1 "main.c"
   1:main.c        **** #include <project.h>
   2:main.c        **** 
   3:main.c        **** #define LED_ON 0u
   4:main.c        **** #define LED_OFF 1u
   5:main.c        **** 
   6:main.c        **** 
   7:main.c        **** int main(void)
   8:main.c        **** {
  28              		.loc 1 8 0
  29              		.cfi_startproc
  30              		@ Volatile: function does not return.
  31              		@ args = 0, pretend = 0, frame = 0
  32              		@ frame_needed = 0, uses_anonymous_args = 0
  33 0000 10B5     		push	{r4, lr}
  34              		.cfi_def_cfa_offset 8
  35              		.cfi_offset 4, -8
  36              		.cfi_offset 14, -4
   9:main.c        **** 	CyGlobalIntEnable; 
  37              		.loc 1 9 0
  38              		.syntax divided
  39              	@ 9 "main.c" 1
  40 0002 62B6     		CPSIE   i
  41              	@ 0 "" 2
  10:main.c        ****     
  11:main.c        ****     CapSense_Start();
  42              		.loc 1 11 0
  43              		.thumb
  44              		.syntax unified
  45 0004 FFF7FEFF 		bl	CapSense_Start
  46              	.LVL0:
ARM GAS  C:\Users\Admin\AppData\Local\Temp\cceeSzmB.s 			page 2


  12:main.c        ****     
  13:main.c        ****     EZI2C_Start();
  47              		.loc 1 13 0
  48 0008 FFF7FEFF 		bl	EZI2C_Start
  49              	.LVL1:
  14:main.c        ****     
  15:main.c        ****     /* Set up I2C communication data buffer with CapSense data structure to be 
  16:main.c        ****        exposed to I2C master on a primary slave address request */
  17:main.c        ****     EZI2C_EzI2CSetBuffer1(sizeof(CapSense_dsRam), sizeof(CapSense_dsRam),(uint8 *)&CapSense_dsRam);
  50              		.loc 1 17 0
  51 000c EC20     		movs	r0, #236
  52 000e 4000     		lsls	r0, r0, #1
  53 0010 444A     		ldr	r2, .L4
  54 0012 0100     		movs	r1, r0
  55 0014 FFF7FEFF 		bl	EZI2C_EzI2CSetBuffer1
  56              	.LVL2:
  18:main.c        ****     
  19:main.c        ****     CapSense_ScanAllWidgets();
  57              		.loc 1 19 0
  58 0018 FFF7FEFF 		bl	CapSense_ScanAllWidgets
  59              	.LVL3:
  60              	.L2:
  20:main.c        ****     
  21:main.c        ****     for(;;)
  22:main.c        ****     {
  23:main.c        ****         if(CapSense_NOT_BUSY == CapSense_IsBusy())
  61              		.loc 1 23 0
  62 001c FFF7FEFF 		bl	CapSense_IsBusy
  63              	.LVL4:
  64 0020 0028     		cmp	r0, #0
  65 0022 FBD1     		bne	.L2
  24:main.c        ****         {
  25:main.c        ****             CapSense_ProcessAllWidgets();
  66              		.loc 1 25 0
  67 0024 FFF7FEFF 		bl	CapSense_ProcessAllWidgets
  68              	.LVL5:
  26:main.c        ****             
  27:main.c        ****             
  28:main.c        ****             // TEST
  29:main.c        ****             LED11_Write(CapSense_IsWidgetActive(CapSense_BUTTON0_WDGT_ID) ? LED_ON : LED_OFF);
  69              		.loc 1 29 0
  70 0028 0020     		movs	r0, #0
  71 002a FFF7FEFF 		bl	CapSense_IsWidgetActive
  72              	.LVL6:
  73 002e 4342     		rsbs	r3, r0, #0
  74 0030 5841     		adcs	r0, r0, r3
  75 0032 C0B2     		uxtb	r0, r0
  76 0034 FFF7FEFF 		bl	LED11_Write
  77              	.LVL7:
  30:main.c        ****             LED11_Write(CapSense_IsWidgetActive(CapSense_BUTTON1_WDGT_ID) ? LED_ON : LED_OFF);
  78              		.loc 1 30 0
  79 0038 0120     		movs	r0, #1
  80 003a FFF7FEFF 		bl	CapSense_IsWidgetActive
  81              	.LVL8:
  82 003e 4342     		rsbs	r3, r0, #0
  83 0040 5841     		adcs	r0, r0, r3
  84 0042 C0B2     		uxtb	r0, r0
ARM GAS  C:\Users\Admin\AppData\Local\Temp\cceeSzmB.s 			page 3


  85 0044 FFF7FEFF 		bl	LED11_Write
  86              	.LVL9:
  31:main.c        ****             LED11_Write(CapSense_IsWidgetActive(CapSense_BUTTON2_WDGT_ID) ? LED_ON : LED_OFF);
  87              		.loc 1 31 0
  88 0048 0220     		movs	r0, #2
  89 004a FFF7FEFF 		bl	CapSense_IsWidgetActive
  90              	.LVL10:
  91 004e 4342     		rsbs	r3, r0, #0
  92 0050 5841     		adcs	r0, r0, r3
  93 0052 C0B2     		uxtb	r0, r0
  94 0054 FFF7FEFF 		bl	LED11_Write
  95              	.LVL11:
  32:main.c        ****             LED11_Write(CapSense_IsWidgetActive(CapSense_BUTTON3_WDGT_ID) ? LED_ON : LED_OFF);
  96              		.loc 1 32 0
  97 0058 0320     		movs	r0, #3
  98 005a FFF7FEFF 		bl	CapSense_IsWidgetActive
  99              	.LVL12:
 100 005e 4342     		rsbs	r3, r0, #0
 101 0060 5841     		adcs	r0, r0, r3
 102 0062 C0B2     		uxtb	r0, r0
 103 0064 FFF7FEFF 		bl	LED11_Write
 104              	.LVL13:
  33:main.c        ****             LED11_Write(CapSense_IsWidgetActive(CapSense_BUTTON4_WDGT_ID) ? LED_ON : LED_OFF);
 105              		.loc 1 33 0
 106 0068 0420     		movs	r0, #4
 107 006a FFF7FEFF 		bl	CapSense_IsWidgetActive
 108              	.LVL14:
 109 006e 4342     		rsbs	r3, r0, #0
 110 0070 5841     		adcs	r0, r0, r3
 111 0072 C0B2     		uxtb	r0, r0
 112 0074 FFF7FEFF 		bl	LED11_Write
 113              	.LVL15:
  34:main.c        ****             LED11_Write(CapSense_IsWidgetActive(CapSense_BUTTON5_WDGT_ID) ? LED_ON : LED_OFF);
 114              		.loc 1 34 0
 115 0078 0520     		movs	r0, #5
 116 007a FFF7FEFF 		bl	CapSense_IsWidgetActive
 117              	.LVL16:
 118 007e 4342     		rsbs	r3, r0, #0
 119 0080 5841     		adcs	r0, r0, r3
 120 0082 C0B2     		uxtb	r0, r0
 121 0084 FFF7FEFF 		bl	LED11_Write
 122              	.LVL17:
  35:main.c        ****             LED11_Write(CapSense_IsWidgetActive(CapSense_BUTTON6_WDGT_ID) ? LED_ON : LED_OFF);
 123              		.loc 1 35 0
 124 0088 0620     		movs	r0, #6
 125 008a FFF7FEFF 		bl	CapSense_IsWidgetActive
 126              	.LVL18:
 127 008e 4342     		rsbs	r3, r0, #0
 128 0090 5841     		adcs	r0, r0, r3
 129 0092 C0B2     		uxtb	r0, r0
 130 0094 FFF7FEFF 		bl	LED11_Write
 131              	.LVL19:
  36:main.c        ****             LED11_Write(CapSense_IsWidgetActive(CapSense_BUTTON7_WDGT_ID) ? LED_ON : LED_OFF);
 132              		.loc 1 36 0
 133 0098 0720     		movs	r0, #7
 134 009a FFF7FEFF 		bl	CapSense_IsWidgetActive
 135              	.LVL20:
ARM GAS  C:\Users\Admin\AppData\Local\Temp\cceeSzmB.s 			page 4


 136 009e 4342     		rsbs	r3, r0, #0
 137 00a0 5841     		adcs	r0, r0, r3
 138 00a2 C0B2     		uxtb	r0, r0
 139 00a4 FFF7FEFF 		bl	LED11_Write
 140              	.LVL21:
  37:main.c        ****             LED11_Write(CapSense_IsWidgetActive(CapSense_BUTTON8_WDGT_ID) ? LED_ON : LED_OFF);
 141              		.loc 1 37 0
 142 00a8 0820     		movs	r0, #8
 143 00aa FFF7FEFF 		bl	CapSense_IsWidgetActive
 144              	.LVL22:
 145 00ae 4342     		rsbs	r3, r0, #0
 146 00b0 5841     		adcs	r0, r0, r3
 147 00b2 C0B2     		uxtb	r0, r0
 148 00b4 FFF7FEFF 		bl	LED11_Write
 149              	.LVL23:
  38:main.c        ****             LED11_Write(CapSense_IsWidgetActive(CapSense_BUTTON9_WDGT_ID) ? LED_ON : LED_OFF);
 150              		.loc 1 38 0
 151 00b8 0920     		movs	r0, #9
 152 00ba FFF7FEFF 		bl	CapSense_IsWidgetActive
 153              	.LVL24:
 154 00be 4342     		rsbs	r3, r0, #0
 155 00c0 5841     		adcs	r0, r0, r3
 156 00c2 C0B2     		uxtb	r0, r0
 157 00c4 FFF7FEFF 		bl	LED11_Write
 158              	.LVL25:
  39:main.c        ****             LED11_Write(CapSense_IsWidgetActive(CapSense_BUTTON10_WDGT_ID) ? LED_ON : LED_OFF);
 159              		.loc 1 39 0
 160 00c8 0A20     		movs	r0, #10
 161 00ca FFF7FEFF 		bl	CapSense_IsWidgetActive
 162              	.LVL26:
 163 00ce 4342     		rsbs	r3, r0, #0
 164 00d0 5841     		adcs	r0, r0, r3
 165 00d2 C0B2     		uxtb	r0, r0
 166 00d4 FFF7FEFF 		bl	LED11_Write
 167              	.LVL27:
  40:main.c        ****             LED11_Write(CapSense_IsWidgetActive(CapSense_BUTTON11_WDGT_ID) ? LED_ON : LED_OFF);
 168              		.loc 1 40 0
 169 00d8 0B20     		movs	r0, #11
 170 00da FFF7FEFF 		bl	CapSense_IsWidgetActive
 171              	.LVL28:
 172 00de 4342     		rsbs	r3, r0, #0
 173 00e0 5841     		adcs	r0, r0, r3
 174 00e2 C0B2     		uxtb	r0, r0
 175 00e4 FFF7FEFF 		bl	LED11_Write
 176              	.LVL29:
  41:main.c        ****             LED11_Write(CapSense_IsWidgetActive(CapSense_BUTTON12_WDGT_ID) ? LED_ON : LED_OFF);
 177              		.loc 1 41 0
 178 00e8 0C20     		movs	r0, #12
 179 00ea FFF7FEFF 		bl	CapSense_IsWidgetActive
 180              	.LVL30:
 181 00ee 4342     		rsbs	r3, r0, #0
 182 00f0 5841     		adcs	r0, r0, r3
 183 00f2 C0B2     		uxtb	r0, r0
 184 00f4 FFF7FEFF 		bl	LED11_Write
 185              	.LVL31:
  42:main.c        ****             LED11_Write(CapSense_IsWidgetActive(CapSense_BUTTON13_WDGT_ID) ? LED_ON : LED_OFF);
 186              		.loc 1 42 0
ARM GAS  C:\Users\Admin\AppData\Local\Temp\cceeSzmB.s 			page 5


 187 00f8 0D20     		movs	r0, #13
 188 00fa FFF7FEFF 		bl	CapSense_IsWidgetActive
 189              	.LVL32:
 190 00fe 4342     		rsbs	r3, r0, #0
 191 0100 5841     		adcs	r0, r0, r3
 192 0102 C0B2     		uxtb	r0, r0
 193 0104 FFF7FEFF 		bl	LED11_Write
 194              	.LVL33:
  43:main.c        ****             LED11_Write(CapSense_IsWidgetActive(CapSense_BUTTON14_WDGT_ID) ? LED_ON : LED_OFF);
 195              		.loc 1 43 0
 196 0108 0E20     		movs	r0, #14
 197 010a FFF7FEFF 		bl	CapSense_IsWidgetActive
 198              	.LVL34:
 199 010e 4342     		rsbs	r3, r0, #0
 200 0110 5841     		adcs	r0, r0, r3
 201 0112 C0B2     		uxtb	r0, r0
 202 0114 FFF7FEFF 		bl	LED11_Write
 203              	.LVL35:
  44:main.c        ****             
  45:main.c        ****             // Abstract code (functions Change_X_Y() - in other parts of code)
  46:main.c        ****             /*
  47:main.c        ****             Change_1_2(CapSense_IsWidgetActive(CapSense_BUTTON0_WDGT_ID));
  48:main.c        ****             Change_3_4(CapSense_IsWidgetActive(CapSense_BUTTON1_WDGT_ID));
  49:main.c        ****             Change_5_6(CapSense_IsWidgetActive(CapSense_BUTTON2_WDGT_ID));
  50:main.c        ****             Change_7_8(CapSense_IsWidgetActive(CapSense_BUTTON3_WDGT_ID));
  51:main.c        ****             Change_9_10(CapSense_IsWidgetActive(CapSense_BUTTON4_WDGT_ID));
  52:main.c        ****             Change_11_12(CapSense_IsWidgetActive(CapSense_BUTTON5_WDGT_ID));
  53:main.c        ****             Change_13_14(CapSense_IsWidgetActive(CapSense_BUTTON6_WDGT_ID));
  54:main.c        ****             Change_15_16(CapSense_IsWidgetActive(CapSense_BUTTON7_WDGT_ID));
  55:main.c        ****             Change_17_18(CapSense_IsWidgetActive(CapSense_BUTTON8_WDGT_ID));
  56:main.c        ****             Change_19_20(CapSense_IsWidgetActive(CapSense_BUTTON9_WDGT_ID));
  57:main.c        ****             Change_21_22(CapSense_IsWidgetActive(CapSense_BUTTON10_WDGT_ID));
  58:main.c        ****             Change_23_24(CapSense_IsWidgetActive(CapSense_BUTTON11_WDGT_ID));
  59:main.c        ****             Change_25_26(CapSense_IsWidgetActive(CapSense_BUTTON12_WDGT_ID));
  60:main.c        ****             Change_27_28(CapSense_IsWidgetActive(CapSense_BUTTON13_WDGT_ID));
  61:main.c        ****             Change_29_30(CapSense_IsWidgetActive(CapSense_BUTTON14_WDGT_ID));
  62:main.c        ****             */                      
  63:main.c        ****             
  64:main.c        ****             CapSense_RunTuner();
 204              		.loc 1 64 0
 205 0118 FFF7FEFF 		bl	CapSense_RunTuner
 206              	.LVL36:
  65:main.c        **** 
  66:main.c        ****             CapSense_ScanAllWidgets();
 207              		.loc 1 66 0
 208 011c FFF7FEFF 		bl	CapSense_ScanAllWidgets
 209              	.LVL37:
 210 0120 7CE7     		b	.L2
 211              	.L5:
 212 0122 C046     		.align	2
 213              	.L4:
 214 0124 00000000 		.word	CapSense_dsRam
 215              		.cfi_endproc
 216              	.LFE33:
 217              		.size	main, .-main
 218              		.text
 219              	.Letext0:
ARM GAS  C:\Users\Admin\AppData\Local\Temp\cceeSzmB.s 			page 6


 220              		.file 2 "Generated_Source\\PSoC4/cytypes.h"
 221              		.file 3 "Generated_Source\\PSoC4/CapSense_Configuration.h"
 222              		.file 4 "Generated_Source\\PSoC4/CapSense_Structure.h"
 223              		.file 5 "Generated_Source\\PSoC4/CapSense_Control.h"
 224              		.file 6 "Generated_Source\\PSoC4/EZI2C.h"
 225              		.file 7 "Generated_Source\\PSoC4/EZI2C_EZI2C.h"
 226              		.file 8 "Generated_Source\\PSoC4/CapSense_Sensing.h"
 227              		.file 9 "Generated_Source\\PSoC4/LED11.h"
 228              		.file 10 "Generated_Source\\PSoC4/CapSense_Tuner.h"
 229              		.section	.debug_info,"",%progbits
 230              	.Ldebug_info0:
 231 0000 70070000 		.4byte	0x770
 232 0004 0400     		.2byte	0x4
 233 0006 00000000 		.4byte	.Ldebug_abbrev0
 234 000a 04       		.byte	0x4
 235 000b 01       		.uleb128 0x1
 236 000c ED000000 		.4byte	.LASF82
 237 0010 0C       		.byte	0xc
 238 0011 1F040000 		.4byte	.LASF83
 239 0015 36000000 		.4byte	.LASF84
 240 0019 00000000 		.4byte	.Ldebug_ranges0+0
 241 001d 00000000 		.4byte	0
 242 0021 00000000 		.4byte	.Ldebug_line0
 243 0025 02       		.uleb128 0x2
 244 0026 01       		.byte	0x1
 245 0027 06       		.byte	0x6
 246 0028 A6020000 		.4byte	.LASF0
 247 002c 02       		.uleb128 0x2
 248 002d 01       		.byte	0x1
 249 002e 08       		.byte	0x8
 250 002f 74020000 		.4byte	.LASF1
 251 0033 02       		.uleb128 0x2
 252 0034 02       		.byte	0x2
 253 0035 05       		.byte	0x5
 254 0036 9F000000 		.4byte	.LASF2
 255 003a 02       		.uleb128 0x2
 256 003b 02       		.byte	0x2
 257 003c 07       		.byte	0x7
 258 003d BB030000 		.4byte	.LASF3
 259 0041 02       		.uleb128 0x2
 260 0042 04       		.byte	0x4
 261 0043 05       		.byte	0x5
 262 0044 15020000 		.4byte	.LASF4
 263 0048 02       		.uleb128 0x2
 264 0049 04       		.byte	0x4
 265 004a 07       		.byte	0x7
 266 004b 26040000 		.4byte	.LASF5
 267 004f 02       		.uleb128 0x2
 268 0050 08       		.byte	0x8
 269 0051 05       		.byte	0x5
 270 0052 93010000 		.4byte	.LASF6
 271 0056 02       		.uleb128 0x2
 272 0057 08       		.byte	0x8
 273 0058 07       		.byte	0x7
 274 0059 CF020000 		.4byte	.LASF7
 275 005d 03       		.uleb128 0x3
 276 005e 04       		.byte	0x4
ARM GAS  C:\Users\Admin\AppData\Local\Temp\cceeSzmB.s 			page 7


 277 005f 05       		.byte	0x5
 278 0060 696E7400 		.ascii	"int\000"
 279 0064 02       		.uleb128 0x2
 280 0065 04       		.byte	0x4
 281 0066 07       		.byte	0x7
 282 0067 10030000 		.4byte	.LASF8
 283 006b 04       		.uleb128 0x4
 284 006c D8010000 		.4byte	.LASF9
 285 0070 02       		.byte	0x2
 286 0071 E401     		.2byte	0x1e4
 287 0073 2C000000 		.4byte	0x2c
 288 0077 04       		.uleb128 0x4
 289 0078 BF010000 		.4byte	.LASF10
 290 007c 02       		.byte	0x2
 291 007d E501     		.2byte	0x1e5
 292 007f 3A000000 		.4byte	0x3a
 293 0083 04       		.uleb128 0x4
 294 0084 18040000 		.4byte	.LASF11
 295 0088 02       		.byte	0x2
 296 0089 E601     		.2byte	0x1e6
 297 008b 48000000 		.4byte	0x48
 298 008f 02       		.uleb128 0x2
 299 0090 04       		.byte	0x4
 300 0091 04       		.byte	0x4
 301 0092 DE010000 		.4byte	.LASF12
 302 0096 02       		.uleb128 0x2
 303 0097 08       		.byte	0x8
 304 0098 04       		.byte	0x4
 305 0099 38040000 		.4byte	.LASF13
 306 009d 02       		.uleb128 0x2
 307 009e 01       		.byte	0x1
 308 009f 08       		.byte	0x8
 309 00a0 10020000 		.4byte	.LASF14
 310 00a4 05       		.uleb128 0x5
 311 00a5 83000000 		.4byte	0x83
 312 00a9 04       		.uleb128 0x4
 313 00aa 8E020000 		.4byte	.LASF15
 314 00ae 03       		.byte	0x3
 315 00af 3501     		.2byte	0x135
 316 00b1 77000000 		.4byte	0x77
 317 00b5 04       		.uleb128 0x4
 318 00b6 6E030000 		.4byte	.LASF16
 319 00ba 03       		.byte	0x3
 320 00bb 3901     		.2byte	0x139
 321 00bd 6B000000 		.4byte	0x6b
 322 00c1 02       		.uleb128 0x2
 323 00c2 08       		.byte	0x8
 324 00c3 04       		.byte	0x4
 325 00c4 51020000 		.4byte	.LASF17
 326 00c8 02       		.uleb128 0x2
 327 00c9 04       		.byte	0x4
 328 00ca 07       		.byte	0x7
 329 00cb D2000000 		.4byte	.LASF18
 330 00cf 06       		.uleb128 0x6
 331 00d0 6B000000 		.4byte	0x6b
 332 00d4 DF000000 		.4byte	0xdf
 333 00d8 07       		.uleb128 0x7
ARM GAS  C:\Users\Admin\AppData\Local\Temp\cceeSzmB.s 			page 8


 334 00d9 C8000000 		.4byte	0xc8
 335 00dd 00       		.byte	0
 336 00de 00       		.byte	0
 337 00df 08       		.uleb128 0x8
 338 00e0 12       		.byte	0x12
 339 00e1 04       		.byte	0x4
 340 00e2 D9       		.byte	0xd9
 341 00e3 7E010000 		.4byte	0x17e
 342 00e7 09       		.uleb128 0x9
 343 00e8 B0030000 		.4byte	.LASF19
 344 00ec 04       		.byte	0x4
 345 00ed DE       		.byte	0xde
 346 00ee 77000000 		.4byte	0x77
 347 00f2 00       		.byte	0
 348 00f3 09       		.uleb128 0x9
 349 00f4 1E020000 		.4byte	.LASF20
 350 00f8 04       		.byte	0x4
 351 00f9 E3       		.byte	0xe3
 352 00fa A9000000 		.4byte	0xa9
 353 00fe 02       		.byte	0x2
 354 00ff 09       		.uleb128 0x9
 355 0100 AE010000 		.4byte	.LASF21
 356 0104 04       		.byte	0x4
 357 0105 E8       		.byte	0xe8
 358 0106 6B000000 		.4byte	0x6b
 359 010a 04       		.byte	0x4
 360 010b 09       		.uleb128 0x9
 361 010c F4030000 		.4byte	.LASF22
 362 0110 04       		.byte	0x4
 363 0111 ED       		.byte	0xed
 364 0112 6B000000 		.4byte	0x6b
 365 0116 05       		.byte	0x5
 366 0117 09       		.uleb128 0x9
 367 0118 3D020000 		.4byte	.LASF23
 368 011c 04       		.byte	0x4
 369 011d F3       		.byte	0xf3
 370 011e 6B000000 		.4byte	0x6b
 371 0122 06       		.byte	0x6
 372 0123 09       		.uleb128 0x9
 373 0124 C7000000 		.4byte	.LASF24
 374 0128 04       		.byte	0x4
 375 0129 F9       		.byte	0xf9
 376 012a 6B000000 		.4byte	0x6b
 377 012e 07       		.byte	0x7
 378 012f 0A       		.uleb128 0xa
 379 0130 1E000000 		.4byte	.LASF25
 380 0134 04       		.byte	0x4
 381 0135 0001     		.2byte	0x100
 382 0137 B5000000 		.4byte	0xb5
 383 013b 08       		.byte	0x8
 384 013c 0A       		.uleb128 0xa
 385 013d D6030000 		.4byte	.LASF26
 386 0141 04       		.byte	0x4
 387 0142 0701     		.2byte	0x107
 388 0144 CF000000 		.4byte	0xcf
 389 0148 09       		.byte	0x9
 390 0149 0A       		.uleb128 0xa
ARM GAS  C:\Users\Admin\AppData\Local\Temp\cceeSzmB.s 			page 9


 391 014a 27020000 		.4byte	.LASF27
 392 014e 04       		.byte	0x4
 393 014f 0F01     		.2byte	0x10f
 394 0151 77000000 		.4byte	0x77
 395 0155 0A       		.byte	0xa
 396 0156 0A       		.uleb128 0xa
 397 0157 A1010000 		.4byte	.LASF28
 398 015b 04       		.byte	0x4
 399 015c 1401     		.2byte	0x114
 400 015e 6B000000 		.4byte	0x6b
 401 0162 0C       		.byte	0xc
 402 0163 0A       		.uleb128 0xa
 403 0164 AD040000 		.4byte	.LASF29
 404 0168 04       		.byte	0x4
 405 0169 1A01     		.2byte	0x11a
 406 016b 77000000 		.4byte	0x77
 407 016f 0E       		.byte	0xe
 408 0170 0A       		.uleb128 0xa
 409 0171 11040000 		.4byte	.LASF30
 410 0175 04       		.byte	0x4
 411 0176 1F01     		.2byte	0x11f
 412 0178 77000000 		.4byte	0x77
 413 017c 10       		.byte	0x10
 414 017d 00       		.byte	0
 415 017e 04       		.uleb128 0x4
 416 017f A9000000 		.4byte	.LASF31
 417 0183 04       		.byte	0x4
 418 0184 2001     		.2byte	0x120
 419 0186 DF000000 		.4byte	0xdf
 420 018a 0B       		.uleb128 0xb
 421 018b 0E01     		.2byte	0x10e
 422 018d 04       		.byte	0x4
 423 018e 2601     		.2byte	0x126
 424 0190 58020000 		.4byte	0x258
 425 0194 0A       		.uleb128 0xa
 426 0195 55040000 		.4byte	.LASF32
 427 0199 04       		.byte	0x4
 428 019a 2B01     		.2byte	0x12b
 429 019c 7E010000 		.4byte	0x17e
 430 01a0 00       		.byte	0
 431 01a1 0A       		.uleb128 0xa
 432 01a2 5D040000 		.4byte	.LASF33
 433 01a6 04       		.byte	0x4
 434 01a7 3001     		.2byte	0x130
 435 01a9 7E010000 		.4byte	0x17e
 436 01ad 12       		.byte	0x12
 437 01ae 0A       		.uleb128 0xa
 438 01af 65040000 		.4byte	.LASF34
 439 01b3 04       		.byte	0x4
 440 01b4 3501     		.2byte	0x135
 441 01b6 7E010000 		.4byte	0x17e
 442 01ba 24       		.byte	0x24
 443 01bb 0A       		.uleb128 0xa
 444 01bc 6D040000 		.4byte	.LASF35
 445 01c0 04       		.byte	0x4
 446 01c1 3A01     		.2byte	0x13a
 447 01c3 7E010000 		.4byte	0x17e
ARM GAS  C:\Users\Admin\AppData\Local\Temp\cceeSzmB.s 			page 10


 448 01c7 36       		.byte	0x36
 449 01c8 0A       		.uleb128 0xa
 450 01c9 2E000000 		.4byte	.LASF36
 451 01cd 04       		.byte	0x4
 452 01ce 3F01     		.2byte	0x13f
 453 01d0 7E010000 		.4byte	0x17e
 454 01d4 48       		.byte	0x48
 455 01d5 0A       		.uleb128 0xa
 456 01d6 85040000 		.4byte	.LASF37
 457 01da 04       		.byte	0x4
 458 01db 4401     		.2byte	0x144
 459 01dd 7E010000 		.4byte	0x17e
 460 01e1 5A       		.byte	0x5a
 461 01e2 0A       		.uleb128 0xa
 462 01e3 8D040000 		.4byte	.LASF38
 463 01e7 04       		.byte	0x4
 464 01e8 4901     		.2byte	0x149
 465 01ea 7E010000 		.4byte	0x17e
 466 01ee 6C       		.byte	0x6c
 467 01ef 0A       		.uleb128 0xa
 468 01f0 95040000 		.4byte	.LASF39
 469 01f4 04       		.byte	0x4
 470 01f5 4E01     		.2byte	0x14e
 471 01f7 7E010000 		.4byte	0x17e
 472 01fb 7E       		.byte	0x7e
 473 01fc 0A       		.uleb128 0xa
 474 01fd 9D040000 		.4byte	.LASF40
 475 0201 04       		.byte	0x4
 476 0202 5301     		.2byte	0x153
 477 0204 7E010000 		.4byte	0x17e
 478 0208 90       		.byte	0x90
 479 0209 0A       		.uleb128 0xa
 480 020a A5040000 		.4byte	.LASF41
 481 020e 04       		.byte	0x4
 482 020f 5801     		.2byte	0x158
 483 0211 7E010000 		.4byte	0x17e
 484 0215 A2       		.byte	0xa2
 485 0216 0A       		.uleb128 0xa
 486 0217 DB000000 		.4byte	.LASF42
 487 021b 04       		.byte	0x4
 488 021c 5D01     		.2byte	0x15d
 489 021e 7E010000 		.4byte	0x17e
 490 0222 B4       		.byte	0xb4
 491 0223 0A       		.uleb128 0xa
 492 0224 B7040000 		.4byte	.LASF43
 493 0228 04       		.byte	0x4
 494 0229 6201     		.2byte	0x162
 495 022b 7E010000 		.4byte	0x17e
 496 022f C6       		.byte	0xc6
 497 0230 0A       		.uleb128 0xa
 498 0231 E6020000 		.4byte	.LASF44
 499 0235 04       		.byte	0x4
 500 0236 6701     		.2byte	0x167
 501 0238 7E010000 		.4byte	0x17e
 502 023c D8       		.byte	0xd8
 503 023d 0A       		.uleb128 0xa
 504 023e EF020000 		.4byte	.LASF45
ARM GAS  C:\Users\Admin\AppData\Local\Temp\cceeSzmB.s 			page 11


 505 0242 04       		.byte	0x4
 506 0243 6C01     		.2byte	0x16c
 507 0245 7E010000 		.4byte	0x17e
 508 0249 EA       		.byte	0xea
 509 024a 0A       		.uleb128 0xa
 510 024b F8020000 		.4byte	.LASF46
 511 024f 04       		.byte	0x4
 512 0250 7101     		.2byte	0x171
 513 0252 7E010000 		.4byte	0x17e
 514 0256 FC       		.byte	0xfc
 515 0257 00       		.byte	0
 516 0258 04       		.uleb128 0x4
 517 0259 E4010000 		.4byte	.LASF47
 518 025d 04       		.byte	0x4
 519 025e 7201     		.2byte	0x172
 520 0260 8A010000 		.4byte	0x18a
 521 0264 0C       		.uleb128 0xc
 522 0265 0A       		.byte	0xa
 523 0266 04       		.byte	0x4
 524 0267 7801     		.2byte	0x178
 525 0269 BC020000 		.4byte	0x2bc
 526 026d 0D       		.uleb128 0xd
 527 026e 72617700 		.ascii	"raw\000"
 528 0272 04       		.byte	0x4
 529 0273 7D01     		.2byte	0x17d
 530 0275 BC020000 		.4byte	0x2bc
 531 0279 00       		.byte	0
 532 027a 0A       		.uleb128 0xa
 533 027b 19000000 		.4byte	.LASF48
 534 027f 04       		.byte	0x4
 535 0280 8201     		.2byte	0x182
 536 0282 BC020000 		.4byte	0x2bc
 537 0286 02       		.byte	0x2
 538 0287 0A       		.uleb128 0xa
 539 0288 3F040000 		.4byte	.LASF49
 540 028c 04       		.byte	0x4
 541 028d 8801     		.2byte	0x188
 542 028f CF000000 		.4byte	0xcf
 543 0293 04       		.byte	0x4
 544 0294 0A       		.uleb128 0xa
 545 0295 29000000 		.4byte	.LASF50
 546 0299 04       		.byte	0x4
 547 029a 8D01     		.2byte	0x18d
 548 029c A9000000 		.4byte	0xa9
 549 02a0 06       		.byte	0x6
 550 02a1 0A       		.uleb128 0xa
 551 02a2 47040000 		.4byte	.LASF51
 552 02a6 04       		.byte	0x4
 553 02a7 9201     		.2byte	0x192
 554 02a9 CC020000 		.4byte	0x2cc
 555 02ad 08       		.byte	0x8
 556 02ae 0A       		.uleb128 0xa
 557 02af 7F010000 		.4byte	.LASF52
 558 02b3 04       		.byte	0x4
 559 02b4 9701     		.2byte	0x197
 560 02b6 CF000000 		.4byte	0xcf
 561 02ba 09       		.byte	0x9
ARM GAS  C:\Users\Admin\AppData\Local\Temp\cceeSzmB.s 			page 12


 562 02bb 00       		.byte	0
 563 02bc 06       		.uleb128 0x6
 564 02bd 77000000 		.4byte	0x77
 565 02c1 CC020000 		.4byte	0x2cc
 566 02c5 07       		.uleb128 0x7
 567 02c6 C8000000 		.4byte	0xc8
 568 02ca 00       		.byte	0
 569 02cb 00       		.byte	0
 570 02cc 06       		.uleb128 0x6
 571 02cd B5000000 		.4byte	0xb5
 572 02d1 DC020000 		.4byte	0x2dc
 573 02d5 07       		.uleb128 0x7
 574 02d6 C8000000 		.4byte	0xc8
 575 02da 00       		.byte	0
 576 02db 00       		.byte	0
 577 02dc 04       		.uleb128 0x4
 578 02dd 56030000 		.4byte	.LASF53
 579 02e1 04       		.byte	0x4
 580 02e2 9801     		.2byte	0x198
 581 02e4 64020000 		.4byte	0x264
 582 02e8 0C       		.uleb128 0xc
 583 02e9 96       		.byte	0x96
 584 02ea 04       		.byte	0x4
 585 02eb 9E01     		.2byte	0x19e
 586 02ed B5030000 		.4byte	0x3b5
 587 02f1 0A       		.uleb128 0xa
 588 02f2 55040000 		.4byte	.LASF32
 589 02f6 04       		.byte	0x4
 590 02f7 A301     		.2byte	0x1a3
 591 02f9 B5030000 		.4byte	0x3b5
 592 02fd 00       		.byte	0
 593 02fe 0A       		.uleb128 0xa
 594 02ff 5D040000 		.4byte	.LASF33
 595 0303 04       		.byte	0x4
 596 0304 A801     		.2byte	0x1a8
 597 0306 B5030000 		.4byte	0x3b5
 598 030a 0A       		.byte	0xa
 599 030b 0A       		.uleb128 0xa
 600 030c 65040000 		.4byte	.LASF34
 601 0310 04       		.byte	0x4
 602 0311 AD01     		.2byte	0x1ad
 603 0313 B5030000 		.4byte	0x3b5
 604 0317 14       		.byte	0x14
 605 0318 0A       		.uleb128 0xa
 606 0319 6D040000 		.4byte	.LASF35
 607 031d 04       		.byte	0x4
 608 031e B201     		.2byte	0x1b2
 609 0320 B5030000 		.4byte	0x3b5
 610 0324 1E       		.byte	0x1e
 611 0325 0A       		.uleb128 0xa
 612 0326 2E000000 		.4byte	.LASF36
 613 032a 04       		.byte	0x4
 614 032b B701     		.2byte	0x1b7
 615 032d B5030000 		.4byte	0x3b5
 616 0331 28       		.byte	0x28
 617 0332 0A       		.uleb128 0xa
 618 0333 85040000 		.4byte	.LASF37
ARM GAS  C:\Users\Admin\AppData\Local\Temp\cceeSzmB.s 			page 13


 619 0337 04       		.byte	0x4
 620 0338 BC01     		.2byte	0x1bc
 621 033a B5030000 		.4byte	0x3b5
 622 033e 32       		.byte	0x32
 623 033f 0A       		.uleb128 0xa
 624 0340 8D040000 		.4byte	.LASF38
 625 0344 04       		.byte	0x4
 626 0345 C101     		.2byte	0x1c1
 627 0347 B5030000 		.4byte	0x3b5
 628 034b 3C       		.byte	0x3c
 629 034c 0A       		.uleb128 0xa
 630 034d 95040000 		.4byte	.LASF39
 631 0351 04       		.byte	0x4
 632 0352 C601     		.2byte	0x1c6
 633 0354 B5030000 		.4byte	0x3b5
 634 0358 46       		.byte	0x46
 635 0359 0A       		.uleb128 0xa
 636 035a 9D040000 		.4byte	.LASF40
 637 035e 04       		.byte	0x4
 638 035f CB01     		.2byte	0x1cb
 639 0361 B5030000 		.4byte	0x3b5
 640 0365 50       		.byte	0x50
 641 0366 0A       		.uleb128 0xa
 642 0367 A5040000 		.4byte	.LASF41
 643 036b 04       		.byte	0x4
 644 036c D001     		.2byte	0x1d0
 645 036e B5030000 		.4byte	0x3b5
 646 0372 5A       		.byte	0x5a
 647 0373 0A       		.uleb128 0xa
 648 0374 DB000000 		.4byte	.LASF42
 649 0378 04       		.byte	0x4
 650 0379 D501     		.2byte	0x1d5
 651 037b B5030000 		.4byte	0x3b5
 652 037f 64       		.byte	0x64
 653 0380 0A       		.uleb128 0xa
 654 0381 B7040000 		.4byte	.LASF43
 655 0385 04       		.byte	0x4
 656 0386 DA01     		.2byte	0x1da
 657 0388 B5030000 		.4byte	0x3b5
 658 038c 6E       		.byte	0x6e
 659 038d 0A       		.uleb128 0xa
 660 038e E6020000 		.4byte	.LASF44
 661 0392 04       		.byte	0x4
 662 0393 DF01     		.2byte	0x1df
 663 0395 B5030000 		.4byte	0x3b5
 664 0399 78       		.byte	0x78
 665 039a 0A       		.uleb128 0xa
 666 039b EF020000 		.4byte	.LASF45
 667 039f 04       		.byte	0x4
 668 03a0 E401     		.2byte	0x1e4
 669 03a2 B5030000 		.4byte	0x3b5
 670 03a6 82       		.byte	0x82
 671 03a7 0A       		.uleb128 0xa
 672 03a8 F8020000 		.4byte	.LASF46
 673 03ac 04       		.byte	0x4
 674 03ad E901     		.2byte	0x1e9
 675 03af B5030000 		.4byte	0x3b5
ARM GAS  C:\Users\Admin\AppData\Local\Temp\cceeSzmB.s 			page 14


 676 03b3 8C       		.byte	0x8c
 677 03b4 00       		.byte	0
 678 03b5 06       		.uleb128 0x6
 679 03b6 DC020000 		.4byte	0x2dc
 680 03ba C5030000 		.4byte	0x3c5
 681 03be 07       		.uleb128 0x7
 682 03bf C8000000 		.4byte	0xc8
 683 03c3 00       		.byte	0
 684 03c4 00       		.byte	0
 685 03c5 04       		.uleb128 0x4
 686 03c6 B2020000 		.4byte	.LASF54
 687 03ca 04       		.byte	0x4
 688 03cb EA01     		.2byte	0x1ea
 689 03cd E8020000 		.4byte	0x2e8
 690 03d1 0B       		.uleb128 0xb
 691 03d2 D801     		.2byte	0x1d8
 692 03d4 04       		.byte	0x4
 693 03d5 F001     		.2byte	0x1f0
 694 03d7 BE040000 		.4byte	0x4be
 695 03db 0A       		.uleb128 0xa
 696 03dc E4000000 		.4byte	.LASF55
 697 03e0 04       		.byte	0x4
 698 03e1 F701     		.2byte	0x1f7
 699 03e3 77000000 		.4byte	0x77
 700 03e7 00       		.byte	0
 701 03e8 0A       		.uleb128 0xa
 702 03e9 B6010000 		.4byte	.LASF56
 703 03ed 04       		.byte	0x4
 704 03ee FC01     		.2byte	0x1fc
 705 03f0 77000000 		.4byte	0x77
 706 03f4 02       		.byte	0x2
 707 03f5 0A       		.uleb128 0xa
 708 03f6 90030000 		.4byte	.LASF57
 709 03fa 04       		.byte	0x4
 710 03fb 0102     		.2byte	0x201
 711 03fd 77000000 		.4byte	0x77
 712 0401 04       		.byte	0x4
 713 0402 0A       		.uleb128 0xa
 714 0403 48020000 		.4byte	.LASF58
 715 0407 04       		.byte	0x4
 716 0408 0702     		.2byte	0x207
 717 040a 77000000 		.4byte	0x77
 718 040e 06       		.byte	0x6
 719 040f 0A       		.uleb128 0xa
 720 0410 E8030000 		.4byte	.LASF59
 721 0414 04       		.byte	0x4
 722 0415 0C02     		.2byte	0x20c
 723 0417 77000000 		.4byte	0x77
 724 041b 08       		.byte	0x8
 725 041c 0A       		.uleb128 0xa
 726 041d 89030000 		.4byte	.LASF60
 727 0421 04       		.byte	0x4
 728 0422 1102     		.2byte	0x211
 729 0424 A4000000 		.4byte	0xa4
 730 0428 0C       		.byte	0xc
 731 0429 0A       		.uleb128 0xa
 732 042a 33030000 		.4byte	.LASF61
ARM GAS  C:\Users\Admin\AppData\Local\Temp\cceeSzmB.s 			page 15


 733 042e 04       		.byte	0x4
 734 042f 1702     		.2byte	0x217
 735 0431 BE040000 		.4byte	0x4be
 736 0435 10       		.byte	0x10
 737 0436 0A       		.uleb128 0xa
 738 0437 69020000 		.4byte	.LASF62
 739 043b 04       		.byte	0x4
 740 043c 1E02     		.2byte	0x21e
 741 043e BE040000 		.4byte	0x4be
 742 0442 14       		.byte	0x14
 743 0443 0A       		.uleb128 0xa
 744 0444 EB040000 		.4byte	.LASF63
 745 0448 04       		.byte	0x4
 746 0449 2E02     		.2byte	0x22e
 747 044b CE040000 		.4byte	0x4ce
 748 044f 18       		.byte	0x18
 749 0450 0A       		.uleb128 0xa
 750 0451 88010000 		.4byte	.LASF64
 751 0455 04       		.byte	0x4
 752 0456 3402     		.2byte	0x234
 753 0458 77000000 		.4byte	0x77
 754 045c 28       		.byte	0x28
 755 045d 0A       		.uleb128 0xa
 756 045e DE030000 		.4byte	.LASF65
 757 0462 04       		.byte	0x4
 758 0463 3902     		.2byte	0x239
 759 0465 6B000000 		.4byte	0x6b
 760 0469 2A       		.byte	0x2a
 761 046a 0A       		.uleb128 0xa
 762 046b 00000000 		.4byte	.LASF66
 763 046f 04       		.byte	0x4
 764 0470 3E02     		.2byte	0x23e
 765 0472 58020000 		.4byte	0x258
 766 0476 2C       		.byte	0x2c
 767 0477 0E       		.uleb128 0xe
 768 0478 CE030000 		.4byte	.LASF67
 769 047c 04       		.byte	0x4
 770 047d 4302     		.2byte	0x243
 771 047f C5030000 		.4byte	0x3c5
 772 0483 3A01     		.2byte	0x13a
 773 0485 0E       		.uleb128 0xe
 774 0486 C0040000 		.4byte	.LASF68
 775 048a 04       		.byte	0x4
 776 048b 4802     		.2byte	0x248
 777 048d 6B000000 		.4byte	0x6b
 778 0491 D001     		.2byte	0x1d0
 779 0493 0E       		.uleb128 0xe
 780 0494 00020000 		.4byte	.LASF69
 781 0498 04       		.byte	0x4
 782 0499 4D02     		.2byte	0x24d
 783 049b 6B000000 		.4byte	0x6b
 784 049f D101     		.2byte	0x1d1
 785 04a1 0E       		.uleb128 0xe
 786 04a2 98030000 		.4byte	.LASF70
 787 04a6 04       		.byte	0x4
 788 04a7 5202     		.2byte	0x252
 789 04a9 77000000 		.4byte	0x77
ARM GAS  C:\Users\Admin\AppData\Local\Temp\cceeSzmB.s 			page 16


 790 04ad D201     		.2byte	0x1d2
 791 04af 0E       		.uleb128 0xe
 792 04b0 09000000 		.4byte	.LASF71
 793 04b4 04       		.byte	0x4
 794 04b5 5702     		.2byte	0x257
 795 04b7 BC020000 		.4byte	0x2bc
 796 04bb D401     		.2byte	0x1d4
 797 04bd 00       		.byte	0
 798 04be 06       		.uleb128 0x6
 799 04bf 83000000 		.4byte	0x83
 800 04c3 CE040000 		.4byte	0x4ce
 801 04c7 07       		.uleb128 0x7
 802 04c8 C8000000 		.4byte	0xc8
 803 04cc 00       		.byte	0
 804 04cd 00       		.byte	0
 805 04ce 06       		.uleb128 0x6
 806 04cf 6B000000 		.4byte	0x6b
 807 04d3 DE040000 		.4byte	0x4de
 808 04d7 07       		.uleb128 0x7
 809 04d8 C8000000 		.4byte	0xc8
 810 04dc 0E       		.byte	0xe
 811 04dd 00       		.byte	0
 812 04de 04       		.uleb128 0x4
 813 04df FD030000 		.4byte	.LASF72
 814 04e3 04       		.byte	0x4
 815 04e4 5802     		.2byte	0x258
 816 04e6 D1030000 		.4byte	0x3d1
 817 04ea 0F       		.uleb128 0xf
 818 04eb AB030000 		.4byte	.LASF85
 819 04ef 01       		.byte	0x1
 820 04f0 07       		.byte	0x7
 821 04f1 5D000000 		.4byte	0x5d
 822 04f5 00000000 		.4byte	.LFB33
 823 04f9 28010000 		.4byte	.LFE33-.LFB33
 824 04fd 01       		.uleb128 0x1
 825 04fe 9C       		.byte	0x9c
 826 04ff 03070000 		.4byte	0x703
 827 0503 10       		.uleb128 0x10
 828 0504 08000000 		.4byte	.LVL0
 829 0508 0F070000 		.4byte	0x70f
 830 050c 10       		.uleb128 0x10
 831 050d 0C000000 		.4byte	.LVL1
 832 0511 1A070000 		.4byte	0x71a
 833 0515 11       		.uleb128 0x11
 834 0516 18000000 		.4byte	.LVL2
 835 051a 25070000 		.4byte	0x725
 836 051e 31050000 		.4byte	0x531
 837 0522 12       		.uleb128 0x12
 838 0523 01       		.uleb128 0x1
 839 0524 50       		.byte	0x50
 840 0525 03       		.uleb128 0x3
 841 0526 0A       		.byte	0xa
 842 0527 D801     		.2byte	0x1d8
 843 0529 12       		.uleb128 0x12
 844 052a 01       		.uleb128 0x1
 845 052b 51       		.byte	0x51
 846 052c 03       		.uleb128 0x3
ARM GAS  C:\Users\Admin\AppData\Local\Temp\cceeSzmB.s 			page 17


 847 052d 0A       		.byte	0xa
 848 052e D801     		.2byte	0x1d8
 849 0530 00       		.byte	0
 850 0531 10       		.uleb128 0x10
 851 0532 1C000000 		.4byte	.LVL3
 852 0536 30070000 		.4byte	0x730
 853 053a 10       		.uleb128 0x10
 854 053b 20000000 		.4byte	.LVL4
 855 053f 3B070000 		.4byte	0x73b
 856 0543 10       		.uleb128 0x10
 857 0544 28000000 		.4byte	.LVL5
 858 0548 46070000 		.4byte	0x746
 859 054c 11       		.uleb128 0x11
 860 054d 2E000000 		.4byte	.LVL6
 861 0551 51070000 		.4byte	0x751
 862 0555 5F050000 		.4byte	0x55f
 863 0559 12       		.uleb128 0x12
 864 055a 01       		.uleb128 0x1
 865 055b 50       		.byte	0x50
 866 055c 01       		.uleb128 0x1
 867 055d 30       		.byte	0x30
 868 055e 00       		.byte	0
 869 055f 10       		.uleb128 0x10
 870 0560 38000000 		.4byte	.LVL7
 871 0564 5D070000 		.4byte	0x75d
 872 0568 11       		.uleb128 0x11
 873 0569 3E000000 		.4byte	.LVL8
 874 056d 51070000 		.4byte	0x751
 875 0571 7B050000 		.4byte	0x57b
 876 0575 12       		.uleb128 0x12
 877 0576 01       		.uleb128 0x1
 878 0577 50       		.byte	0x50
 879 0578 01       		.uleb128 0x1
 880 0579 31       		.byte	0x31
 881 057a 00       		.byte	0
 882 057b 10       		.uleb128 0x10
 883 057c 48000000 		.4byte	.LVL9
 884 0580 5D070000 		.4byte	0x75d
 885 0584 11       		.uleb128 0x11
 886 0585 4E000000 		.4byte	.LVL10
 887 0589 51070000 		.4byte	0x751
 888 058d 97050000 		.4byte	0x597
 889 0591 12       		.uleb128 0x12
 890 0592 01       		.uleb128 0x1
 891 0593 50       		.byte	0x50
 892 0594 01       		.uleb128 0x1
 893 0595 32       		.byte	0x32
 894 0596 00       		.byte	0
 895 0597 10       		.uleb128 0x10
 896 0598 58000000 		.4byte	.LVL11
 897 059c 5D070000 		.4byte	0x75d
 898 05a0 11       		.uleb128 0x11
 899 05a1 5E000000 		.4byte	.LVL12
 900 05a5 51070000 		.4byte	0x751
 901 05a9 B3050000 		.4byte	0x5b3
 902 05ad 12       		.uleb128 0x12
 903 05ae 01       		.uleb128 0x1
ARM GAS  C:\Users\Admin\AppData\Local\Temp\cceeSzmB.s 			page 18


 904 05af 50       		.byte	0x50
 905 05b0 01       		.uleb128 0x1
 906 05b1 33       		.byte	0x33
 907 05b2 00       		.byte	0
 908 05b3 10       		.uleb128 0x10
 909 05b4 68000000 		.4byte	.LVL13
 910 05b8 5D070000 		.4byte	0x75d
 911 05bc 11       		.uleb128 0x11
 912 05bd 6E000000 		.4byte	.LVL14
 913 05c1 51070000 		.4byte	0x751
 914 05c5 CF050000 		.4byte	0x5cf
 915 05c9 12       		.uleb128 0x12
 916 05ca 01       		.uleb128 0x1
 917 05cb 50       		.byte	0x50
 918 05cc 01       		.uleb128 0x1
 919 05cd 34       		.byte	0x34
 920 05ce 00       		.byte	0
 921 05cf 10       		.uleb128 0x10
 922 05d0 78000000 		.4byte	.LVL15
 923 05d4 5D070000 		.4byte	0x75d
 924 05d8 11       		.uleb128 0x11
 925 05d9 7E000000 		.4byte	.LVL16
 926 05dd 51070000 		.4byte	0x751
 927 05e1 EB050000 		.4byte	0x5eb
 928 05e5 12       		.uleb128 0x12
 929 05e6 01       		.uleb128 0x1
 930 05e7 50       		.byte	0x50
 931 05e8 01       		.uleb128 0x1
 932 05e9 35       		.byte	0x35
 933 05ea 00       		.byte	0
 934 05eb 10       		.uleb128 0x10
 935 05ec 88000000 		.4byte	.LVL17
 936 05f0 5D070000 		.4byte	0x75d
 937 05f4 11       		.uleb128 0x11
 938 05f5 8E000000 		.4byte	.LVL18
 939 05f9 51070000 		.4byte	0x751
 940 05fd 07060000 		.4byte	0x607
 941 0601 12       		.uleb128 0x12
 942 0602 01       		.uleb128 0x1
 943 0603 50       		.byte	0x50
 944 0604 01       		.uleb128 0x1
 945 0605 36       		.byte	0x36
 946 0606 00       		.byte	0
 947 0607 10       		.uleb128 0x10
 948 0608 98000000 		.4byte	.LVL19
 949 060c 5D070000 		.4byte	0x75d
 950 0610 11       		.uleb128 0x11
 951 0611 9E000000 		.4byte	.LVL20
 952 0615 51070000 		.4byte	0x751
 953 0619 23060000 		.4byte	0x623
 954 061d 12       		.uleb128 0x12
 955 061e 01       		.uleb128 0x1
 956 061f 50       		.byte	0x50
 957 0620 01       		.uleb128 0x1
 958 0621 37       		.byte	0x37
 959 0622 00       		.byte	0
 960 0623 10       		.uleb128 0x10
ARM GAS  C:\Users\Admin\AppData\Local\Temp\cceeSzmB.s 			page 19


 961 0624 A8000000 		.4byte	.LVL21
 962 0628 5D070000 		.4byte	0x75d
 963 062c 11       		.uleb128 0x11
 964 062d AE000000 		.4byte	.LVL22
 965 0631 51070000 		.4byte	0x751
 966 0635 3F060000 		.4byte	0x63f
 967 0639 12       		.uleb128 0x12
 968 063a 01       		.uleb128 0x1
 969 063b 50       		.byte	0x50
 970 063c 01       		.uleb128 0x1
 971 063d 38       		.byte	0x38
 972 063e 00       		.byte	0
 973 063f 10       		.uleb128 0x10
 974 0640 B8000000 		.4byte	.LVL23
 975 0644 5D070000 		.4byte	0x75d
 976 0648 11       		.uleb128 0x11
 977 0649 BE000000 		.4byte	.LVL24
 978 064d 51070000 		.4byte	0x751
 979 0651 5B060000 		.4byte	0x65b
 980 0655 12       		.uleb128 0x12
 981 0656 01       		.uleb128 0x1
 982 0657 50       		.byte	0x50
 983 0658 01       		.uleb128 0x1
 984 0659 39       		.byte	0x39
 985 065a 00       		.byte	0
 986 065b 10       		.uleb128 0x10
 987 065c C8000000 		.4byte	.LVL25
 988 0660 5D070000 		.4byte	0x75d
 989 0664 11       		.uleb128 0x11
 990 0665 CE000000 		.4byte	.LVL26
 991 0669 51070000 		.4byte	0x751
 992 066d 77060000 		.4byte	0x677
 993 0671 12       		.uleb128 0x12
 994 0672 01       		.uleb128 0x1
 995 0673 50       		.byte	0x50
 996 0674 01       		.uleb128 0x1
 997 0675 3A       		.byte	0x3a
 998 0676 00       		.byte	0
 999 0677 10       		.uleb128 0x10
 1000 0678 D8000000 		.4byte	.LVL27
 1001 067c 5D070000 		.4byte	0x75d
 1002 0680 11       		.uleb128 0x11
 1003 0681 DE000000 		.4byte	.LVL28
 1004 0685 51070000 		.4byte	0x751
 1005 0689 93060000 		.4byte	0x693
 1006 068d 12       		.uleb128 0x12
 1007 068e 01       		.uleb128 0x1
 1008 068f 50       		.byte	0x50
 1009 0690 01       		.uleb128 0x1
 1010 0691 3B       		.byte	0x3b
 1011 0692 00       		.byte	0
 1012 0693 10       		.uleb128 0x10
 1013 0694 E8000000 		.4byte	.LVL29
 1014 0698 5D070000 		.4byte	0x75d
 1015 069c 11       		.uleb128 0x11
 1016 069d EE000000 		.4byte	.LVL30
 1017 06a1 51070000 		.4byte	0x751
ARM GAS  C:\Users\Admin\AppData\Local\Temp\cceeSzmB.s 			page 20


 1018 06a5 AF060000 		.4byte	0x6af
 1019 06a9 12       		.uleb128 0x12
 1020 06aa 01       		.uleb128 0x1
 1021 06ab 50       		.byte	0x50
 1022 06ac 01       		.uleb128 0x1
 1023 06ad 3C       		.byte	0x3c
 1024 06ae 00       		.byte	0
 1025 06af 10       		.uleb128 0x10
 1026 06b0 F8000000 		.4byte	.LVL31
 1027 06b4 5D070000 		.4byte	0x75d
 1028 06b8 11       		.uleb128 0x11
 1029 06b9 FE000000 		.4byte	.LVL32
 1030 06bd 51070000 		.4byte	0x751
 1031 06c1 CB060000 		.4byte	0x6cb
 1032 06c5 12       		.uleb128 0x12
 1033 06c6 01       		.uleb128 0x1
 1034 06c7 50       		.byte	0x50
 1035 06c8 01       		.uleb128 0x1
 1036 06c9 3D       		.byte	0x3d
 1037 06ca 00       		.byte	0
 1038 06cb 10       		.uleb128 0x10
 1039 06cc 08010000 		.4byte	.LVL33
 1040 06d0 5D070000 		.4byte	0x75d
 1041 06d4 11       		.uleb128 0x11
 1042 06d5 0E010000 		.4byte	.LVL34
 1043 06d9 51070000 		.4byte	0x751
 1044 06dd E7060000 		.4byte	0x6e7
 1045 06e1 12       		.uleb128 0x12
 1046 06e2 01       		.uleb128 0x1
 1047 06e3 50       		.byte	0x50
 1048 06e4 01       		.uleb128 0x1
 1049 06e5 3E       		.byte	0x3e
 1050 06e6 00       		.byte	0
 1051 06e7 10       		.uleb128 0x10
 1052 06e8 18010000 		.4byte	.LVL35
 1053 06ec 5D070000 		.4byte	0x75d
 1054 06f0 10       		.uleb128 0x10
 1055 06f1 1C010000 		.4byte	.LVL36
 1056 06f5 68070000 		.4byte	0x768
 1057 06f9 10       		.uleb128 0x10
 1058 06fa 20010000 		.4byte	.LVL37
 1059 06fe 30070000 		.4byte	0x730
 1060 0702 00       		.byte	0
 1061 0703 13       		.uleb128 0x13
 1062 0704 2E020000 		.4byte	.LASF86
 1063 0708 04       		.byte	0x4
 1064 0709 A804     		.2byte	0x4a8
 1065 070b DE040000 		.4byte	0x4de
 1066 070f 14       		.uleb128 0x14
 1067 0710 01030000 		.4byte	.LASF73
 1068 0714 01030000 		.4byte	.LASF73
 1069 0718 05       		.byte	0x5
 1070 0719 3B       		.byte	0x3b
 1071 071a 14       		.uleb128 0x14
 1072 071b 5D020000 		.4byte	.LASF74
 1073 071f 5D020000 		.4byte	.LASF74
 1074 0723 06       		.byte	0x6
ARM GAS  C:\Users\Admin\AppData\Local\Temp\cceeSzmB.s 			page 21


 1075 0724 72       		.byte	0x72
 1076 0725 14       		.uleb128 0x14
 1077 0726 1D030000 		.4byte	.LASF75
 1078 072a 1D030000 		.4byte	.LASF75
 1079 072e 07       		.byte	0x7
 1080 072f A2       		.byte	0xa2
 1081 0730 14       		.uleb128 0x14
 1082 0731 3E030000 		.4byte	.LASF76
 1083 0735 3E030000 		.4byte	.LASF76
 1084 0739 08       		.byte	0x8
 1085 073a 4B       		.byte	0x4b
 1086 073b 14       		.uleb128 0x14
 1087 073c 75040000 		.4byte	.LASF77
 1088 0740 75040000 		.4byte	.LASF77
 1089 0744 08       		.byte	0x8
 1090 0745 4C       		.byte	0x4c
 1091 0746 14       		.uleb128 0x14
 1092 0747 D0040000 		.4byte	.LASF78
 1093 074b D0040000 		.4byte	.LASF78
 1094 074f 05       		.byte	0x5
 1095 0750 3F       		.byte	0x3f
 1096 0751 15       		.uleb128 0x15
 1097 0752 F5040000 		.4byte	.LASF79
 1098 0756 F5040000 		.4byte	.LASF79
 1099 075a 04       		.byte	0x4
 1100 075b C204     		.2byte	0x4c2
 1101 075d 14       		.uleb128 0x14
 1102 075e 82020000 		.4byte	.LASF80
 1103 0762 82020000 		.4byte	.LASF80
 1104 0766 09       		.byte	0x9
 1105 0767 33       		.byte	0x33
 1106 0768 14       		.uleb128 0x14
 1107 0769 C6010000 		.4byte	.LASF81
 1108 076d C6010000 		.4byte	.LASF81
 1109 0771 0A       		.byte	0xa
 1110 0772 49       		.byte	0x49
 1111 0773 00       		.byte	0
 1112              		.section	.debug_abbrev,"",%progbits
 1113              	.Ldebug_abbrev0:
 1114 0000 01       		.uleb128 0x1
 1115 0001 11       		.uleb128 0x11
 1116 0002 01       		.byte	0x1
 1117 0003 25       		.uleb128 0x25
 1118 0004 0E       		.uleb128 0xe
 1119 0005 13       		.uleb128 0x13
 1120 0006 0B       		.uleb128 0xb
 1121 0007 03       		.uleb128 0x3
 1122 0008 0E       		.uleb128 0xe
 1123 0009 1B       		.uleb128 0x1b
 1124 000a 0E       		.uleb128 0xe
 1125 000b 55       		.uleb128 0x55
 1126 000c 17       		.uleb128 0x17
 1127 000d 11       		.uleb128 0x11
 1128 000e 01       		.uleb128 0x1
 1129 000f 10       		.uleb128 0x10
 1130 0010 17       		.uleb128 0x17
 1131 0011 00       		.byte	0
ARM GAS  C:\Users\Admin\AppData\Local\Temp\cceeSzmB.s 			page 22


 1132 0012 00       		.byte	0
 1133 0013 02       		.uleb128 0x2
 1134 0014 24       		.uleb128 0x24
 1135 0015 00       		.byte	0
 1136 0016 0B       		.uleb128 0xb
 1137 0017 0B       		.uleb128 0xb
 1138 0018 3E       		.uleb128 0x3e
 1139 0019 0B       		.uleb128 0xb
 1140 001a 03       		.uleb128 0x3
 1141 001b 0E       		.uleb128 0xe
 1142 001c 00       		.byte	0
 1143 001d 00       		.byte	0
 1144 001e 03       		.uleb128 0x3
 1145 001f 24       		.uleb128 0x24
 1146 0020 00       		.byte	0
 1147 0021 0B       		.uleb128 0xb
 1148 0022 0B       		.uleb128 0xb
 1149 0023 3E       		.uleb128 0x3e
 1150 0024 0B       		.uleb128 0xb
 1151 0025 03       		.uleb128 0x3
 1152 0026 08       		.uleb128 0x8
 1153 0027 00       		.byte	0
 1154 0028 00       		.byte	0
 1155 0029 04       		.uleb128 0x4
 1156 002a 16       		.uleb128 0x16
 1157 002b 00       		.byte	0
 1158 002c 03       		.uleb128 0x3
 1159 002d 0E       		.uleb128 0xe
 1160 002e 3A       		.uleb128 0x3a
 1161 002f 0B       		.uleb128 0xb
 1162 0030 3B       		.uleb128 0x3b
 1163 0031 05       		.uleb128 0x5
 1164 0032 49       		.uleb128 0x49
 1165 0033 13       		.uleb128 0x13
 1166 0034 00       		.byte	0
 1167 0035 00       		.byte	0
 1168 0036 05       		.uleb128 0x5
 1169 0037 35       		.uleb128 0x35
 1170 0038 00       		.byte	0
 1171 0039 49       		.uleb128 0x49
 1172 003a 13       		.uleb128 0x13
 1173 003b 00       		.byte	0
 1174 003c 00       		.byte	0
 1175 003d 06       		.uleb128 0x6
 1176 003e 01       		.uleb128 0x1
 1177 003f 01       		.byte	0x1
 1178 0040 49       		.uleb128 0x49
 1179 0041 13       		.uleb128 0x13
 1180 0042 01       		.uleb128 0x1
 1181 0043 13       		.uleb128 0x13
 1182 0044 00       		.byte	0
 1183 0045 00       		.byte	0
 1184 0046 07       		.uleb128 0x7
 1185 0047 21       		.uleb128 0x21
 1186 0048 00       		.byte	0
 1187 0049 49       		.uleb128 0x49
 1188 004a 13       		.uleb128 0x13
ARM GAS  C:\Users\Admin\AppData\Local\Temp\cceeSzmB.s 			page 23


 1189 004b 2F       		.uleb128 0x2f
 1190 004c 0B       		.uleb128 0xb
 1191 004d 00       		.byte	0
 1192 004e 00       		.byte	0
 1193 004f 08       		.uleb128 0x8
 1194 0050 13       		.uleb128 0x13
 1195 0051 01       		.byte	0x1
 1196 0052 0B       		.uleb128 0xb
 1197 0053 0B       		.uleb128 0xb
 1198 0054 3A       		.uleb128 0x3a
 1199 0055 0B       		.uleb128 0xb
 1200 0056 3B       		.uleb128 0x3b
 1201 0057 0B       		.uleb128 0xb
 1202 0058 01       		.uleb128 0x1
 1203 0059 13       		.uleb128 0x13
 1204 005a 00       		.byte	0
 1205 005b 00       		.byte	0
 1206 005c 09       		.uleb128 0x9
 1207 005d 0D       		.uleb128 0xd
 1208 005e 00       		.byte	0
 1209 005f 03       		.uleb128 0x3
 1210 0060 0E       		.uleb128 0xe
 1211 0061 3A       		.uleb128 0x3a
 1212 0062 0B       		.uleb128 0xb
 1213 0063 3B       		.uleb128 0x3b
 1214 0064 0B       		.uleb128 0xb
 1215 0065 49       		.uleb128 0x49
 1216 0066 13       		.uleb128 0x13
 1217 0067 38       		.uleb128 0x38
 1218 0068 0B       		.uleb128 0xb
 1219 0069 00       		.byte	0
 1220 006a 00       		.byte	0
 1221 006b 0A       		.uleb128 0xa
 1222 006c 0D       		.uleb128 0xd
 1223 006d 00       		.byte	0
 1224 006e 03       		.uleb128 0x3
 1225 006f 0E       		.uleb128 0xe
 1226 0070 3A       		.uleb128 0x3a
 1227 0071 0B       		.uleb128 0xb
 1228 0072 3B       		.uleb128 0x3b
 1229 0073 05       		.uleb128 0x5
 1230 0074 49       		.uleb128 0x49
 1231 0075 13       		.uleb128 0x13
 1232 0076 38       		.uleb128 0x38
 1233 0077 0B       		.uleb128 0xb
 1234 0078 00       		.byte	0
 1235 0079 00       		.byte	0
 1236 007a 0B       		.uleb128 0xb
 1237 007b 13       		.uleb128 0x13
 1238 007c 01       		.byte	0x1
 1239 007d 0B       		.uleb128 0xb
 1240 007e 05       		.uleb128 0x5
 1241 007f 3A       		.uleb128 0x3a
 1242 0080 0B       		.uleb128 0xb
 1243 0081 3B       		.uleb128 0x3b
 1244 0082 05       		.uleb128 0x5
 1245 0083 01       		.uleb128 0x1
ARM GAS  C:\Users\Admin\AppData\Local\Temp\cceeSzmB.s 			page 24


 1246 0084 13       		.uleb128 0x13
 1247 0085 00       		.byte	0
 1248 0086 00       		.byte	0
 1249 0087 0C       		.uleb128 0xc
 1250 0088 13       		.uleb128 0x13
 1251 0089 01       		.byte	0x1
 1252 008a 0B       		.uleb128 0xb
 1253 008b 0B       		.uleb128 0xb
 1254 008c 3A       		.uleb128 0x3a
 1255 008d 0B       		.uleb128 0xb
 1256 008e 3B       		.uleb128 0x3b
 1257 008f 05       		.uleb128 0x5
 1258 0090 01       		.uleb128 0x1
 1259 0091 13       		.uleb128 0x13
 1260 0092 00       		.byte	0
 1261 0093 00       		.byte	0
 1262 0094 0D       		.uleb128 0xd
 1263 0095 0D       		.uleb128 0xd
 1264 0096 00       		.byte	0
 1265 0097 03       		.uleb128 0x3
 1266 0098 08       		.uleb128 0x8
 1267 0099 3A       		.uleb128 0x3a
 1268 009a 0B       		.uleb128 0xb
 1269 009b 3B       		.uleb128 0x3b
 1270 009c 05       		.uleb128 0x5
 1271 009d 49       		.uleb128 0x49
 1272 009e 13       		.uleb128 0x13
 1273 009f 38       		.uleb128 0x38
 1274 00a0 0B       		.uleb128 0xb
 1275 00a1 00       		.byte	0
 1276 00a2 00       		.byte	0
 1277 00a3 0E       		.uleb128 0xe
 1278 00a4 0D       		.uleb128 0xd
 1279 00a5 00       		.byte	0
 1280 00a6 03       		.uleb128 0x3
 1281 00a7 0E       		.uleb128 0xe
 1282 00a8 3A       		.uleb128 0x3a
 1283 00a9 0B       		.uleb128 0xb
 1284 00aa 3B       		.uleb128 0x3b
 1285 00ab 05       		.uleb128 0x5
 1286 00ac 49       		.uleb128 0x49
 1287 00ad 13       		.uleb128 0x13
 1288 00ae 38       		.uleb128 0x38
 1289 00af 05       		.uleb128 0x5
 1290 00b0 00       		.byte	0
 1291 00b1 00       		.byte	0
 1292 00b2 0F       		.uleb128 0xf
 1293 00b3 2E       		.uleb128 0x2e
 1294 00b4 01       		.byte	0x1
 1295 00b5 3F       		.uleb128 0x3f
 1296 00b6 19       		.uleb128 0x19
 1297 00b7 03       		.uleb128 0x3
 1298 00b8 0E       		.uleb128 0xe
 1299 00b9 3A       		.uleb128 0x3a
 1300 00ba 0B       		.uleb128 0xb
 1301 00bb 3B       		.uleb128 0x3b
 1302 00bc 0B       		.uleb128 0xb
ARM GAS  C:\Users\Admin\AppData\Local\Temp\cceeSzmB.s 			page 25


 1303 00bd 27       		.uleb128 0x27
 1304 00be 19       		.uleb128 0x19
 1305 00bf 49       		.uleb128 0x49
 1306 00c0 13       		.uleb128 0x13
 1307 00c1 8701     		.uleb128 0x87
 1308 00c3 19       		.uleb128 0x19
 1309 00c4 11       		.uleb128 0x11
 1310 00c5 01       		.uleb128 0x1
 1311 00c6 12       		.uleb128 0x12
 1312 00c7 06       		.uleb128 0x6
 1313 00c8 40       		.uleb128 0x40
 1314 00c9 18       		.uleb128 0x18
 1315 00ca 9742     		.uleb128 0x2117
 1316 00cc 19       		.uleb128 0x19
 1317 00cd 01       		.uleb128 0x1
 1318 00ce 13       		.uleb128 0x13
 1319 00cf 00       		.byte	0
 1320 00d0 00       		.byte	0
 1321 00d1 10       		.uleb128 0x10
 1322 00d2 898201   		.uleb128 0x4109
 1323 00d5 00       		.byte	0
 1324 00d6 11       		.uleb128 0x11
 1325 00d7 01       		.uleb128 0x1
 1326 00d8 31       		.uleb128 0x31
 1327 00d9 13       		.uleb128 0x13
 1328 00da 00       		.byte	0
 1329 00db 00       		.byte	0
 1330 00dc 11       		.uleb128 0x11
 1331 00dd 898201   		.uleb128 0x4109
 1332 00e0 01       		.byte	0x1
 1333 00e1 11       		.uleb128 0x11
 1334 00e2 01       		.uleb128 0x1
 1335 00e3 31       		.uleb128 0x31
 1336 00e4 13       		.uleb128 0x13
 1337 00e5 01       		.uleb128 0x1
 1338 00e6 13       		.uleb128 0x13
 1339 00e7 00       		.byte	0
 1340 00e8 00       		.byte	0
 1341 00e9 12       		.uleb128 0x12
 1342 00ea 8A8201   		.uleb128 0x410a
 1343 00ed 00       		.byte	0
 1344 00ee 02       		.uleb128 0x2
 1345 00ef 18       		.uleb128 0x18
 1346 00f0 9142     		.uleb128 0x2111
 1347 00f2 18       		.uleb128 0x18
 1348 00f3 00       		.byte	0
 1349 00f4 00       		.byte	0
 1350 00f5 13       		.uleb128 0x13
 1351 00f6 34       		.uleb128 0x34
 1352 00f7 00       		.byte	0
 1353 00f8 03       		.uleb128 0x3
 1354 00f9 0E       		.uleb128 0xe
 1355 00fa 3A       		.uleb128 0x3a
 1356 00fb 0B       		.uleb128 0xb
 1357 00fc 3B       		.uleb128 0x3b
 1358 00fd 05       		.uleb128 0x5
 1359 00fe 49       		.uleb128 0x49
ARM GAS  C:\Users\Admin\AppData\Local\Temp\cceeSzmB.s 			page 26


 1360 00ff 13       		.uleb128 0x13
 1361 0100 3F       		.uleb128 0x3f
 1362 0101 19       		.uleb128 0x19
 1363 0102 3C       		.uleb128 0x3c
 1364 0103 19       		.uleb128 0x19
 1365 0104 00       		.byte	0
 1366 0105 00       		.byte	0
 1367 0106 14       		.uleb128 0x14
 1368 0107 2E       		.uleb128 0x2e
 1369 0108 00       		.byte	0
 1370 0109 3F       		.uleb128 0x3f
 1371 010a 19       		.uleb128 0x19
 1372 010b 3C       		.uleb128 0x3c
 1373 010c 19       		.uleb128 0x19
 1374 010d 6E       		.uleb128 0x6e
 1375 010e 0E       		.uleb128 0xe
 1376 010f 03       		.uleb128 0x3
 1377 0110 0E       		.uleb128 0xe
 1378 0111 3A       		.uleb128 0x3a
 1379 0112 0B       		.uleb128 0xb
 1380 0113 3B       		.uleb128 0x3b
 1381 0114 0B       		.uleb128 0xb
 1382 0115 00       		.byte	0
 1383 0116 00       		.byte	0
 1384 0117 15       		.uleb128 0x15
 1385 0118 2E       		.uleb128 0x2e
 1386 0119 00       		.byte	0
 1387 011a 3F       		.uleb128 0x3f
 1388 011b 19       		.uleb128 0x19
 1389 011c 3C       		.uleb128 0x3c
 1390 011d 19       		.uleb128 0x19
 1391 011e 6E       		.uleb128 0x6e
 1392 011f 0E       		.uleb128 0xe
 1393 0120 03       		.uleb128 0x3
 1394 0121 0E       		.uleb128 0xe
 1395 0122 3A       		.uleb128 0x3a
 1396 0123 0B       		.uleb128 0xb
 1397 0124 3B       		.uleb128 0x3b
 1398 0125 05       		.uleb128 0x5
 1399 0126 00       		.byte	0
 1400 0127 00       		.byte	0
 1401 0128 00       		.byte	0
 1402              		.section	.debug_aranges,"",%progbits
 1403 0000 1C000000 		.4byte	0x1c
 1404 0004 0200     		.2byte	0x2
 1405 0006 00000000 		.4byte	.Ldebug_info0
 1406 000a 04       		.byte	0x4
 1407 000b 00       		.byte	0
 1408 000c 0000     		.2byte	0
 1409 000e 0000     		.2byte	0
 1410 0010 00000000 		.4byte	.LFB33
 1411 0014 28010000 		.4byte	.LFE33-.LFB33
 1412 0018 00000000 		.4byte	0
 1413 001c 00000000 		.4byte	0
 1414              		.section	.debug_ranges,"",%progbits
 1415              	.Ldebug_ranges0:
 1416 0000 00000000 		.4byte	.LFB33
ARM GAS  C:\Users\Admin\AppData\Local\Temp\cceeSzmB.s 			page 27


 1417 0004 28010000 		.4byte	.LFE33
 1418 0008 00000000 		.4byte	0
 1419 000c 00000000 		.4byte	0
 1420              		.section	.debug_line,"",%progbits
 1421              	.Ldebug_line0:
 1422 0000 09010000 		.section	.debug_str,"MS",%progbits,1
 1422      0200DC00 
 1422      00000201 
 1422      FB0E0D00 
 1422      01010101 
 1423              	.LASF66:
 1424 0000 77646774 		.ascii	"wdgtList\000"
 1424      4C697374 
 1424      00
 1425              	.LASF71:
 1426 0009 736E7254 		.ascii	"snrTestRawCount\000"
 1426      65737452 
 1426      6177436F 
 1426      756E7400 
 1427              	.LASF48:
 1428 0019 62736C6E 		.ascii	"bsln\000"
 1428      00
 1429              	.LASF25:
 1430 001e 6C6F7742 		.ascii	"lowBslnRst\000"
 1430      736C6E52 
 1430      737400
 1431              	.LASF50:
 1432 0029 64696666 		.ascii	"diff\000"
 1432      00
 1433              	.LASF36:
 1434 002e 62757474 		.ascii	"button4\000"
 1434      6F6E3400 
 1435              	.LASF84:
 1436 0036 433A5C55 		.ascii	"C:\\Users\\Admin\\Documents\\PSoC Creator\\CE224899"
 1436      73657273 
 1436      5C41646D 
 1436      696E5C44 
 1436      6F63756D 
 1437 0064 5F50536F 		.ascii	"_PSoC4_CapSense_Hybrid_Buttons01\\CapSense_15_Butto"
 1437      43345F43 
 1437      61705365 
 1437      6E73655F 
 1437      48796272 
 1438 0096 6E732E63 		.ascii	"ns.cydsn\000"
 1438      7964736E 
 1438      00
 1439              	.LASF2:
 1440 009f 73686F72 		.ascii	"short int\000"
 1440      7420696E 
 1440      7400
 1441              	.LASF31:
 1442 00a9 43617053 		.ascii	"CapSense_RAM_WD_BUTTON_STRUCT\000"
 1442      656E7365 
 1442      5F52414D 
 1442      5F57445F 
 1442      42555454 
 1443              	.LASF24:
ARM GAS  C:\Users\Admin\AppData\Local\Temp\cceeSzmB.s 			page 28


 1444 00c7 6F6E4465 		.ascii	"onDebounce\000"
 1444      626F756E 
 1444      636500
 1445              	.LASF18:
 1446 00d2 73697A65 		.ascii	"sizetype\000"
 1446      74797065 
 1446      00
 1447              	.LASF42:
 1448 00db 62757474 		.ascii	"button10\000"
 1448      6F6E3130 
 1448      00
 1449              	.LASF55:
 1450 00e4 636F6E66 		.ascii	"configId\000"
 1450      69674964 
 1450      00
 1451              	.LASF82:
 1452 00ed 474E5520 		.ascii	"GNU C11 5.4.1 20160609 (release) [ARM/embedded-5-br"
 1452      43313120 
 1452      352E342E 
 1452      31203230 
 1452      31363036 
 1453 0120 616E6368 		.ascii	"anch revision 237715] -mcpu=cortex-m0plus -mthumb -"
 1453      20726576 
 1453      6973696F 
 1453      6E203233 
 1453      37373135 
 1454 0153 67202D4F 		.ascii	"g -Og -ffunction-sections -ffat-lto-objects\000"
 1454      67202D66 
 1454      66756E63 
 1454      74696F6E 
 1454      2D736563 
 1455              	.LASF52:
 1456 017f 69646163 		.ascii	"idacComp\000"
 1456      436F6D70 
 1456      00
 1457              	.LASF64:
 1458 0188 63736430 		.ascii	"csd0Config\000"
 1458      436F6E66 
 1458      696700
 1459              	.LASF6:
 1460 0193 6C6F6E67 		.ascii	"long long int\000"
 1460      206C6F6E 
 1460      6720696E 
 1460      7400
 1461              	.LASF28:
 1462 01a1 736E7343 		.ascii	"snsClkSource\000"
 1462      6C6B536F 
 1462      75726365 
 1462      00
 1463              	.LASF21:
 1464 01ae 6E6F6973 		.ascii	"noiseTh\000"
 1464      65546800 
 1465              	.LASF56:
 1466 01b6 64657669 		.ascii	"deviceId\000"
 1466      63654964 
 1466      00
 1467              	.LASF10:
ARM GAS  C:\Users\Admin\AppData\Local\Temp\cceeSzmB.s 			page 29


 1468 01bf 75696E74 		.ascii	"uint16\000"
 1468      313600
 1469              	.LASF81:
 1470 01c6 43617053 		.ascii	"CapSense_RunTuner\000"
 1470      656E7365 
 1470      5F52756E 
 1470      54756E65 
 1470      7200
 1471              	.LASF9:
 1472 01d8 75696E74 		.ascii	"uint8\000"
 1472      3800
 1473              	.LASF12:
 1474 01de 666C6F61 		.ascii	"float\000"
 1474      7400
 1475              	.LASF47:
 1476 01e4 43617053 		.ascii	"CapSense_RAM_WD_LIST_STRUCT\000"
 1476      656E7365 
 1476      5F52414D 
 1476      5F57445F 
 1476      4C495354 
 1477              	.LASF69:
 1478 0200 736E7254 		.ascii	"snrTestSensorId\000"
 1478      65737453 
 1478      656E736F 
 1478      72496400 
 1479              	.LASF14:
 1480 0210 63686172 		.ascii	"char\000"
 1480      00
 1481              	.LASF4:
 1482 0215 6C6F6E67 		.ascii	"long int\000"
 1482      20696E74 
 1482      00
 1483              	.LASF20:
 1484 021e 66696E67 		.ascii	"fingerTh\000"
 1484      65725468 
 1484      00
 1485              	.LASF27:
 1486 0227 736E7343 		.ascii	"snsClk\000"
 1486      6C6B00
 1487              	.LASF86:
 1488 022e 43617053 		.ascii	"CapSense_dsRam\000"
 1488      656E7365 
 1488      5F647352 
 1488      616D00
 1489              	.LASF23:
 1490 023d 68797374 		.ascii	"hysteresis\000"
 1490      65726573 
 1490      697300
 1491              	.LASF58:
 1492 0248 74756E65 		.ascii	"tunerCmd\000"
 1492      72436D64 
 1492      00
 1493              	.LASF17:
 1494 0251 6C6F6E67 		.ascii	"long double\000"
 1494      20646F75 
 1494      626C6500 
 1495              	.LASF74:
ARM GAS  C:\Users\Admin\AppData\Local\Temp\cceeSzmB.s 			page 30


 1496 025d 455A4932 		.ascii	"EZI2C_Start\000"
 1496      435F5374 
 1496      61727400 
 1497              	.LASF62:
 1498 0269 77646774 		.ascii	"wdgtStatus\000"
 1498      53746174 
 1498      757300
 1499              	.LASF1:
 1500 0274 756E7369 		.ascii	"unsigned char\000"
 1500      676E6564 
 1500      20636861 
 1500      7200
 1501              	.LASF80:
 1502 0282 4C454431 		.ascii	"LED11_Write\000"
 1502      315F5772 
 1502      69746500 
 1503              	.LASF15:
 1504 028e 43617053 		.ascii	"CapSense_THRESHOLD_TYPE\000"
 1504      656E7365 
 1504      5F544852 
 1504      4553484F 
 1504      4C445F54 
 1505              	.LASF0:
 1506 02a6 7369676E 		.ascii	"signed char\000"
 1506      65642063 
 1506      68617200 
 1507              	.LASF54:
 1508 02b2 43617053 		.ascii	"CapSense_RAM_SNS_LIST_STRUCT\000"
 1508      656E7365 
 1508      5F52414D 
 1508      5F534E53 
 1508      5F4C4953 
 1509              	.LASF7:
 1510 02cf 6C6F6E67 		.ascii	"long long unsigned int\000"
 1510      206C6F6E 
 1510      6720756E 
 1510      7369676E 
 1510      65642069 
 1511              	.LASF44:
 1512 02e6 62757474 		.ascii	"button12\000"
 1512      6F6E3132 
 1512      00
 1513              	.LASF45:
 1514 02ef 62757474 		.ascii	"button13\000"
 1514      6F6E3133 
 1514      00
 1515              	.LASF46:
 1516 02f8 62757474 		.ascii	"button14\000"
 1516      6F6E3134 
 1516      00
 1517              	.LASF73:
 1518 0301 43617053 		.ascii	"CapSense_Start\000"
 1518      656E7365 
 1518      5F537461 
 1518      727400
 1519              	.LASF8:
 1520 0310 756E7369 		.ascii	"unsigned int\000"
ARM GAS  C:\Users\Admin\AppData\Local\Temp\cceeSzmB.s 			page 31


 1520      676E6564 
 1520      20696E74 
 1520      00
 1521              	.LASF75:
 1522 031d 455A4932 		.ascii	"EZI2C_EzI2CSetBuffer1\000"
 1522      435F457A 
 1522      49324353 
 1522      65744275 
 1522      66666572 
 1523              	.LASF61:
 1524 0333 77646774 		.ascii	"wdgtEnable\000"
 1524      456E6162 
 1524      6C6500
 1525              	.LASF76:
 1526 033e 43617053 		.ascii	"CapSense_ScanAllWidgets\000"
 1526      656E7365 
 1526      5F536361 
 1526      6E416C6C 
 1526      57696467 
 1527              	.LASF53:
 1528 0356 43617053 		.ascii	"CapSense_RAM_SNS_STRUCT\000"
 1528      656E7365 
 1528      5F52414D 
 1528      5F534E53 
 1528      5F535452 
 1529              	.LASF16:
 1530 036e 43617053 		.ascii	"CapSense_LOW_BSLN_RST_TYPE\000"
 1530      656E7365 
 1530      5F4C4F57 
 1530      5F42534C 
 1530      4E5F5253 
 1531              	.LASF60:
 1532 0389 73746174 		.ascii	"status\000"
 1532      757300
 1533              	.LASF57:
 1534 0390 6877436C 		.ascii	"hwClock\000"
 1534      6F636B00 
 1535              	.LASF70:
 1536 0398 736E7254 		.ascii	"snrTestScanCounter\000"
 1536      65737453 
 1536      63616E43 
 1536      6F756E74 
 1536      657200
 1537              	.LASF85:
 1538 03ab 6D61696E 		.ascii	"main\000"
 1538      00
 1539              	.LASF19:
 1540 03b0 7265736F 		.ascii	"resolution\000"
 1540      6C757469 
 1540      6F6E00
 1541              	.LASF3:
 1542 03bb 73686F72 		.ascii	"short unsigned int\000"
 1542      7420756E 
 1542      7369676E 
 1542      65642069 
 1542      6E7400
 1543              	.LASF67:
ARM GAS  C:\Users\Admin\AppData\Local\Temp\cceeSzmB.s 			page 32


 1544 03ce 736E734C 		.ascii	"snsList\000"
 1544      69737400 
 1545              	.LASF26:
 1546 03d6 69646163 		.ascii	"idacMod\000"
 1546      4D6F6400 
 1547              	.LASF65:
 1548 03de 6D6F6443 		.ascii	"modCsdClk\000"
 1548      7364436C 
 1548      6B00
 1549              	.LASF59:
 1550 03e8 7363616E 		.ascii	"scanCounter\000"
 1550      436F756E 
 1550      74657200 
 1551              	.LASF22:
 1552 03f4 6E4E6F69 		.ascii	"nNoiseTh\000"
 1552      73655468 
 1552      00
 1553              	.LASF72:
 1554 03fd 43617053 		.ascii	"CapSense_RAM_STRUCT\000"
 1554      656E7365 
 1554      5F52414D 
 1554      5F535452 
 1554      55435400 
 1555              	.LASF30:
 1556 0411 73696750 		.ascii	"sigPFC\000"
 1556      464300
 1557              	.LASF11:
 1558 0418 75696E74 		.ascii	"uint32\000"
 1558      333200
 1559              	.LASF83:
 1560 041f 6D61696E 		.ascii	"main.c\000"
 1560      2E6300
 1561              	.LASF5:
 1562 0426 6C6F6E67 		.ascii	"long unsigned int\000"
 1562      20756E73 
 1562      69676E65 
 1562      6420696E 
 1562      7400
 1563              	.LASF13:
 1564 0438 646F7562 		.ascii	"double\000"
 1564      6C6500
 1565              	.LASF49:
 1566 043f 62736C6E 		.ascii	"bslnExt\000"
 1566      45787400 
 1567              	.LASF51:
 1568 0447 6E656742 		.ascii	"negBslnRstCnt\000"
 1568      736C6E52 
 1568      7374436E 
 1568      7400
 1569              	.LASF32:
 1570 0455 62757474 		.ascii	"button0\000"
 1570      6F6E3000 
 1571              	.LASF33:
 1572 045d 62757474 		.ascii	"button1\000"
 1572      6F6E3100 
 1573              	.LASF34:
 1574 0465 62757474 		.ascii	"button2\000"
ARM GAS  C:\Users\Admin\AppData\Local\Temp\cceeSzmB.s 			page 33


 1574      6F6E3200 
 1575              	.LASF35:
 1576 046d 62757474 		.ascii	"button3\000"
 1576      6F6E3300 
 1577              	.LASF77:
 1578 0475 43617053 		.ascii	"CapSense_IsBusy\000"
 1578      656E7365 
 1578      5F497342 
 1578      75737900 
 1579              	.LASF37:
 1580 0485 62757474 		.ascii	"button5\000"
 1580      6F6E3500 
 1581              	.LASF38:
 1582 048d 62757474 		.ascii	"button6\000"
 1582      6F6E3600 
 1583              	.LASF39:
 1584 0495 62757474 		.ascii	"button7\000"
 1584      6F6E3700 
 1585              	.LASF40:
 1586 049d 62757474 		.ascii	"button8\000"
 1586      6F6E3800 
 1587              	.LASF41:
 1588 04a5 62757474 		.ascii	"button9\000"
 1588      6F6E3900 
 1589              	.LASF29:
 1590 04ad 66696E67 		.ascii	"fingerCap\000"
 1590      65724361 
 1590      7000
 1591              	.LASF43:
 1592 04b7 62757474 		.ascii	"button11\000"
 1592      6F6E3131 
 1592      00
 1593              	.LASF68:
 1594 04c0 736E7254 		.ascii	"snrTestWidgetId\000"
 1594      65737457 
 1594      69646765 
 1594      74496400 
 1595              	.LASF78:
 1596 04d0 43617053 		.ascii	"CapSense_ProcessAllWidgets\000"
 1596      656E7365 
 1596      5F50726F 
 1596      63657373 
 1596      416C6C57 
 1597              	.LASF63:
 1598 04eb 736E7353 		.ascii	"snsStatus\000"
 1598      74617475 
 1598      7300
 1599              	.LASF79:
 1600 04f5 43617053 		.ascii	"CapSense_IsWidgetActive\000"
 1600      656E7365 
 1600      5F497357 
 1600      69646765 
 1600      74416374 
 1601              		.ident	"GCC: (GNU Tools for ARM Embedded Processors) 5.4.1 20160609 (release) [ARM/embedded-5-bran
