ARM GAS  C:\Users\User\AppData\Local\Temp\ccYTCQEN.s 			page 1


   1              		.syntax unified
   2              		.cpu cortex-m0
   3              		.fpu softvfp
   4              		.eabi_attribute 20, 1
   5              		.eabi_attribute 21, 1
   6              		.eabi_attribute 23, 3
   7              		.eabi_attribute 24, 1
   8              		.eabi_attribute 25, 1
   9              		.eabi_attribute 26, 1
  10              		.eabi_attribute 30, 1
  11              		.eabi_attribute 34, 0
  12              		.eabi_attribute 18, 4
  13              		.thumb
  14              		.syntax unified
  15              		.file	"genSine.c"
  16              		.text
  17              	.Ltext0:
  18              		.cfi_sections	.debug_frame
  19              		.section	.text.genSine,"ax",%progbits
  20              		.align	2
  21              		.global	genSine
  22              		.code	16
  23              		.thumb_func
  24              		.type	genSine, %function
  25              	genSine:
  26              	.LFB0:
  27              		.file 1 "genSine.c"
   1:genSine.c     **** /* ========================================
   2:genSine.c     ****  *
   3:genSine.c     ****  * Copyright YOUR COMPANY, THE YEAR
   4:genSine.c     ****  * All Rights Reserved
   5:genSine.c     ****  * UNPUBLISHED, LICENSED SOFTWARE.
   6:genSine.c     ****  *
   7:genSine.c     ****  * CONFIDENTIAL AND PROPRIETARY INFORMATION
   8:genSine.c     ****  * WHICH IS THE PROPERTY OF your company.
   9:genSine.c     ****  *
  10:genSine.c     ****  * ========================================
  11:genSine.c     **** */
  12:genSine.c     **** 
  13:genSine.c     **** /* [] END OF FILE */
  14:genSine.c     **** #include <genSine.h>
  15:genSine.c     **** uint8 genSine(uint8 position)
  16:genSine.c     **** {
  28              		.loc 1 16 0
  29              		.cfi_startproc
  30              		@ args = 0, pretend = 0, frame = 0
  31              		@ frame_needed = 0, uses_anonymous_args = 0
  32              		@ link register save eliminated.
  33              	.LVL0:
  17:genSine.c     **** 	uint8 index;
  18:genSine.c     **** 	if(position>FullScale)
  34              		.loc 1 18 0
  35 0000 054B     		ldr	r3, .L3
  36 0002 1A78     		ldrb	r2, [r3]
  37 0004 8242     		cmp	r2, r0
  38 0006 03D2     		bcs	.L2
  19:genSine.c     **** 	{
ARM GAS  C:\Users\User\AppData\Local\Temp\ccYTCQEN.s 			page 2


  20:genSine.c     **** 		index = (FullScale-position+FullScale);			
  39              		.loc 1 20 0
  40 0008 131A     		subs	r3, r2, r0
  41 000a D8B2     		uxtb	r0, r3
  42              	.LVL1:
  43 000c 1018     		adds	r0, r2, r0
  44 000e C0B2     		uxtb	r0, r0
  45              	.LVL2:
  46              	.L2:
  21:genSine.c     **** 	}
  22:genSine.c     **** 	else
  23:genSine.c     **** 	{	
  24:genSine.c     **** 			index = position;
  25:genSine.c     **** 	}
  26:genSine.c     ****     return sineTable[index];
  47              		.loc 1 26 0
  48 0010 024B     		ldr	r3, .L3+4
  49 0012 185C     		ldrb	r0, [r3, r0]
  50              	.LVL3:
  27:genSine.c     **** }...
  51              		.loc 1 27 0
  52              		@ sp needed
  53 0014 7047     		bx	lr
  54              	.L4:
  55 0016 C046     		.align	2
  56              	.L3:
  57 0018 00000000 		.word	FullScale
  58 001c 00000000 		.word	sineTable
  59              		.cfi_endproc
  60              	.LFE0:
  61              		.size	genSine, .-genSine
  62              		.text
  63              	.Letext0:
  64              		.file 2 "./genSine.h"
  65              		.file 3 "Generated_Source\\PSoC4/cytypes.h"
  66              		.section	.debug_info,"",%progbits
  67              	.Ldebug_info0:
  68 0000 FA000000 		.4byte	0xfa
  69 0004 0400     		.2byte	0x4
  70 0006 00000000 		.4byte	.Ldebug_abbrev0
  71 000a 04       		.byte	0x4
  72 000b 01       		.uleb128 0x1
  73 000c DF000000 		.4byte	.LASF16
  74 0010 0C       		.byte	0xc
  75 0011 25000000 		.4byte	.LASF17
  76 0015 9F000000 		.4byte	.LASF18
  77 0019 00000000 		.4byte	.Ldebug_ranges0+0
  78 001d 00000000 		.4byte	0
  79 0021 00000000 		.4byte	.Ldebug_line0
  80 0025 02       		.uleb128 0x2
  81 0026 01       		.byte	0x1
  82 0027 06       		.byte	0x6
  83 0028 80010000 		.4byte	.LASF0
  84 002c 02       		.uleb128 0x2
  85 002d 01       		.byte	0x1
  86 002e 08       		.byte	0x8
  87 002f 73000000 		.4byte	.LASF1
ARM GAS  C:\Users\User\AppData\Local\Temp\ccYTCQEN.s 			page 3


  88 0033 02       		.uleb128 0x2
  89 0034 02       		.byte	0x2
  90 0035 05       		.byte	0x5
  91 0036 A1010000 		.4byte	.LASF2
  92 003a 02       		.uleb128 0x2
  93 003b 02       		.byte	0x2
  94 003c 07       		.byte	0x7
  95 003d 6D010000 		.4byte	.LASF3
  96 0041 02       		.uleb128 0x2
  97 0042 04       		.byte	0x4
  98 0043 05       		.byte	0x5
  99 0044 89000000 		.4byte	.LASF4
 100 0048 02       		.uleb128 0x2
 101 0049 04       		.byte	0x4
 102 004a 07       		.byte	0x7
 103 004b 35000000 		.4byte	.LASF5
 104 004f 02       		.uleb128 0x2
 105 0050 08       		.byte	0x8
 106 0051 05       		.byte	0x5
 107 0052 00000000 		.4byte	.LASF6
 108 0056 02       		.uleb128 0x2
 109 0057 08       		.byte	0x8
 110 0058 07       		.byte	0x7
 111 0059 47000000 		.4byte	.LASF7
 112 005d 03       		.uleb128 0x3
 113 005e 04       		.byte	0x4
 114 005f 05       		.byte	0x5
 115 0060 696E7400 		.ascii	"int\000"
 116 0064 02       		.uleb128 0x2
 117 0065 04       		.byte	0x4
 118 0066 07       		.byte	0x7
 119 0067 0E000000 		.4byte	.LASF8
 120 006b 04       		.uleb128 0x4
 121 006c 2F000000 		.4byte	.LASF19
 122 0070 03       		.byte	0x3
 123 0071 E401     		.2byte	0x1e4
 124 0073 2C000000 		.4byte	0x2c
 125 0077 02       		.uleb128 0x2
 126 0078 04       		.byte	0x4
 127 0079 04       		.byte	0x4
 128 007a 68000000 		.4byte	.LASF9
 129 007e 02       		.uleb128 0x2
 130 007f 08       		.byte	0x8
 131 0080 04       		.byte	0x4
 132 0081 98000000 		.4byte	.LASF10
 133 0085 02       		.uleb128 0x2
 134 0086 01       		.byte	0x1
 135 0087 08       		.byte	0x8
 136 0088 6E000000 		.4byte	.LASF11
 137 008c 02       		.uleb128 0x2
 138 008d 08       		.byte	0x8
 139 008e 04       		.byte	0x4
 140 008f 95010000 		.4byte	.LASF12
 141 0093 02       		.uleb128 0x2
 142 0094 04       		.byte	0x4
 143 0095 07       		.byte	0x7
 144 0096 AB010000 		.4byte	.LASF13
ARM GAS  C:\Users\User\AppData\Local\Temp\ccYTCQEN.s 			page 4


 145 009a 05       		.uleb128 0x5
 146 009b 81000000 		.4byte	.LASF20
 147 009f 01       		.byte	0x1
 148 00a0 0F       		.byte	0xf
 149 00a1 6B000000 		.4byte	0x6b
 150 00a5 00000000 		.4byte	.LFB0
 151 00a9 20000000 		.4byte	.LFE0-.LFB0
 152 00ad 01       		.uleb128 0x1
 153 00ae 9C       		.byte	0x9c
 154 00af D2000000 		.4byte	0xd2
 155 00b3 06       		.uleb128 0x6
 156 00b4 8C010000 		.4byte	.LASF21
 157 00b8 01       		.byte	0x1
 158 00b9 0F       		.byte	0xf
 159 00ba 6B000000 		.4byte	0x6b
 160 00be 00000000 		.4byte	.LLST0
 161 00c2 07       		.uleb128 0x7
 162 00c3 92000000 		.4byte	.LASF22
 163 00c7 01       		.byte	0x1
 164 00c8 11       		.byte	0x11
 165 00c9 6B000000 		.4byte	0x6b
 166 00cd 21000000 		.4byte	.LLST1
 167 00d1 00       		.byte	0
 168 00d2 08       		.uleb128 0x8
 169 00d3 DD000000 		.4byte	0xdd
 170 00d7 DD000000 		.4byte	0xdd
 171 00db 09       		.uleb128 0x9
 172 00dc 00       		.byte	0
 173 00dd 0A       		.uleb128 0xa
 174 00de 6B000000 		.4byte	0x6b
 175 00e2 0B       		.uleb128 0xb
 176 00e3 1B000000 		.4byte	.LASF14
 177 00e7 02       		.byte	0x2
 178 00e8 0F       		.byte	0xf
 179 00e9 ED000000 		.4byte	0xed
 180 00ed 0A       		.uleb128 0xa
 181 00ee D2000000 		.4byte	0xd2
 182 00f2 0B       		.uleb128 0xb
 183 00f3 5E000000 		.4byte	.LASF15
 184 00f7 02       		.byte	0x2
 185 00f8 10       		.byte	0x10
 186 00f9 6B000000 		.4byte	0x6b
 187 00fd 00       		.byte	0
 188              		.section	.debug_abbrev,"",%progbits
 189              	.Ldebug_abbrev0:
 190 0000 01       		.uleb128 0x1
 191 0001 11       		.uleb128 0x11
 192 0002 01       		.byte	0x1
 193 0003 25       		.uleb128 0x25
 194 0004 0E       		.uleb128 0xe
 195 0005 13       		.uleb128 0x13
 196 0006 0B       		.uleb128 0xb
 197 0007 03       		.uleb128 0x3
 198 0008 0E       		.uleb128 0xe
 199 0009 1B       		.uleb128 0x1b
 200 000a 0E       		.uleb128 0xe
 201 000b 55       		.uleb128 0x55
ARM GAS  C:\Users\User\AppData\Local\Temp\ccYTCQEN.s 			page 5


 202 000c 17       		.uleb128 0x17
 203 000d 11       		.uleb128 0x11
 204 000e 01       		.uleb128 0x1
 205 000f 10       		.uleb128 0x10
 206 0010 17       		.uleb128 0x17
 207 0011 00       		.byte	0
 208 0012 00       		.byte	0
 209 0013 02       		.uleb128 0x2
 210 0014 24       		.uleb128 0x24
 211 0015 00       		.byte	0
 212 0016 0B       		.uleb128 0xb
 213 0017 0B       		.uleb128 0xb
 214 0018 3E       		.uleb128 0x3e
 215 0019 0B       		.uleb128 0xb
 216 001a 03       		.uleb128 0x3
 217 001b 0E       		.uleb128 0xe
 218 001c 00       		.byte	0
 219 001d 00       		.byte	0
 220 001e 03       		.uleb128 0x3
 221 001f 24       		.uleb128 0x24
 222 0020 00       		.byte	0
 223 0021 0B       		.uleb128 0xb
 224 0022 0B       		.uleb128 0xb
 225 0023 3E       		.uleb128 0x3e
 226 0024 0B       		.uleb128 0xb
 227 0025 03       		.uleb128 0x3
 228 0026 08       		.uleb128 0x8
 229 0027 00       		.byte	0
 230 0028 00       		.byte	0
 231 0029 04       		.uleb128 0x4
 232 002a 16       		.uleb128 0x16
 233 002b 00       		.byte	0
 234 002c 03       		.uleb128 0x3
 235 002d 0E       		.uleb128 0xe
 236 002e 3A       		.uleb128 0x3a
 237 002f 0B       		.uleb128 0xb
 238 0030 3B       		.uleb128 0x3b
 239 0031 05       		.uleb128 0x5
 240 0032 49       		.uleb128 0x49
 241 0033 13       		.uleb128 0x13
 242 0034 00       		.byte	0
 243 0035 00       		.byte	0
 244 0036 05       		.uleb128 0x5
 245 0037 2E       		.uleb128 0x2e
 246 0038 01       		.byte	0x1
 247 0039 3F       		.uleb128 0x3f
 248 003a 19       		.uleb128 0x19
 249 003b 03       		.uleb128 0x3
 250 003c 0E       		.uleb128 0xe
 251 003d 3A       		.uleb128 0x3a
 252 003e 0B       		.uleb128 0xb
 253 003f 3B       		.uleb128 0x3b
 254 0040 0B       		.uleb128 0xb
 255 0041 27       		.uleb128 0x27
 256 0042 19       		.uleb128 0x19
 257 0043 49       		.uleb128 0x49
 258 0044 13       		.uleb128 0x13
ARM GAS  C:\Users\User\AppData\Local\Temp\ccYTCQEN.s 			page 6


 259 0045 11       		.uleb128 0x11
 260 0046 01       		.uleb128 0x1
 261 0047 12       		.uleb128 0x12
 262 0048 06       		.uleb128 0x6
 263 0049 40       		.uleb128 0x40
 264 004a 18       		.uleb128 0x18
 265 004b 9742     		.uleb128 0x2117
 266 004d 19       		.uleb128 0x19
 267 004e 01       		.uleb128 0x1
 268 004f 13       		.uleb128 0x13
 269 0050 00       		.byte	0
 270 0051 00       		.byte	0
 271 0052 06       		.uleb128 0x6
 272 0053 05       		.uleb128 0x5
 273 0054 00       		.byte	0
 274 0055 03       		.uleb128 0x3
 275 0056 0E       		.uleb128 0xe
 276 0057 3A       		.uleb128 0x3a
 277 0058 0B       		.uleb128 0xb
 278 0059 3B       		.uleb128 0x3b
 279 005a 0B       		.uleb128 0xb
 280 005b 49       		.uleb128 0x49
 281 005c 13       		.uleb128 0x13
 282 005d 02       		.uleb128 0x2
 283 005e 17       		.uleb128 0x17
 284 005f 00       		.byte	0
 285 0060 00       		.byte	0
 286 0061 07       		.uleb128 0x7
 287 0062 34       		.uleb128 0x34
 288 0063 00       		.byte	0
 289 0064 03       		.uleb128 0x3
 290 0065 0E       		.uleb128 0xe
 291 0066 3A       		.uleb128 0x3a
 292 0067 0B       		.uleb128 0xb
 293 0068 3B       		.uleb128 0x3b
 294 0069 0B       		.uleb128 0xb
 295 006a 49       		.uleb128 0x49
 296 006b 13       		.uleb128 0x13
 297 006c 02       		.uleb128 0x2
 298 006d 17       		.uleb128 0x17
 299 006e 00       		.byte	0
 300 006f 00       		.byte	0
 301 0070 08       		.uleb128 0x8
 302 0071 01       		.uleb128 0x1
 303 0072 01       		.byte	0x1
 304 0073 49       		.uleb128 0x49
 305 0074 13       		.uleb128 0x13
 306 0075 01       		.uleb128 0x1
 307 0076 13       		.uleb128 0x13
 308 0077 00       		.byte	0
 309 0078 00       		.byte	0
 310 0079 09       		.uleb128 0x9
 311 007a 21       		.uleb128 0x21
 312 007b 00       		.byte	0
 313 007c 00       		.byte	0
 314 007d 00       		.byte	0
 315 007e 0A       		.uleb128 0xa
ARM GAS  C:\Users\User\AppData\Local\Temp\ccYTCQEN.s 			page 7


 316 007f 26       		.uleb128 0x26
 317 0080 00       		.byte	0
 318 0081 49       		.uleb128 0x49
 319 0082 13       		.uleb128 0x13
 320 0083 00       		.byte	0
 321 0084 00       		.byte	0
 322 0085 0B       		.uleb128 0xb
 323 0086 34       		.uleb128 0x34
 324 0087 00       		.byte	0
 325 0088 03       		.uleb128 0x3
 326 0089 0E       		.uleb128 0xe
 327 008a 3A       		.uleb128 0x3a
 328 008b 0B       		.uleb128 0xb
 329 008c 3B       		.uleb128 0x3b
 330 008d 0B       		.uleb128 0xb
 331 008e 49       		.uleb128 0x49
 332 008f 13       		.uleb128 0x13
 333 0090 3F       		.uleb128 0x3f
 334 0091 19       		.uleb128 0x19
 335 0092 3C       		.uleb128 0x3c
 336 0093 19       		.uleb128 0x19
 337 0094 00       		.byte	0
 338 0095 00       		.byte	0
 339 0096 00       		.byte	0
 340              		.section	.debug_loc,"",%progbits
 341              	.Ldebug_loc0:
 342              	.LLST0:
 343 0000 00000000 		.4byte	.LVL0
 344 0004 0C000000 		.4byte	.LVL1
 345 0008 0100     		.2byte	0x1
 346 000a 50       		.byte	0x50
 347 000b 0C000000 		.4byte	.LVL1
 348 000f 20000000 		.4byte	.LFE0
 349 0013 0400     		.2byte	0x4
 350 0015 F3       		.byte	0xf3
 351 0016 01       		.uleb128 0x1
 352 0017 50       		.byte	0x50
 353 0018 9F       		.byte	0x9f
 354 0019 00000000 		.4byte	0
 355 001d 00000000 		.4byte	0
 356              	.LLST1:
 357 0021 10000000 		.4byte	.LVL2
 358 0025 14000000 		.4byte	.LVL3
 359 0029 0100     		.2byte	0x1
 360 002b 50       		.byte	0x50
 361 002c 00000000 		.4byte	0
 362 0030 00000000 		.4byte	0
 363              		.section	.debug_aranges,"",%progbits
 364 0000 1C000000 		.4byte	0x1c
 365 0004 0200     		.2byte	0x2
 366 0006 00000000 		.4byte	.Ldebug_info0
 367 000a 04       		.byte	0x4
 368 000b 00       		.byte	0
 369 000c 0000     		.2byte	0
 370 000e 0000     		.2byte	0
 371 0010 00000000 		.4byte	.LFB0
 372 0014 20000000 		.4byte	.LFE0-.LFB0
ARM GAS  C:\Users\User\AppData\Local\Temp\ccYTCQEN.s 			page 8


 373 0018 00000000 		.4byte	0
 374 001c 00000000 		.4byte	0
 375              		.section	.debug_ranges,"",%progbits
 376              	.Ldebug_ranges0:
 377 0000 00000000 		.4byte	.LFB0
 378 0004 20000000 		.4byte	.LFE0
 379 0008 00000000 		.4byte	0
 380 000c 00000000 		.4byte	0
 381              		.section	.debug_line,"",%progbits
 382              	.Ldebug_line0:
 383 0000 6C000000 		.section	.debug_str,"MS",%progbits,1
 383      02005300 
 383      00000201 
 383      FB0E0D00 
 383      01010101 
 384              	.LASF6:
 385 0000 6C6F6E67 		.ascii	"long long int\000"
 385      206C6F6E 
 385      6720696E 
 385      7400
 386              	.LASF8:
 387 000e 756E7369 		.ascii	"unsigned int\000"
 387      676E6564 
 387      20696E74 
 387      00
 388              	.LASF14:
 389 001b 73696E65 		.ascii	"sineTable\000"
 389      5461626C 
 389      6500
 390              	.LASF17:
 391 0025 67656E53 		.ascii	"genSine.c\000"
 391      696E652E 
 391      6300
 392              	.LASF19:
 393 002f 75696E74 		.ascii	"uint8\000"
 393      3800
 394              	.LASF5:
 395 0035 6C6F6E67 		.ascii	"long unsigned int\000"
 395      20756E73 
 395      69676E65 
 395      6420696E 
 395      7400
 396              	.LASF7:
 397 0047 6C6F6E67 		.ascii	"long long unsigned int\000"
 397      206C6F6E 
 397      6720756E 
 397      7369676E 
 397      65642069 
 398              	.LASF15:
 399 005e 46756C6C 		.ascii	"FullScale\000"
 399      5363616C 
 399      6500
 400              	.LASF9:
 401 0068 666C6F61 		.ascii	"float\000"
 401      7400
 402              	.LASF11:
 403 006e 63686172 		.ascii	"char\000"
ARM GAS  C:\Users\User\AppData\Local\Temp\ccYTCQEN.s 			page 9


 403      00
 404              	.LASF1:
 405 0073 756E7369 		.ascii	"unsigned char\000"
 405      676E6564 
 405      20636861 
 405      7200
 406              	.LASF20:
 407 0081 67656E53 		.ascii	"genSine\000"
 407      696E6500 
 408              	.LASF4:
 409 0089 6C6F6E67 		.ascii	"long int\000"
 409      20696E74 
 409      00
 410              	.LASF22:
 411 0092 696E6465 		.ascii	"index\000"
 411      7800
 412              	.LASF10:
 413 0098 646F7562 		.ascii	"double\000"
 413      6C6500
 414              	.LASF18:
 415 009f 433A5C55 		.ascii	"C:\\Users\\User\\Documents\\PSoC Creator\\Workspace"
 415      73657273 
 415      5C557365 
 415      725C446F 
 415      63756D65 
 416 00cd 30365C44 		.ascii	"06\\Design01.cydsn\000"
 416      65736967 
 416      6E30312E 
 416      63796473 
 416      6E00
 417              	.LASF16:
 418 00df 474E5520 		.ascii	"GNU C11 5.4.1 20160609 (release) [ARM/embedded-5-br"
 418      43313120 
 418      352E342E 
 418      31203230 
 418      31363036 
 419 0112 616E6368 		.ascii	"anch revision 237715] -mcpu=cortex-m0 -mthumb -g -O"
 419      20726576 
 419      6973696F 
 419      6E203233 
 419      37373135 
 420 0145 67202D66 		.ascii	"g -ffunction-sections -ffat-lto-objects\000"
 420      66756E63 
 420      74696F6E 
 420      2D736563 
 420      74696F6E 
 421              	.LASF3:
 422 016d 73686F72 		.ascii	"short unsigned int\000"
 422      7420756E 
 422      7369676E 
 422      65642069 
 422      6E7400
 423              	.LASF0:
 424 0180 7369676E 		.ascii	"signed char\000"
 424      65642063 
 424      68617200 
 425              	.LASF21:
ARM GAS  C:\Users\User\AppData\Local\Temp\ccYTCQEN.s 			page 10


 426 018c 706F7369 		.ascii	"position\000"
 426      74696F6E 
 426      00
 427              	.LASF12:
 428 0195 6C6F6E67 		.ascii	"long double\000"
 428      20646F75 
 428      626C6500 
 429              	.LASF2:
 430 01a1 73686F72 		.ascii	"short int\000"
 430      7420696E 
 430      7400
 431              	.LASF13:
 432 01ab 73697A65 		.ascii	"sizetype\000"
 432      74797065 
 432      00
 433              		.ident	"GCC: (GNU Tools for ARM Embedded Processors) 5.4.1 20160609 (release) [ARM/embedded-5-bran
