ARM GAS  C:\Users\User\AppData\Local\Temp\cc8QEbzS.s 			page 1


   1              		.syntax unified
   2              		.cpu cortex-m0
   3              		.fpu softvfp
   4              		.eabi_attribute 20, 1
   5              		.eabi_attribute 21, 1
   6              		.eabi_attribute 23, 3
   7              		.eabi_attribute 24, 1
   8              		.eabi_attribute 25, 1
   9              		.eabi_attribute 26, 1
  10              		.eabi_attribute 30, 1
  11              		.eabi_attribute 34, 0
  12              		.eabi_attribute 18, 4
  13              		.thumb
  14              		.syntax unified
  15              		.file	"Move.c"
  16              		.text
  17              	.Ltext0:
  18              		.cfi_sections	.debug_frame
  19              		.section	.text.Move,"ax",%progbits
  20              		.align	2
  21              		.global	Move
  22              		.code	16
  23              		.thumb_func
  24              		.type	Move, %function
  25              	Move:
  26              	.LFB0:
  27              		.file 1 "Move.c"
   1:Move.c        **** /* ========================================
   2:Move.c        ****  *
   3:Move.c        ****  * Copyright YOUR COMPANY, THE YEAR
   4:Move.c        ****  * All Rights Reserved
   5:Move.c        ****  * UNPUBLISHED, LICENSED SOFTWARE.
   6:Move.c        ****  *
   7:Move.c        ****  * CONFIDENTIAL AND PROPRIETARY INFORMATION
   8:Move.c        ****  * WHICH IS THE PROPERTY OF your company.
   9:Move.c        ****  *
  10:Move.c        ****  * ========================================
  11:Move.c        **** */
  12:Move.c        **** 
  13:Move.c        **** /* [] END OF FILE */
  14:Move.c        **** #include <Move.h>
  15:Move.c        **** #include <PWM_1.h>
  16:Move.c        **** #include <PWM_2.h>
  17:Move.c        **** //#include <PWM1_sine.h>
  18:Move.c        **** //#include <PWM2_Sine.h>
  19:Move.c        **** #include <genSine.h>
  20:Move.c        **** void Move()
  21:Move.c        **** {
  28              		.loc 1 21 0
  29              		.cfi_startproc
  30              		@ args = 0, pretend = 0, frame = 0
  31              		@ frame_needed = 0, uses_anonymous_args = 0
  32 0000 10B5     		push	{r4, lr}
  33              		.cfi_def_cfa_offset 8
  34              		.cfi_offset 4, -8
  35              		.cfi_offset 14, -4
  22:Move.c        ****     if(divider != previousDivider)
ARM GAS  C:\Users\User\AppData\Local\Temp\cc8QEbzS.s 			page 2


  36              		.loc 1 22 0
  37 0002 444B     		ldr	r3, .L16
  38 0004 1B78     		ldrb	r3, [r3]
  39 0006 444A     		ldr	r2, .L16+4
  40 0008 1278     		ldrb	r2, [r2]
  41 000a 9342     		cmp	r3, r2
  42 000c 35D0     		beq	.L2
  23:Move.c        **** 	{
  24:Move.c        ****     //reset the step is the divider number is changed
  25:Move.c        **** 		switch(divider)
  43              		.loc 1 25 0
  44 000e 042B     		cmp	r3, #4
  45 0010 0FD0     		beq	.L4
  46 0012 02D8     		bhi	.L5
  47 0014 022B     		cmp	r3, #2
  48 0016 05D0     		beq	.L6
  49 0018 1FE0     		b	.L3
  50              	.L5:
  51 001a 082B     		cmp	r3, #8
  52 001c 10D0     		beq	.L7
  53 001e 102B     		cmp	r3, #16
  54 0020 15D0     		beq	.L8
  55 0022 1AE0     		b	.L3
  56              	.L6:
  26:Move.c        **** 		{
  27:Move.c        **** 			case 2:
  28:Move.c        **** 			    step = 8;
  57              		.loc 1 28 0
  58 0024 0822     		movs	r2, #8
  59 0026 3D4B     		ldr	r3, .L16+8
  60 0028 1A70     		strb	r2, [r3]
  29:Move.c        **** 			    FullScale = 16;
  61              		.loc 1 29 0
  62 002a 0832     		adds	r2, r2, #8
  63 002c 3C4B     		ldr	r3, .L16+12
  64 002e 1A70     		strb	r2, [r3]
  30:Move.c        **** 			break;
  65              		.loc 1 30 0
  66 0030 13E0     		b	.L3
  67              	.L4:
  31:Move.c        **** 		    case 4:
  32:Move.c        **** 			    step = 4;
  68              		.loc 1 32 0
  69 0032 0422     		movs	r2, #4
  70 0034 394B     		ldr	r3, .L16+8
  71 0036 1A70     		strb	r2, [r3]
  33:Move.c        **** 			    FullScale = 16;
  72              		.loc 1 33 0
  73 0038 0C32     		adds	r2, r2, #12
  74 003a 394B     		ldr	r3, .L16+12
  75 003c 1A70     		strb	r2, [r3]
  34:Move.c        **** 			break;
  76              		.loc 1 34 0
  77 003e 0CE0     		b	.L3
  78              	.L7:
  35:Move.c        **** 			case 8:
  36:Move.c        **** 				step = 2;
ARM GAS  C:\Users\User\AppData\Local\Temp\cc8QEbzS.s 			page 3


  79              		.loc 1 36 0
  80 0040 0222     		movs	r2, #2
  81 0042 364B     		ldr	r3, .L16+8
  82 0044 1A70     		strb	r2, [r3]
  37:Move.c        **** 				FullScale = 16;
  83              		.loc 1 37 0
  84 0046 0E32     		adds	r2, r2, #14
  85 0048 354B     		ldr	r3, .L16+12
  86 004a 1A70     		strb	r2, [r3]
  38:Move.c        **** 			break;
  87              		.loc 1 38 0
  88 004c 05E0     		b	.L3
  89              	.L8:
  39:Move.c        **** 			case 16:
  40:Move.c        **** 				step = 1;
  90              		.loc 1 40 0
  91 004e 0122     		movs	r2, #1
  92 0050 324B     		ldr	r3, .L16+8
  93 0052 1A70     		strb	r2, [r3]
  41:Move.c        **** 				FullScale = 16;
  94              		.loc 1 41 0
  95 0054 0F32     		adds	r2, r2, #15
  96 0056 324B     		ldr	r3, .L16+12
  97 0058 1A70     		strb	r2, [r3]
  98              	.L3:
  42:Move.c        **** 			break;
  43:Move.c        **** 			default:
  44:Move.c        **** 			break;
  45:Move.c        ****         }
  46:Move.c        ****         currentStepA = 0;
  99              		.loc 1 46 0
 100 005a 0022     		movs	r2, #0
 101 005c 314B     		ldr	r3, .L16+16
 102 005e 1A70     		strb	r2, [r3]
  47:Move.c        ****         // CHA and CHB have 90 degree phase delay
  48:Move.c        **** 	    if(currentStepA<FullScale)
 103              		.loc 1 48 0
 104 0060 2F4B     		ldr	r3, .L16+12
 105 0062 1B78     		ldrb	r3, [r3]
 106 0064 002B     		cmp	r3, #0
 107 0066 02D0     		beq	.L9
  49:Move.c        **** 	    {
  50:Move.c        **** 		    currentStepB = currentStepA + FullScale;
 108              		.loc 1 50 0
 109 0068 2F4A     		ldr	r2, .L16+20
 110 006a 1370     		strb	r3, [r2]
 111 006c 31E0     		b	.L10
 112              	.L9:
  51:Move.c        **** 	    }
  52:Move.c        **** 	    else if(currentStepA>=FullScale)
 113              		.loc 1 52 0
 114 006e 002B     		cmp	r3, #0
 115 0070 2FD1     		bne	.L10
  53:Move.c        **** 	    {
  54:Move.c        **** 			currentStepB = currentStepA - FullScale;
 116              		.loc 1 54 0
 117 0072 5B42     		rsbs	r3, r3, #0
ARM GAS  C:\Users\User\AppData\Local\Temp\cc8QEbzS.s 			page 4


 118 0074 2C4A     		ldr	r2, .L16+20
 119 0076 1370     		strb	r3, [r2]
 120 0078 2BE0     		b	.L10
 121              	.L2:
  55:Move.c        **** 	    }
  56:Move.c        ****     }
  57:Move.c        ****     
  58:Move.c        ****     else
  59:Move.c        ****     {// nomal operation
  60:Move.c        ****     //The total step is 2 times to the fullscale
  61:Move.c        **** 	    phaseMove();
 122              		.loc 1 61 0
 123 007a FFF7FEFF 		bl	phaseMove
 124              	.LVL0:
  62:Move.c        ****     	phaseControl(phase);
 125              		.loc 1 62 0
 126 007e 2B4B     		ldr	r3, .L16+24
 127 0080 1878     		ldrb	r0, [r3]
 128 0082 FFF7FEFF 		bl	phaseControl
 129              	.LVL1:
  63:Move.c        ****     	if(dirReg==1)	//Clockwise
 130              		.loc 1 63 0
 131 0086 2A4B     		ldr	r3, .L16+28
 132 0088 1B78     		ldrb	r3, [r3]
 133 008a 012B     		cmp	r3, #1
 134 008c 11D1     		bne	.L11
  64:Move.c        **** 		{
  65:Move.c        **** 			if (currentStepA < (FullScale-step+FullScale))
 135              		.loc 1 65 0
 136 008e 254B     		ldr	r3, .L16+16
 137 0090 1878     		ldrb	r0, [r3]
 138 0092 234B     		ldr	r3, .L16+12
 139 0094 1978     		ldrb	r1, [r3]
 140 0096 214B     		ldr	r3, .L16+8
 141 0098 1A78     		ldrb	r2, [r3]
 142 009a 8B1A     		subs	r3, r1, r2
 143 009c CB18     		adds	r3, r1, r3
 144 009e 9842     		cmp	r0, r3
 145 00a0 03DA     		bge	.L12
  66:Move.c        **** 			{
  67:Move.c        **** 				currentStepA = currentStepA +step;
 146              		.loc 1 67 0
 147 00a2 8218     		adds	r2, r0, r2
 148 00a4 1F4B     		ldr	r3, .L16+16
 149 00a6 1A70     		strb	r2, [r3]
 150 00a8 13E0     		b	.L10
 151              	.L12:
  68:Move.c        **** 			}
  69:Move.c        **** 			else
  70:Move.c        **** 			{
  71:Move.c        **** 				currentStepA = 0;
 152              		.loc 1 71 0
 153 00aa 0022     		movs	r2, #0
 154 00ac 1D4B     		ldr	r3, .L16+16
 155 00ae 1A70     		strb	r2, [r3]
 156 00b0 0FE0     		b	.L10
 157              	.L11:
ARM GAS  C:\Users\User\AppData\Local\Temp\cc8QEbzS.s 			page 5


  72:Move.c        **** 			}
  73:Move.c        **** 		}
  74:Move.c        ****         else		//Anti-Clockwise
  75:Move.c        **** 		{
  76:Move.c        **** 			if (currentStepA>=step)
 158              		.loc 1 76 0
 159 00b2 1C4B     		ldr	r3, .L16+16
 160 00b4 1A78     		ldrb	r2, [r3]
 161 00b6 194B     		ldr	r3, .L16+8
 162 00b8 1B78     		ldrb	r3, [r3]
 163 00ba 9A42     		cmp	r2, r3
 164 00bc 03D3     		bcc	.L13
  77:Move.c        **** 			{
  78:Move.c        **** 				currentStepA = currentStepA - step;
 165              		.loc 1 78 0
 166 00be D31A     		subs	r3, r2, r3
 167 00c0 184A     		ldr	r2, .L16+16
 168 00c2 1370     		strb	r3, [r2]
 169 00c4 05E0     		b	.L10
 170              	.L13:
  79:Move.c        **** 			}
  80:Move.c        **** 			else
  81:Move.c        **** 			{
  82:Move.c        **** 				currentStepA = FullScale-step+FullScale;
 171              		.loc 1 82 0
 172 00c6 164A     		ldr	r2, .L16+12
 173 00c8 1278     		ldrb	r2, [r2]
 174 00ca D31A     		subs	r3, r2, r3
 175 00cc D318     		adds	r3, r2, r3
 176 00ce 154A     		ldr	r2, .L16+16
 177 00d0 1370     		strb	r3, [r2]
 178              	.L10:
  83:Move.c        **** 			}
  84:Move.c        **** 		}
  85:Move.c        ****     }
  86:Move.c        **** 	
  87:Move.c        **** 	if(currentStepA<FullScale)
 179              		.loc 1 87 0
 180 00d2 144B     		ldr	r3, .L16+16
 181 00d4 1878     		ldrb	r0, [r3]
 182 00d6 124B     		ldr	r3, .L16+12
 183 00d8 1B78     		ldrb	r3, [r3]
 184 00da 9842     		cmp	r0, r3
 185 00dc 03D2     		bcs	.L14
  88:Move.c        **** 	{
  89:Move.c        **** 		currentStepB = currentStepA + FullScale;
 186              		.loc 1 89 0
 187 00de C318     		adds	r3, r0, r3
 188 00e0 114A     		ldr	r2, .L16+20
 189 00e2 1370     		strb	r3, [r2]
 190 00e4 04E0     		b	.L15
 191              	.L14:
  90:Move.c        **** 	}
  91:Move.c        **** 	else if(currentStepA>=FullScale)
 192              		.loc 1 91 0
 193 00e6 9842     		cmp	r0, r3
 194 00e8 02D3     		bcc	.L15
ARM GAS  C:\Users\User\AppData\Local\Temp\cc8QEbzS.s 			page 6


  92:Move.c        **** 	{
  93:Move.c        **** 		currentStepB = currentStepA - FullScale;
 195              		.loc 1 93 0
 196 00ea C31A     		subs	r3, r0, r3
 197 00ec 0E4A     		ldr	r2, .L16+20
 198 00ee 1370     		strb	r3, [r2]
 199              	.L15:
  94:Move.c        **** 	}
  95:Move.c        ****     PWM_1_WriteCompare(genSine(currentStepA));
 200              		.loc 1 95 0
 201 00f0 FFF7FEFF 		bl	genSine
 202              	.LVL2:
 203 00f4 FFF7FEFF 		bl	PWM_1_WriteCompare
 204              	.LVL3:
  96:Move.c        ****     PWM_2_WriteCompare(genSine(currentStepB));
 205              		.loc 1 96 0
 206 00f8 0B4B     		ldr	r3, .L16+20
 207 00fa 1878     		ldrb	r0, [r3]
 208 00fc FFF7FEFF 		bl	genSine
 209              	.LVL4:
 210 0100 FFF7FEFF 		bl	PWM_2_WriteCompare
 211              	.LVL5:
  97:Move.c        ****     phaseMove();
 212              		.loc 1 97 0
 213 0104 FFF7FEFF 		bl	phaseMove
 214              	.LVL6:
  98:Move.c        ****     phaseControl(phase);
 215              		.loc 1 98 0
 216 0108 084B     		ldr	r3, .L16+24
 217 010a 1878     		ldrb	r0, [r3]
 218 010c FFF7FEFF 		bl	phaseControl
 219              	.LVL7:
  99:Move.c        **** }...
 220              		.loc 1 99 0
 221              		@ sp needed
 222 0110 10BD     		pop	{r4, pc}
 223              	.L17:
 224 0112 C046     		.align	2
 225              	.L16:
 226 0114 00000000 		.word	divider
 227 0118 00000000 		.word	previousDivider
 228 011c 00000000 		.word	step
 229 0120 00000000 		.word	FullScale
 230 0124 00000000 		.word	currentStepA
 231 0128 00000000 		.word	currentStepB
 232 012c 00000000 		.word	phase
 233 0130 00000000 		.word	dirReg
 234              		.cfi_endproc
 235              	.LFE0:
 236              		.size	Move, .-Move
 237              		.text
 238              	.Letext0:
 239              		.file 2 "./Move.h"
 240              		.file 3 "./genSine.h"
 241              		.file 4 "./phaseControl.h"
 242              		.file 5 "Generated_Source\\PSoC4/PWM_2.h"
 243              		.file 6 "Generated_Source\\PSoC4/cytypes.h"
ARM GAS  C:\Users\User\AppData\Local\Temp\cc8QEbzS.s 			page 7


 244              		.section	.debug_info,"",%progbits
 245              	.Ldebug_info0:
 246 0000 96010000 		.4byte	0x196
 247 0004 0400     		.2byte	0x4
 248 0006 00000000 		.4byte	.Ldebug_abbrev0
 249 000a 04       		.byte	0x4
 250 000b 01       		.uleb128 0x1
 251 000c 15010000 		.4byte	.LASF27
 252 0010 0C       		.byte	0xc
 253 0011 17020000 		.4byte	.LASF28
 254 0015 D5000000 		.4byte	.LASF29
 255 0019 00000000 		.4byte	.Ldebug_ranges0+0
 256 001d 00000000 		.4byte	0
 257 0021 00000000 		.4byte	.Ldebug_line0
 258 0025 02       		.uleb128 0x2
 259 0026 01       		.byte	0x1
 260 0027 06       		.byte	0x6
 261 0028 0B020000 		.4byte	.LASF0
 262 002c 02       		.uleb128 0x2
 263 002d 01       		.byte	0x1
 264 002e 08       		.byte	0x8
 265 002f 67000000 		.4byte	.LASF1
 266 0033 02       		.uleb128 0x2
 267 0034 02       		.byte	0x2
 268 0035 05       		.byte	0x5
 269 0036 D2010000 		.4byte	.LASF2
 270 003a 02       		.uleb128 0x2
 271 003b 02       		.byte	0x2
 272 003c 07       		.byte	0x7
 273 003d 26000000 		.4byte	.LASF3
 274 0041 02       		.uleb128 0x2
 275 0042 04       		.byte	0x4
 276 0043 05       		.byte	0x5
 277 0044 EC010000 		.4byte	.LASF4
 278 0048 02       		.uleb128 0x2
 279 0049 04       		.byte	0x4
 280 004a 07       		.byte	0x7
 281 004b 7A000000 		.4byte	.LASF5
 282 004f 02       		.uleb128 0x2
 283 0050 08       		.byte	0x8
 284 0051 05       		.byte	0x5
 285 0052 BF010000 		.4byte	.LASF6
 286 0056 02       		.uleb128 0x2
 287 0057 08       		.byte	0x8
 288 0058 07       		.byte	0x7
 289 0059 BE000000 		.4byte	.LASF7
 290 005d 03       		.uleb128 0x3
 291 005e 04       		.byte	0x4
 292 005f 05       		.byte	0x5
 293 0060 696E7400 		.ascii	"int\000"
 294 0064 02       		.uleb128 0x2
 295 0065 04       		.byte	0x4
 296 0066 07       		.byte	0x7
 297 0067 B1000000 		.4byte	.LASF8
 298 006b 04       		.uleb128 0x4
 299 006c 8C000000 		.4byte	.LASF30
 300 0070 06       		.byte	0x6
ARM GAS  C:\Users\User\AppData\Local\Temp\cc8QEbzS.s 			page 8


 301 0071 E401     		.2byte	0x1e4
 302 0073 2C000000 		.4byte	0x2c
 303 0077 02       		.uleb128 0x2
 304 0078 04       		.byte	0x4
 305 0079 04       		.byte	0x4
 306 007a 61000000 		.4byte	.LASF9
 307 007e 02       		.uleb128 0x2
 308 007f 08       		.byte	0x8
 309 0080 04       		.byte	0x4
 310 0081 A0000000 		.4byte	.LASF10
 311 0085 02       		.uleb128 0x2
 312 0086 01       		.byte	0x1
 313 0087 08       		.byte	0x8
 314 0088 CD010000 		.4byte	.LASF11
 315 008c 02       		.uleb128 0x2
 316 008d 08       		.byte	0x8
 317 008e 04       		.byte	0x4
 318 008f FF010000 		.4byte	.LASF12
 319 0093 02       		.uleb128 0x2
 320 0094 04       		.byte	0x4
 321 0095 07       		.byte	0x7
 322 0096 A3010000 		.4byte	.LASF13
 323 009a 05       		.uleb128 0x5
 324 009b 75000000 		.4byte	.LASF31
 325 009f 01       		.byte	0x1
 326 00a0 14       		.byte	0x14
 327 00a1 00000000 		.4byte	.LFB0
 328 00a5 34010000 		.4byte	.LFE0-.LFB0
 329 00a9 01       		.uleb128 0x1
 330 00aa 9C       		.byte	0x9c
 331 00ab 09010000 		.4byte	0x109
 332 00af 06       		.uleb128 0x6
 333 00b0 AC010000 		.4byte	.LASF25
 334 00b4 01       		.byte	0x1
 335 00b5 5F       		.byte	0x5f
 336 00b6 5D000000 		.4byte	0x5d
 337 00ba C0000000 		.4byte	0xc0
 338 00be 07       		.uleb128 0x7
 339 00bf 00       		.byte	0
 340 00c0 08       		.uleb128 0x8
 341 00c1 7E000000 		.4byte	.LVL0
 342 00c5 61010000 		.4byte	0x161
 343 00c9 08       		.uleb128 0x8
 344 00ca 86000000 		.4byte	.LVL1
 345 00ce 6C010000 		.4byte	0x16c
 346 00d2 08       		.uleb128 0x8
 347 00d3 F4000000 		.4byte	.LVL2
 348 00d7 77010000 		.4byte	0x177
 349 00db 08       		.uleb128 0x8
 350 00dc F8000000 		.4byte	.LVL3
 351 00e0 82010000 		.4byte	0x182
 352 00e4 08       		.uleb128 0x8
 353 00e5 00010000 		.4byte	.LVL4
 354 00e9 77010000 		.4byte	0x177
 355 00ed 08       		.uleb128 0x8
 356 00ee 04010000 		.4byte	.LVL5
 357 00f2 8D010000 		.4byte	0x18d
ARM GAS  C:\Users\User\AppData\Local\Temp\cc8QEbzS.s 			page 9


 358 00f6 08       		.uleb128 0x8
 359 00f7 08010000 		.4byte	.LVL6
 360 00fb 61010000 		.4byte	0x161
 361 00ff 08       		.uleb128 0x8
 362 0100 10010000 		.4byte	.LVL7
 363 0104 6C010000 		.4byte	0x16c
 364 0108 00       		.byte	0
 365 0109 09       		.uleb128 0x9
 366 010a 9A000000 		.4byte	.LASF14
 367 010e 02       		.byte	0x2
 368 010f 15       		.byte	0x15
 369 0110 6B000000 		.4byte	0x6b
 370 0114 09       		.uleb128 0x9
 371 0115 00000000 		.4byte	.LASF15
 372 0119 02       		.byte	0x2
 373 011a 10       		.byte	0x10
 374 011b 6B000000 		.4byte	0x6b
 375 011f 09       		.uleb128 0x9
 376 0120 0D000000 		.4byte	.LASF16
 377 0124 02       		.byte	0x2
 378 0125 11       		.byte	0x11
 379 0126 6B000000 		.4byte	0x6b
 380 012a 09       		.uleb128 0x9
 381 012b 1F000000 		.4byte	.LASF17
 382 012f 02       		.byte	0x2
 383 0130 17       		.byte	0x17
 384 0131 6B000000 		.4byte	0x6b
 385 0135 09       		.uleb128 0x9
 386 0136 92000000 		.4byte	.LASF18
 387 013a 02       		.byte	0x2
 388 013b 12       		.byte	0x12
 389 013c 6B000000 		.4byte	0x6b
 390 0140 09       		.uleb128 0x9
 391 0141 DC010000 		.4byte	.LASF19
 392 0145 02       		.byte	0x2
 393 0146 13       		.byte	0x13
 394 0147 6B000000 		.4byte	0x6b
 395 014b 09       		.uleb128 0x9
 396 014c A7000000 		.4byte	.LASF20
 397 0150 03       		.byte	0x3
 398 0151 10       		.byte	0x10
 399 0152 6B000000 		.4byte	0x6b
 400 0156 09       		.uleb128 0x9
 401 0157 1A000000 		.4byte	.LASF21
 402 015b 02       		.byte	0x2
 403 015c 16       		.byte	0x16
 404 015d 6B000000 		.4byte	0x6b
 405 0161 0A       		.uleb128 0xa
 406 0162 F5010000 		.4byte	.LASF22
 407 0166 F5010000 		.4byte	.LASF22
 408 016a 04       		.byte	0x4
 409 016b 16       		.byte	0x16
 410 016c 0A       		.uleb128 0xa
 411 016d 54000000 		.4byte	.LASF23
 412 0171 54000000 		.4byte	.LASF23
 413 0175 04       		.byte	0x4
 414 0176 15       		.byte	0x15
ARM GAS  C:\Users\User\AppData\Local\Temp\cc8QEbzS.s 			page 10


 415 0177 0A       		.uleb128 0xa
 416 0178 39000000 		.4byte	.LASF24
 417 017c 39000000 		.4byte	.LASF24
 418 0180 03       		.byte	0x3
 419 0181 12       		.byte	0x12
 420 0182 0A       		.uleb128 0xa
 421 0183 AC010000 		.4byte	.LASF25
 422 0187 AC010000 		.4byte	.LASF25
 423 018b 01       		.byte	0x1
 424 018c 5F       		.byte	0x5f
 425 018d 0B       		.uleb128 0xb
 426 018e 41000000 		.4byte	.LASF26
 427 0192 41000000 		.4byte	.LASF26
 428 0196 05       		.byte	0x5
 429 0197 5501     		.2byte	0x155
 430 0199 00       		.byte	0
 431              		.section	.debug_abbrev,"",%progbits
 432              	.Ldebug_abbrev0:
 433 0000 01       		.uleb128 0x1
 434 0001 11       		.uleb128 0x11
 435 0002 01       		.byte	0x1
 436 0003 25       		.uleb128 0x25
 437 0004 0E       		.uleb128 0xe
 438 0005 13       		.uleb128 0x13
 439 0006 0B       		.uleb128 0xb
 440 0007 03       		.uleb128 0x3
 441 0008 0E       		.uleb128 0xe
 442 0009 1B       		.uleb128 0x1b
 443 000a 0E       		.uleb128 0xe
 444 000b 55       		.uleb128 0x55
 445 000c 17       		.uleb128 0x17
 446 000d 11       		.uleb128 0x11
 447 000e 01       		.uleb128 0x1
 448 000f 10       		.uleb128 0x10
 449 0010 17       		.uleb128 0x17
 450 0011 00       		.byte	0
 451 0012 00       		.byte	0
 452 0013 02       		.uleb128 0x2
 453 0014 24       		.uleb128 0x24
 454 0015 00       		.byte	0
 455 0016 0B       		.uleb128 0xb
 456 0017 0B       		.uleb128 0xb
 457 0018 3E       		.uleb128 0x3e
 458 0019 0B       		.uleb128 0xb
 459 001a 03       		.uleb128 0x3
 460 001b 0E       		.uleb128 0xe
 461 001c 00       		.byte	0
 462 001d 00       		.byte	0
 463 001e 03       		.uleb128 0x3
 464 001f 24       		.uleb128 0x24
 465 0020 00       		.byte	0
 466 0021 0B       		.uleb128 0xb
 467 0022 0B       		.uleb128 0xb
 468 0023 3E       		.uleb128 0x3e
 469 0024 0B       		.uleb128 0xb
 470 0025 03       		.uleb128 0x3
 471 0026 08       		.uleb128 0x8
ARM GAS  C:\Users\User\AppData\Local\Temp\cc8QEbzS.s 			page 11


 472 0027 00       		.byte	0
 473 0028 00       		.byte	0
 474 0029 04       		.uleb128 0x4
 475 002a 16       		.uleb128 0x16
 476 002b 00       		.byte	0
 477 002c 03       		.uleb128 0x3
 478 002d 0E       		.uleb128 0xe
 479 002e 3A       		.uleb128 0x3a
 480 002f 0B       		.uleb128 0xb
 481 0030 3B       		.uleb128 0x3b
 482 0031 05       		.uleb128 0x5
 483 0032 49       		.uleb128 0x49
 484 0033 13       		.uleb128 0x13
 485 0034 00       		.byte	0
 486 0035 00       		.byte	0
 487 0036 05       		.uleb128 0x5
 488 0037 2E       		.uleb128 0x2e
 489 0038 01       		.byte	0x1
 490 0039 3F       		.uleb128 0x3f
 491 003a 19       		.uleb128 0x19
 492 003b 03       		.uleb128 0x3
 493 003c 0E       		.uleb128 0xe
 494 003d 3A       		.uleb128 0x3a
 495 003e 0B       		.uleb128 0xb
 496 003f 3B       		.uleb128 0x3b
 497 0040 0B       		.uleb128 0xb
 498 0041 11       		.uleb128 0x11
 499 0042 01       		.uleb128 0x1
 500 0043 12       		.uleb128 0x12
 501 0044 06       		.uleb128 0x6
 502 0045 40       		.uleb128 0x40
 503 0046 18       		.uleb128 0x18
 504 0047 9742     		.uleb128 0x2117
 505 0049 19       		.uleb128 0x19
 506 004a 01       		.uleb128 0x1
 507 004b 13       		.uleb128 0x13
 508 004c 00       		.byte	0
 509 004d 00       		.byte	0
 510 004e 06       		.uleb128 0x6
 511 004f 2E       		.uleb128 0x2e
 512 0050 01       		.byte	0x1
 513 0051 3F       		.uleb128 0x3f
 514 0052 19       		.uleb128 0x19
 515 0053 03       		.uleb128 0x3
 516 0054 0E       		.uleb128 0xe
 517 0055 3A       		.uleb128 0x3a
 518 0056 0B       		.uleb128 0xb
 519 0057 3B       		.uleb128 0x3b
 520 0058 0B       		.uleb128 0xb
 521 0059 49       		.uleb128 0x49
 522 005a 13       		.uleb128 0x13
 523 005b 3C       		.uleb128 0x3c
 524 005c 19       		.uleb128 0x19
 525 005d 01       		.uleb128 0x1
 526 005e 13       		.uleb128 0x13
 527 005f 00       		.byte	0
 528 0060 00       		.byte	0
ARM GAS  C:\Users\User\AppData\Local\Temp\cc8QEbzS.s 			page 12


 529 0061 07       		.uleb128 0x7
 530 0062 18       		.uleb128 0x18
 531 0063 00       		.byte	0
 532 0064 00       		.byte	0
 533 0065 00       		.byte	0
 534 0066 08       		.uleb128 0x8
 535 0067 898201   		.uleb128 0x4109
 536 006a 00       		.byte	0
 537 006b 11       		.uleb128 0x11
 538 006c 01       		.uleb128 0x1
 539 006d 31       		.uleb128 0x31
 540 006e 13       		.uleb128 0x13
 541 006f 00       		.byte	0
 542 0070 00       		.byte	0
 543 0071 09       		.uleb128 0x9
 544 0072 34       		.uleb128 0x34
 545 0073 00       		.byte	0
 546 0074 03       		.uleb128 0x3
 547 0075 0E       		.uleb128 0xe
 548 0076 3A       		.uleb128 0x3a
 549 0077 0B       		.uleb128 0xb
 550 0078 3B       		.uleb128 0x3b
 551 0079 0B       		.uleb128 0xb
 552 007a 49       		.uleb128 0x49
 553 007b 13       		.uleb128 0x13
 554 007c 3F       		.uleb128 0x3f
 555 007d 19       		.uleb128 0x19
 556 007e 3C       		.uleb128 0x3c
 557 007f 19       		.uleb128 0x19
 558 0080 00       		.byte	0
 559 0081 00       		.byte	0
 560 0082 0A       		.uleb128 0xa
 561 0083 2E       		.uleb128 0x2e
 562 0084 00       		.byte	0
 563 0085 3F       		.uleb128 0x3f
 564 0086 19       		.uleb128 0x19
 565 0087 3C       		.uleb128 0x3c
 566 0088 19       		.uleb128 0x19
 567 0089 6E       		.uleb128 0x6e
 568 008a 0E       		.uleb128 0xe
 569 008b 03       		.uleb128 0x3
 570 008c 0E       		.uleb128 0xe
 571 008d 3A       		.uleb128 0x3a
 572 008e 0B       		.uleb128 0xb
 573 008f 3B       		.uleb128 0x3b
 574 0090 0B       		.uleb128 0xb
 575 0091 00       		.byte	0
 576 0092 00       		.byte	0
 577 0093 0B       		.uleb128 0xb
 578 0094 2E       		.uleb128 0x2e
 579 0095 00       		.byte	0
 580 0096 3F       		.uleb128 0x3f
 581 0097 19       		.uleb128 0x19
 582 0098 3C       		.uleb128 0x3c
 583 0099 19       		.uleb128 0x19
 584 009a 6E       		.uleb128 0x6e
 585 009b 0E       		.uleb128 0xe
ARM GAS  C:\Users\User\AppData\Local\Temp\cc8QEbzS.s 			page 13


 586 009c 03       		.uleb128 0x3
 587 009d 0E       		.uleb128 0xe
 588 009e 3A       		.uleb128 0x3a
 589 009f 0B       		.uleb128 0xb
 590 00a0 3B       		.uleb128 0x3b
 591 00a1 05       		.uleb128 0x5
 592 00a2 00       		.byte	0
 593 00a3 00       		.byte	0
 594 00a4 00       		.byte	0
 595              		.section	.debug_aranges,"",%progbits
 596 0000 1C000000 		.4byte	0x1c
 597 0004 0200     		.2byte	0x2
 598 0006 00000000 		.4byte	.Ldebug_info0
 599 000a 04       		.byte	0x4
 600 000b 00       		.byte	0
 601 000c 0000     		.2byte	0
 602 000e 0000     		.2byte	0
 603 0010 00000000 		.4byte	.LFB0
 604 0014 34010000 		.4byte	.LFE0-.LFB0
 605 0018 00000000 		.4byte	0
 606 001c 00000000 		.4byte	0
 607              		.section	.debug_ranges,"",%progbits
 608              	.Ldebug_ranges0:
 609 0000 00000000 		.4byte	.LFB0
 610 0004 34010000 		.4byte	.LFE0
 611 0008 00000000 		.4byte	0
 612 000c 00000000 		.4byte	0
 613              		.section	.debug_line,"",%progbits
 614              	.Ldebug_line0:
 615 0000 B4000000 		.section	.debug_str,"MS",%progbits,1
 615      02007B00 
 615      00000201 
 615      FB0E0D00 
 615      01010101 
 616              	.LASF15:
 617 0000 63757272 		.ascii	"currentStepA\000"
 617      656E7453 
 617      74657041 
 617      00
 618              	.LASF16:
 619 000d 63757272 		.ascii	"currentStepB\000"
 619      656E7453 
 619      74657042 
 619      00
 620              	.LASF21:
 621 001a 73746570 		.ascii	"step\000"
 621      00
 622              	.LASF17:
 623 001f 64697252 		.ascii	"dirReg\000"
 623      656700
 624              	.LASF3:
 625 0026 73686F72 		.ascii	"short unsigned int\000"
 625      7420756E 
 625      7369676E 
 625      65642069 
 625      6E7400
 626              	.LASF24:
ARM GAS  C:\Users\User\AppData\Local\Temp\cc8QEbzS.s 			page 14


 627 0039 67656E53 		.ascii	"genSine\000"
 627      696E6500 
 628              	.LASF26:
 629 0041 50574D5F 		.ascii	"PWM_2_WriteCompare\000"
 629      325F5772 
 629      69746543 
 629      6F6D7061 
 629      726500
 630              	.LASF23:
 631 0054 70686173 		.ascii	"phaseControl\000"
 631      65436F6E 
 631      74726F6C 
 631      00
 632              	.LASF9:
 633 0061 666C6F61 		.ascii	"float\000"
 633      7400
 634              	.LASF1:
 635 0067 756E7369 		.ascii	"unsigned char\000"
 635      676E6564 
 635      20636861 
 635      7200
 636              	.LASF31:
 637 0075 4D6F7665 		.ascii	"Move\000"
 637      00
 638              	.LASF5:
 639 007a 6C6F6E67 		.ascii	"long unsigned int\000"
 639      20756E73 
 639      69676E65 
 639      6420696E 
 639      7400
 640              	.LASF30:
 641 008c 75696E74 		.ascii	"uint8\000"
 641      3800
 642              	.LASF18:
 643 0092 64697669 		.ascii	"divider\000"
 643      64657200 
 644              	.LASF14:
 645 009a 70686173 		.ascii	"phase\000"
 645      6500
 646              	.LASF10:
 647 00a0 646F7562 		.ascii	"double\000"
 647      6C6500
 648              	.LASF20:
 649 00a7 46756C6C 		.ascii	"FullScale\000"
 649      5363616C 
 649      6500
 650              	.LASF8:
 651 00b1 756E7369 		.ascii	"unsigned int\000"
 651      676E6564 
 651      20696E74 
 651      00
 652              	.LASF7:
 653 00be 6C6F6E67 		.ascii	"long long unsigned int\000"
 653      206C6F6E 
 653      6720756E 
 653      7369676E 
 653      65642069 
ARM GAS  C:\Users\User\AppData\Local\Temp\cc8QEbzS.s 			page 15


 654              	.LASF29:
 655 00d5 433A5C55 		.ascii	"C:\\Users\\User\\Documents\\PSoC Creator\\Workspace"
 655      73657273 
 655      5C557365 
 655      725C446F 
 655      63756D65 
 656 0103 30365C44 		.ascii	"06\\Design01.cydsn\000"
 656      65736967 
 656      6E30312E 
 656      63796473 
 656      6E00
 657              	.LASF27:
 658 0115 474E5520 		.ascii	"GNU C11 5.4.1 20160609 (release) [ARM/embedded-5-br"
 658      43313120 
 658      352E342E 
 658      31203230 
 658      31363036 
 659 0148 616E6368 		.ascii	"anch revision 237715] -mcpu=cortex-m0 -mthumb -g -O"
 659      20726576 
 659      6973696F 
 659      6E203233 
 659      37373135 
 660 017b 67202D66 		.ascii	"g -ffunction-sections -ffat-lto-objects\000"
 660      66756E63 
 660      74696F6E 
 660      2D736563 
 660      74696F6E 
 661              	.LASF13:
 662 01a3 73697A65 		.ascii	"sizetype\000"
 662      74797065 
 662      00
 663              	.LASF25:
 664 01ac 50574D5F 		.ascii	"PWM_1_WriteCompare\000"
 664      315F5772 
 664      69746543 
 664      6F6D7061 
 664      726500
 665              	.LASF6:
 666 01bf 6C6F6E67 		.ascii	"long long int\000"
 666      206C6F6E 
 666      6720696E 
 666      7400
 667              	.LASF11:
 668 01cd 63686172 		.ascii	"char\000"
 668      00
 669              	.LASF2:
 670 01d2 73686F72 		.ascii	"short int\000"
 670      7420696E 
 670      7400
 671              	.LASF19:
 672 01dc 70726576 		.ascii	"previousDivider\000"
 672      696F7573 
 672      44697669 
 672      64657200 
 673              	.LASF4:
 674 01ec 6C6F6E67 		.ascii	"long int\000"
 674      20696E74 
ARM GAS  C:\Users\User\AppData\Local\Temp\cc8QEbzS.s 			page 16


 674      00
 675              	.LASF22:
 676 01f5 70686173 		.ascii	"phaseMove\000"
 676      654D6F76 
 676      6500
 677              	.LASF12:
 678 01ff 6C6F6E67 		.ascii	"long double\000"
 678      20646F75 
 678      626C6500 
 679              	.LASF0:
 680 020b 7369676E 		.ascii	"signed char\000"
 680      65642063 
 680      68617200 
 681              	.LASF28:
 682 0217 4D6F7665 		.ascii	"Move.c\000"
 682      2E6300
 683              		.ident	"GCC: (GNU Tools for ARM Embedded Processors) 5.4.1 20160609 (release) [ARM/embedded-5-bran
