ARM GAS  C:\Users\User\AppData\Local\Temp\cc7fiXq0.s 			page 1


   1              		.syntax unified
   2              		.cpu cortex-m0
   3              		.fpu softvfp
   4              		.eabi_attribute 20, 1
   5              		.eabi_attribute 21, 1
   6              		.eabi_attribute 23, 3
   7              		.eabi_attribute 24, 1
   8              		.eabi_attribute 25, 1
   9              		.eabi_attribute 26, 1
  10              		.eabi_attribute 30, 1
  11              		.eabi_attribute 34, 0
  12              		.eabi_attribute 18, 4
  13              		.thumb
  14              		.syntax unified
  15              		.file	"stepper.c"
  16              		.text
  17              	.Ltext0:
  18              		.cfi_sections	.debug_frame
  19              		.global	__aeabi_fmul
  20              		.global	__aeabi_f2d
  21              		.global	__aeabi_dadd
  22              		.global	__aeabi_ddiv
  23              		.global	__aeabi_d2f
  24              		.global	__aeabi_fadd
  25              		.global	__aeabi_f2uiz
  26              		.global	__aeabi_fcmpgt
  27              		.section	.text.FillAccelerationArray,"ax",%progbits
  28              		.align	2
  29              		.code	16
  30              		.thumb_func
  31              		.type	FillAccelerationArray, %function
  32              	FillAccelerationArray:
  33              	.LFB36:
  34              		.file 1 "stepper.c"
   1:stepper.c     **** /******************************************************************************
   2:stepper.c     ****  *
   3:stepper.c     ****  * –ú–æ–¥—É–ª—å —É–ø—Ä–∞–≤–ª—ñ–Ω–Ω—è –∫—Ä–æ–∫–æ–≤–∏–º–∏ –¥–≤–∏–≥—É–Ω–∞–º–∏
   4:stepper.c     ****  *
   5:stepper.c     ****  *****************************************************************************/
   6:stepper.c     **** #include "stepper.h"
   7:stepper.c     **** #include <project.h>
   8:stepper.c     **** #include <math.h>
   9:stepper.c     **** 
  10:stepper.c     **** /******* –í–ò–ó–ù–ê–ß–ï–ù–ù–Ø –ì–õ–û–ë–ê–õ–¨–ù–ò–• –ó–ú–Ü–ù–ù–ò–•**********************************
  11:stepper.c     **** 
  12:stepper.c     **** // –∑–∞–ª–∏—à–æ–∫ –∫—Ä–æ–∫—ñ–≤ –∫–æ—Ç—Ä—ñ –ø–æ—Ç—Ä—ñ–±–Ω–æ –∑—Ä–æ–±–∏—Ç–∏ –ø–æ –æ–±–æ—Ö –æ—Å—è—Ö
  13:stepper.c     **** volatile uint32_t xStepsRemaining;
  14:stepper.c     **** 
  15:stepper.c     **** volatile uint16_t xStepsExecuted16; 
  16:stepper.c     **** 
  17:stepper.c     **** // –≤–∏–∫–æ–Ω–∞–Ω–æ –∫—Ä–æ–∫—ñ–≤ –ø–æ –æ–±–æ—Ö –æ—Å—è—Ö
  18:stepper.c     **** volatile uint32_t xStepsExecuted;
  19:stepper.c     **** volatile uint32_t xStepsExecutedSpiral;
  20:stepper.c     **** 
  21:stepper.c     **** // –ø–æ—Ç–æ—á–Ω–∏–π —Å—Ç–∞–Ω –º–æ—Ç–æ—Ä—ñ–≤
  22:stepper.c     **** volatile X_MOTOR_STATE_ENUM Stepper_xMotorState;
  23:stepper.c     **** 
ARM GAS  C:\Users\User\AppData\Local\Temp\cc7fiXq0.s 			page 2


  24:stepper.c     **** /******* –õ–û–ö–ê–õ–¨–ù–Ü –ó–ú–Ü–ù–ù–Ü *****************************************************/
  25:stepper.c     **** 
  26:stepper.c     **** // –º–∞—Å–∏–≤ –ø–µ—Ä—ñ–æ–¥—ñ–≤ —Ç–∞–π–º–µ—Ä–∞ –¥–ª—è –ø–ª–∞–≤–Ω–æ–≥–æ —Ä–æ–∑–≥–æ–Ω—É –∫—Ä–æ–∫–æ–≤–æ
  27:stepper.c     **** static uint32_t acceleration[ACCEL_ARRAY_SIZE]; 
  28:stepper.c     **** 
  29:stepper.c     **** //–æ—Å—Ç–∞–Ω–Ω—ñ–π –¥—ñ—é—á–∏–π —ñ–Ω–¥–µ–∫—Å –º–∞—Å–∏–≤—É —Ä–æ–∑–≥–æ–Ω—É, –≤—ñ–¥–ø–æ–≤—ñ–¥–∞—î –º–∞
  30:stepper.c     **** static uint32_t accelMaxIndex = 0; 
  31:stepper.c     **** static uint32_t accelHalfSpeedIndex = 0;
  32:stepper.c     **** 
  33:stepper.c     **** static uint32_t spiralRotations;
  34:stepper.c     **** static uint32_t slopeBeginTarget;
  35:stepper.c     **** static uint32_t slopeEndTarget;
  36:stepper.c     **** 
  37:stepper.c     **** // –∑–º—ñ–Ω–Ω—ñ –¥–ª—è –ø–æ—à—É–∫—É —Ü–µ–Ω—Ç—Ä–∞ –¥–∞—Ç—á–∏–∫–∞ 0-–∞–∑–∏–º—É—Ç—É
  38:stepper.c     **** static volatile uint32_t attempToFindZero = 0;
  39:stepper.c     **** static volatile uint32 stepsAfterZero = 0;
  40:stepper.c     **** 
  41:stepper.c     **** static uint32_t accelLimit;
  42:stepper.c     **** 
  43:stepper.c     **** /******* –û–ë–†–û–ë–ù–ò–ö–ò –ü–ï–†–ï–†–ò–í–ê–ù–¨ ************************************************/
  44:stepper.c     **** 
  45:stepper.c     **** // –æ–±—Ä–æ–±–Ω–∏–∫ –¥–ª—è —Ä—É—Ö—É –ø–æ –æ—Å—ñ –•
  46:stepper.c     **** CY_ISR(X_MoveISR)
  47:stepper.c     **** {
  48:stepper.c     ****     xStepsRemaining--;
  49:stepper.c     **** 
  50:stepper.c     ****     if ((xStepsRemaining) == 0) 
  51:stepper.c     ****     {
  52:stepper.c     ****         X_Counter_Stop();
  53:stepper.c     ****         CyDelayUs(5);
  54:stepper.c     ****         X_Counter_Init();
  55:stepper.c     ****         Stepper_xMotorState = X_MOTOR_READY;
  56:stepper.c     ****     }    
  57:stepper.c     **** 
  58:stepper.c     ****     // –æ—á–∏—Å—Ç–∏—Ç–∏ –∞–ø–∞—Ä–∞—Ç–Ω–µ –ø–µ—Ä–µ—Ä–∏–≤–∞–Ω–Ω—è - —Ä–æ–∑–±–ª–æ–∫—É–≤–∞—Ç–∏ –Ω–∞ –Ω–
  59:stepper.c     ****    // X_Counter_ReadStatusRegister();
  60:stepper.c     ****     
  61:stepper.c     ****     if (xStepsRemaining <= accelLimit) // —Ç–æ—Ä–º–æ–∑–∏–º–æ—Å—è
  62:stepper.c     ****     {
  63:stepper.c     ****         X_Counter_WritePeriod(acceleration[xStepsRemaining-1]);
  64:stepper.c     ****     }
  65:stepper.c     ****     else if (xStepsExecuted <= accelMaxIndex) // —Ä–æ–∑–≥–∞–Ω—è—î–º–æ—Å—è
  66:stepper.c     ****     {
  67:stepper.c     ****         X_Counter_WritePeriod(acceleration[xStepsExecuted]);
  68:stepper.c     ****     }
  69:stepper.c     ****     else // –ø–æ–≤–Ω–∞ —à–≤–∏–¥–∫—ñ—Å—Ç—å
  70:stepper.c     ****     {
  71:stepper.c     ****         X_Counter_WritePeriod(FULL_SPEED_PERIOD);
  72:stepper.c     ****     }
  73:stepper.c     **** 
  74:stepper.c     ****     xStepsExecuted++;    
  75:stepper.c     **** }
  76:stepper.c     **** 
  77:stepper.c     **** 
  78:stepper.c     **** 
  79:stepper.c     **** 
  80:stepper.c     **** /******* –Ü–ú–ü–õ–ï–ú–ï–ù–¢–ê–¶–Ü–Ø –ì–õ–û–ë–ê–õ–¨–ù–ò–• –§–£–ù–ö–¶–Ü–ô ***************************
ARM GAS  C:\Users\User\AppData\Local\Temp\cc7fiXq0.s 			page 3


  81:stepper.c     **** 
  82:stepper.c     **** static bool FillAccelerationArray()
  83:stepper.c     **** {
  35              		.loc 1 83 0
  36              		.cfi_startproc
  37              		@ args = 0, pretend = 0, frame = 0
  38              		@ frame_needed = 0, uses_anonymous_args = 0
  39 0000 70B5     		push	{r4, r5, r6, lr}
  40              		.cfi_def_cfa_offset 16
  41              		.cfi_offset 4, -16
  42              		.cfi_offset 5, -12
  43              		.cfi_offset 6, -8
  44              		.cfi_offset 14, -4
  45              	.LVL0:
  84:stepper.c     ****     
  85:stepper.c     ****    float T0 = 1.0/LOW_SPEED; // –ø–æ—á–∞—Ç–∫–æ–≤–∏–π –ø–µ—Ä—ñ–æ–¥, —Å–µ–∫ 
  86:stepper.c     ****    float t = 0.0;           // –±—ñ–∂—É—á–∏–π —á–∞—Å
  87:stepper.c     ****    float t_imp;             // –ø–æ—Ç–æ—á–Ω–∏–π —ñ–º–ø—É–ª—å—Å 
  88:stepper.c     **** 
  89:stepper.c     ****    accelHalfSpeedIndex = 0;
  46              		.loc 1 89 0
  47 0002 0022     		movs	r2, #0
  48 0004 274B     		ldr	r3, .L9
  49 0006 1A60     		str	r2, [r3]
  50              	.LVL1:
  51              	.LBB2:
  90:stepper.c     ****     
  91:stepper.c     ****    for (uint32_t i = 0; i < ACCEL_ARRAY_SIZE; i++)
  52              		.loc 1 91 0
  53 0008 0026     		movs	r6, #0
  54              	.LBE2:
  86:stepper.c     ****    float t_imp;             // –ø–æ—Ç–æ—á–Ω–∏–π —ñ–º–ø—É–ª—å—Å 
  55              		.loc 1 86 0
  56 000a 0025     		movs	r5, #0
  57              	.LBB3:
  58              		.loc 1 91 0
  59 000c 3CE0     		b	.L2
  60              	.LVL2:
  61              	.L6:
  92:stepper.c     ****    {
  93:stepper.c     ****         t_imp = T0 / (1.0 + T0 * t * ACCELERATION);
  62              		.loc 1 93 0
  63 000e 2649     		ldr	r1, .L9+4
  64 0010 281C     		adds	r0, r5, #0
  65 0012 FFF7FEFF 		bl	__aeabi_fmul
  66              	.LVL3:
  67 0016 2549     		ldr	r1, .L9+8
  68 0018 FFF7FEFF 		bl	__aeabi_fmul
  69              	.LVL4:
  70 001c FFF7FEFF 		bl	__aeabi_f2d
  71              	.LVL5:
  72 0020 0022     		movs	r2, #0
  73 0022 234B     		ldr	r3, .L9+12
  74 0024 FFF7FEFF 		bl	__aeabi_dadd
  75              	.LVL6:
  76 0028 0200     		movs	r2, r0
  77 002a 0B00     		movs	r3, r1
ARM GAS  C:\Users\User\AppData\Local\Temp\cc7fiXq0.s 			page 4


  78 002c 8020     		movs	r0, #128
  79 002e 8005     		lsls	r0, r0, #22
  80 0030 2049     		ldr	r1, .L9+16
  81 0032 FFF7FEFF 		bl	__aeabi_ddiv
  82              	.LVL7:
  83 0036 FFF7FEFF 		bl	__aeabi_d2f
  84              	.LVL8:
  85 003a 041C     		adds	r4, r0, #0
  86              	.LVL9:
  94:stepper.c     ****         t += t_imp;
  87              		.loc 1 94 0
  88 003c 011C     		adds	r1, r0, #0
  89 003e 281C     		adds	r0, r5, #0
  90              	.LVL10:
  91 0040 FFF7FEFF 		bl	__aeabi_fadd
  92              	.LVL11:
  93 0044 051C     		adds	r5, r0, #0
  94              	.LVL12:
  95:stepper.c     ****         t_imp *= TIMER_FREQUENCY;
  95              		.loc 1 95 0
  96 0046 1C49     		ldr	r1, .L9+20
  97 0048 201C     		adds	r0, r4, #0
  98              	.LVL13:
  99 004a FFF7FEFF 		bl	__aeabi_fmul
 100              	.LVL14:
  96:stepper.c     ****         acceleration[i] = t_imp;
 101              		.loc 1 96 0
 102 004e B300     		lsls	r3, r6, #2
 103 0050 144C     		ldr	r4, .L9
 104 0052 E418     		adds	r4, r4, r3
 105 0054 FFF7FEFF 		bl	__aeabi_f2uiz
 106              	.LVL15:
 107 0058 6060     		str	r0, [r4, #4]
  97:stepper.c     ****         accelMaxIndex = i;
 108              		.loc 1 97 0
 109 005a 184B     		ldr	r3, .L9+24
 110 005c DE67     		str	r6, [r3, #124]
  98:stepper.c     ****         
  99:stepper.c     ****         //–∑–±–µ—Ä–µ–≥—Ç–∏ —ñ–Ω–¥–µ–∫—Å –ø–æ–ª–æ–≤–∏–Ω–Ω–æ—ó —à–≤–∏–¥–∫–æ—Å—Ç—ñ
 100:stepper.c     ****         if ((t > (ACCELERATION_TIME / 2.0)) && (accelHalfSpeedIndex == 0)) 
 111              		.loc 1 100 0
 112 005e FC21     		movs	r1, #252
 113 0060 8905     		lsls	r1, r1, #22
 114 0062 281C     		adds	r0, r5, #0
 115 0064 FFF7FEFF 		bl	__aeabi_fcmpgt
 116              	.LVL16:
 117 0068 0028     		cmp	r0, #0
 118 006a 05D0     		beq	.L3
 119              		.loc 1 100 0 is_stmt 0 discriminator 1
 120 006c 0D4B     		ldr	r3, .L9
 121 006e 1B68     		ldr	r3, [r3]
 122 0070 002B     		cmp	r3, #0
 123 0072 01D1     		bne	.L3
 101:stepper.c     ****             accelHalfSpeedIndex = i;        
 124              		.loc 1 101 0 is_stmt 1
 125 0074 0B4B     		ldr	r3, .L9
 126 0076 1E60     		str	r6, [r3]
ARM GAS  C:\Users\User\AppData\Local\Temp\cc7fiXq0.s 			page 5


 127              	.L3:
 102:stepper.c     ****         
 103:stepper.c     ****         // –≤–∏–π—Ç–∏ –∑ —Ü–∏–∫–ª—É —è–∫—â–æ –≤–∂–µ –¥–æ—Å—è–≥–Ω—É—Ç–æ –ª—ñ–º—ñ—Ç—É –ø—Ä–∏—Å–∫–æ—Ä–
 104:stepper.c     ****         if (t > ACCELERATION_TIME) break; 
 128              		.loc 1 104 0
 129 0078 FE21     		movs	r1, #254
 130 007a 8905     		lsls	r1, r1, #22
 131 007c 281C     		adds	r0, r5, #0
 132 007e FFF7FEFF 		bl	__aeabi_fcmpgt
 133              	.LVL17:
 134 0082 0028     		cmp	r0, #0
 135 0084 03D1     		bne	.L5
  91:stepper.c     ****    {
 136              		.loc 1 91 0 discriminator 2
 137 0086 0136     		adds	r6, r6, #1
 138              	.LVL18:
 139              	.L2:
  91:stepper.c     ****    {
 140              		.loc 1 91 0 is_stmt 0 discriminator 1
 141 0088 0D4B     		ldr	r3, .L9+28
 142 008a 9E42     		cmp	r6, r3
 143 008c BFD9     		bls	.L6
 144              	.L5:
 145              	.LBE3:
 105:stepper.c     ****    }
 106:stepper.c     ****     
 107:stepper.c     ****    return (t > ACCELERATION_TIME); // –ø–æ–≤–µ—Ä—Ç–∞—î–º–æ —ñ—Å—Ç–∏–Ω—É —è–∫—â–æ –º–∞—Å–∏–≤ —Ä–æ–∑–
 146              		.loc 1 107 0 is_stmt 1
 147 008e 0124     		movs	r4, #1
 148 0090 FE21     		movs	r1, #254
 149 0092 8905     		lsls	r1, r1, #22
 150 0094 281C     		adds	r0, r5, #0
 151 0096 FFF7FEFF 		bl	__aeabi_fcmpgt
 152              	.LVL19:
 153 009a 0028     		cmp	r0, #0
 154 009c 00D1     		bne	.L7
 155 009e 0024     		movs	r4, #0
 156              	.L7:
 157 00a0 E0B2     		uxtb	r0, r4
 108:stepper.c     **** }
 158              		.loc 1 108 0
 159              		@ sp needed
 160              	.LVL20:
 161              	.LVL21:
 162 00a2 70BD     		pop	{r4, r5, r6, pc}
 163              	.L10:
 164              		.align	2
 165              	.L9:
 166 00a4 00000000 		.word	.LANCHOR0
 167 00a8 8988883C 		.word	1015580809
 168 00ac 00006145 		.word	1163984896
 169 00b0 0000F03F 		.word	1072693248
 170 00b4 1111913F 		.word	1066471697
 171 00b8 001BB74A 		.word	1253513984
 172 00bc 80610000 		.word	.LANCHOR1
 173 00c0 7D180000 		.word	6269
 174              		.cfi_endproc
ARM GAS  C:\Users\User\AppData\Local\Temp\cc7fiXq0.s 			page 6


 175              	.LFE36:
 176              		.size	FillAccelerationArray, .-FillAccelerationArray
 177              		.section	.text.X_MoveISR,"ax",%progbits
 178              		.align	2
 179              		.global	X_MoveISR
 180              		.code	16
 181              		.thumb_func
 182              		.type	X_MoveISR, %function
 183              	X_MoveISR:
 184              	.LFB35:
  47:stepper.c     ****     xStepsRemaining--;
 185              		.loc 1 47 0
 186              		.cfi_startproc
 187              		@ args = 0, pretend = 0, frame = 0
 188              		@ frame_needed = 0, uses_anonymous_args = 0
 189 0000 10B5     		push	{r4, lr}
 190              		.cfi_def_cfa_offset 8
 191              		.cfi_offset 4, -8
 192              		.cfi_offset 14, -4
  48:stepper.c     **** 
 193              		.loc 1 48 0
 194 0002 1C4B     		ldr	r3, .L16
 195 0004 1A68     		ldr	r2, [r3]
 196 0006 013A     		subs	r2, r2, #1
 197 0008 1A60     		str	r2, [r3]
  50:stepper.c     ****     {
 198              		.loc 1 50 0
 199 000a 1B68     		ldr	r3, [r3]
 200 000c 002B     		cmp	r3, #0
 201 000e 09D1     		bne	.L12
  52:stepper.c     ****         CyDelayUs(5);
 202              		.loc 1 52 0
 203 0010 FFF7FEFF 		bl	X_Counter_Stop
 204              	.LVL22:
  53:stepper.c     ****         X_Counter_Init();
 205              		.loc 1 53 0
 206 0014 0520     		movs	r0, #5
 207 0016 FFF7FEFF 		bl	CyDelayUs
 208              	.LVL23:
  54:stepper.c     ****         Stepper_xMotorState = X_MOTOR_READY;
 209              		.loc 1 54 0
 210 001a FFF7FEFF 		bl	X_Counter_Init
 211              	.LVL24:
  55:stepper.c     ****     }    
 212              		.loc 1 55 0
 213 001e 0922     		movs	r2, #9
 214 0020 154B     		ldr	r3, .L16+4
 215 0022 1A70     		strb	r2, [r3]
 216              	.L12:
  61:stepper.c     ****     {
 217              		.loc 1 61 0
 218 0024 134B     		ldr	r3, .L16
 219 0026 1A68     		ldr	r2, [r3]
 220 0028 144B     		ldr	r3, .L16+8
 221 002a 1B68     		ldr	r3, [r3]
 222 002c 9A42     		cmp	r2, r3
 223 002e 09D8     		bhi	.L13
ARM GAS  C:\Users\User\AppData\Local\Temp\cc7fiXq0.s 			page 7


  63:stepper.c     ****     }
 224              		.loc 1 63 0
 225 0030 104B     		ldr	r3, .L16
 226 0032 1B68     		ldr	r3, [r3]
 227 0034 013B     		subs	r3, r3, #1
 228 0036 9B00     		lsls	r3, r3, #2
 229 0038 114A     		ldr	r2, .L16+12
 230 003a D318     		adds	r3, r2, r3
 231 003c 5868     		ldr	r0, [r3, #4]
 232 003e FFF7FEFF 		bl	X_Counter_WritePeriod
 233              	.LVL25:
 234 0042 11E0     		b	.L14
 235              	.L13:
  65:stepper.c     ****     {
 236              		.loc 1 65 0
 237 0044 0F4B     		ldr	r3, .L16+16
 238 0046 1A68     		ldr	r2, [r3]
 239 0048 0F4B     		ldr	r3, .L16+20
 240 004a DB6F     		ldr	r3, [r3, #124]
 241 004c 9A42     		cmp	r2, r3
 242 004e 08D8     		bhi	.L15
  67:stepper.c     ****     }
 243              		.loc 1 67 0
 244 0050 0C4B     		ldr	r3, .L16+16
 245 0052 1B68     		ldr	r3, [r3]
 246 0054 9B00     		lsls	r3, r3, #2
 247 0056 0A4A     		ldr	r2, .L16+12
 248 0058 D318     		adds	r3, r2, r3
 249 005a 5868     		ldr	r0, [r3, #4]
 250 005c FFF7FEFF 		bl	X_Counter_WritePeriod
 251              	.LVL26:
 252 0060 02E0     		b	.L14
 253              	.L15:
  71:stepper.c     ****     }
 254              		.loc 1 71 0
 255 0062 0A48     		ldr	r0, .L16+24
 256 0064 FFF7FEFF 		bl	X_Counter_WritePeriod
 257              	.LVL27:
 258              	.L14:
  74:stepper.c     **** }
 259              		.loc 1 74 0
 260 0068 064A     		ldr	r2, .L16+16
 261 006a 1368     		ldr	r3, [r2]
 262 006c 0133     		adds	r3, r3, #1
 263 006e 1360     		str	r3, [r2]
  75:stepper.c     **** 
 264              		.loc 1 75 0
 265              		@ sp needed
 266 0070 10BD     		pop	{r4, pc}
 267              	.L17:
 268 0072 C046     		.align	2
 269              	.L16:
 270 0074 00000000 		.word	xStepsRemaining
 271 0078 00000000 		.word	Stepper_xMotorState
 272 007c 00620000 		.word	.LANCHOR2
 273 0080 00000000 		.word	.LANCHOR0
 274 0084 00000000 		.word	xStepsExecuted
ARM GAS  C:\Users\User\AppData\Local\Temp\cc7fiXq0.s 			page 8


 275 0088 80610000 		.word	.LANCHOR1
 276 008c 82060000 		.word	1666
 277              		.cfi_endproc
 278              	.LFE35:
 279              		.size	X_MoveISR, .-X_MoveISR
 280              		.section	.text.Stepper_Init,"ax",%progbits
 281              		.align	2
 282              		.global	Stepper_Init
 283              		.code	16
 284              		.thumb_func
 285              		.type	Stepper_Init, %function
 286              	Stepper_Init:
 287              	.LFB37:
 109:stepper.c     **** 
 110:stepper.c     **** bool Stepper_Init(void)
 111:stepper.c     **** {
 288              		.loc 1 111 0
 289              		.cfi_startproc
 290              		@ args = 0, pretend = 0, frame = 0
 291              		@ frame_needed = 0, uses_anonymous_args = 0
 292 0000 10B5     		push	{r4, lr}
 293              		.cfi_def_cfa_offset 8
 294              		.cfi_offset 4, -8
 295              		.cfi_offset 14, -4
 112:stepper.c     ****   X_Counter_Init();
 296              		.loc 1 112 0
 297 0002 FFF7FEFF 		bl	X_Counter_Init
 298              	.LVL28:
 113:stepper.c     ****   X_Interrupt_Start();
 299              		.loc 1 113 0
 300 0006 FFF7FEFF 		bl	X_Interrupt_Start
 301              	.LVL29:
 114:stepper.c     **** 
 115:stepper.c     **** 
 116:stepper.c     ****   return FillAccelerationArray();
 302              		.loc 1 116 0
 303 000a FFF7FEFF 		bl	FillAccelerationArray
 304              	.LVL30:
 117:stepper.c     **** }
 305              		.loc 1 117 0
 306              		@ sp needed
 307 000e 10BD     		pop	{r4, pc}
 308              		.cfi_endproc
 309              	.LFE37:
 310              		.size	Stepper_Init, .-Stepper_Init
 311              		.section	.text.Stepper_MoveX,"ax",%progbits
 312              		.align	2
 313              		.global	Stepper_MoveX
 314              		.code	16
 315              		.thumb_func
 316              		.type	Stepper_MoveX, %function
 317              	Stepper_MoveX:
 318              	.LFB38:
 118:stepper.c     **** 
 119:stepper.c     **** void Stepper_MoveX(bool nonBlocking, X_DIRECTION_ENUM direction, uint32_t steps)
 120:stepper.c     **** {
 319              		.loc 1 120 0
ARM GAS  C:\Users\User\AppData\Local\Temp\cc7fiXq0.s 			page 9


 320              		.cfi_startproc
 321              		@ args = 0, pretend = 0, frame = 0
 322              		@ frame_needed = 0, uses_anonymous_args = 0
 323              	.LVL31:
 324 0000 10B5     		push	{r4, lr}
 325              		.cfi_def_cfa_offset 8
 326              		.cfi_offset 4, -8
 327              		.cfi_offset 14, -4
 328 0002 0400     		movs	r4, r0
 121:stepper.c     ****     xStepsExecuted = 0;
 329              		.loc 1 121 0
 330 0004 0021     		movs	r1, #0
 331              	.LVL32:
 332 0006 114B     		ldr	r3, .L23
 333 0008 1960     		str	r1, [r3]
 122:stepper.c     ****     xStepsRemaining = steps; 
 334              		.loc 1 122 0
 335 000a 114B     		ldr	r3, .L23+4
 336 000c 1A60     		str	r2, [r3]
 123:stepper.c     ****     Stepper_xMotorState = X_MOTOR_MOVE;
 337              		.loc 1 123 0
 338 000e 0631     		adds	r1, r1, #6
 339 0010 104B     		ldr	r3, .L23+8
 340 0012 1970     		strb	r1, [r3]
 124:stepper.c     ****     accelLimit = steps/2;
 341              		.loc 1 124 0
 342 0014 5208     		lsrs	r2, r2, #1
 343              	.LVL33:
 344 0016 104B     		ldr	r3, .L23+12
 345 0018 1A60     		str	r2, [r3]
 125:stepper.c     ****     if (accelLimit > accelMaxIndex)
 346              		.loc 1 125 0
 347 001a 104B     		ldr	r3, .L23+16
 348 001c DB6F     		ldr	r3, [r3, #124]
 349 001e 9A42     		cmp	r2, r3
 350 0020 01D9     		bls	.L20
 126:stepper.c     ****     {
 127:stepper.c     ****         accelLimit = accelMaxIndex;
 351              		.loc 1 127 0
 352 0022 0D4A     		ldr	r2, .L23+12
 353 0024 1360     		str	r3, [r2]
 354              	.L20:
 128:stepper.c     ****     }    
 129:stepper.c     **** 
 130:stepper.c     ****     X_Counter_WritePeriod(LOW_SPEED_PERIOD);    
 355              		.loc 1 130 0
 356 0026 0E48     		ldr	r0, .L23+20
 357              	.LVL34:
 358 0028 FFF7FEFF 		bl	X_Counter_WritePeriod
 359              	.LVL35:
 131:stepper.c     ****     Pin_DIR_Write(1);
 360              		.loc 1 131 0
 361 002c 0120     		movs	r0, #1
 362 002e FFF7FEFF 		bl	Pin_DIR_Write
 363              	.LVL36:
 132:stepper.c     ****     X_Interrupt_SetVector(X_MoveISR);
 364              		.loc 1 132 0
ARM GAS  C:\Users\User\AppData\Local\Temp\cc7fiXq0.s 			page 10


 365 0032 0C48     		ldr	r0, .L23+24
 366 0034 FFF7FEFF 		bl	X_Interrupt_SetVector
 367              	.LVL37:
 133:stepper.c     ****     X_Counter_Start();
 368              		.loc 1 133 0
 369 0038 FFF7FEFF 		bl	X_Counter_Start
 370              	.LVL38:
 134:stepper.c     ****     
 135:stepper.c     ****     //—è–∫—â–æ —Ñ—É–Ω–∫—Ü—ñ—è –±–ª–æ–∫—É—é—á–∞ - —á–µ–∫–∞—î–º–æ –ø–æ–∫–∏ –¥–≤–∏–≥—É–Ω –≤–∏–∫–æ–Ω–∞—
 136:stepper.c     ****     if (!nonBlocking) 
 371              		.loc 1 136 0
 372 003c 002C     		cmp	r4, #0
 373 003e 04D1     		bne	.L19
 374              	.L22:
 137:stepper.c     ****     {
 138:stepper.c     ****         while (Stepper_xMotorState < X_MOTOR_READY); 
 375              		.loc 1 138 0 discriminator 1
 376 0040 044B     		ldr	r3, .L23+8
 377 0042 1B78     		ldrb	r3, [r3]
 378 0044 DBB2     		uxtb	r3, r3
 379 0046 082B     		cmp	r3, #8
 380 0048 FAD9     		bls	.L22
 381              	.L19:
 139:stepper.c     ****     }    
 140:stepper.c     **** }
 382              		.loc 1 140 0
 383              		@ sp needed
 384 004a 10BD     		pop	{r4, pc}
 385              	.L24:
 386              		.align	2
 387              	.L23:
 388 004c 00000000 		.word	xStepsExecuted
 389 0050 00000000 		.word	xStepsRemaining
 390 0054 00000000 		.word	Stepper_xMotorState
 391 0058 00620000 		.word	.LANCHOR2
 392 005c 80610000 		.word	.LANCHOR1
 393 0060 A0860100 		.word	100000
 394 0064 00000000 		.word	X_MoveISR
 395              		.cfi_endproc
 396              	.LFE38:
 397              		.size	Stepper_MoveX, .-Stepper_MoveX
 398              		.section	.text.Stepper_StopX,"ax",%progbits
 399              		.align	2
 400              		.global	Stepper_StopX
 401              		.code	16
 402              		.thumb_func
 403              		.type	Stepper_StopX, %function
 404              	Stepper_StopX:
 405              	.LFB39:
 141:stepper.c     **** 
 142:stepper.c     **** void Stepper_StopX(void)
 143:stepper.c     **** {
 406              		.loc 1 143 0
 407              		.cfi_startproc
 408              		@ args = 0, pretend = 0, frame = 0
 409              		@ frame_needed = 0, uses_anonymous_args = 0
 410 0000 10B5     		push	{r4, lr}
ARM GAS  C:\Users\User\AppData\Local\Temp\cc7fiXq0.s 			page 11


 411              		.cfi_def_cfa_offset 8
 412              		.cfi_offset 4, -8
 413              		.cfi_offset 14, -4
 144:stepper.c     ****     X_Counter_Stop();
 414              		.loc 1 144 0
 415 0002 FFF7FEFF 		bl	X_Counter_Stop
 416              	.LVL39:
 145:stepper.c     ****     Stepper_xMotorState = X_MOTOR_READY;
 417              		.loc 1 145 0
 418 0006 0922     		movs	r2, #9
 419 0008 014B     		ldr	r3, .L26
 420 000a 1A70     		strb	r2, [r3]
 146:stepper.c     **** }
 421              		.loc 1 146 0
 422              		@ sp needed
 423 000c 10BD     		pop	{r4, pc}
 424              	.L27:
 425 000e C046     		.align	2
 426              	.L26:
 427 0010 00000000 		.word	Stepper_xMotorState
 428              		.cfi_endproc
 429              	.LFE39:
 430              		.size	Stepper_StopX, .-Stepper_StopX
 431              		.comm	Stepper_xMotorState,1,1
 432              		.comm	xStepsExecutedSpiral,4,4
 433              		.comm	xStepsExecuted,4,4
 434              		.comm	xStepsExecuted16,2,2
 435              		.comm	xStepsRemaining,4,4
 436              		.bss
 437              		.align	2
 438              		.set	.LANCHOR0,. + 0
 439              		.set	.LANCHOR1,. + 24960
 440              		.set	.LANCHOR2,. + 25088
 441              		.type	accelHalfSpeedIndex, %object
 442              		.size	accelHalfSpeedIndex, 4
 443              	accelHalfSpeedIndex:
 444 0000 00000000 		.space	4
 445              		.type	acceleration, %object
 446              		.size	acceleration, 25080
 447              	acceleration:
 448 0004 00000000 		.space	25080
 448      00000000 
 448      00000000 
 448      00000000 
 448      00000000 
 449              		.type	accelMaxIndex, %object
 450              		.size	accelMaxIndex, 4
 451              	accelMaxIndex:
 452 61fc 00000000 		.space	4
 453              		.type	accelLimit, %object
 454              		.size	accelLimit, 4
 455              	accelLimit:
 456 6200 00000000 		.space	4
 457              		.type	stepsAfterZero, %object
 458              		.size	stepsAfterZero, 4
 459              	stepsAfterZero:
 460 6204 00000000 		.space	4
ARM GAS  C:\Users\User\AppData\Local\Temp\cc7fiXq0.s 			page 12


 461              		.type	attempToFindZero, %object
 462              		.size	attempToFindZero, 4
 463              	attempToFindZero:
 464 6208 00000000 		.space	4
 465              		.text
 466              	.Letext0:
 467              		.file 2 "c:\\program files (x86)\\cypress\\psoc creator\\4.2\\psoc creator\\import\\gnu\\arm\\5.4.
 468              		.file 3 "c:\\program files (x86)\\cypress\\psoc creator\\4.2\\psoc creator\\import\\gnu\\arm\\5.4.
 469              		.file 4 "stepper.h"
 470              		.file 5 "Generated_Source\\PSoC4/cytypes.h"
 471              		.file 6 "Generated_Source\\PSoC4/X_Counter.h"
 472              		.file 7 "Generated_Source\\PSoC4/CyLib.h"
 473              		.file 8 "Generated_Source\\PSoC4/X_Interrupt.h"
 474              		.section	.debug_info,"",%progbits
 475              	.Ldebug_info0:
 476 0000 4D040000 		.4byte	0x44d
 477 0004 0400     		.2byte	0x4
 478 0006 00000000 		.4byte	.Ldebug_abbrev0
 479 000a 04       		.byte	0x4
 480 000b 01       		.uleb128 0x1
 481 000c E8000000 		.4byte	.LASF64
 482 0010 0C       		.byte	0xc
 483 0011 53000000 		.4byte	.LASF65
 484 0015 85030000 		.4byte	.LASF66
 485 0019 18000000 		.4byte	.Ldebug_ranges0+0x18
 486 001d 00000000 		.4byte	0
 487 0021 00000000 		.4byte	.Ldebug_line0
 488 0025 02       		.uleb128 0x2
 489 0026 01       		.byte	0x1
 490 0027 06       		.byte	0x6
 491 0028 A4020000 		.4byte	.LASF0
 492 002c 02       		.uleb128 0x2
 493 002d 01       		.byte	0x1
 494 002e 08       		.byte	0x8
 495 002f 66020000 		.4byte	.LASF1
 496 0033 02       		.uleb128 0x2
 497 0034 02       		.byte	0x2
 498 0035 05       		.byte	0x5
 499 0036 5D000000 		.4byte	.LASF2
 500 003a 03       		.uleb128 0x3
 501 003b B3000000 		.4byte	.LASF5
 502 003f 02       		.byte	0x2
 503 0040 2B       		.byte	0x2b
 504 0041 45000000 		.4byte	0x45
 505 0045 02       		.uleb128 0x2
 506 0046 02       		.byte	0x2
 507 0047 07       		.byte	0x7
 508 0048 3B030000 		.4byte	.LASF3
 509 004c 02       		.uleb128 0x2
 510 004d 04       		.byte	0x4
 511 004e 05       		.byte	0x5
 512 004f 03020000 		.4byte	.LASF4
 513 0053 03       		.uleb128 0x3
 514 0054 96000000 		.4byte	.LASF6
 515 0058 02       		.byte	0x2
 516 0059 41       		.byte	0x41
 517 005a 5E000000 		.4byte	0x5e
ARM GAS  C:\Users\User\AppData\Local\Temp\cc7fiXq0.s 			page 13


 518 005e 02       		.uleb128 0x2
 519 005f 04       		.byte	0x4
 520 0060 07       		.byte	0x7
 521 0061 D4030000 		.4byte	.LASF7
 522 0065 02       		.uleb128 0x2
 523 0066 08       		.byte	0x8
 524 0067 05       		.byte	0x5
 525 0068 DE010000 		.4byte	.LASF8
 526 006c 02       		.uleb128 0x2
 527 006d 08       		.byte	0x8
 528 006e 07       		.byte	0x7
 529 006f EC010000 		.4byte	.LASF9
 530 0073 04       		.uleb128 0x4
 531 0074 04       		.byte	0x4
 532 0075 05       		.byte	0x5
 533 0076 696E7400 		.ascii	"int\000"
 534 007a 02       		.uleb128 0x2
 535 007b 04       		.byte	0x4
 536 007c 07       		.byte	0x7
 537 007d EC020000 		.4byte	.LASF10
 538 0081 03       		.uleb128 0x3
 539 0082 0F030000 		.4byte	.LASF11
 540 0086 03       		.byte	0x3
 541 0087 24       		.byte	0x24
 542 0088 3A000000 		.4byte	0x3a
 543 008c 03       		.uleb128 0x3
 544 008d CD020000 		.4byte	.LASF12
 545 0091 03       		.byte	0x3
 546 0092 30       		.byte	0x30
 547 0093 53000000 		.4byte	0x53
 548 0097 02       		.uleb128 0x2
 549 0098 08       		.byte	0x8
 550 0099 04       		.byte	0x4
 551 009a 49020000 		.4byte	.LASF13
 552 009e 02       		.uleb128 0x2
 553 009f 04       		.byte	0x4
 554 00a0 07       		.byte	0x7
 555 00a1 67000000 		.4byte	.LASF14
 556 00a5 02       		.uleb128 0x2
 557 00a6 01       		.byte	0x1
 558 00a7 08       		.byte	0x8
 559 00a8 5E030000 		.4byte	.LASF15
 560 00ac 02       		.uleb128 0x2
 561 00ad 08       		.byte	0x8
 562 00ae 04       		.byte	0x4
 563 00af 56040000 		.4byte	.LASF16
 564 00b3 02       		.uleb128 0x2
 565 00b4 04       		.byte	0x4
 566 00b5 04       		.byte	0x4
 567 00b6 C4010000 		.4byte	.LASF17
 568 00ba 05       		.uleb128 0x5
 569 00bb 01       		.byte	0x1
 570 00bc 2C000000 		.4byte	0x2c
 571 00c0 04       		.byte	0x4
 572 00c1 10       		.byte	0x10
 573 00c2 D3000000 		.4byte	0xd3
 574 00c6 06       		.uleb128 0x6
ARM GAS  C:\Users\User\AppData\Local\Temp\cc7fiXq0.s 			page 14


 575 00c7 4E030000 		.4byte	.LASF18
 576 00cb 00       		.byte	0
 577 00cc 06       		.uleb128 0x6
 578 00cd A8010000 		.4byte	.LASF19
 579 00d1 01       		.byte	0x1
 580 00d2 00       		.byte	0
 581 00d3 03       		.uleb128 0x3
 582 00d4 55020000 		.4byte	.LASF20
 583 00d8 04       		.byte	0x4
 584 00d9 13       		.byte	0x13
 585 00da BA000000 		.4byte	0xba
 586 00de 05       		.uleb128 0x5
 587 00df 01       		.byte	0x1
 588 00e0 2C000000 		.4byte	0x2c
 589 00e4 04       		.byte	0x4
 590 00e5 16       		.byte	0x16
 591 00e6 2D010000 		.4byte	0x12d
 592 00ea 06       		.uleb128 0x6
 593 00eb D6020000 		.4byte	.LASF21
 594 00ef 00       		.byte	0
 595 00f0 06       		.uleb128 0x6
 596 00f1 1D020000 		.4byte	.LASF22
 597 00f5 01       		.byte	0x1
 598 00f6 06       		.uleb128 0x6
 599 00f7 8B010000 		.4byte	.LASF23
 600 00fb 02       		.byte	0x2
 601 00fc 06       		.uleb128 0x6
 602 00fd CA010000 		.4byte	.LASF24
 603 0101 03       		.byte	0x3
 604 0102 06       		.uleb128 0x6
 605 0103 19000000 		.4byte	.LASF25
 606 0107 04       		.byte	0x4
 607 0108 06       		.uleb128 0x6
 608 0109 89020000 		.4byte	.LASF26
 609 010d 05       		.byte	0x5
 610 010e 06       		.uleb128 0x6
 611 010f 81040000 		.4byte	.LASF27
 612 0113 06       		.byte	0x6
 613 0114 06       		.uleb128 0x6
 614 0115 BE000000 		.4byte	.LASF28
 615 0119 07       		.byte	0x7
 616 011a 06       		.uleb128 0x6
 617 011b 25040000 		.4byte	.LASF29
 618 011f 08       		.byte	0x8
 619 0120 06       		.uleb128 0x6
 620 0121 B6010000 		.4byte	.LASF30
 621 0125 09       		.byte	0x9
 622 0126 06       		.uleb128 0x6
 623 0127 5D040000 		.4byte	.LASF31
 624 012b EF       		.byte	0xef
 625 012c 00       		.byte	0
 626 012d 03       		.uleb128 0x3
 627 012e 22030000 		.4byte	.LASF32
 628 0132 04       		.byte	0x4
 629 0133 25       		.byte	0x25
 630 0134 DE000000 		.4byte	0xde
 631 0138 07       		.uleb128 0x7
ARM GAS  C:\Users\User\AppData\Local\Temp\cc7fiXq0.s 			page 15


 632 0139 1E040000 		.4byte	.LASF33
 633 013d 05       		.byte	0x5
 634 013e E601     		.2byte	0x1e6
 635 0140 5E000000 		.4byte	0x5e
 636 0144 08       		.uleb128 0x8
 637 0145 38010000 		.4byte	0x138
 638 0149 08       		.uleb128 0x8
 639 014a 8C000000 		.4byte	0x8c
 640 014e 09       		.uleb128 0x9
 641 014f F9020000 		.4byte	.LASF67
 642 0153 01       		.byte	0x1
 643 0154 52       		.byte	0x52
 644 0155 A6010000 		.4byte	0x1a6
 645 0159 00000000 		.4byte	.LFB36
 646 015d C4000000 		.4byte	.LFE36-.LFB36
 647 0161 01       		.uleb128 0x1
 648 0162 9C       		.byte	0x9c
 649 0163 A6010000 		.4byte	0x1a6
 650 0167 0A       		.uleb128 0xa
 651 0168 543000   		.ascii	"T0\000"
 652 016b 01       		.byte	0x1
 653 016c 55       		.byte	0x55
 654 016d B3000000 		.4byte	0xb3
 655 0171 04       		.byte	0x4
 656 0172 8988883C 		.4byte	0x3c888889
 657 0176 0B       		.uleb128 0xb
 658 0177 7400     		.ascii	"t\000"
 659 0179 01       		.byte	0x1
 660 017a 56       		.byte	0x56
 661 017b B3000000 		.4byte	0xb3
 662 017f 00000000 		.4byte	.LLST0
 663 0183 0C       		.uleb128 0xc
 664 0184 85010000 		.4byte	.LASF34
 665 0188 01       		.byte	0x1
 666 0189 57       		.byte	0x57
 667 018a B3000000 		.4byte	0xb3
 668 018e 39000000 		.4byte	.LLST1
 669 0192 0D       		.uleb128 0xd
 670 0193 00000000 		.4byte	.Ldebug_ranges0+0
 671 0197 0B       		.uleb128 0xb
 672 0198 6900     		.ascii	"i\000"
 673 019a 01       		.byte	0x1
 674 019b 5B       		.byte	0x5b
 675 019c 8C000000 		.4byte	0x8c
 676 01a0 6D000000 		.4byte	.LLST2
 677 01a4 00       		.byte	0
 678 01a5 00       		.byte	0
 679 01a6 02       		.uleb128 0x2
 680 01a7 01       		.byte	0x1
 681 01a8 02       		.byte	0x2
 682 01a9 63030000 		.4byte	.LASF35
 683 01ad 0E       		.uleb128 0xe
 684 01ae 0F000000 		.4byte	.LASF36
 685 01b2 01       		.byte	0x1
 686 01b3 2E       		.byte	0x2e
 687 01b4 00000000 		.4byte	.LFB35
 688 01b8 90000000 		.4byte	.LFE35-.LFB35
ARM GAS  C:\Users\User\AppData\Local\Temp\cc7fiXq0.s 			page 16


 689 01bc 01       		.uleb128 0x1
 690 01bd 9C       		.byte	0x9c
 691 01be 0B020000 		.4byte	0x20b
 692 01c2 0F       		.uleb128 0xf
 693 01c3 14000000 		.4byte	.LVL22
 694 01c7 F4030000 		.4byte	0x3f4
 695 01cb 10       		.uleb128 0x10
 696 01cc 1A000000 		.4byte	.LVL23
 697 01d0 00040000 		.4byte	0x400
 698 01d4 DE010000 		.4byte	0x1de
 699 01d8 11       		.uleb128 0x11
 700 01d9 01       		.uleb128 0x1
 701 01da 50       		.byte	0x50
 702 01db 01       		.uleb128 0x1
 703 01dc 35       		.byte	0x35
 704 01dd 00       		.byte	0
 705 01de 0F       		.uleb128 0xf
 706 01df 1E000000 		.4byte	.LVL24
 707 01e3 0B040000 		.4byte	0x40b
 708 01e7 0F       		.uleb128 0xf
 709 01e8 42000000 		.4byte	.LVL25
 710 01ec 17040000 		.4byte	0x417
 711 01f0 0F       		.uleb128 0xf
 712 01f1 60000000 		.4byte	.LVL26
 713 01f5 17040000 		.4byte	0x417
 714 01f9 12       		.uleb128 0x12
 715 01fa 68000000 		.4byte	.LVL27
 716 01fe 17040000 		.4byte	0x417
 717 0202 11       		.uleb128 0x11
 718 0203 01       		.uleb128 0x1
 719 0204 50       		.byte	0x50
 720 0205 03       		.uleb128 0x3
 721 0206 0A       		.byte	0xa
 722 0207 8206     		.2byte	0x682
 723 0209 00       		.byte	0
 724 020a 00       		.byte	0
 725 020b 13       		.uleb128 0x13
 726 020c 78030000 		.4byte	.LASF68
 727 0210 01       		.byte	0x1
 728 0211 6E       		.byte	0x6e
 729 0212 A6010000 		.4byte	0x1a6
 730 0216 00000000 		.4byte	.LFB37
 731 021a 10000000 		.4byte	.LFE37-.LFB37
 732 021e 01       		.uleb128 0x1
 733 021f 9C       		.byte	0x9c
 734 0220 40020000 		.4byte	0x240
 735 0224 0F       		.uleb128 0xf
 736 0225 06000000 		.4byte	.LVL28
 737 0229 0B040000 		.4byte	0x40b
 738 022d 0F       		.uleb128 0xf
 739 022e 0A000000 		.4byte	.LVL29
 740 0232 23040000 		.4byte	0x423
 741 0236 0F       		.uleb128 0xf
 742 0237 0E000000 		.4byte	.LVL30
 743 023b 4E010000 		.4byte	0x14e
 744 023f 00       		.byte	0
 745 0240 0E       		.uleb128 0xe
ARM GAS  C:\Users\User\AppData\Local\Temp\cc7fiXq0.s 			page 17


 746 0241 38040000 		.4byte	.LASF37
 747 0245 01       		.byte	0x1
 748 0246 77       		.byte	0x77
 749 0247 00000000 		.4byte	.LFB38
 750 024b 68000000 		.4byte	.LFE38-.LFB38
 751 024f 01       		.uleb128 0x1
 752 0250 9C       		.byte	0x9c
 753 0251 DE020000 		.4byte	0x2de
 754 0255 14       		.uleb128 0x14
 755 0256 70000000 		.4byte	.LASF38
 756 025a 01       		.byte	0x1
 757 025b 77       		.byte	0x77
 758 025c A6010000 		.4byte	0x1a6
 759 0260 8C000000 		.4byte	.LLST3
 760 0264 14       		.uleb128 0x14
 761 0265 8C000000 		.4byte	.LASF39
 762 0269 01       		.byte	0x1
 763 026a 77       		.byte	0x77
 764 026b D3000000 		.4byte	0xd3
 765 026f AD000000 		.4byte	.LLST4
 766 0273 14       		.uleb128 0x14
 767 0274 35030000 		.4byte	.LASF40
 768 0278 01       		.byte	0x1
 769 0279 77       		.byte	0x77
 770 027a 8C000000 		.4byte	0x8c
 771 027e CE000000 		.4byte	.LLST5
 772 0282 15       		.uleb128 0x15
 773 0283 E6030000 		.4byte	.LASF61
 774 0287 01       		.byte	0x1
 775 0288 83       		.byte	0x83
 776 0289 73000000 		.4byte	0x73
 777 028d 93020000 		.4byte	0x293
 778 0291 16       		.uleb128 0x16
 779 0292 00       		.byte	0
 780 0293 10       		.uleb128 0x10
 781 0294 2C000000 		.4byte	.LVL35
 782 0298 17040000 		.4byte	0x417
 783 029c AA020000 		.4byte	0x2aa
 784 02a0 11       		.uleb128 0x11
 785 02a1 01       		.uleb128 0x1
 786 02a2 50       		.byte	0x50
 787 02a3 05       		.uleb128 0x5
 788 02a4 0C       		.byte	0xc
 789 02a5 A0860100 		.4byte	0x186a0
 790 02a9 00       		.byte	0
 791 02aa 10       		.uleb128 0x10
 792 02ab 32000000 		.4byte	.LVL36
 793 02af 2E040000 		.4byte	0x42e
 794 02b3 BD020000 		.4byte	0x2bd
 795 02b7 11       		.uleb128 0x11
 796 02b8 01       		.uleb128 0x1
 797 02b9 50       		.byte	0x50
 798 02ba 01       		.uleb128 0x1
 799 02bb 31       		.byte	0x31
 800 02bc 00       		.byte	0
 801 02bd 10       		.uleb128 0x10
 802 02be 38000000 		.4byte	.LVL37
ARM GAS  C:\Users\User\AppData\Local\Temp\cc7fiXq0.s 			page 18


 803 02c2 39040000 		.4byte	0x439
 804 02c6 D4020000 		.4byte	0x2d4
 805 02ca 11       		.uleb128 0x11
 806 02cb 01       		.uleb128 0x1
 807 02cc 50       		.byte	0x50
 808 02cd 05       		.uleb128 0x5
 809 02ce 03       		.byte	0x3
 810 02cf 00000000 		.4byte	X_MoveISR
 811 02d3 00       		.byte	0
 812 02d4 0F       		.uleb128 0xf
 813 02d5 3C000000 		.4byte	.LVL38
 814 02d9 44040000 		.4byte	0x444
 815 02dd 00       		.byte	0
 816 02de 0E       		.uleb128 0xe
 817 02df B3040000 		.4byte	.LASF41
 818 02e3 01       		.byte	0x1
 819 02e4 8E       		.byte	0x8e
 820 02e5 00000000 		.4byte	.LFB39
 821 02e9 14000000 		.4byte	.LFE39-.LFB39
 822 02ed 01       		.uleb128 0x1
 823 02ee 9C       		.byte	0x9c
 824 02ef FD020000 		.4byte	0x2fd
 825 02f3 0F       		.uleb128 0xf
 826 02f4 06000000 		.4byte	.LVL39
 827 02f8 F4030000 		.4byte	0x3f4
 828 02fc 00       		.byte	0
 829 02fd 17       		.uleb128 0x17
 830 02fe 8C000000 		.4byte	0x8c
 831 0302 0E030000 		.4byte	0x30e
 832 0306 18       		.uleb128 0x18
 833 0307 9E000000 		.4byte	0x9e
 834 030b 7D18     		.2byte	0x187d
 835 030d 00       		.byte	0
 836 030e 19       		.uleb128 0x19
 837 030f 35000000 		.4byte	.LASF42
 838 0313 01       		.byte	0x1
 839 0314 1B       		.byte	0x1b
 840 0315 FD020000 		.4byte	0x2fd
 841 0319 05       		.uleb128 0x5
 842 031a 03       		.byte	0x3
 843 031b 04000000 		.4byte	acceleration
 844 031f 19       		.uleb128 0x19
 845 0320 B0020000 		.4byte	.LASF43
 846 0324 01       		.byte	0x1
 847 0325 1E       		.byte	0x1e
 848 0326 8C000000 		.4byte	0x8c
 849 032a 05       		.uleb128 0x5
 850 032b 03       		.byte	0x3
 851 032c FC610000 		.4byte	accelMaxIndex
 852 0330 19       		.uleb128 0x19
 853 0331 8E040000 		.4byte	.LASF44
 854 0335 01       		.byte	0x1
 855 0336 1F       		.byte	0x1f
 856 0337 8C000000 		.4byte	0x8c
 857 033b 05       		.uleb128 0x5
 858 033c 03       		.byte	0x3
 859 033d 00000000 		.4byte	accelHalfSpeedIndex
ARM GAS  C:\Users\User\AppData\Local\Temp\cc7fiXq0.s 			page 19


 860 0341 1A       		.uleb128 0x1a
 861 0342 39020000 		.4byte	.LASF45
 862 0346 01       		.byte	0x1
 863 0347 21       		.byte	0x21
 864 0348 8C000000 		.4byte	0x8c
 865 034c 1A       		.uleb128 0x1a
 866 034d 0C020000 		.4byte	.LASF46
 867 0351 01       		.byte	0x1
 868 0352 22       		.byte	0x22
 869 0353 8C000000 		.4byte	0x8c
 870 0357 1A       		.uleb128 0x1a
 871 0358 76010000 		.4byte	.LASF47
 872 035c 01       		.byte	0x1
 873 035d 23       		.byte	0x23
 874 035e 8C000000 		.4byte	0x8c
 875 0362 19       		.uleb128 0x19
 876 0363 A2040000 		.4byte	.LASF48
 877 0367 01       		.byte	0x1
 878 0368 26       		.byte	0x26
 879 0369 49010000 		.4byte	0x149
 880 036d 05       		.uleb128 0x5
 881 036e 03       		.byte	0x3
 882 036f 08620000 		.4byte	attempToFindZero
 883 0373 19       		.uleb128 0x19
 884 0374 C5030000 		.4byte	.LASF49
 885 0378 01       		.byte	0x1
 886 0379 27       		.byte	0x27
 887 037a 44010000 		.4byte	0x144
 888 037e 05       		.uleb128 0x5
 889 037f 03       		.byte	0x3
 890 0380 04620000 		.4byte	stepsAfterZero
 891 0384 19       		.uleb128 0x19
 892 0385 76040000 		.4byte	.LASF50
 893 0389 01       		.byte	0x1
 894 038a 29       		.byte	0x29
 895 038b 8C000000 		.4byte	0x8c
 896 038f 05       		.uleb128 0x5
 897 0390 03       		.byte	0x3
 898 0391 00620000 		.4byte	accelLimit
 899 0395 1B       		.uleb128 0x1b
 900 0396 7C000000 		.4byte	.LASF51
 901 039a 01       		.byte	0x1
 902 039b 0D       		.byte	0xd
 903 039c 49010000 		.4byte	0x149
 904 03a0 05       		.uleb128 0x5
 905 03a1 03       		.byte	0x3
 906 03a2 00000000 		.4byte	xStepsRemaining
 907 03a6 1B       		.uleb128 0x1b
 908 03a7 69030000 		.4byte	.LASF52
 909 03ab 01       		.byte	0x1
 910 03ac 12       		.byte	0x12
 911 03ad 49010000 		.4byte	0x149
 912 03b1 05       		.uleb128 0x5
 913 03b2 03       		.byte	0x3
 914 03b3 00000000 		.4byte	xStepsExecuted
 915 03b7 1B       		.uleb128 0x1b
 916 03b8 74020000 		.4byte	.LASF53
ARM GAS  C:\Users\User\AppData\Local\Temp\cc7fiXq0.s 			page 20


 917 03bc 01       		.byte	0x1
 918 03bd 13       		.byte	0x13
 919 03be 49010000 		.4byte	0x149
 920 03c2 05       		.uleb128 0x5
 921 03c3 03       		.byte	0x3
 922 03c4 00000000 		.4byte	xStepsExecutedSpiral
 923 03c8 1B       		.uleb128 0x1b
 924 03c9 0A040000 		.4byte	.LASF54
 925 03cd 01       		.byte	0x1
 926 03ce 16       		.byte	0x16
 927 03cf D9030000 		.4byte	0x3d9
 928 03d3 05       		.uleb128 0x5
 929 03d4 03       		.byte	0x3
 930 03d5 00000000 		.4byte	Stepper_xMotorState
 931 03d9 08       		.uleb128 0x8
 932 03da 2D010000 		.4byte	0x12d
 933 03de 1B       		.uleb128 0x1b
 934 03df 42000000 		.4byte	.LASF55
 935 03e3 01       		.byte	0x1
 936 03e4 0F       		.byte	0xf
 937 03e5 EF030000 		.4byte	0x3ef
 938 03e9 05       		.uleb128 0x5
 939 03ea 03       		.byte	0x3
 940 03eb 00000000 		.4byte	xStepsExecuted16
 941 03ef 08       		.uleb128 0x8
 942 03f0 81000000 		.4byte	0x81
 943 03f4 1C       		.uleb128 0x1c
 944 03f5 00000000 		.4byte	.LASF56
 945 03f9 00000000 		.4byte	.LASF56
 946 03fd 06       		.byte	0x6
 947 03fe 3301     		.2byte	0x133
 948 0400 1D       		.uleb128 0x1d
 949 0401 18030000 		.4byte	.LASF57
 950 0405 18030000 		.4byte	.LASF57
 951 0409 07       		.byte	0x7
 952 040a DA       		.byte	0xda
 953 040b 1C       		.uleb128 0x1c
 954 040c BE020000 		.4byte	.LASF58
 955 0410 BE020000 		.4byte	.LASF58
 956 0414 06       		.byte	0x6
 957 0415 3001     		.2byte	0x130
 958 0417 1C       		.uleb128 0x1c
 959 0418 F4030000 		.4byte	.LASF59
 960 041c F4030000 		.4byte	.LASF59
 961 0420 06       		.byte	0x6
 962 0421 5001     		.2byte	0x150
 963 0423 1D       		.uleb128 0x1d
 964 0424 A1000000 		.4byte	.LASF60
 965 0428 A1000000 		.4byte	.LASF60
 966 042c 08       		.byte	0x8
 967 042d 17       		.byte	0x17
 968 042e 1D       		.uleb128 0x1d
 969 042f E6030000 		.4byte	.LASF61
 970 0433 E6030000 		.4byte	.LASF61
 971 0437 01       		.byte	0x1
 972 0438 83       		.byte	0x83
 973 0439 1D       		.uleb128 0x1d
ARM GAS  C:\Users\User\AppData\Local\Temp\cc7fiXq0.s 			page 21


 974 043a D2000000 		.4byte	.LASF62
 975 043e D2000000 		.4byte	.LASF62
 976 0442 08       		.byte	0x8
 977 0443 1D       		.byte	0x1d
 978 0444 1C       		.uleb128 0x1c
 979 0445 46040000 		.4byte	.LASF63
 980 0449 46040000 		.4byte	.LASF63
 981 044d 06       		.byte	0x6
 982 044e 3201     		.2byte	0x132
 983 0450 00       		.byte	0
 984              		.section	.debug_abbrev,"",%progbits
 985              	.Ldebug_abbrev0:
 986 0000 01       		.uleb128 0x1
 987 0001 11       		.uleb128 0x11
 988 0002 01       		.byte	0x1
 989 0003 25       		.uleb128 0x25
 990 0004 0E       		.uleb128 0xe
 991 0005 13       		.uleb128 0x13
 992 0006 0B       		.uleb128 0xb
 993 0007 03       		.uleb128 0x3
 994 0008 0E       		.uleb128 0xe
 995 0009 1B       		.uleb128 0x1b
 996 000a 0E       		.uleb128 0xe
 997 000b 55       		.uleb128 0x55
 998 000c 17       		.uleb128 0x17
 999 000d 11       		.uleb128 0x11
 1000 000e 01       		.uleb128 0x1
 1001 000f 10       		.uleb128 0x10
 1002 0010 17       		.uleb128 0x17
 1003 0011 00       		.byte	0
 1004 0012 00       		.byte	0
 1005 0013 02       		.uleb128 0x2
 1006 0014 24       		.uleb128 0x24
 1007 0015 00       		.byte	0
 1008 0016 0B       		.uleb128 0xb
 1009 0017 0B       		.uleb128 0xb
 1010 0018 3E       		.uleb128 0x3e
 1011 0019 0B       		.uleb128 0xb
 1012 001a 03       		.uleb128 0x3
 1013 001b 0E       		.uleb128 0xe
 1014 001c 00       		.byte	0
 1015 001d 00       		.byte	0
 1016 001e 03       		.uleb128 0x3
 1017 001f 16       		.uleb128 0x16
 1018 0020 00       		.byte	0
 1019 0021 03       		.uleb128 0x3
 1020 0022 0E       		.uleb128 0xe
 1021 0023 3A       		.uleb128 0x3a
 1022 0024 0B       		.uleb128 0xb
 1023 0025 3B       		.uleb128 0x3b
 1024 0026 0B       		.uleb128 0xb
 1025 0027 49       		.uleb128 0x49
 1026 0028 13       		.uleb128 0x13
 1027 0029 00       		.byte	0
 1028 002a 00       		.byte	0
 1029 002b 04       		.uleb128 0x4
 1030 002c 24       		.uleb128 0x24
ARM GAS  C:\Users\User\AppData\Local\Temp\cc7fiXq0.s 			page 22


 1031 002d 00       		.byte	0
 1032 002e 0B       		.uleb128 0xb
 1033 002f 0B       		.uleb128 0xb
 1034 0030 3E       		.uleb128 0x3e
 1035 0031 0B       		.uleb128 0xb
 1036 0032 03       		.uleb128 0x3
 1037 0033 08       		.uleb128 0x8
 1038 0034 00       		.byte	0
 1039 0035 00       		.byte	0
 1040 0036 05       		.uleb128 0x5
 1041 0037 04       		.uleb128 0x4
 1042 0038 01       		.byte	0x1
 1043 0039 0B       		.uleb128 0xb
 1044 003a 0B       		.uleb128 0xb
 1045 003b 49       		.uleb128 0x49
 1046 003c 13       		.uleb128 0x13
 1047 003d 3A       		.uleb128 0x3a
 1048 003e 0B       		.uleb128 0xb
 1049 003f 3B       		.uleb128 0x3b
 1050 0040 0B       		.uleb128 0xb
 1051 0041 01       		.uleb128 0x1
 1052 0042 13       		.uleb128 0x13
 1053 0043 00       		.byte	0
 1054 0044 00       		.byte	0
 1055 0045 06       		.uleb128 0x6
 1056 0046 28       		.uleb128 0x28
 1057 0047 00       		.byte	0
 1058 0048 03       		.uleb128 0x3
 1059 0049 0E       		.uleb128 0xe
 1060 004a 1C       		.uleb128 0x1c
 1061 004b 0B       		.uleb128 0xb
 1062 004c 00       		.byte	0
 1063 004d 00       		.byte	0
 1064 004e 07       		.uleb128 0x7
 1065 004f 16       		.uleb128 0x16
 1066 0050 00       		.byte	0
 1067 0051 03       		.uleb128 0x3
 1068 0052 0E       		.uleb128 0xe
 1069 0053 3A       		.uleb128 0x3a
 1070 0054 0B       		.uleb128 0xb
 1071 0055 3B       		.uleb128 0x3b
 1072 0056 05       		.uleb128 0x5
 1073 0057 49       		.uleb128 0x49
 1074 0058 13       		.uleb128 0x13
 1075 0059 00       		.byte	0
 1076 005a 00       		.byte	0
 1077 005b 08       		.uleb128 0x8
 1078 005c 35       		.uleb128 0x35
 1079 005d 00       		.byte	0
 1080 005e 49       		.uleb128 0x49
 1081 005f 13       		.uleb128 0x13
 1082 0060 00       		.byte	0
 1083 0061 00       		.byte	0
 1084 0062 09       		.uleb128 0x9
 1085 0063 2E       		.uleb128 0x2e
 1086 0064 01       		.byte	0x1
 1087 0065 03       		.uleb128 0x3
ARM GAS  C:\Users\User\AppData\Local\Temp\cc7fiXq0.s 			page 23


 1088 0066 0E       		.uleb128 0xe
 1089 0067 3A       		.uleb128 0x3a
 1090 0068 0B       		.uleb128 0xb
 1091 0069 3B       		.uleb128 0x3b
 1092 006a 0B       		.uleb128 0xb
 1093 006b 49       		.uleb128 0x49
 1094 006c 13       		.uleb128 0x13
 1095 006d 11       		.uleb128 0x11
 1096 006e 01       		.uleb128 0x1
 1097 006f 12       		.uleb128 0x12
 1098 0070 06       		.uleb128 0x6
 1099 0071 40       		.uleb128 0x40
 1100 0072 18       		.uleb128 0x18
 1101 0073 9642     		.uleb128 0x2116
 1102 0075 19       		.uleb128 0x19
 1103 0076 01       		.uleb128 0x1
 1104 0077 13       		.uleb128 0x13
 1105 0078 00       		.byte	0
 1106 0079 00       		.byte	0
 1107 007a 0A       		.uleb128 0xa
 1108 007b 34       		.uleb128 0x34
 1109 007c 00       		.byte	0
 1110 007d 03       		.uleb128 0x3
 1111 007e 08       		.uleb128 0x8
 1112 007f 3A       		.uleb128 0x3a
 1113 0080 0B       		.uleb128 0xb
 1114 0081 3B       		.uleb128 0x3b
 1115 0082 0B       		.uleb128 0xb
 1116 0083 49       		.uleb128 0x49
 1117 0084 13       		.uleb128 0x13
 1118 0085 1C       		.uleb128 0x1c
 1119 0086 0A       		.uleb128 0xa
 1120 0087 00       		.byte	0
 1121 0088 00       		.byte	0
 1122 0089 0B       		.uleb128 0xb
 1123 008a 34       		.uleb128 0x34
 1124 008b 00       		.byte	0
 1125 008c 03       		.uleb128 0x3
 1126 008d 08       		.uleb128 0x8
 1127 008e 3A       		.uleb128 0x3a
 1128 008f 0B       		.uleb128 0xb
 1129 0090 3B       		.uleb128 0x3b
 1130 0091 0B       		.uleb128 0xb
 1131 0092 49       		.uleb128 0x49
 1132 0093 13       		.uleb128 0x13
 1133 0094 02       		.uleb128 0x2
 1134 0095 17       		.uleb128 0x17
 1135 0096 00       		.byte	0
 1136 0097 00       		.byte	0
 1137 0098 0C       		.uleb128 0xc
 1138 0099 34       		.uleb128 0x34
 1139 009a 00       		.byte	0
 1140 009b 03       		.uleb128 0x3
 1141 009c 0E       		.uleb128 0xe
 1142 009d 3A       		.uleb128 0x3a
 1143 009e 0B       		.uleb128 0xb
 1144 009f 3B       		.uleb128 0x3b
ARM GAS  C:\Users\User\AppData\Local\Temp\cc7fiXq0.s 			page 24


 1145 00a0 0B       		.uleb128 0xb
 1146 00a1 49       		.uleb128 0x49
 1147 00a2 13       		.uleb128 0x13
 1148 00a3 02       		.uleb128 0x2
 1149 00a4 17       		.uleb128 0x17
 1150 00a5 00       		.byte	0
 1151 00a6 00       		.byte	0
 1152 00a7 0D       		.uleb128 0xd
 1153 00a8 0B       		.uleb128 0xb
 1154 00a9 01       		.byte	0x1
 1155 00aa 55       		.uleb128 0x55
 1156 00ab 17       		.uleb128 0x17
 1157 00ac 00       		.byte	0
 1158 00ad 00       		.byte	0
 1159 00ae 0E       		.uleb128 0xe
 1160 00af 2E       		.uleb128 0x2e
 1161 00b0 01       		.byte	0x1
 1162 00b1 3F       		.uleb128 0x3f
 1163 00b2 19       		.uleb128 0x19
 1164 00b3 03       		.uleb128 0x3
 1165 00b4 0E       		.uleb128 0xe
 1166 00b5 3A       		.uleb128 0x3a
 1167 00b6 0B       		.uleb128 0xb
 1168 00b7 3B       		.uleb128 0x3b
 1169 00b8 0B       		.uleb128 0xb
 1170 00b9 27       		.uleb128 0x27
 1171 00ba 19       		.uleb128 0x19
 1172 00bb 11       		.uleb128 0x11
 1173 00bc 01       		.uleb128 0x1
 1174 00bd 12       		.uleb128 0x12
 1175 00be 06       		.uleb128 0x6
 1176 00bf 40       		.uleb128 0x40
 1177 00c0 18       		.uleb128 0x18
 1178 00c1 9742     		.uleb128 0x2117
 1179 00c3 19       		.uleb128 0x19
 1180 00c4 01       		.uleb128 0x1
 1181 00c5 13       		.uleb128 0x13
 1182 00c6 00       		.byte	0
 1183 00c7 00       		.byte	0
 1184 00c8 0F       		.uleb128 0xf
 1185 00c9 898201   		.uleb128 0x4109
 1186 00cc 00       		.byte	0
 1187 00cd 11       		.uleb128 0x11
 1188 00ce 01       		.uleb128 0x1
 1189 00cf 31       		.uleb128 0x31
 1190 00d0 13       		.uleb128 0x13
 1191 00d1 00       		.byte	0
 1192 00d2 00       		.byte	0
 1193 00d3 10       		.uleb128 0x10
 1194 00d4 898201   		.uleb128 0x4109
 1195 00d7 01       		.byte	0x1
 1196 00d8 11       		.uleb128 0x11
 1197 00d9 01       		.uleb128 0x1
 1198 00da 31       		.uleb128 0x31
 1199 00db 13       		.uleb128 0x13
 1200 00dc 01       		.uleb128 0x1
 1201 00dd 13       		.uleb128 0x13
ARM GAS  C:\Users\User\AppData\Local\Temp\cc7fiXq0.s 			page 25


 1202 00de 00       		.byte	0
 1203 00df 00       		.byte	0
 1204 00e0 11       		.uleb128 0x11
 1205 00e1 8A8201   		.uleb128 0x410a
 1206 00e4 00       		.byte	0
 1207 00e5 02       		.uleb128 0x2
 1208 00e6 18       		.uleb128 0x18
 1209 00e7 9142     		.uleb128 0x2111
 1210 00e9 18       		.uleb128 0x18
 1211 00ea 00       		.byte	0
 1212 00eb 00       		.byte	0
 1213 00ec 12       		.uleb128 0x12
 1214 00ed 898201   		.uleb128 0x4109
 1215 00f0 01       		.byte	0x1
 1216 00f1 11       		.uleb128 0x11
 1217 00f2 01       		.uleb128 0x1
 1218 00f3 31       		.uleb128 0x31
 1219 00f4 13       		.uleb128 0x13
 1220 00f5 00       		.byte	0
 1221 00f6 00       		.byte	0
 1222 00f7 13       		.uleb128 0x13
 1223 00f8 2E       		.uleb128 0x2e
 1224 00f9 01       		.byte	0x1
 1225 00fa 3F       		.uleb128 0x3f
 1226 00fb 19       		.uleb128 0x19
 1227 00fc 03       		.uleb128 0x3
 1228 00fd 0E       		.uleb128 0xe
 1229 00fe 3A       		.uleb128 0x3a
 1230 00ff 0B       		.uleb128 0xb
 1231 0100 3B       		.uleb128 0x3b
 1232 0101 0B       		.uleb128 0xb
 1233 0102 27       		.uleb128 0x27
 1234 0103 19       		.uleb128 0x19
 1235 0104 49       		.uleb128 0x49
 1236 0105 13       		.uleb128 0x13
 1237 0106 11       		.uleb128 0x11
 1238 0107 01       		.uleb128 0x1
 1239 0108 12       		.uleb128 0x12
 1240 0109 06       		.uleb128 0x6
 1241 010a 40       		.uleb128 0x40
 1242 010b 18       		.uleb128 0x18
 1243 010c 9742     		.uleb128 0x2117
 1244 010e 19       		.uleb128 0x19
 1245 010f 01       		.uleb128 0x1
 1246 0110 13       		.uleb128 0x13
 1247 0111 00       		.byte	0
 1248 0112 00       		.byte	0
 1249 0113 14       		.uleb128 0x14
 1250 0114 05       		.uleb128 0x5
 1251 0115 00       		.byte	0
 1252 0116 03       		.uleb128 0x3
 1253 0117 0E       		.uleb128 0xe
 1254 0118 3A       		.uleb128 0x3a
 1255 0119 0B       		.uleb128 0xb
 1256 011a 3B       		.uleb128 0x3b
 1257 011b 0B       		.uleb128 0xb
 1258 011c 49       		.uleb128 0x49
ARM GAS  C:\Users\User\AppData\Local\Temp\cc7fiXq0.s 			page 26


 1259 011d 13       		.uleb128 0x13
 1260 011e 02       		.uleb128 0x2
 1261 011f 17       		.uleb128 0x17
 1262 0120 00       		.byte	0
 1263 0121 00       		.byte	0
 1264 0122 15       		.uleb128 0x15
 1265 0123 2E       		.uleb128 0x2e
 1266 0124 01       		.byte	0x1
 1267 0125 3F       		.uleb128 0x3f
 1268 0126 19       		.uleb128 0x19
 1269 0127 03       		.uleb128 0x3
 1270 0128 0E       		.uleb128 0xe
 1271 0129 3A       		.uleb128 0x3a
 1272 012a 0B       		.uleb128 0xb
 1273 012b 3B       		.uleb128 0x3b
 1274 012c 0B       		.uleb128 0xb
 1275 012d 49       		.uleb128 0x49
 1276 012e 13       		.uleb128 0x13
 1277 012f 3C       		.uleb128 0x3c
 1278 0130 19       		.uleb128 0x19
 1279 0131 01       		.uleb128 0x1
 1280 0132 13       		.uleb128 0x13
 1281 0133 00       		.byte	0
 1282 0134 00       		.byte	0
 1283 0135 16       		.uleb128 0x16
 1284 0136 18       		.uleb128 0x18
 1285 0137 00       		.byte	0
 1286 0138 00       		.byte	0
 1287 0139 00       		.byte	0
 1288 013a 17       		.uleb128 0x17
 1289 013b 01       		.uleb128 0x1
 1290 013c 01       		.byte	0x1
 1291 013d 49       		.uleb128 0x49
 1292 013e 13       		.uleb128 0x13
 1293 013f 01       		.uleb128 0x1
 1294 0140 13       		.uleb128 0x13
 1295 0141 00       		.byte	0
 1296 0142 00       		.byte	0
 1297 0143 18       		.uleb128 0x18
 1298 0144 21       		.uleb128 0x21
 1299 0145 00       		.byte	0
 1300 0146 49       		.uleb128 0x49
 1301 0147 13       		.uleb128 0x13
 1302 0148 2F       		.uleb128 0x2f
 1303 0149 05       		.uleb128 0x5
 1304 014a 00       		.byte	0
 1305 014b 00       		.byte	0
 1306 014c 19       		.uleb128 0x19
 1307 014d 34       		.uleb128 0x34
 1308 014e 00       		.byte	0
 1309 014f 03       		.uleb128 0x3
 1310 0150 0E       		.uleb128 0xe
 1311 0151 3A       		.uleb128 0x3a
 1312 0152 0B       		.uleb128 0xb
 1313 0153 3B       		.uleb128 0x3b
 1314 0154 0B       		.uleb128 0xb
 1315 0155 49       		.uleb128 0x49
ARM GAS  C:\Users\User\AppData\Local\Temp\cc7fiXq0.s 			page 27


 1316 0156 13       		.uleb128 0x13
 1317 0157 02       		.uleb128 0x2
 1318 0158 18       		.uleb128 0x18
 1319 0159 00       		.byte	0
 1320 015a 00       		.byte	0
 1321 015b 1A       		.uleb128 0x1a
 1322 015c 34       		.uleb128 0x34
 1323 015d 00       		.byte	0
 1324 015e 03       		.uleb128 0x3
 1325 015f 0E       		.uleb128 0xe
 1326 0160 3A       		.uleb128 0x3a
 1327 0161 0B       		.uleb128 0xb
 1328 0162 3B       		.uleb128 0x3b
 1329 0163 0B       		.uleb128 0xb
 1330 0164 49       		.uleb128 0x49
 1331 0165 13       		.uleb128 0x13
 1332 0166 00       		.byte	0
 1333 0167 00       		.byte	0
 1334 0168 1B       		.uleb128 0x1b
 1335 0169 34       		.uleb128 0x34
 1336 016a 00       		.byte	0
 1337 016b 03       		.uleb128 0x3
 1338 016c 0E       		.uleb128 0xe
 1339 016d 3A       		.uleb128 0x3a
 1340 016e 0B       		.uleb128 0xb
 1341 016f 3B       		.uleb128 0x3b
 1342 0170 0B       		.uleb128 0xb
 1343 0171 49       		.uleb128 0x49
 1344 0172 13       		.uleb128 0x13
 1345 0173 3F       		.uleb128 0x3f
 1346 0174 19       		.uleb128 0x19
 1347 0175 02       		.uleb128 0x2
 1348 0176 18       		.uleb128 0x18
 1349 0177 00       		.byte	0
 1350 0178 00       		.byte	0
 1351 0179 1C       		.uleb128 0x1c
 1352 017a 2E       		.uleb128 0x2e
 1353 017b 00       		.byte	0
 1354 017c 3F       		.uleb128 0x3f
 1355 017d 19       		.uleb128 0x19
 1356 017e 3C       		.uleb128 0x3c
 1357 017f 19       		.uleb128 0x19
 1358 0180 6E       		.uleb128 0x6e
 1359 0181 0E       		.uleb128 0xe
 1360 0182 03       		.uleb128 0x3
 1361 0183 0E       		.uleb128 0xe
 1362 0184 3A       		.uleb128 0x3a
 1363 0185 0B       		.uleb128 0xb
 1364 0186 3B       		.uleb128 0x3b
 1365 0187 05       		.uleb128 0x5
 1366 0188 00       		.byte	0
 1367 0189 00       		.byte	0
 1368 018a 1D       		.uleb128 0x1d
 1369 018b 2E       		.uleb128 0x2e
 1370 018c 00       		.byte	0
 1371 018d 3F       		.uleb128 0x3f
 1372 018e 19       		.uleb128 0x19
ARM GAS  C:\Users\User\AppData\Local\Temp\cc7fiXq0.s 			page 28


 1373 018f 3C       		.uleb128 0x3c
 1374 0190 19       		.uleb128 0x19
 1375 0191 6E       		.uleb128 0x6e
 1376 0192 0E       		.uleb128 0xe
 1377 0193 03       		.uleb128 0x3
 1378 0194 0E       		.uleb128 0xe
 1379 0195 3A       		.uleb128 0x3a
 1380 0196 0B       		.uleb128 0xb
 1381 0197 3B       		.uleb128 0x3b
 1382 0198 0B       		.uleb128 0xb
 1383 0199 00       		.byte	0
 1384 019a 00       		.byte	0
 1385 019b 00       		.byte	0
 1386              		.section	.debug_loc,"",%progbits
 1387              	.Ldebug_loc0:
 1388              	.LLST0:
 1389 0000 02000000 		.4byte	.LVL0
 1390 0004 0E000000 		.4byte	.LVL2
 1391 0008 0600     		.2byte	0x6
 1392 000a 9E       		.byte	0x9e
 1393 000b 04       		.uleb128 0x4
 1394 000c 00000000 		.4byte	0
 1395 0010 0E000000 		.4byte	.LVL2
 1396 0014 46000000 		.4byte	.LVL12
 1397 0018 0100     		.2byte	0x1
 1398 001a 55       		.byte	0x55
 1399 001b 46000000 		.4byte	.LVL12
 1400 001f 4A000000 		.4byte	.LVL13
 1401 0023 0100     		.2byte	0x1
 1402 0025 50       		.byte	0x50
 1403 0026 4A000000 		.4byte	.LVL13
 1404 002a A2000000 		.4byte	.LVL20
 1405 002e 0100     		.2byte	0x1
 1406 0030 55       		.byte	0x55
 1407 0031 00000000 		.4byte	0
 1408 0035 00000000 		.4byte	0
 1409              	.LLST1:
 1410 0039 3C000000 		.4byte	.LVL9
 1411 003d 40000000 		.4byte	.LVL10
 1412 0041 0100     		.2byte	0x1
 1413 0043 50       		.byte	0x50
 1414 0044 40000000 		.4byte	.LVL10
 1415 0048 43000000 		.4byte	.LVL11-1
 1416 004c 0100     		.2byte	0x1
 1417 004e 51       		.byte	0x51
 1418 004f 43000000 		.4byte	.LVL11-1
 1419 0053 4E000000 		.4byte	.LVL14
 1420 0057 0100     		.2byte	0x1
 1421 0059 54       		.byte	0x54
 1422 005a 4E000000 		.4byte	.LVL14
 1423 005e 57000000 		.4byte	.LVL15-1
 1424 0062 0100     		.2byte	0x1
 1425 0064 50       		.byte	0x50
 1426 0065 00000000 		.4byte	0
 1427 0069 00000000 		.4byte	0
 1428              	.LLST2:
 1429 006d 08000000 		.4byte	.LVL1
ARM GAS  C:\Users\User\AppData\Local\Temp\cc7fiXq0.s 			page 29


 1430 0071 0E000000 		.4byte	.LVL2
 1431 0075 0200     		.2byte	0x2
 1432 0077 30       		.byte	0x30
 1433 0078 9F       		.byte	0x9f
 1434 0079 0E000000 		.4byte	.LVL2
 1435 007d A2000000 		.4byte	.LVL21
 1436 0081 0100     		.2byte	0x1
 1437 0083 56       		.byte	0x56
 1438 0084 00000000 		.4byte	0
 1439 0088 00000000 		.4byte	0
 1440              	.LLST3:
 1441 008c 00000000 		.4byte	.LVL31
 1442 0090 28000000 		.4byte	.LVL34
 1443 0094 0100     		.2byte	0x1
 1444 0096 50       		.byte	0x50
 1445 0097 28000000 		.4byte	.LVL34
 1446 009b 68000000 		.4byte	.LFE38
 1447 009f 0400     		.2byte	0x4
 1448 00a1 F3       		.byte	0xf3
 1449 00a2 01       		.uleb128 0x1
 1450 00a3 50       		.byte	0x50
 1451 00a4 9F       		.byte	0x9f
 1452 00a5 00000000 		.4byte	0
 1453 00a9 00000000 		.4byte	0
 1454              	.LLST4:
 1455 00ad 00000000 		.4byte	.LVL31
 1456 00b1 06000000 		.4byte	.LVL32
 1457 00b5 0100     		.2byte	0x1
 1458 00b7 51       		.byte	0x51
 1459 00b8 06000000 		.4byte	.LVL32
 1460 00bc 68000000 		.4byte	.LFE38
 1461 00c0 0400     		.2byte	0x4
 1462 00c2 F3       		.byte	0xf3
 1463 00c3 01       		.uleb128 0x1
 1464 00c4 51       		.byte	0x51
 1465 00c5 9F       		.byte	0x9f
 1466 00c6 00000000 		.4byte	0
 1467 00ca 00000000 		.4byte	0
 1468              	.LLST5:
 1469 00ce 00000000 		.4byte	.LVL31
 1470 00d2 16000000 		.4byte	.LVL33
 1471 00d6 0100     		.2byte	0x1
 1472 00d8 52       		.byte	0x52
 1473 00d9 16000000 		.4byte	.LVL33
 1474 00dd 68000000 		.4byte	.LFE38
 1475 00e1 0400     		.2byte	0x4
 1476 00e3 F3       		.byte	0xf3
 1477 00e4 01       		.uleb128 0x1
 1478 00e5 52       		.byte	0x52
 1479 00e6 9F       		.byte	0x9f
 1480 00e7 00000000 		.4byte	0
 1481 00eb 00000000 		.4byte	0
 1482              		.section	.debug_aranges,"",%progbits
 1483 0000 3C000000 		.4byte	0x3c
 1484 0004 0200     		.2byte	0x2
 1485 0006 00000000 		.4byte	.Ldebug_info0
 1486 000a 04       		.byte	0x4
ARM GAS  C:\Users\User\AppData\Local\Temp\cc7fiXq0.s 			page 30


 1487 000b 00       		.byte	0
 1488 000c 0000     		.2byte	0
 1489 000e 0000     		.2byte	0
 1490 0010 00000000 		.4byte	.LFB36
 1491 0014 C4000000 		.4byte	.LFE36-.LFB36
 1492 0018 00000000 		.4byte	.LFB35
 1493 001c 90000000 		.4byte	.LFE35-.LFB35
 1494 0020 00000000 		.4byte	.LFB37
 1495 0024 10000000 		.4byte	.LFE37-.LFB37
 1496 0028 00000000 		.4byte	.LFB38
 1497 002c 68000000 		.4byte	.LFE38-.LFB38
 1498 0030 00000000 		.4byte	.LFB39
 1499 0034 14000000 		.4byte	.LFE39-.LFB39
 1500 0038 00000000 		.4byte	0
 1501 003c 00000000 		.4byte	0
 1502              		.section	.debug_ranges,"",%progbits
 1503              	.Ldebug_ranges0:
 1504 0000 08000000 		.4byte	.LBB2
 1505 0004 0A000000 		.4byte	.LBE2
 1506 0008 0C000000 		.4byte	.LBB3
 1507 000c 8E000000 		.4byte	.LBE3
 1508 0010 00000000 		.4byte	0
 1509 0014 00000000 		.4byte	0
 1510 0018 00000000 		.4byte	.LFB36
 1511 001c C4000000 		.4byte	.LFE36
 1512 0020 00000000 		.4byte	.LFB35
 1513 0024 90000000 		.4byte	.LFE35
 1514 0028 00000000 		.4byte	.LFB37
 1515 002c 10000000 		.4byte	.LFE37
 1516 0030 00000000 		.4byte	.LFB38
 1517 0034 68000000 		.4byte	.LFE38
 1518 0038 00000000 		.4byte	.LFB39
 1519 003c 14000000 		.4byte	.LFE39
 1520 0040 00000000 		.4byte	0
 1521 0044 00000000 		.4byte	0
 1522              		.section	.debug_line,"",%progbits
 1523              	.Ldebug_line0:
 1524 0000 18020000 		.section	.debug_str,"MS",%progbits,1
 1524      02007901 
 1524      00000201 
 1524      FB0E0D00 
 1524      01010101 
 1525              	.LASF56:
 1526 0000 585F436F 		.ascii	"X_Counter_Stop\000"
 1526      756E7465 
 1526      725F5374 
 1526      6F7000
 1527              	.LASF36:
 1528 000f 585F4D6F 		.ascii	"X_MoveISR\000"
 1528      76654953 
 1528      5200
 1529              	.LASF25:
 1530 0019 585F4D4F 		.ascii	"X_MOTOR_ORIGIN_FINE_COLLECT\000"
 1530      544F525F 
 1530      4F524947 
 1530      494E5F46 
 1530      494E455F 
ARM GAS  C:\Users\User\AppData\Local\Temp\cc7fiXq0.s 			page 31


 1531              	.LASF42:
 1532 0035 61636365 		.ascii	"acceleration\000"
 1532      6C657261 
 1532      74696F6E 
 1532      00
 1533              	.LASF55:
 1534 0042 78537465 		.ascii	"xStepsExecuted16\000"
 1534      70734578 
 1534      65637574 
 1534      65643136 
 1534      00
 1535              	.LASF65:
 1536 0053 73746570 		.ascii	"stepper.c\000"
 1536      7065722E 
 1536      6300
 1537              	.LASF2:
 1538 005d 73686F72 		.ascii	"short int\000"
 1538      7420696E 
 1538      7400
 1539              	.LASF14:
 1540 0067 73697A65 		.ascii	"sizetype\000"
 1540      74797065 
 1540      00
 1541              	.LASF38:
 1542 0070 6E6F6E42 		.ascii	"nonBlocking\000"
 1542      6C6F636B 
 1542      696E6700 
 1543              	.LASF51:
 1544 007c 78537465 		.ascii	"xStepsRemaining\000"
 1544      70735265 
 1544      6D61696E 
 1544      696E6700 
 1545              	.LASF39:
 1546 008c 64697265 		.ascii	"direction\000"
 1546      6374696F 
 1546      6E00
 1547              	.LASF6:
 1548 0096 5F5F7569 		.ascii	"__uint32_t\000"
 1548      6E743332 
 1548      5F7400
 1549              	.LASF60:
 1550 00a1 585F496E 		.ascii	"X_Interrupt_Start\000"
 1550      74657272 
 1550      7570745F 
 1550      53746172 
 1550      7400
 1551              	.LASF5:
 1552 00b3 5F5F7569 		.ascii	"__uint16_t\000"
 1552      6E743136 
 1552      5F7400
 1553              	.LASF28:
 1554 00be 585F4D4F 		.ascii	"X_MOTOR_SPIRAL_SCAN\000"
 1554      544F525F 
 1554      53504952 
 1554      414C5F53 
 1554      43414E00 
 1555              	.LASF62:
ARM GAS  C:\Users\User\AppData\Local\Temp\cc7fiXq0.s 			page 32


 1556 00d2 585F496E 		.ascii	"X_Interrupt_SetVector\000"
 1556      74657272 
 1556      7570745F 
 1556      53657456 
 1556      6563746F 
 1557              	.LASF64:
 1558 00e8 474E5520 		.ascii	"GNU C11 5.4.1 20160609 (release) [ARM/embedded-5-br"
 1558      43313120 
 1558      352E342E 
 1558      31203230 
 1558      31363036 
 1559 011b 616E6368 		.ascii	"anch revision 237715] -mcpu=cortex-m0 -mthumb -g -O"
 1559      20726576 
 1559      6973696F 
 1559      6E203233 
 1559      37373135 
 1560 014e 67202D66 		.ascii	"g -ffunction-sections -ffat-lto-objects\000"
 1560      66756E63 
 1560      74696F6E 
 1560      2D736563 
 1560      74696F6E 
 1561              	.LASF47:
 1562 0176 736C6F70 		.ascii	"slopeEndTarget\000"
 1562      65456E64 
 1562      54617267 
 1562      657400
 1563              	.LASF34:
 1564 0185 745F696D 		.ascii	"t_imp\000"
 1564      7000
 1565              	.LASF23:
 1566 018b 585F4D4F 		.ascii	"X_MOTOR_ORIGIN_COARSE_RETURN\000"
 1566      544F525F 
 1566      4F524947 
 1566      494E5F43 
 1566      4F415253 
 1567              	.LASF19:
 1568 01a8 4449525F 		.ascii	"DIR_CLOCKWISE\000"
 1568      434C4F43 
 1568      4B574953 
 1568      4500
 1569              	.LASF30:
 1570 01b6 585F4D4F 		.ascii	"X_MOTOR_READY\000"
 1570      544F525F 
 1570      52454144 
 1570      5900
 1571              	.LASF17:
 1572 01c4 666C6F61 		.ascii	"float\000"
 1572      7400
 1573              	.LASF24:
 1574 01ca 585F4D4F 		.ascii	"X_MOTOR_ORIGIN_FINE\000"
 1574      544F525F 
 1574      4F524947 
 1574      494E5F46 
 1574      494E4500 
 1575              	.LASF8:
 1576 01de 6C6F6E67 		.ascii	"long long int\000"
 1576      206C6F6E 
ARM GAS  C:\Users\User\AppData\Local\Temp\cc7fiXq0.s 			page 33


 1576      6720696E 
 1576      7400
 1577              	.LASF9:
 1578 01ec 6C6F6E67 		.ascii	"long long unsigned int\000"
 1578      206C6F6E 
 1578      6720756E 
 1578      7369676E 
 1578      65642069 
 1579              	.LASF4:
 1580 0203 6C6F6E67 		.ascii	"long int\000"
 1580      20696E74 
 1580      00
 1581              	.LASF46:
 1582 020c 736C6F70 		.ascii	"slopeBeginTarget\000"
 1582      65426567 
 1582      696E5461 
 1582      72676574 
 1582      00
 1583              	.LASF22:
 1584 021d 585F4D4F 		.ascii	"X_MOTOR_ORIGIN_COARSE_BREAK\000"
 1584      544F525F 
 1584      4F524947 
 1584      494E5F43 
 1584      4F415253 
 1585              	.LASF45:
 1586 0239 73706972 		.ascii	"spiralRotations\000"
 1586      616C526F 
 1586      74617469 
 1586      6F6E7300 
 1587              	.LASF13:
 1588 0249 6C6F6E67 		.ascii	"long double\000"
 1588      20646F75 
 1588      626C6500 
 1589              	.LASF20:
 1590 0255 585F4449 		.ascii	"X_DIRECTION_ENUM\000"
 1590      52454354 
 1590      494F4E5F 
 1590      454E554D 
 1590      00
 1591              	.LASF1:
 1592 0266 756E7369 		.ascii	"unsigned char\000"
 1592      676E6564 
 1592      20636861 
 1592      7200
 1593              	.LASF53:
 1594 0274 78537465 		.ascii	"xStepsExecutedSpiral\000"
 1594      70734578 
 1594      65637574 
 1594      65645370 
 1594      6972616C 
 1595              	.LASF26:
 1596 0289 585F4D4F 		.ascii	"X_MOTOR_ORIGIN_POSITIONING\000"
 1596      544F525F 
 1596      4F524947 
 1596      494E5F50 
 1596      4F534954 
 1597              	.LASF0:
ARM GAS  C:\Users\User\AppData\Local\Temp\cc7fiXq0.s 			page 34


 1598 02a4 7369676E 		.ascii	"signed char\000"
 1598      65642063 
 1598      68617200 
 1599              	.LASF43:
 1600 02b0 61636365 		.ascii	"accelMaxIndex\000"
 1600      6C4D6178 
 1600      496E6465 
 1600      7800
 1601              	.LASF58:
 1602 02be 585F436F 		.ascii	"X_Counter_Init\000"
 1602      756E7465 
 1602      725F496E 
 1602      697400
 1603              	.LASF12:
 1604 02cd 75696E74 		.ascii	"uint32_t\000"
 1604      33325F74 
 1604      00
 1605              	.LASF21:
 1606 02d6 585F4D4F 		.ascii	"X_MOTOR_ORIGIN_COARSE\000"
 1606      544F525F 
 1606      4F524947 
 1606      494E5F43 
 1606      4F415253 
 1607              	.LASF10:
 1608 02ec 756E7369 		.ascii	"unsigned int\000"
 1608      676E6564 
 1608      20696E74 
 1608      00
 1609              	.LASF67:
 1610 02f9 46696C6C 		.ascii	"FillAccelerationArray\000"
 1610      41636365 
 1610      6C657261 
 1610      74696F6E 
 1610      41727261 
 1611              	.LASF11:
 1612 030f 75696E74 		.ascii	"uint16_t\000"
 1612      31365F74 
 1612      00
 1613              	.LASF57:
 1614 0318 43794465 		.ascii	"CyDelayUs\000"
 1614      6C617955 
 1614      7300
 1615              	.LASF32:
 1616 0322 585F4D4F 		.ascii	"X_MOTOR_STATE_ENUM\000"
 1616      544F525F 
 1616      53544154 
 1616      455F454E 
 1616      554D00
 1617              	.LASF40:
 1618 0335 73746570 		.ascii	"steps\000"
 1618      7300
 1619              	.LASF3:
 1620 033b 73686F72 		.ascii	"short unsigned int\000"
 1620      7420756E 
 1620      7369676E 
 1620      65642069 
 1620      6E7400
ARM GAS  C:\Users\User\AppData\Local\Temp\cc7fiXq0.s 			page 35


 1621              	.LASF18:
 1622 034e 4449525F 		.ascii	"DIR_CNTCLCKWISE\000"
 1622      434E5443 
 1622      4C434B57 
 1622      49534500 
 1623              	.LASF15:
 1624 035e 63686172 		.ascii	"char\000"
 1624      00
 1625              	.LASF35:
 1626 0363 5F426F6F 		.ascii	"_Bool\000"
 1626      6C00
 1627              	.LASF52:
 1628 0369 78537465 		.ascii	"xStepsExecuted\000"
 1628      70734578 
 1628      65637574 
 1628      656400
 1629              	.LASF68:
 1630 0378 53746570 		.ascii	"Stepper_Init\000"
 1630      7065725F 
 1630      496E6974 
 1630      00
 1631              	.LASF66:
 1632 0385 433A5C55 		.ascii	"C:\\Users\\User\\Documents\\PSoC Creator\\Workspace"
 1632      73657273 
 1632      5C557365 
 1632      725C446F 
 1632      63756D65 
 1633 03b3 30365C44 		.ascii	"06\\Design01.cydsn\000"
 1633      65736967 
 1633      6E30312E 
 1633      63796473 
 1633      6E00
 1634              	.LASF49:
 1635 03c5 73746570 		.ascii	"stepsAfterZero\000"
 1635      73416674 
 1635      65725A65 
 1635      726F00
 1636              	.LASF7:
 1637 03d4 6C6F6E67 		.ascii	"long unsigned int\000"
 1637      20756E73 
 1637      69676E65 
 1637      6420696E 
 1637      7400
 1638              	.LASF61:
 1639 03e6 50696E5F 		.ascii	"Pin_DIR_Write\000"
 1639      4449525F 
 1639      57726974 
 1639      6500
 1640              	.LASF59:
 1641 03f4 585F436F 		.ascii	"X_Counter_WritePeriod\000"
 1641      756E7465 
 1641      725F5772 
 1641      69746550 
 1641      6572696F 
 1642              	.LASF54:
 1643 040a 53746570 		.ascii	"Stepper_xMotorState\000"
 1643      7065725F 
ARM GAS  C:\Users\User\AppData\Local\Temp\cc7fiXq0.s 			page 36


 1643      784D6F74 
 1643      6F725374 
 1643      61746500 
 1644              	.LASF33:
 1645 041e 75696E74 		.ascii	"uint32\000"
 1645      333200
 1646              	.LASF29:
 1647 0425 585F4D4F 		.ascii	"X_MOTOR_ACCEL_SCAN\000"
 1647      544F525F 
 1647      41434345 
 1647      4C5F5343 
 1647      414E00
 1648              	.LASF37:
 1649 0438 53746570 		.ascii	"Stepper_MoveX\000"
 1649      7065725F 
 1649      4D6F7665 
 1649      5800
 1650              	.LASF63:
 1651 0446 585F436F 		.ascii	"X_Counter_Start\000"
 1651      756E7465 
 1651      725F5374 
 1651      61727400 
 1652              	.LASF16:
 1653 0456 646F7562 		.ascii	"double\000"
 1653      6C6500
 1654              	.LASF31:
 1655 045d 585F4D4F 		.ascii	"X_MOTOR_ORIGIN_NOT_FOUND\000"
 1655      544F525F 
 1655      4F524947 
 1655      494E5F4E 
 1655      4F545F46 
 1656              	.LASF50:
 1657 0476 61636365 		.ascii	"accelLimit\000"
 1657      6C4C696D 
 1657      697400
 1658              	.LASF27:
 1659 0481 585F4D4F 		.ascii	"X_MOTOR_MOVE\000"
 1659      544F525F 
 1659      4D4F5645 
 1659      00
 1660              	.LASF44:
 1661 048e 61636365 		.ascii	"accelHalfSpeedIndex\000"
 1661      6C48616C 
 1661      66537065 
 1661      6564496E 
 1661      64657800 
 1662              	.LASF48:
 1663 04a2 61747465 		.ascii	"attempToFindZero\000"
 1663      6D70546F 
 1663      46696E64 
 1663      5A65726F 
 1663      00
 1664              	.LASF41:
 1665 04b3 53746570 		.ascii	"Stepper_StopX\000"
 1665      7065725F 
 1665      53746F70 
 1665      5800
ARM GAS  C:\Users\User\AppData\Local\Temp\cc7fiXq0.s 			page 37


 1666              		.ident	"GCC: (GNU Tools for ARM Embedded Processors) 5.4.1 20160609 (release) [ARM/embedded-5-bran
