ARM GAS  C:\Users\User\AppData\Local\Temp\cc4TyDN4.s 			page 1


   1              		.syntax unified
   2              		.cpu cortex-m0
   3              		.fpu softvfp
   4              		.eabi_attribute 20, 1
   5              		.eabi_attribute 21, 1
   6              		.eabi_attribute 23, 3
   7              		.eabi_attribute 24, 1
   8              		.eabi_attribute 25, 1
   9              		.eabi_attribute 26, 1
  10              		.eabi_attribute 30, 1
  11              		.eabi_attribute 34, 0
  12              		.eabi_attribute 18, 4
  13              		.thumb
  14              		.syntax unified
  15              		.file	"main.c"
  16              		.text
  17              	.Ltext0:
  18              		.cfi_sections	.debug_frame
  19              		.section	.text.print_num_sign,"ax",%progbits
  20              		.align	2
  21              		.global	print_num_sign
  22              		.code	16
  23              		.thumb_func
  24              		.type	print_num_sign, %function
  25              	print_num_sign:
  26              	.LFB35:
  27              		.file 1 "main.c"
   1:main.c        **** /* ========================================
   2:main.c        ****  *
   3:main.c        ****  * Copyright YOUR COMPANY, THE YEAR
   4:main.c        ****  * All Rights Reserved
   5:main.c        ****  * UNPUBLISHED, LICENSED SOFTWARE.
   6:main.c        ****  *
   7:main.c        ****  * CONFIDENTIAL AND PROPRIETARY INFORMATION
   8:main.c        ****  * WHICH IS THE PROPERTY OF your company.
   9:main.c        ****  *
  10:main.c        ****  * ========================================
  11:main.c        **** */
  12:main.c        **** #include "project.h"
  13:main.c        **** #include "string.h"
  14:main.c        **** #include "stepper.h"
  15:main.c        **** #include "stdlib.h"
  16:main.c        **** uint16 lcd_i = 0;
  17:main.c        **** 
  18:main.c        **** //uint16 alphabet[27][2] = {{LCD_CUSTOM_6, LCD_CUSTOM_7}, {LCD_CUSTOM_1, LCD_CUSTOM_7}, {LCD_CUSTOM
  19:main.c        **** //                          {LCD_CUSTOM_6, LCD_CUSTOM_4}, {LCD_CUSTOM_1, LCD_CUSTOM_6}, {LCD_CUSTOM
  20:main.c        **** //                           {LCD_CUSTOM_4, LCD_CUSTOM_6}, {LCD_CUSTOM_4, LCD_CUSTOM_1}, {LCD_CUSTO
  21:main.c        **** //                           {LCD_CUSTOM_3, LCD_CUSTOM_6}, {LCD_CUSTOM_3, LCD_CUSTOM_1}, {LCD_CUSTO
  22:main.c        **** //                            {LCD_CUSTOM_0, LCD_CUSTOM_1}, {LCD_CUSTOM_0, LCD_CUSTOM_4}, {LCD_CUST
  23:main.c        **** //                            {LCD_CUSTOM_3, LCD_CUSTOM_5}, {LCD_CUSTOM_0, LCD_CUSTOM_5}, {LCD_CUST
  24:main.c        **** //                            {LCD_CUSTOM_3, LCD_CUSTOM_0}, {LCD_CUSTOM_3, LCD_CUSTOM_2}, 
  25:main.c        **** //                            {LCD_CUSTOM_5, LCD_CUSTOM_0}};  // Digit character
  26:main.c        **** uint16 lcd_alphabet[8] = {LCD_CUSTOM_0, LCD_CUSTOM_1, LCD_CUSTOM_2, LCD_CUSTOM_3, LCD_CUSTOM_4, LCD
  27:main.c        **** 
  28:main.c        **** uint8 hands_alphabet[27][2] = {{2, 1}, {3, 1}, {2,2}, {2, 3}, {2, 7}, {3, 2}, {3,3}, {3,7}, {7, 2},
  29:main.c        ****                             {6, 3}, {6, 7}, {4, 2}, {4, 3}, {4,7}, {5, 2},{5, 3}, {6, 0}, {4, 0}, {
  30:main.c        **** 
ARM GAS  C:\Users\User\AppData\Local\Temp\cc4TyDN4.s 			page 2


  31:main.c        **** uint8 hands_position[60];
  32:main.c        **** 
  33:main.c        **** 
  34:main.c        **** void print_num_sign(){
  28              		.loc 1 34 0
  29              		.cfi_startproc
  30              		@ args = 0, pretend = 0, frame = 0
  31              		@ frame_needed = 0, uses_anonymous_args = 0
  32 0000 70B5     		push	{r4, r5, r6, lr}
  33              		.cfi_def_cfa_offset 16
  34              		.cfi_offset 4, -16
  35              		.cfi_offset 5, -12
  36              		.cfi_offset 6, -8
  37              		.cfi_offset 14, -4
  35:main.c        ****     
  36:main.c        ****     // Prints number sign (26 - digit char)
  37:main.c        ****     
  38:main.c        ****     LCD_Position(0u, lcd_i);
  38              		.loc 1 38 0
  39 0002 134C     		ldr	r4, .L2
  40 0004 2178     		ldrb	r1, [r4]
  41 0006 0020     		movs	r0, #0
  42 0008 FFF7FEFF 		bl	LCD_Position
  43              	.LVL0:
  39:main.c        ****     LCD_PutChar(' ');
  44              		.loc 1 39 0
  45 000c 2020     		movs	r0, #32
  46 000e FFF7FEFF 		bl	LCD_PutChar
  47              	.LVL1:
  40:main.c        ****     
  41:main.c        ****     LCD_Position(1u, lcd_i);
  48              		.loc 1 41 0
  49 0012 2178     		ldrb	r1, [r4]
  50 0014 0120     		movs	r0, #1
  51 0016 FFF7FEFF 		bl	LCD_Position
  52              	.LVL2:
  42:main.c        ****     LCD_PutChar(lcd_alphabet[hands_alphabet[26][0]]);
  53              		.loc 1 42 0
  54 001a 0E4D     		ldr	r5, .L2+4
  55 001c 3423     		movs	r3, #52
  56 001e EB5C     		ldrb	r3, [r5, r3]
  57 0020 5B00     		lsls	r3, r3, #1
  58 0022 EB18     		adds	r3, r5, r3
  59 0024 188F     		ldrh	r0, [r3, #56]
  60 0026 C0B2     		uxtb	r0, r0
  61 0028 FFF7FEFF 		bl	LCD_PutChar
  62              	.LVL3:
  43:main.c        ****     LCD_Position(1u, lcd_i + 1);
  63              		.loc 1 43 0
  64 002c 2188     		ldrh	r1, [r4]
  65 002e 0131     		adds	r1, r1, #1
  66 0030 C9B2     		uxtb	r1, r1
  67 0032 0120     		movs	r0, #1
  68 0034 FFF7FEFF 		bl	LCD_Position
  69              	.LVL4:
  44:main.c        ****     LCD_PutChar(lcd_alphabet[hands_alphabet[26][1]]);
  70              		.loc 1 44 0
ARM GAS  C:\Users\User\AppData\Local\Temp\cc4TyDN4.s 			page 3


  71 0038 3523     		movs	r3, #53
  72 003a EB5C     		ldrb	r3, [r5, r3]
  73 003c 5B00     		lsls	r3, r3, #1
  74 003e EB18     		adds	r3, r5, r3
  75 0040 188F     		ldrh	r0, [r3, #56]
  76 0042 C0B2     		uxtb	r0, r0
  77 0044 FFF7FEFF 		bl	LCD_PutChar
  78              	.LVL5:
  45:main.c        ****     
  46:main.c        ****     lcd_i += 2;
  79              		.loc 1 46 0
  80 0048 2388     		ldrh	r3, [r4]
  81 004a 0233     		adds	r3, r3, #2
  82 004c 2380     		strh	r3, [r4]
  47:main.c        **** }
  83              		.loc 1 47 0
  84              		@ sp needed
  85 004e 70BD     		pop	{r4, r5, r6, pc}
  86              	.L3:
  87              		.align	2
  88              	.L2:
  89 0050 00000000 		.word	.LANCHOR0
  90 0054 00000000 		.word	.LANCHOR1
  91              		.cfi_endproc
  92              	.LFE35:
  93              		.size	print_num_sign, .-print_num_sign
  94              		.section	.text.main,"ax",%progbits
  95              		.align	2
  96              		.global	main
  97              		.code	16
  98              		.thumb_func
  99              		.type	main, %function
 100              	main:
 101              	.LFB36:
  48:main.c        **** 
  49:main.c        **** int main()
  50:main.c        **** {
 102              		.loc 1 50 0
 103              		.cfi_startproc
 104              		@ args = 0, pretend = 0, frame = 8
 105              		@ frame_needed = 0, uses_anonymous_args = 0
 106 0000 F0B5     		push	{r4, r5, r6, r7, lr}
 107              		.cfi_def_cfa_offset 20
 108              		.cfi_offset 4, -20
 109              		.cfi_offset 5, -16
 110              		.cfi_offset 6, -12
 111              		.cfi_offset 7, -8
 112              		.cfi_offset 14, -4
 113 0002 5F46     		mov	r7, fp
 114 0004 5646     		mov	r6, r10
 115 0006 4D46     		mov	r5, r9
 116 0008 4446     		mov	r4, r8
 117 000a F0B4     		push	{r4, r5, r6, r7}
 118              		.cfi_def_cfa_offset 36
 119              		.cfi_offset 8, -36
 120              		.cfi_offset 9, -32
 121              		.cfi_offset 10, -28
ARM GAS  C:\Users\User\AppData\Local\Temp\cc4TyDN4.s 			page 4


 122              		.cfi_offset 11, -24
 123 000c 83B0     		sub	sp, sp, #12
 124              		.cfi_def_cfa_offset 48
  51:main.c        ****     CyGlobalIntEnable;
 125              		.loc 1 51 0
 126              		.syntax divided
 127              	@ 51 "main.c" 1
 128 000e 62B6     		CPSIE   i
 129              	@ 0 "" 2
  52:main.c        ****     CyDelay(2000);
 130              		.loc 1 52 0
 131              		.thumb
 132              		.syntax unified
 133 0010 FA20     		movs	r0, #250
 134 0012 C000     		lsls	r0, r0, #3
 135 0014 FFF7FEFF 		bl	CyDelay
 136              	.LVL6:
 137              	.LBB2:
  53:main.c        ****     for (int i=0; i< 60; i++) hands_position[i] = 7;
 138              		.loc 1 53 0
 139 0018 0023     		movs	r3, #0
 140 001a 03E0     		b	.L5
 141              	.LVL7:
 142              	.L6:
 143              		.loc 1 53 0 is_stmt 0 discriminator 3
 144 001c 0721     		movs	r1, #7
 145 001e 654A     		ldr	r2, .L23
 146 0020 D154     		strb	r1, [r2, r3]
 147 0022 0133     		adds	r3, r3, #1
 148              	.LVL8:
 149              	.L5:
 150              		.loc 1 53 0 discriminator 1
 151 0024 3B2B     		cmp	r3, #59
 152 0026 F9DD     		ble	.L6
 153              	.LBE2:
  54:main.c        ****     
  55:main.c        ****     LCD_Start(); 
 154              		.loc 1 55 0 is_stmt 1
 155 0028 FFF7FEFF 		bl	LCD_Start
 156              	.LVL9:
  56:main.c        ****     Pin_EN_Write(0);
 157              		.loc 1 56 0
 158 002c 0020     		movs	r0, #0
 159 002e FFF7FEFF 		bl	Pin_EN_Write
 160              	.LVL10:
  57:main.c        ****     uint8 arr_dir[10] = {0, 0, 1, 0, 1, 0, 1, 1, 0, 1};
  58:main.c        ****     uint16 arr_steps[2] = {832, 1280};
  59:main.c        ****     
  60:main.c        ****     uint16 letter_i = 0;
  61:main.c        ****     bool isNum = false;
  62:main.c        ****     int letter_ascii;
  63:main.c        ****     uint8 letter;
  64:main.c        ****     uint8 pos_l;
  65:main.c        ****     uint8 pos_r;
  66:main.c        ****     char br1;
  67:main.c        ****     char br2;
  68:main.c        ****     X_DIRECTION_ENUM dir;
ARM GAS  C:\Users\User\AppData\Local\Temp\cc4TyDN4.s 			page 5


  69:main.c        ****     char *str = "OlegFarenyuk";
  70:main.c        ****     //char str[12] = {'o','l','e','g','f','a','r','e','n','i', 'u','k'};
  71:main.c        ****     LCD_ClearDisplay();
 161              		.loc 1 71 0
 162 0032 0120     		movs	r0, #1
 163 0034 FFF7FEFF 		bl	LCD_WriteControl
 164              	.LVL11:
  72:main.c        ****     if (!Stepper_Init()) 
 165              		.loc 1 72 0
 166 0038 FFF7FEFF 		bl	Stepper_Init
 167              	.LVL12:
 168 003c 0028     		cmp	r0, #0
 169 003e 03D1     		bne	.L7
  73:main.c        ****     {
  74:main.c        ****         LCD_PutChar('s');
 170              		.loc 1 74 0
 171 0040 7330     		adds	r0, r0, #115
 172 0042 FFF7FEFF 		bl	LCD_PutChar
 173              	.LVL13:
 174              	.L8:
 175 0046 FEE7     		b	.L8
 176              	.L7:
  75:main.c        ****         while (1){}
  76:main.c        ****     }  
  77:main.c        ****     
  78:main.c        ****     Counter_Motor_Steps_Start();
 177              		.loc 1 78 0
 178 0048 FFF7FEFF 		bl	Counter_Motor_Steps_Start
 179              	.LVL14:
  79:main.c        ****     
  80:main.c        ****     
  81:main.c        **** //    Stepper_MoveX(false, MOTOR_2, DIR_CLOCKWISE, 350);
  82:main.c        **** //    CyDelay(1000);
  83:main.c        **** //    
  84:main.c        **** //  while(1){
  85:main.c        **** //    
  86:main.c        **** //        Stepper_MoveX(false, MOTOR_2, DIR_CNTCLCKWISE, 175);
  87:main.c        **** //        Stepper_MoveX(false, MOTOR_2, DIR_CLOCKWISE, 3650);
  88:main.c        ****        // if (Pin_Opt_Read() == 1){
  89:main.c        ****          //   LCD_PutChar('a');
  90:main.c        ****         //}
  91:main.c        ****         //else{
  92:main.c        ****          //   LCD_PutChar('b');
  93:main.c        ****         //}
  94:main.c        **** //        CyDelay(1000);
  95:main.c        **** //        Stepper_MoveX(false, MOTOR_2, DIR_CLOCKWISE, 1450);
  96:main.c        **** //        CyDelay(1000);
  97:main.c        **** //        Stepper_MoveX(false, MOTOR_2, DIR_CLOCKWISE, 800);
  98:main.c        **** //        CyDelay(1000);
  99:main.c        **** //        Stepper_MoveX(false, MOTOR_2, DIR_CLOCKWISE, 1450);
 100:main.c        **** //        CyDelay(1000);
 101:main.c        **** //         Stepper_MoveX(false, MOTOR_2, DIR_CNTCLCKWISE, 1450);
 102:main.c        **** //        CyDelay(1000);
 103:main.c        **** //        Stepper_MoveX(false, MOTOR_2, DIR_CNTCLCKWISE, 800);
 104:main.c        **** //        CyDelay(1000);
 105:main.c        **** //        Stepper_MoveX(false, MOTOR_2, DIR_CNTCLCKWISE, 1450);
 106:main.c        **** //        CyDelay(1000);
ARM GAS  C:\Users\User\AppData\Local\Temp\cc4TyDN4.s 			page 6


 107:main.c        **** //        Stepper_MoveX(false, MOTOR_2, DIR_CNTCLCKWISE, 800);
 108:main.c        **** //        CyDelay(1000);
 109:main.c        ****    // CyDelay(100000);
 110:main.c        ****     //}
 111:main.c        **** //    
 112:main.c        ****     
 113:main.c        ****     
 114:main.c        ****     Stepper_MoveX(false, MOTOR_2, DIR_CNTCLCKWISE, 175);
 180              		.loc 1 114 0
 181 004c AF23     		movs	r3, #175
 182 004e 0022     		movs	r2, #0
 183 0050 0121     		movs	r1, #1
 184 0052 0020     		movs	r0, #0
 185 0054 FFF7FEFF 		bl	Stepper_MoveX
 186              	.LVL15:
 115:main.c        ****     Stepper_MoveX(false, MOTOR_2, DIR_CLOCKWISE, 3650);
 187              		.loc 1 115 0
 188 0058 574B     		ldr	r3, .L23+4
 189 005a 0122     		movs	r2, #1
 190 005c 0121     		movs	r1, #1
 191 005e 0020     		movs	r0, #0
 192 0060 FFF7FEFF 		bl	Stepper_MoveX
 193              	.LVL16:
  61:main.c        ****     int letter_ascii;
 194              		.loc 1 61 0
 195 0064 0023     		movs	r3, #0
 196 0066 0193     		str	r3, [sp, #4]
  60:main.c        ****     bool isNum = false;
 197              		.loc 1 60 0
 198 0068 0024     		movs	r4, #0
 199              	.LVL17:
 200              	.L20:
 116:main.c        ****     for(;;)
 117:main.c        ****     {
 118:main.c        ****         letter = str[letter_i];
 201              		.loc 1 118 0
 202 006a 544B     		ldr	r3, .L23+8
 203 006c 1F5D     		ldrb	r7, [r3, r4]
 204              	.LVL18:
 119:main.c        ****         
 120:main.c        ****         if (isdigit(letter)){
 205              		.loc 1 120 0
 206 006e 544B     		ldr	r3, .L23+12
 207 0070 1B68     		ldr	r3, [r3]
 208 0072 DB19     		adds	r3, r3, r7
 209 0074 5B78     		ldrb	r3, [r3, #1]
 210 0076 5A07     		lsls	r2, r3, #29
 211 0078 0ED5     		bpl	.L9
 121:main.c        ****             if (!isNum){
 212              		.loc 1 121 0
 213 007a 019B     		ldr	r3, [sp, #4]
 214 007c 002B     		cmp	r3, #0
 215 007e 03D1     		bne	.L10
 122:main.c        ****                print_num_sign();
 216              		.loc 1 122 0
 217 0080 FFF7FEFF 		bl	print_num_sign
 218              	.LVL19:
ARM GAS  C:\Users\User\AppData\Local\Temp\cc4TyDN4.s 			page 7


 123:main.c        ****                isNum = true;
 219              		.loc 1 123 0
 220 0084 0123     		movs	r3, #1
 221 0086 0193     		str	r3, [sp, #4]
 222              	.LVL20:
 223              	.L10:
 124:main.c        ****             }
 125:main.c        ****             
 126:main.c        ****             letter_ascii = (int)(letter) - '0';
 127:main.c        ****             if (letter_ascii == 0){
 224              		.loc 1 127 0
 225 0088 302F     		cmp	r7, #48
 226 008a 02D1     		bne	.L11
 128:main.c        ****                 letter_ascii += 9;
 227              		.loc 1 128 0
 228 008c 3B00     		movs	r3, r7
 229 008e 273B     		subs	r3, r3, #39
 230              	.LVL21:
 231 0090 0DE0     		b	.L12
 232              	.LVL22:
 233              	.L11:
 129:main.c        ****             }
 130:main.c        ****             else{
 131:main.c        ****                 letter_ascii -= 1;
 234              		.loc 1 131 0
 235 0092 3B00     		movs	r3, r7
 236 0094 313B     		subs	r3, r3, #49
 237              	.LVL23:
 238 0096 0AE0     		b	.L12
 239              	.LVL24:
 240              	.L9:
 241              	.LBB3:
 132:main.c        ****             }
 133:main.c        ****         } 
 134:main.c        ****         else{
 135:main.c        ****             isNum = false;
 136:main.c        ****             letter_ascii = (int)tolower(letter) - 'a';
 242              		.loc 1 136 0
 243 0098 0322     		movs	r2, #3
 244 009a 1340     		ands	r3, r2
 245 009c 012B     		cmp	r3, #1
 246 009e 02D1     		bne	.L13
 247              		.loc 1 136 0 is_stmt 0 discriminator 1
 248 00a0 3B00     		movs	r3, r7
 249 00a2 2033     		adds	r3, r3, #32
 250 00a4 00E0     		b	.L14
 251              	.L13:
 252              		.loc 1 136 0 discriminator 2
 253 00a6 3B00     		movs	r3, r7
 254              	.L14:
 255              	.LBE3:
 256              		.loc 1 136 0 discriminator 4
 257 00a8 613B     		subs	r3, r3, #97
 258              	.LVL25:
 135:main.c        ****             letter_ascii = (int)tolower(letter) - 'a';
 259              		.loc 1 135 0 is_stmt 1 discriminator 4
 260 00aa 0022     		movs	r2, #0
ARM GAS  C:\Users\User\AppData\Local\Temp\cc4TyDN4.s 			page 8


 261 00ac 0192     		str	r2, [sp, #4]
 262              	.LVL26:
 263              	.L12:
 137:main.c        ****         }
 138:main.c        ****         
 139:main.c        ****         pos_l = hands_alphabet[letter_ascii][0];
 264              		.loc 1 139 0
 265 00ae 454A     		ldr	r2, .L23+16
 266 00b0 5B00     		lsls	r3, r3, #1
 267              	.LVL27:
 268 00b2 9D5C     		ldrb	r5, [r3, r2]
 269              	.LVL28:
 140:main.c        ****         pos_r = hands_alphabet[letter_ascii][1];
 270              		.loc 1 140 0
 271 00b4 D318     		adds	r3, r2, r3
 272 00b6 5E78     		ldrb	r6, [r3, #1]
 273              	.LVL29:
 141:main.c        ****         br1 = lcd_alphabet[pos_l];
 274              		.loc 1 141 0
 275 00b8 6B00     		lsls	r3, r5, #1
 276 00ba D318     		adds	r3, r2, r3
 277 00bc 1B8F     		ldrh	r3, [r3, #56]
 278 00be DBB2     		uxtb	r3, r3
 279 00c0 9A46     		mov	r10, r3
 280              	.LVL30:
 142:main.c        ****         br2 = lcd_alphabet[pos_r];
 281              		.loc 1 142 0
 282 00c2 7300     		lsls	r3, r6, #1
 283 00c4 D218     		adds	r2, r2, r3
 284 00c6 138F     		ldrh	r3, [r2, #56]
 285 00c8 DBB2     		uxtb	r3, r3
 286 00ca 9946     		mov	r9, r3
 287              	.LVL31:
 143:main.c        ****         
 144:main.c        ****         LCD_Position(0u, lcd_i);
 288              		.loc 1 144 0
 289 00cc 3E4B     		ldr	r3, .L23+20
 290 00ce 9B46     		mov	fp, r3
 291 00d0 1978     		ldrb	r1, [r3]
 292 00d2 0020     		movs	r0, #0
 293 00d4 FFF7FEFF 		bl	LCD_Position
 294              	.LVL32:
 145:main.c        ****         LCD_PutChar(letter);
 295              		.loc 1 145 0
 296 00d8 3800     		movs	r0, r7
 297 00da FFF7FEFF 		bl	LCD_PutChar
 298              	.LVL33:
 146:main.c        ****         LCD_Position(1u, lcd_i);
 299              		.loc 1 146 0
 300 00de 5B46     		mov	r3, fp
 301 00e0 1978     		ldrb	r1, [r3]
 302 00e2 0120     		movs	r0, #1
 303 00e4 FFF7FEFF 		bl	LCD_Position
 304              	.LVL34:
 147:main.c        ****         LCD_PutChar(br1);
 305              		.loc 1 147 0
 306 00e8 5046     		mov	r0, r10
ARM GAS  C:\Users\User\AppData\Local\Temp\cc4TyDN4.s 			page 9


 307 00ea FFF7FEFF 		bl	LCD_PutChar
 308              	.LVL35:
 148:main.c        ****         LCD_Position(1u, lcd_i + 1);
 309              		.loc 1 148 0
 310 00ee 5B46     		mov	r3, fp
 311 00f0 1988     		ldrh	r1, [r3]
 312 00f2 0131     		adds	r1, r1, #1
 313 00f4 C9B2     		uxtb	r1, r1
 314 00f6 0120     		movs	r0, #1
 315 00f8 FFF7FEFF 		bl	LCD_Position
 316              	.LVL36:
 149:main.c        ****         LCD_PutChar(br2);
 317              		.loc 1 149 0
 318 00fc 4846     		mov	r0, r9
 319 00fe FFF7FEFF 		bl	LCD_PutChar
 320              	.LVL37:
 150:main.c        ****         
 151:main.c        ****         if (pos_l > hands_position[letter_i * 2]){ 
 321              		.loc 1 151 0
 322 0102 6300     		lsls	r3, r4, #1
 323 0104 9846     		mov	r8, r3
 324 0106 2B4B     		ldr	r3, .L23
 325 0108 4246     		mov	r2, r8
 326 010a 9B5C     		ldrb	r3, [r3, r2]
 327 010c 9D42     		cmp	r5, r3
 328 010e 01D9     		bls	.L21
 152:main.c        ****             dir = DIR_CNTCLCKWISE;
 329              		.loc 1 152 0
 330 0110 0022     		movs	r2, #0
 331 0112 00E0     		b	.L15
 332              	.L21:
 153:main.c        ****         }
 154:main.c        ****         else{
 155:main.c        ****             dir = DIR_CLOCKWISE;
 333              		.loc 1 155 0
 334 0114 0122     		movs	r2, #1
 335              	.L15:
 336              	.LVL38:
 156:main.c        ****         }
 157:main.c        ****         
 158:main.c        ****       //  CyDelay(1000);
 159:main.c        ****         if (pos_l != hands_position[letter_i * 2 ]){
 337              		.loc 1 159 0
 338 0116 9D42     		cmp	r5, r3
 339 0118 0AD0     		beq	.L16
 160:main.c        ****             Stepper_MoveX(false, MOTOR_1, dir, 640 * abs(pos_l - hands_position[letter_i * 2]));  /
 340              		.loc 1 160 0
 341 011a EB1A     		subs	r3, r5, r3
 342 011c D917     		asrs	r1, r3, #31
 343 011e 5B18     		adds	r3, r3, r1
 344 0120 4B40     		eors	r3, r1
 345 0122 9900     		lsls	r1, r3, #2
 346 0124 C918     		adds	r1, r1, r3
 347 0126 CB01     		lsls	r3, r1, #7
 348 0128 0021     		movs	r1, #0
 349 012a 0020     		movs	r0, #0
 350 012c FFF7FEFF 		bl	Stepper_MoveX
ARM GAS  C:\Users\User\AppData\Local\Temp\cc4TyDN4.s 			page 10


 351              	.LVL39:
 352              	.L16:
 161:main.c        ****            // CyDelay(1000);
 162:main.c        ****         }
 163:main.c        ****         
 164:main.c        ****         Stepper_MoveX(false, MOTOR_2, DIR_CLOCKWISE, arr_steps[0]);  // big motor
 353              		.loc 1 164 0
 354 0130 D023     		movs	r3, #208
 355 0132 9B00     		lsls	r3, r3, #2
 356 0134 0122     		movs	r2, #1
 357 0136 0121     		movs	r1, #1
 358 0138 0020     		movs	r0, #0
 359 013a FFF7FEFF 		bl	Stepper_MoveX
 360              	.LVL40:
 165:main.c        ****         hands_position[letter_i * 2] = pos_l;
 361              		.loc 1 165 0
 362 013e 1D4B     		ldr	r3, .L23
 363 0140 4246     		mov	r2, r8
 364 0142 9D54     		strb	r5, [r3, r2]
 166:main.c        ****         
 167:main.c        ****         
 168:main.c        ****         if (pos_r > hands_position[letter_i * 2 + 1]){ 
 365              		.loc 1 168 0
 366 0144 551C     		adds	r5, r2, #1
 367              	.LVL41:
 368 0146 5B5D     		ldrb	r3, [r3, r5]
 369              	.LVL42:
 370 0148 9E42     		cmp	r6, r3
 371 014a 01D9     		bls	.L22
 169:main.c        ****             dir = DIR_CNTCLCKWISE;
 372              		.loc 1 169 0
 373 014c 0022     		movs	r2, #0
 374              	.LVL43:
 375 014e 00E0     		b	.L17
 376              	.LVL44:
 377              	.L22:
 170:main.c        ****         }
 171:main.c        ****         else{
 172:main.c        ****             dir = DIR_CLOCKWISE;
 378              		.loc 1 172 0
 379 0150 0122     		movs	r2, #1
 380              	.LVL45:
 381              	.L17:
 173:main.c        ****         }
 174:main.c        ****        
 175:main.c        ****         //CyDelay(1000);
 176:main.c        ****         if (pos_r != hands_position[letter_i * 2 + 1]){
 382              		.loc 1 176 0
 383 0152 9E42     		cmp	r6, r3
 384 0154 0AD0     		beq	.L18
 177:main.c        ****             Stepper_MoveX(false, MOTOR_1, dir, 640 * abs(pos_r - hands_position[letter_i * 2 + 1]))
 385              		.loc 1 177 0
 386 0156 F31A     		subs	r3, r6, r3
 387 0158 D917     		asrs	r1, r3, #31
 388 015a 5B18     		adds	r3, r3, r1
 389 015c 4B40     		eors	r3, r1
 390 015e 9900     		lsls	r1, r3, #2
ARM GAS  C:\Users\User\AppData\Local\Temp\cc4TyDN4.s 			page 11


 391 0160 C918     		adds	r1, r1, r3
 392 0162 CB01     		lsls	r3, r1, #7
 393 0164 0021     		movs	r1, #0
 394 0166 0020     		movs	r0, #0
 395 0168 FFF7FEFF 		bl	Stepper_MoveX
 396              	.LVL46:
 397              	.L18:
 178:main.c        ****         //   CyDelay(1000);
 179:main.c        ****         }
 180:main.c        ****          Stepper_MoveX(false, MOTOR_2, DIR_CLOCKWISE, arr_steps[1]);  // big motor
 398              		.loc 1 180 0
 399 016c A023     		movs	r3, #160
 400 016e DB00     		lsls	r3, r3, #3
 401 0170 0122     		movs	r2, #1
 402 0172 0121     		movs	r1, #1
 403 0174 0020     		movs	r0, #0
 404 0176 FFF7FEFF 		bl	Stepper_MoveX
 405              	.LVL47:
 181:main.c        ****         
 182:main.c        ****         hands_position[letter_i * 2 + 1] = pos_r;
 406              		.loc 1 182 0
 407 017a 0E4B     		ldr	r3, .L23
 408 017c 5E55     		strb	r6, [r3, r5]
 183:main.c        ****         
 184:main.c        ****         
 185:main.c        ****         
 186:main.c        ****         
 187:main.c        ****         
 188:main.c        ****         lcd_i += 2;
 409              		.loc 1 188 0
 410 017e 124A     		ldr	r2, .L23+20
 411 0180 1388     		ldrh	r3, [r2]
 412 0182 0233     		adds	r3, r3, #2
 413 0184 9BB2     		uxth	r3, r3
 414 0186 1380     		strh	r3, [r2]
 189:main.c        ****         letter_i++;
 415              		.loc 1 189 0
 416 0188 0134     		adds	r4, r4, #1
 417              	.LVL48:
 418 018a A4B2     		uxth	r4, r4
 419              	.LVL49:
 190:main.c        ****         if (lcd_i == 40){
 420              		.loc 1 190 0
 421 018c 282B     		cmp	r3, #40
 422 018e 05D1     		bne	.L19
 191:main.c        ****             lcd_i = 0;
 423              		.loc 1 191 0
 424 0190 0022     		movs	r2, #0
 425 0192 0D4B     		ldr	r3, .L23+20
 426 0194 1A80     		strh	r2, [r3]
 192:main.c        ****             LCD_ClearDisplay();
 427              		.loc 1 192 0
 428 0196 0120     		movs	r0, #1
 429 0198 FFF7FEFF 		bl	LCD_WriteControl
 430              	.LVL50:
 431              	.L19:
 193:main.c        ****         }
ARM GAS  C:\Users\User\AppData\Local\Temp\cc4TyDN4.s 			page 12


 194:main.c        ****         if (letter_i == 12){
 432              		.loc 1 194 0
 433 019c 0C2C     		cmp	r4, #12
 434 019e 00D0     		beq	.LCB395
 435 01a0 63E7     		b	.L20	@long jump
 436              	.LCB395:
 195:main.c        ****          //   Stepper_MoveX(false, MOTOR_2, DIR_CNTCLCKWISE, 56000);
 196:main.c        ****            // LCD_ClearDisplay();
 197:main.c        ****             break;
 198:main.c        ****         }
 199:main.c        ****         
 200:main.c        ****         
 201:main.c        ****     }
 202:main.c        **** }
 437              		.loc 1 202 0
 438 01a2 0020     		movs	r0, #0
 439 01a4 03B0     		add	sp, sp, #12
 440              		@ sp needed
 441              	.LVL51:
 442              	.LVL52:
 443              	.LVL53:
 444              	.LVL54:
 445              	.LVL55:
 446 01a6 3CBC     		pop	{r2, r3, r4, r5}
 447 01a8 9046     		mov	r8, r2
 448 01aa 9946     		mov	r9, r3
 449 01ac A246     		mov	r10, r4
 450 01ae AB46     		mov	fp, r5
 451 01b0 F0BD     		pop	{r4, r5, r6, r7, pc}
 452              	.L24:
 453 01b2 C046     		.align	2
 454              	.L23:
 455 01b4 00000000 		.word	hands_position
 456 01b8 420E0000 		.word	3650
 457 01bc 00000000 		.word	.LC5
 458 01c0 00000000 		.word	__ctype_ptr__
 459 01c4 00000000 		.word	.LANCHOR1
 460 01c8 00000000 		.word	.LANCHOR0
 461              		.cfi_endproc
 462              	.LFE36:
 463              		.size	main, .-main
 464              		.comm	hands_position,60,4
 465              		.global	hands_alphabet
 466              		.global	lcd_alphabet
 467              		.global	lcd_i
 468              		.data
 469              		.align	2
 470              		.set	.LANCHOR1,. + 0
 471              		.type	hands_alphabet, %object
 472              		.size	hands_alphabet, 54
 473              	hands_alphabet:
 474 0000 02       		.byte	2
 475 0001 01       		.byte	1
 476 0002 03       		.byte	3
 477 0003 01       		.byte	1
 478 0004 02       		.byte	2
 479 0005 02       		.byte	2
ARM GAS  C:\Users\User\AppData\Local\Temp\cc4TyDN4.s 			page 13


 480 0006 02       		.byte	2
 481 0007 03       		.byte	3
 482 0008 02       		.byte	2
 483 0009 07       		.byte	7
 484 000a 03       		.byte	3
 485 000b 02       		.byte	2
 486 000c 03       		.byte	3
 487 000d 03       		.byte	3
 488 000e 03       		.byte	3
 489 000f 07       		.byte	7
 490 0010 07       		.byte	7
 491 0011 02       		.byte	2
 492 0012 07       		.byte	7
 493 0013 03       		.byte	3
 494 0014 06       		.byte	6
 495 0015 01       		.byte	1
 496 0016 04       		.byte	4
 497 0017 01       		.byte	1
 498 0018 06       		.byte	6
 499 0019 02       		.byte	2
 500 001a 06       		.byte	6
 501 001b 03       		.byte	3
 502 001c 06       		.byte	6
 503 001d 07       		.byte	7
 504 001e 04       		.byte	4
 505 001f 02       		.byte	2
 506 0020 04       		.byte	4
 507 0021 03       		.byte	3
 508 0022 04       		.byte	4
 509 0023 07       		.byte	7
 510 0024 05       		.byte	5
 511 0025 02       		.byte	2
 512 0026 05       		.byte	5
 513 0027 03       		.byte	3
 514 0028 06       		.byte	6
 515 0029 00       		.byte	0
 516 002a 04       		.byte	4
 517 002b 00       		.byte	0
 518 002c 07       		.byte	7
 519 002d 04       		.byte	4
 520 002e 06       		.byte	6
 521 002f 06       		.byte	6
 522 0030 06       		.byte	6
 523 0031 04       		.byte	4
 524 0032 06       		.byte	6
 525 0033 05       		.byte	5
 526 0034 00       		.byte	0
 527 0035 04       		.byte	4
 528 0036 0000     		.space	2
 529              		.type	lcd_alphabet, %object
 530              		.size	lcd_alphabet, 16
 531              	lcd_alphabet:
 532 0038 0000     		.short	0
 533 003a 0100     		.short	1
 534 003c 0200     		.short	2
 535 003e 0300     		.short	3
 536 0040 0400     		.short	4
ARM GAS  C:\Users\User\AppData\Local\Temp\cc4TyDN4.s 			page 14


 537 0042 0500     		.short	5
 538 0044 0600     		.short	6
 539 0046 0700     		.short	7
 540              		.section	.rodata.str1.4,"aMS",%progbits,1
 541              		.align	2
 542              	.LC5:
 543 0000 4F6C6567 		.ascii	"OlegFarenyuk\000"
 543      46617265 
 543      6E79756B 
 543      00
 544              		.bss
 545              		.align	1
 546              		.set	.LANCHOR0,. + 0
 547              		.type	lcd_i, %object
 548              		.size	lcd_i, 2
 549              	lcd_i:
 550 0000 0000     		.space	2
 551              		.text
 552              	.Letext0:
 553              		.file 2 "Generated_Source\\PSoC4/cytypes.h"
 554              		.file 3 "stepper.h"
 555              		.file 4 "c:\\program files (x86)\\cypress\\psoc creator\\4.2\\psoc creator\\import\\gnu\\arm\\5.4.
 556              		.file 5 "Generated_Source\\PSoC4/LCD.h"
 557              		.file 6 "Generated_Source\\PSoC4/CyLib.h"
 558              		.file 7 "Generated_Source\\PSoC4/Pin_EN.h"
 559              		.file 8 "Generated_Source\\PSoC4/Counter_Motor_Steps.h"
 560              		.section	.debug_info,"",%progbits
 561              	.Ldebug_info0:
 562 0000 22050000 		.4byte	0x522
 563 0004 0400     		.2byte	0x4
 564 0006 00000000 		.4byte	.Ldebug_abbrev0
 565 000a 04       		.byte	0x4
 566 000b 01       		.uleb128 0x1
 567 000c 8C010000 		.4byte	.LASF44
 568 0010 0C       		.byte	0xc
 569 0011 31020000 		.4byte	.LASF45
 570 0015 3A010000 		.4byte	.LASF46
 571 0019 00000000 		.4byte	.Ldebug_ranges0+0
 572 001d 00000000 		.4byte	0
 573 0021 00000000 		.4byte	.Ldebug_line0
 574 0025 02       		.uleb128 0x2
 575 0026 01       		.byte	0x1
 576 0027 06       		.byte	0x6
 577 0028 BD020000 		.4byte	.LASF0
 578 002c 02       		.uleb128 0x2
 579 002d 01       		.byte	0x1
 580 002e 08       		.byte	0x8
 581 002f 48000000 		.4byte	.LASF1
 582 0033 02       		.uleb128 0x2
 583 0034 02       		.byte	0x2
 584 0035 05       		.byte	0x5
 585 0036 E3000000 		.4byte	.LASF2
 586 003a 02       		.uleb128 0x2
 587 003b 02       		.byte	0x2
 588 003c 07       		.byte	0x7
 589 003d 95000000 		.4byte	.LASF3
 590 0041 02       		.uleb128 0x2
ARM GAS  C:\Users\User\AppData\Local\Temp\cc4TyDN4.s 			page 15


 591 0042 04       		.byte	0x4
 592 0043 05       		.byte	0x5
 593 0044 A8000000 		.4byte	.LASF4
 594 0048 02       		.uleb128 0x2
 595 0049 04       		.byte	0x4
 596 004a 07       		.byte	0x7
 597 004b 75000000 		.4byte	.LASF5
 598 004f 02       		.uleb128 0x2
 599 0050 08       		.byte	0x8
 600 0051 05       		.byte	0x5
 601 0052 23020000 		.4byte	.LASF6
 602 0056 02       		.uleb128 0x2
 603 0057 08       		.byte	0x8
 604 0058 07       		.byte	0x7
 605 0059 23010000 		.4byte	.LASF7
 606 005d 03       		.uleb128 0x3
 607 005e 04       		.byte	0x4
 608 005f 05       		.byte	0x5
 609 0060 696E7400 		.ascii	"int\000"
 610 0064 02       		.uleb128 0x2
 611 0065 04       		.byte	0x4
 612 0066 07       		.byte	0x7
 613 0067 0C010000 		.4byte	.LASF8
 614 006b 04       		.uleb128 0x4
 615 006c 7E020000 		.4byte	.LASF9
 616 0070 02       		.byte	0x2
 617 0071 E401     		.2byte	0x1e4
 618 0073 2C000000 		.4byte	0x2c
 619 0077 04       		.uleb128 0x4
 620 0078 ED000000 		.4byte	.LASF10
 621 007c 02       		.byte	0x2
 622 007d E501     		.2byte	0x1e5
 623 007f 3A000000 		.4byte	0x3a
 624 0083 02       		.uleb128 0x2
 625 0084 04       		.byte	0x4
 626 0085 04       		.byte	0x4
 627 0086 3A000000 		.4byte	.LASF11
 628 008a 02       		.uleb128 0x2
 629 008b 08       		.byte	0x8
 630 008c 04       		.byte	0x4
 631 008d CF000000 		.4byte	.LASF12
 632 0091 02       		.uleb128 0x2
 633 0092 01       		.byte	0x1
 634 0093 08       		.byte	0x8
 635 0094 38020000 		.4byte	.LASF13
 636 0098 02       		.uleb128 0x2
 637 0099 08       		.byte	0x8
 638 009a 04       		.byte	0x4
 639 009b AA020000 		.4byte	.LASF14
 640 009f 02       		.uleb128 0x2
 641 00a0 04       		.byte	0x4
 642 00a1 07       		.byte	0x7
 643 00a2 1A020000 		.4byte	.LASF15
 644 00a6 05       		.uleb128 0x5
 645 00a7 04       		.byte	0x4
 646 00a8 91000000 		.4byte	0x91
 647 00ac 05       		.uleb128 0x5
ARM GAS  C:\Users\User\AppData\Local\Temp\cc4TyDN4.s 			page 16


 648 00ad 04       		.byte	0x4
 649 00ae B2000000 		.4byte	0xb2
 650 00b2 06       		.uleb128 0x6
 651 00b3 91000000 		.4byte	0x91
 652 00b7 07       		.uleb128 0x7
 653 00b8 01       		.byte	0x1
 654 00b9 2C000000 		.4byte	0x2c
 655 00bd 03       		.byte	0x3
 656 00be 11       		.byte	0x11
 657 00bf D0000000 		.4byte	0xd0
 658 00c3 08       		.uleb128 0x8
 659 00c4 65000000 		.4byte	.LASF16
 660 00c8 00       		.byte	0
 661 00c9 08       		.uleb128 0x8
 662 00ca 68020000 		.4byte	.LASF17
 663 00ce 01       		.byte	0x1
 664 00cf 00       		.byte	0
 665 00d0 09       		.uleb128 0x9
 666 00d1 BE000000 		.4byte	.LASF18
 667 00d5 03       		.byte	0x3
 668 00d6 14       		.byte	0x14
 669 00d7 B7000000 		.4byte	0xb7
 670 00db 07       		.uleb128 0x7
 671 00dc 01       		.byte	0x1
 672 00dd 2C000000 		.4byte	0x2c
 673 00e1 03       		.byte	0x3
 674 00e2 16       		.byte	0x16
 675 00e3 F4000000 		.4byte	0xf4
 676 00e7 08       		.uleb128 0x8
 677 00e8 76020000 		.4byte	.LASF19
 678 00ec 00       		.byte	0
 679 00ed 08       		.uleb128 0x8
 680 00ee 40000000 		.4byte	.LASF20
 681 00f2 01       		.byte	0x1
 682 00f3 00       		.byte	0
 683 00f4 0A       		.uleb128 0xa
 684 00f5 84020000 		.4byte	.LASF47
 685 00f9 01       		.byte	0x1
 686 00fa 22       		.byte	0x22
 687 00fb 00000000 		.4byte	.LFB35
 688 00ff 58000000 		.4byte	.LFE35-.LFB35
 689 0103 01       		.uleb128 0x1
 690 0104 9C       		.byte	0x9c
 691 0105 69010000 		.4byte	0x169
 692 0109 0B       		.uleb128 0xb
 693 010a 0C000000 		.4byte	.LVL0
 694 010e C1040000 		.4byte	0x4c1
 695 0112 1C010000 		.4byte	0x11c
 696 0116 0C       		.uleb128 0xc
 697 0117 01       		.uleb128 0x1
 698 0118 50       		.byte	0x50
 699 0119 01       		.uleb128 0x1
 700 011a 30       		.byte	0x30
 701 011b 00       		.byte	0
 702 011c 0B       		.uleb128 0xb
 703 011d 12000000 		.4byte	.LVL1
 704 0121 CC040000 		.4byte	0x4cc
ARM GAS  C:\Users\User\AppData\Local\Temp\cc4TyDN4.s 			page 17


 705 0125 30010000 		.4byte	0x130
 706 0129 0C       		.uleb128 0xc
 707 012a 01       		.uleb128 0x1
 708 012b 50       		.byte	0x50
 709 012c 02       		.uleb128 0x2
 710 012d 08       		.byte	0x8
 711 012e 20       		.byte	0x20
 712 012f 00       		.byte	0
 713 0130 0B       		.uleb128 0xb
 714 0131 1A000000 		.4byte	.LVL2
 715 0135 C1040000 		.4byte	0x4c1
 716 0139 43010000 		.4byte	0x143
 717 013d 0C       		.uleb128 0xc
 718 013e 01       		.uleb128 0x1
 719 013f 50       		.byte	0x50
 720 0140 01       		.uleb128 0x1
 721 0141 31       		.byte	0x31
 722 0142 00       		.byte	0
 723 0143 0D       		.uleb128 0xd
 724 0144 2C000000 		.4byte	.LVL3
 725 0148 CC040000 		.4byte	0x4cc
 726 014c 0B       		.uleb128 0xb
 727 014d 38000000 		.4byte	.LVL4
 728 0151 C1040000 		.4byte	0x4c1
 729 0155 5F010000 		.4byte	0x15f
 730 0159 0C       		.uleb128 0xc
 731 015a 01       		.uleb128 0x1
 732 015b 50       		.byte	0x50
 733 015c 01       		.uleb128 0x1
 734 015d 31       		.byte	0x31
 735 015e 00       		.byte	0
 736 015f 0D       		.uleb128 0xd
 737 0160 48000000 		.4byte	.LVL5
 738 0164 CC040000 		.4byte	0x4cc
 739 0168 00       		.byte	0
 740 0169 0E       		.uleb128 0xe
 741 016a 01010000 		.4byte	.LASF48
 742 016e 01       		.byte	0x1
 743 016f 31       		.byte	0x31
 744 0170 5D000000 		.4byte	0x5d
 745 0174 00000000 		.4byte	.LFB36
 746 0178 CC010000 		.4byte	.LFE36-.LFB36
 747 017c 01       		.uleb128 0x1
 748 017d 9C       		.byte	0x9c
 749 017e 15040000 		.4byte	0x415
 750 0182 0F       		.uleb128 0xf
 751 0183 99020000 		.4byte	.LASF21
 752 0187 01       		.byte	0x1
 753 0188 39       		.byte	0x39
 754 0189 15040000 		.4byte	0x415
 755 018d 0F       		.uleb128 0xf
 756 018e 19010000 		.4byte	.LASF22
 757 0192 01       		.byte	0x1
 758 0193 3A       		.byte	0x3a
 759 0194 25040000 		.4byte	0x425
 760 0198 10       		.uleb128 0x10
 761 0199 A1020000 		.4byte	.LASF23
ARM GAS  C:\Users\User\AppData\Local\Temp\cc4TyDN4.s 			page 18


 762 019d 01       		.byte	0x1
 763 019e 3C       		.byte	0x3c
 764 019f 77000000 		.4byte	0x77
 765 01a3 00000000 		.4byte	.LLST0
 766 01a7 10       		.uleb128 0x10
 767 01a8 06010000 		.4byte	.LASF24
 768 01ac 01       		.byte	0x1
 769 01ad 3D       		.byte	0x3d
 770 01ae 35040000 		.4byte	0x435
 771 01b2 2A000000 		.4byte	.LLST1
 772 01b6 10       		.uleb128 0x10
 773 01b7 B1000000 		.4byte	.LASF25
 774 01bb 01       		.byte	0x1
 775 01bc 3E       		.byte	0x3e
 776 01bd 5D000000 		.4byte	0x5d
 777 01c1 7A000000 		.4byte	.LLST2
 778 01c5 10       		.uleb128 0x10
 779 01c6 B6020000 		.4byte	.LASF26
 780 01ca 01       		.byte	0x1
 781 01cb 3F       		.byte	0x3f
 782 01cc 6B000000 		.4byte	0x6b
 783 01d0 BD000000 		.4byte	.LLST3
 784 01d4 10       		.uleb128 0x10
 785 01d5 D6020000 		.4byte	.LASF27
 786 01d9 01       		.byte	0x1
 787 01da 40       		.byte	0x40
 788 01db 6B000000 		.4byte	0x6b
 789 01df D0000000 		.4byte	.LLST4
 790 01e3 10       		.uleb128 0x10
 791 01e4 86010000 		.4byte	.LASF28
 792 01e8 01       		.byte	0x1
 793 01e9 41       		.byte	0x41
 794 01ea 6B000000 		.4byte	0x6b
 795 01ee 3A010000 		.4byte	.LLST5
 796 01f2 11       		.uleb128 0x11
 797 01f3 62723100 		.ascii	"br1\000"
 798 01f7 01       		.byte	0x1
 799 01f8 42       		.byte	0x42
 800 01f9 91000000 		.4byte	0x91
 801 01fd 4D010000 		.4byte	.LLST6
 802 0201 11       		.uleb128 0x11
 803 0202 62723200 		.ascii	"br2\000"
 804 0206 01       		.byte	0x1
 805 0207 43       		.byte	0x43
 806 0208 91000000 		.4byte	0x91
 807 020c 60010000 		.4byte	.LLST7
 808 0210 11       		.uleb128 0x11
 809 0211 64697200 		.ascii	"dir\000"
 810 0215 01       		.byte	0x1
 811 0216 44       		.byte	0x44
 812 0217 D0000000 		.4byte	0xd0
 813 021b 73010000 		.4byte	.LLST8
 814 021f 12       		.uleb128 0x12
 815 0220 73747200 		.ascii	"str\000"
 816 0224 01       		.byte	0x1
 817 0225 45       		.byte	0x45
 818 0226 A6000000 		.4byte	0xa6
ARM GAS  C:\Users\User\AppData\Local\Temp\cc4TyDN4.s 			page 19


 819 022a 06       		.uleb128 0x6
 820 022b 03       		.byte	0x3
 821 022c 00000000 		.4byte	.LC5
 822 0230 9F       		.byte	0x9f
 823 0231 13       		.uleb128 0x13
 824 0232 18000000 		.4byte	.LBB2
 825 0236 10000000 		.4byte	.LBE2-.LBB2
 826 023a 4C020000 		.4byte	0x24c
 827 023e 11       		.uleb128 0x11
 828 023f 6900     		.ascii	"i\000"
 829 0241 01       		.byte	0x1
 830 0242 35       		.byte	0x35
 831 0243 5D000000 		.4byte	0x5d
 832 0247 91010000 		.4byte	.LLST9
 833 024b 00       		.byte	0
 834 024c 13       		.uleb128 0x13
 835 024d 98000000 		.4byte	.LBB3
 836 0251 10000000 		.4byte	.LBE3-.LBB3
 837 0255 69020000 		.4byte	0x269
 838 0259 11       		.uleb128 0x11
 839 025a 5F5F7800 		.ascii	"__x\000"
 840 025e 01       		.byte	0x1
 841 025f 88       		.byte	0x88
 842 0260 6B000000 		.4byte	0x6b
 843 0264 B0010000 		.4byte	.LLST10
 844 0268 00       		.byte	0
 845 0269 0B       		.uleb128 0xb
 846 026a 18000000 		.4byte	.LVL6
 847 026e D7040000 		.4byte	0x4d7
 848 0272 7E020000 		.4byte	0x27e
 849 0276 0C       		.uleb128 0xc
 850 0277 01       		.uleb128 0x1
 851 0278 50       		.byte	0x50
 852 0279 03       		.uleb128 0x3
 853 027a 0A       		.byte	0xa
 854 027b D007     		.2byte	0x7d0
 855 027d 00       		.byte	0
 856 027e 0D       		.uleb128 0xd
 857 027f 2C000000 		.4byte	.LVL9
 858 0283 E2040000 		.4byte	0x4e2
 859 0287 0B       		.uleb128 0xb
 860 0288 32000000 		.4byte	.LVL10
 861 028c ED040000 		.4byte	0x4ed
 862 0290 9A020000 		.4byte	0x29a
 863 0294 0C       		.uleb128 0xc
 864 0295 01       		.uleb128 0x1
 865 0296 50       		.byte	0x50
 866 0297 01       		.uleb128 0x1
 867 0298 30       		.byte	0x30
 868 0299 00       		.byte	0
 869 029a 0B       		.uleb128 0xb
 870 029b 38000000 		.4byte	.LVL11
 871 029f F8040000 		.4byte	0x4f8
 872 02a3 AD020000 		.4byte	0x2ad
 873 02a7 0C       		.uleb128 0xc
 874 02a8 01       		.uleb128 0x1
 875 02a9 50       		.byte	0x50
ARM GAS  C:\Users\User\AppData\Local\Temp\cc4TyDN4.s 			page 20


 876 02aa 01       		.uleb128 0x1
 877 02ab 31       		.byte	0x31
 878 02ac 00       		.byte	0
 879 02ad 0D       		.uleb128 0xd
 880 02ae 3C000000 		.4byte	.LVL12
 881 02b2 03050000 		.4byte	0x503
 882 02b6 0D       		.uleb128 0xd
 883 02b7 46000000 		.4byte	.LVL13
 884 02bb CC040000 		.4byte	0x4cc
 885 02bf 0D       		.uleb128 0xd
 886 02c0 4C000000 		.4byte	.LVL14
 887 02c4 0E050000 		.4byte	0x50e
 888 02c8 0B       		.uleb128 0xb
 889 02c9 58000000 		.4byte	.LVL15
 890 02cd 1A050000 		.4byte	0x51a
 891 02d1 EB020000 		.4byte	0x2eb
 892 02d5 0C       		.uleb128 0xc
 893 02d6 01       		.uleb128 0x1
 894 02d7 50       		.byte	0x50
 895 02d8 01       		.uleb128 0x1
 896 02d9 30       		.byte	0x30
 897 02da 0C       		.uleb128 0xc
 898 02db 01       		.uleb128 0x1
 899 02dc 51       		.byte	0x51
 900 02dd 01       		.uleb128 0x1
 901 02de 31       		.byte	0x31
 902 02df 0C       		.uleb128 0xc
 903 02e0 01       		.uleb128 0x1
 904 02e1 52       		.byte	0x52
 905 02e2 01       		.uleb128 0x1
 906 02e3 30       		.byte	0x30
 907 02e4 0C       		.uleb128 0xc
 908 02e5 01       		.uleb128 0x1
 909 02e6 53       		.byte	0x53
 910 02e7 02       		.uleb128 0x2
 911 02e8 08       		.byte	0x8
 912 02e9 AF       		.byte	0xaf
 913 02ea 00       		.byte	0
 914 02eb 0B       		.uleb128 0xb
 915 02ec 64000000 		.4byte	.LVL16
 916 02f0 1A050000 		.4byte	0x51a
 917 02f4 0F030000 		.4byte	0x30f
 918 02f8 0C       		.uleb128 0xc
 919 02f9 01       		.uleb128 0x1
 920 02fa 50       		.byte	0x50
 921 02fb 01       		.uleb128 0x1
 922 02fc 30       		.byte	0x30
 923 02fd 0C       		.uleb128 0xc
 924 02fe 01       		.uleb128 0x1
 925 02ff 51       		.byte	0x51
 926 0300 01       		.uleb128 0x1
 927 0301 31       		.byte	0x31
 928 0302 0C       		.uleb128 0xc
 929 0303 01       		.uleb128 0x1
 930 0304 52       		.byte	0x52
 931 0305 01       		.uleb128 0x1
 932 0306 31       		.byte	0x31
ARM GAS  C:\Users\User\AppData\Local\Temp\cc4TyDN4.s 			page 21


 933 0307 0C       		.uleb128 0xc
 934 0308 01       		.uleb128 0x1
 935 0309 53       		.byte	0x53
 936 030a 03       		.uleb128 0x3
 937 030b 0A       		.byte	0xa
 938 030c 420E     		.2byte	0xe42
 939 030e 00       		.byte	0
 940 030f 0D       		.uleb128 0xd
 941 0310 84000000 		.4byte	.LVL19
 942 0314 F4000000 		.4byte	0xf4
 943 0318 0B       		.uleb128 0xb
 944 0319 D8000000 		.4byte	.LVL32
 945 031d C1040000 		.4byte	0x4c1
 946 0321 2B030000 		.4byte	0x32b
 947 0325 0C       		.uleb128 0xc
 948 0326 01       		.uleb128 0x1
 949 0327 50       		.byte	0x50
 950 0328 01       		.uleb128 0x1
 951 0329 30       		.byte	0x30
 952 032a 00       		.byte	0
 953 032b 0B       		.uleb128 0xb
 954 032c DE000000 		.4byte	.LVL33
 955 0330 CC040000 		.4byte	0x4cc
 956 0334 3F030000 		.4byte	0x33f
 957 0338 0C       		.uleb128 0xc
 958 0339 01       		.uleb128 0x1
 959 033a 50       		.byte	0x50
 960 033b 02       		.uleb128 0x2
 961 033c 77       		.byte	0x77
 962 033d 00       		.sleb128 0
 963 033e 00       		.byte	0
 964 033f 0B       		.uleb128 0xb
 965 0340 E8000000 		.4byte	.LVL34
 966 0344 C1040000 		.4byte	0x4c1
 967 0348 52030000 		.4byte	0x352
 968 034c 0C       		.uleb128 0xc
 969 034d 01       		.uleb128 0x1
 970 034e 50       		.byte	0x50
 971 034f 01       		.uleb128 0x1
 972 0350 31       		.byte	0x31
 973 0351 00       		.byte	0
 974 0352 0B       		.uleb128 0xb
 975 0353 EE000000 		.4byte	.LVL35
 976 0357 CC040000 		.4byte	0x4cc
 977 035b 66030000 		.4byte	0x366
 978 035f 0C       		.uleb128 0xc
 979 0360 01       		.uleb128 0x1
 980 0361 50       		.byte	0x50
 981 0362 02       		.uleb128 0x2
 982 0363 7A       		.byte	0x7a
 983 0364 00       		.sleb128 0
 984 0365 00       		.byte	0
 985 0366 0B       		.uleb128 0xb
 986 0367 FC000000 		.4byte	.LVL36
 987 036b C1040000 		.4byte	0x4c1
 988 036f 79030000 		.4byte	0x379
 989 0373 0C       		.uleb128 0xc
ARM GAS  C:\Users\User\AppData\Local\Temp\cc4TyDN4.s 			page 22


 990 0374 01       		.uleb128 0x1
 991 0375 50       		.byte	0x50
 992 0376 01       		.uleb128 0x1
 993 0377 31       		.byte	0x31
 994 0378 00       		.byte	0
 995 0379 0B       		.uleb128 0xb
 996 037a 02010000 		.4byte	.LVL37
 997 037e CC040000 		.4byte	0x4cc
 998 0382 8D030000 		.4byte	0x38d
 999 0386 0C       		.uleb128 0xc
 1000 0387 01       		.uleb128 0x1
 1001 0388 50       		.byte	0x50
 1002 0389 02       		.uleb128 0x2
 1003 038a 79       		.byte	0x79
 1004 038b 00       		.sleb128 0
 1005 038c 00       		.byte	0
 1006 038d 0B       		.uleb128 0xb
 1007 038e 30010000 		.4byte	.LVL39
 1008 0392 1A050000 		.4byte	0x51a
 1009 0396 A5030000 		.4byte	0x3a5
 1010 039a 0C       		.uleb128 0xc
 1011 039b 01       		.uleb128 0x1
 1012 039c 50       		.byte	0x50
 1013 039d 01       		.uleb128 0x1
 1014 039e 30       		.byte	0x30
 1015 039f 0C       		.uleb128 0xc
 1016 03a0 01       		.uleb128 0x1
 1017 03a1 51       		.byte	0x51
 1018 03a2 01       		.uleb128 0x1
 1019 03a3 30       		.byte	0x30
 1020 03a4 00       		.byte	0
 1021 03a5 0B       		.uleb128 0xb
 1022 03a6 3E010000 		.4byte	.LVL40
 1023 03aa 1A050000 		.4byte	0x51a
 1024 03ae C9030000 		.4byte	0x3c9
 1025 03b2 0C       		.uleb128 0xc
 1026 03b3 01       		.uleb128 0x1
 1027 03b4 50       		.byte	0x50
 1028 03b5 01       		.uleb128 0x1
 1029 03b6 30       		.byte	0x30
 1030 03b7 0C       		.uleb128 0xc
 1031 03b8 01       		.uleb128 0x1
 1032 03b9 51       		.byte	0x51
 1033 03ba 01       		.uleb128 0x1
 1034 03bb 31       		.byte	0x31
 1035 03bc 0C       		.uleb128 0xc
 1036 03bd 01       		.uleb128 0x1
 1037 03be 52       		.byte	0x52
 1038 03bf 01       		.uleb128 0x1
 1039 03c0 31       		.byte	0x31
 1040 03c1 0C       		.uleb128 0xc
 1041 03c2 01       		.uleb128 0x1
 1042 03c3 53       		.byte	0x53
 1043 03c4 03       		.uleb128 0x3
 1044 03c5 0A       		.byte	0xa
 1045 03c6 4003     		.2byte	0x340
 1046 03c8 00       		.byte	0
ARM GAS  C:\Users\User\AppData\Local\Temp\cc4TyDN4.s 			page 23


 1047 03c9 0B       		.uleb128 0xb
 1048 03ca 6C010000 		.4byte	.LVL46
 1049 03ce 1A050000 		.4byte	0x51a
 1050 03d2 E1030000 		.4byte	0x3e1
 1051 03d6 0C       		.uleb128 0xc
 1052 03d7 01       		.uleb128 0x1
 1053 03d8 50       		.byte	0x50
 1054 03d9 01       		.uleb128 0x1
 1055 03da 30       		.byte	0x30
 1056 03db 0C       		.uleb128 0xc
 1057 03dc 01       		.uleb128 0x1
 1058 03dd 51       		.byte	0x51
 1059 03de 01       		.uleb128 0x1
 1060 03df 30       		.byte	0x30
 1061 03e0 00       		.byte	0
 1062 03e1 0B       		.uleb128 0xb
 1063 03e2 7A010000 		.4byte	.LVL47
 1064 03e6 1A050000 		.4byte	0x51a
 1065 03ea 05040000 		.4byte	0x405
 1066 03ee 0C       		.uleb128 0xc
 1067 03ef 01       		.uleb128 0x1
 1068 03f0 50       		.byte	0x50
 1069 03f1 01       		.uleb128 0x1
 1070 03f2 30       		.byte	0x30
 1071 03f3 0C       		.uleb128 0xc
 1072 03f4 01       		.uleb128 0x1
 1073 03f5 51       		.byte	0x51
 1074 03f6 01       		.uleb128 0x1
 1075 03f7 31       		.byte	0x31
 1076 03f8 0C       		.uleb128 0xc
 1077 03f9 01       		.uleb128 0x1
 1078 03fa 52       		.byte	0x52
 1079 03fb 01       		.uleb128 0x1
 1080 03fc 31       		.byte	0x31
 1081 03fd 0C       		.uleb128 0xc
 1082 03fe 01       		.uleb128 0x1
 1083 03ff 53       		.byte	0x53
 1084 0400 03       		.uleb128 0x3
 1085 0401 0A       		.byte	0xa
 1086 0402 0005     		.2byte	0x500
 1087 0404 00       		.byte	0
 1088 0405 14       		.uleb128 0x14
 1089 0406 9C010000 		.4byte	.LVL50
 1090 040a F8040000 		.4byte	0x4f8
 1091 040e 0C       		.uleb128 0xc
 1092 040f 01       		.uleb128 0x1
 1093 0410 50       		.byte	0x50
 1094 0411 01       		.uleb128 0x1
 1095 0412 31       		.byte	0x31
 1096 0413 00       		.byte	0
 1097 0414 00       		.byte	0
 1098 0415 15       		.uleb128 0x15
 1099 0416 6B000000 		.4byte	0x6b
 1100 041a 25040000 		.4byte	0x425
 1101 041e 16       		.uleb128 0x16
 1102 041f 9F000000 		.4byte	0x9f
 1103 0423 09       		.byte	0x9
ARM GAS  C:\Users\User\AppData\Local\Temp\cc4TyDN4.s 			page 24


 1104 0424 00       		.byte	0
 1105 0425 15       		.uleb128 0x15
 1106 0426 77000000 		.4byte	0x77
 1107 042a 35040000 		.4byte	0x435
 1108 042e 16       		.uleb128 0x16
 1109 042f 9F000000 		.4byte	0x9f
 1110 0433 01       		.byte	0x1
 1111 0434 00       		.byte	0
 1112 0435 02       		.uleb128 0x2
 1113 0436 01       		.byte	0x1
 1114 0437 02       		.byte	0x2
 1115 0438 19000000 		.4byte	.LASF29
 1116 043c 17       		.uleb128 0x17
 1117 043d 87000000 		.4byte	.LASF30
 1118 0441 04       		.byte	0x4
 1119 0442 2E       		.byte	0x2e
 1120 0443 AC000000 		.4byte	0xac
 1121 0447 18       		.uleb128 0x18
 1122 0448 93020000 		.4byte	.LASF31
 1123 044c 01       		.byte	0x1
 1124 044d 10       		.byte	0x10
 1125 044e 77000000 		.4byte	0x77
 1126 0452 05       		.uleb128 0x5
 1127 0453 03       		.byte	0x3
 1128 0454 00000000 		.4byte	lcd_i
 1129 0458 15       		.uleb128 0x15
 1130 0459 77000000 		.4byte	0x77
 1131 045d 68040000 		.4byte	0x468
 1132 0461 16       		.uleb128 0x16
 1133 0462 9F000000 		.4byte	0x9f
 1134 0466 07       		.byte	0x7
 1135 0467 00       		.byte	0
 1136 0468 18       		.uleb128 0x18
 1137 0469 1F000000 		.4byte	.LASF32
 1138 046d 01       		.byte	0x1
 1139 046e 1A       		.byte	0x1a
 1140 046f 58040000 		.4byte	0x458
 1141 0473 05       		.uleb128 0x5
 1142 0474 03       		.byte	0x3
 1143 0475 00000000 		.4byte	lcd_alphabet
 1144 0479 15       		.uleb128 0x15
 1145 047a 6B000000 		.4byte	0x6b
 1146 047e 8F040000 		.4byte	0x48f
 1147 0482 16       		.uleb128 0x16
 1148 0483 9F000000 		.4byte	0x9f
 1149 0487 1A       		.byte	0x1a
 1150 0488 16       		.uleb128 0x16
 1151 0489 9F000000 		.4byte	0x9f
 1152 048d 01       		.byte	0x1
 1153 048e 00       		.byte	0
 1154 048f 18       		.uleb128 0x18
 1155 0490 00000000 		.4byte	.LASF33
 1156 0494 01       		.byte	0x1
 1157 0495 1C       		.byte	0x1c
 1158 0496 79040000 		.4byte	0x479
 1159 049a 05       		.uleb128 0x5
 1160 049b 03       		.byte	0x3
ARM GAS  C:\Users\User\AppData\Local\Temp\cc4TyDN4.s 			page 25


 1161 049c 00000000 		.4byte	hands_alphabet
 1162 04a0 15       		.uleb128 0x15
 1163 04a1 6B000000 		.4byte	0x6b
 1164 04a5 B0040000 		.4byte	0x4b0
 1165 04a9 16       		.uleb128 0x16
 1166 04aa 9F000000 		.4byte	0x9f
 1167 04ae 3B       		.byte	0x3b
 1168 04af 00       		.byte	0
 1169 04b0 18       		.uleb128 0x18
 1170 04b1 56000000 		.4byte	.LASF34
 1171 04b5 01       		.byte	0x1
 1172 04b6 1F       		.byte	0x1f
 1173 04b7 A0040000 		.4byte	0x4a0
 1174 04bb 05       		.uleb128 0x5
 1175 04bc 03       		.byte	0x3
 1176 04bd 00000000 		.4byte	hands_position
 1177 04c1 19       		.uleb128 0x19
 1178 04c2 C9020000 		.4byte	.LASF35
 1179 04c6 C9020000 		.4byte	.LASF35
 1180 04ca 05       		.byte	0x5
 1181 04cb 3D       		.byte	0x3d
 1182 04cc 19       		.uleb128 0x19
 1183 04cd 7A010000 		.4byte	.LASF36
 1184 04d1 7A010000 		.4byte	.LASF36
 1185 04d5 05       		.byte	0x5
 1186 04d6 3E       		.byte	0x3e
 1187 04d7 19       		.uleb128 0x19
 1188 04d8 DC020000 		.4byte	.LASF37
 1189 04dc DC020000 		.4byte	.LASF37
 1190 04e0 06       		.byte	0x6
 1191 04e1 D9       		.byte	0xd9
 1192 04e2 19       		.uleb128 0x19
 1193 04e3 0F000000 		.4byte	.LASF38
 1194 04e7 0F000000 		.4byte	.LASF38
 1195 04eb 05       		.byte	0x5
 1196 04ec 38       		.byte	0x38
 1197 04ed 19       		.uleb128 0x19
 1198 04ee F4000000 		.4byte	.LASF39
 1199 04f2 F4000000 		.4byte	.LASF39
 1200 04f6 07       		.byte	0x7
 1201 04f7 33       		.byte	0x33
 1202 04f8 19       		.uleb128 0x19
 1203 04f9 57020000 		.4byte	.LASF40
 1204 04fd 57020000 		.4byte	.LASF40
 1205 0501 05       		.byte	0x5
 1206 0502 3A       		.byte	0x3a
 1207 0503 19       		.uleb128 0x19
 1208 0504 D6000000 		.4byte	.LASF41
 1209 0508 D6000000 		.4byte	.LASF41
 1210 050c 03       		.byte	0x3
 1211 050d 62       		.byte	0x62
 1212 050e 1A       		.uleb128 0x1a
 1213 050f 3D020000 		.4byte	.LASF42
 1214 0513 3D020000 		.4byte	.LASF42
 1215 0517 08       		.byte	0x8
 1216 0518 3201     		.2byte	0x132
 1217 051a 19       		.uleb128 0x19
ARM GAS  C:\Users\User\AppData\Local\Temp\cc4TyDN4.s 			page 26


 1218 051b 2C000000 		.4byte	.LASF43
 1219 051f 2C000000 		.4byte	.LASF43
 1220 0523 03       		.byte	0x3
 1221 0524 64       		.byte	0x64
 1222 0525 00       		.byte	0
 1223              		.section	.debug_abbrev,"",%progbits
 1224              	.Ldebug_abbrev0:
 1225 0000 01       		.uleb128 0x1
 1226 0001 11       		.uleb128 0x11
 1227 0002 01       		.byte	0x1
 1228 0003 25       		.uleb128 0x25
 1229 0004 0E       		.uleb128 0xe
 1230 0005 13       		.uleb128 0x13
 1231 0006 0B       		.uleb128 0xb
 1232 0007 03       		.uleb128 0x3
 1233 0008 0E       		.uleb128 0xe
 1234 0009 1B       		.uleb128 0x1b
 1235 000a 0E       		.uleb128 0xe
 1236 000b 55       		.uleb128 0x55
 1237 000c 17       		.uleb128 0x17
 1238 000d 11       		.uleb128 0x11
 1239 000e 01       		.uleb128 0x1
 1240 000f 10       		.uleb128 0x10
 1241 0010 17       		.uleb128 0x17
 1242 0011 00       		.byte	0
 1243 0012 00       		.byte	0
 1244 0013 02       		.uleb128 0x2
 1245 0014 24       		.uleb128 0x24
 1246 0015 00       		.byte	0
 1247 0016 0B       		.uleb128 0xb
 1248 0017 0B       		.uleb128 0xb
 1249 0018 3E       		.uleb128 0x3e
 1250 0019 0B       		.uleb128 0xb
 1251 001a 03       		.uleb128 0x3
 1252 001b 0E       		.uleb128 0xe
 1253 001c 00       		.byte	0
 1254 001d 00       		.byte	0
 1255 001e 03       		.uleb128 0x3
 1256 001f 24       		.uleb128 0x24
 1257 0020 00       		.byte	0
 1258 0021 0B       		.uleb128 0xb
 1259 0022 0B       		.uleb128 0xb
 1260 0023 3E       		.uleb128 0x3e
 1261 0024 0B       		.uleb128 0xb
 1262 0025 03       		.uleb128 0x3
 1263 0026 08       		.uleb128 0x8
 1264 0027 00       		.byte	0
 1265 0028 00       		.byte	0
 1266 0029 04       		.uleb128 0x4
 1267 002a 16       		.uleb128 0x16
 1268 002b 00       		.byte	0
 1269 002c 03       		.uleb128 0x3
 1270 002d 0E       		.uleb128 0xe
 1271 002e 3A       		.uleb128 0x3a
 1272 002f 0B       		.uleb128 0xb
 1273 0030 3B       		.uleb128 0x3b
 1274 0031 05       		.uleb128 0x5
ARM GAS  C:\Users\User\AppData\Local\Temp\cc4TyDN4.s 			page 27


 1275 0032 49       		.uleb128 0x49
 1276 0033 13       		.uleb128 0x13
 1277 0034 00       		.byte	0
 1278 0035 00       		.byte	0
 1279 0036 05       		.uleb128 0x5
 1280 0037 0F       		.uleb128 0xf
 1281 0038 00       		.byte	0
 1282 0039 0B       		.uleb128 0xb
 1283 003a 0B       		.uleb128 0xb
 1284 003b 49       		.uleb128 0x49
 1285 003c 13       		.uleb128 0x13
 1286 003d 00       		.byte	0
 1287 003e 00       		.byte	0
 1288 003f 06       		.uleb128 0x6
 1289 0040 26       		.uleb128 0x26
 1290 0041 00       		.byte	0
 1291 0042 49       		.uleb128 0x49
 1292 0043 13       		.uleb128 0x13
 1293 0044 00       		.byte	0
 1294 0045 00       		.byte	0
 1295 0046 07       		.uleb128 0x7
 1296 0047 04       		.uleb128 0x4
 1297 0048 01       		.byte	0x1
 1298 0049 0B       		.uleb128 0xb
 1299 004a 0B       		.uleb128 0xb
 1300 004b 49       		.uleb128 0x49
 1301 004c 13       		.uleb128 0x13
 1302 004d 3A       		.uleb128 0x3a
 1303 004e 0B       		.uleb128 0xb
 1304 004f 3B       		.uleb128 0x3b
 1305 0050 0B       		.uleb128 0xb
 1306 0051 01       		.uleb128 0x1
 1307 0052 13       		.uleb128 0x13
 1308 0053 00       		.byte	0
 1309 0054 00       		.byte	0
 1310 0055 08       		.uleb128 0x8
 1311 0056 28       		.uleb128 0x28
 1312 0057 00       		.byte	0
 1313 0058 03       		.uleb128 0x3
 1314 0059 0E       		.uleb128 0xe
 1315 005a 1C       		.uleb128 0x1c
 1316 005b 0B       		.uleb128 0xb
 1317 005c 00       		.byte	0
 1318 005d 00       		.byte	0
 1319 005e 09       		.uleb128 0x9
 1320 005f 16       		.uleb128 0x16
 1321 0060 00       		.byte	0
 1322 0061 03       		.uleb128 0x3
 1323 0062 0E       		.uleb128 0xe
 1324 0063 3A       		.uleb128 0x3a
 1325 0064 0B       		.uleb128 0xb
 1326 0065 3B       		.uleb128 0x3b
 1327 0066 0B       		.uleb128 0xb
 1328 0067 49       		.uleb128 0x49
 1329 0068 13       		.uleb128 0x13
 1330 0069 00       		.byte	0
 1331 006a 00       		.byte	0
ARM GAS  C:\Users\User\AppData\Local\Temp\cc4TyDN4.s 			page 28


 1332 006b 0A       		.uleb128 0xa
 1333 006c 2E       		.uleb128 0x2e
 1334 006d 01       		.byte	0x1
 1335 006e 3F       		.uleb128 0x3f
 1336 006f 19       		.uleb128 0x19
 1337 0070 03       		.uleb128 0x3
 1338 0071 0E       		.uleb128 0xe
 1339 0072 3A       		.uleb128 0x3a
 1340 0073 0B       		.uleb128 0xb
 1341 0074 3B       		.uleb128 0x3b
 1342 0075 0B       		.uleb128 0xb
 1343 0076 11       		.uleb128 0x11
 1344 0077 01       		.uleb128 0x1
 1345 0078 12       		.uleb128 0x12
 1346 0079 06       		.uleb128 0x6
 1347 007a 40       		.uleb128 0x40
 1348 007b 18       		.uleb128 0x18
 1349 007c 9742     		.uleb128 0x2117
 1350 007e 19       		.uleb128 0x19
 1351 007f 01       		.uleb128 0x1
 1352 0080 13       		.uleb128 0x13
 1353 0081 00       		.byte	0
 1354 0082 00       		.byte	0
 1355 0083 0B       		.uleb128 0xb
 1356 0084 898201   		.uleb128 0x4109
 1357 0087 01       		.byte	0x1
 1358 0088 11       		.uleb128 0x11
 1359 0089 01       		.uleb128 0x1
 1360 008a 31       		.uleb128 0x31
 1361 008b 13       		.uleb128 0x13
 1362 008c 01       		.uleb128 0x1
 1363 008d 13       		.uleb128 0x13
 1364 008e 00       		.byte	0
 1365 008f 00       		.byte	0
 1366 0090 0C       		.uleb128 0xc
 1367 0091 8A8201   		.uleb128 0x410a
 1368 0094 00       		.byte	0
 1369 0095 02       		.uleb128 0x2
 1370 0096 18       		.uleb128 0x18
 1371 0097 9142     		.uleb128 0x2111
 1372 0099 18       		.uleb128 0x18
 1373 009a 00       		.byte	0
 1374 009b 00       		.byte	0
 1375 009c 0D       		.uleb128 0xd
 1376 009d 898201   		.uleb128 0x4109
 1377 00a0 00       		.byte	0
 1378 00a1 11       		.uleb128 0x11
 1379 00a2 01       		.uleb128 0x1
 1380 00a3 31       		.uleb128 0x31
 1381 00a4 13       		.uleb128 0x13
 1382 00a5 00       		.byte	0
 1383 00a6 00       		.byte	0
 1384 00a7 0E       		.uleb128 0xe
 1385 00a8 2E       		.uleb128 0x2e
 1386 00a9 01       		.byte	0x1
 1387 00aa 3F       		.uleb128 0x3f
 1388 00ab 19       		.uleb128 0x19
ARM GAS  C:\Users\User\AppData\Local\Temp\cc4TyDN4.s 			page 29


 1389 00ac 03       		.uleb128 0x3
 1390 00ad 0E       		.uleb128 0xe
 1391 00ae 3A       		.uleb128 0x3a
 1392 00af 0B       		.uleb128 0xb
 1393 00b0 3B       		.uleb128 0x3b
 1394 00b1 0B       		.uleb128 0xb
 1395 00b2 49       		.uleb128 0x49
 1396 00b3 13       		.uleb128 0x13
 1397 00b4 11       		.uleb128 0x11
 1398 00b5 01       		.uleb128 0x1
 1399 00b6 12       		.uleb128 0x12
 1400 00b7 06       		.uleb128 0x6
 1401 00b8 40       		.uleb128 0x40
 1402 00b9 18       		.uleb128 0x18
 1403 00ba 9742     		.uleb128 0x2117
 1404 00bc 19       		.uleb128 0x19
 1405 00bd 01       		.uleb128 0x1
 1406 00be 13       		.uleb128 0x13
 1407 00bf 00       		.byte	0
 1408 00c0 00       		.byte	0
 1409 00c1 0F       		.uleb128 0xf
 1410 00c2 34       		.uleb128 0x34
 1411 00c3 00       		.byte	0
 1412 00c4 03       		.uleb128 0x3
 1413 00c5 0E       		.uleb128 0xe
 1414 00c6 3A       		.uleb128 0x3a
 1415 00c7 0B       		.uleb128 0xb
 1416 00c8 3B       		.uleb128 0x3b
 1417 00c9 0B       		.uleb128 0xb
 1418 00ca 49       		.uleb128 0x49
 1419 00cb 13       		.uleb128 0x13
 1420 00cc 00       		.byte	0
 1421 00cd 00       		.byte	0
 1422 00ce 10       		.uleb128 0x10
 1423 00cf 34       		.uleb128 0x34
 1424 00d0 00       		.byte	0
 1425 00d1 03       		.uleb128 0x3
 1426 00d2 0E       		.uleb128 0xe
 1427 00d3 3A       		.uleb128 0x3a
 1428 00d4 0B       		.uleb128 0xb
 1429 00d5 3B       		.uleb128 0x3b
 1430 00d6 0B       		.uleb128 0xb
 1431 00d7 49       		.uleb128 0x49
 1432 00d8 13       		.uleb128 0x13
 1433 00d9 02       		.uleb128 0x2
 1434 00da 17       		.uleb128 0x17
 1435 00db 00       		.byte	0
 1436 00dc 00       		.byte	0
 1437 00dd 11       		.uleb128 0x11
 1438 00de 34       		.uleb128 0x34
 1439 00df 00       		.byte	0
 1440 00e0 03       		.uleb128 0x3
 1441 00e1 08       		.uleb128 0x8
 1442 00e2 3A       		.uleb128 0x3a
 1443 00e3 0B       		.uleb128 0xb
 1444 00e4 3B       		.uleb128 0x3b
 1445 00e5 0B       		.uleb128 0xb
ARM GAS  C:\Users\User\AppData\Local\Temp\cc4TyDN4.s 			page 30


 1446 00e6 49       		.uleb128 0x49
 1447 00e7 13       		.uleb128 0x13
 1448 00e8 02       		.uleb128 0x2
 1449 00e9 17       		.uleb128 0x17
 1450 00ea 00       		.byte	0
 1451 00eb 00       		.byte	0
 1452 00ec 12       		.uleb128 0x12
 1453 00ed 34       		.uleb128 0x34
 1454 00ee 00       		.byte	0
 1455 00ef 03       		.uleb128 0x3
 1456 00f0 08       		.uleb128 0x8
 1457 00f1 3A       		.uleb128 0x3a
 1458 00f2 0B       		.uleb128 0xb
 1459 00f3 3B       		.uleb128 0x3b
 1460 00f4 0B       		.uleb128 0xb
 1461 00f5 49       		.uleb128 0x49
 1462 00f6 13       		.uleb128 0x13
 1463 00f7 02       		.uleb128 0x2
 1464 00f8 18       		.uleb128 0x18
 1465 00f9 00       		.byte	0
 1466 00fa 00       		.byte	0
 1467 00fb 13       		.uleb128 0x13
 1468 00fc 0B       		.uleb128 0xb
 1469 00fd 01       		.byte	0x1
 1470 00fe 11       		.uleb128 0x11
 1471 00ff 01       		.uleb128 0x1
 1472 0100 12       		.uleb128 0x12
 1473 0101 06       		.uleb128 0x6
 1474 0102 01       		.uleb128 0x1
 1475 0103 13       		.uleb128 0x13
 1476 0104 00       		.byte	0
 1477 0105 00       		.byte	0
 1478 0106 14       		.uleb128 0x14
 1479 0107 898201   		.uleb128 0x4109
 1480 010a 01       		.byte	0x1
 1481 010b 11       		.uleb128 0x11
 1482 010c 01       		.uleb128 0x1
 1483 010d 31       		.uleb128 0x31
 1484 010e 13       		.uleb128 0x13
 1485 010f 00       		.byte	0
 1486 0110 00       		.byte	0
 1487 0111 15       		.uleb128 0x15
 1488 0112 01       		.uleb128 0x1
 1489 0113 01       		.byte	0x1
 1490 0114 49       		.uleb128 0x49
 1491 0115 13       		.uleb128 0x13
 1492 0116 01       		.uleb128 0x1
 1493 0117 13       		.uleb128 0x13
 1494 0118 00       		.byte	0
 1495 0119 00       		.byte	0
 1496 011a 16       		.uleb128 0x16
 1497 011b 21       		.uleb128 0x21
 1498 011c 00       		.byte	0
 1499 011d 49       		.uleb128 0x49
 1500 011e 13       		.uleb128 0x13
 1501 011f 2F       		.uleb128 0x2f
 1502 0120 0B       		.uleb128 0xb
ARM GAS  C:\Users\User\AppData\Local\Temp\cc4TyDN4.s 			page 31


 1503 0121 00       		.byte	0
 1504 0122 00       		.byte	0
 1505 0123 17       		.uleb128 0x17
 1506 0124 34       		.uleb128 0x34
 1507 0125 00       		.byte	0
 1508 0126 03       		.uleb128 0x3
 1509 0127 0E       		.uleb128 0xe
 1510 0128 3A       		.uleb128 0x3a
 1511 0129 0B       		.uleb128 0xb
 1512 012a 3B       		.uleb128 0x3b
 1513 012b 0B       		.uleb128 0xb
 1514 012c 49       		.uleb128 0x49
 1515 012d 13       		.uleb128 0x13
 1516 012e 3F       		.uleb128 0x3f
 1517 012f 19       		.uleb128 0x19
 1518 0130 3C       		.uleb128 0x3c
 1519 0131 19       		.uleb128 0x19
 1520 0132 00       		.byte	0
 1521 0133 00       		.byte	0
 1522 0134 18       		.uleb128 0x18
 1523 0135 34       		.uleb128 0x34
 1524 0136 00       		.byte	0
 1525 0137 03       		.uleb128 0x3
 1526 0138 0E       		.uleb128 0xe
 1527 0139 3A       		.uleb128 0x3a
 1528 013a 0B       		.uleb128 0xb
 1529 013b 3B       		.uleb128 0x3b
 1530 013c 0B       		.uleb128 0xb
 1531 013d 49       		.uleb128 0x49
 1532 013e 13       		.uleb128 0x13
 1533 013f 3F       		.uleb128 0x3f
 1534 0140 19       		.uleb128 0x19
 1535 0141 02       		.uleb128 0x2
 1536 0142 18       		.uleb128 0x18
 1537 0143 00       		.byte	0
 1538 0144 00       		.byte	0
 1539 0145 19       		.uleb128 0x19
 1540 0146 2E       		.uleb128 0x2e
 1541 0147 00       		.byte	0
 1542 0148 3F       		.uleb128 0x3f
 1543 0149 19       		.uleb128 0x19
 1544 014a 3C       		.uleb128 0x3c
 1545 014b 19       		.uleb128 0x19
 1546 014c 6E       		.uleb128 0x6e
 1547 014d 0E       		.uleb128 0xe
 1548 014e 03       		.uleb128 0x3
 1549 014f 0E       		.uleb128 0xe
 1550 0150 3A       		.uleb128 0x3a
 1551 0151 0B       		.uleb128 0xb
 1552 0152 3B       		.uleb128 0x3b
 1553 0153 0B       		.uleb128 0xb
 1554 0154 00       		.byte	0
 1555 0155 00       		.byte	0
 1556 0156 1A       		.uleb128 0x1a
 1557 0157 2E       		.uleb128 0x2e
 1558 0158 00       		.byte	0
 1559 0159 3F       		.uleb128 0x3f
ARM GAS  C:\Users\User\AppData\Local\Temp\cc4TyDN4.s 			page 32


 1560 015a 19       		.uleb128 0x19
 1561 015b 3C       		.uleb128 0x3c
 1562 015c 19       		.uleb128 0x19
 1563 015d 6E       		.uleb128 0x6e
 1564 015e 0E       		.uleb128 0xe
 1565 015f 03       		.uleb128 0x3
 1566 0160 0E       		.uleb128 0xe
 1567 0161 3A       		.uleb128 0x3a
 1568 0162 0B       		.uleb128 0xb
 1569 0163 3B       		.uleb128 0x3b
 1570 0164 05       		.uleb128 0x5
 1571 0165 00       		.byte	0
 1572 0166 00       		.byte	0
 1573 0167 00       		.byte	0
 1574              		.section	.debug_loc,"",%progbits
 1575              	.Ldebug_loc0:
 1576              	.LLST0:
 1577 0000 32000000 		.4byte	.LVL10
 1578 0004 6A000000 		.4byte	.LVL17
 1579 0008 0200     		.2byte	0x2
 1580 000a 30       		.byte	0x30
 1581 000b 9F       		.byte	0x9f
 1582 000c 6A000000 		.4byte	.LVL17
 1583 0010 8A010000 		.4byte	.LVL48
 1584 0014 0100     		.2byte	0x1
 1585 0016 54       		.byte	0x54
 1586 0017 8C010000 		.4byte	.LVL49
 1587 001b A6010000 		.4byte	.LVL51
 1588 001f 0100     		.2byte	0x1
 1589 0021 54       		.byte	0x54
 1590 0022 00000000 		.4byte	0
 1591 0026 00000000 		.4byte	0
 1592              	.LLST1:
 1593 002a 32000000 		.4byte	.LVL10
 1594 002e 6A000000 		.4byte	.LVL17
 1595 0032 0200     		.2byte	0x2
 1596 0034 30       		.byte	0x30
 1597 0035 9F       		.byte	0x9f
 1598 0036 6A000000 		.4byte	.LVL17
 1599 003a 84000000 		.4byte	.LVL19
 1600 003e 0200     		.2byte	0x2
 1601 0040 91       		.byte	0x91
 1602 0041 54       		.sleb128 -44
 1603 0042 84000000 		.4byte	.LVL19
 1604 0046 88000000 		.4byte	.LVL20
 1605 004a 0200     		.2byte	0x2
 1606 004c 31       		.byte	0x31
 1607 004d 9F       		.byte	0x9f
 1608 004e 88000000 		.4byte	.LVL20
 1609 0052 98000000 		.4byte	.LVL24
 1610 0056 0200     		.2byte	0x2
 1611 0058 91       		.byte	0x91
 1612 0059 54       		.sleb128 -44
 1613 005a 98000000 		.4byte	.LVL24
 1614 005e AE000000 		.4byte	.LVL26
 1615 0062 0200     		.2byte	0x2
 1616 0064 30       		.byte	0x30
ARM GAS  C:\Users\User\AppData\Local\Temp\cc4TyDN4.s 			page 33


 1617 0065 9F       		.byte	0x9f
 1618 0066 AE000000 		.4byte	.LVL26
 1619 006a CC010000 		.4byte	.LFE36
 1620 006e 0200     		.2byte	0x2
 1621 0070 91       		.byte	0x91
 1622 0071 54       		.sleb128 -44
 1623 0072 00000000 		.4byte	0
 1624 0076 00000000 		.4byte	0
 1625              	.LLST2:
 1626 007a 88000000 		.4byte	.LVL20
 1627 007e 90000000 		.4byte	.LVL21
 1628 0082 0300     		.2byte	0x3
 1629 0084 77       		.byte	0x77
 1630 0085 50       		.sleb128 -48
 1631 0086 9F       		.byte	0x9f
 1632 0087 90000000 		.4byte	.LVL21
 1633 008b 92000000 		.4byte	.LVL22
 1634 008f 0100     		.2byte	0x1
 1635 0091 53       		.byte	0x53
 1636 0092 92000000 		.4byte	.LVL22
 1637 0096 96000000 		.4byte	.LVL23
 1638 009a 0300     		.2byte	0x3
 1639 009c 77       		.byte	0x77
 1640 009d 50       		.sleb128 -48
 1641 009e 9F       		.byte	0x9f
 1642 009f 96000000 		.4byte	.LVL23
 1643 00a3 98000000 		.4byte	.LVL24
 1644 00a7 0100     		.2byte	0x1
 1645 00a9 53       		.byte	0x53
 1646 00aa AA000000 		.4byte	.LVL25
 1647 00ae B2000000 		.4byte	.LVL27
 1648 00b2 0100     		.2byte	0x1
 1649 00b4 53       		.byte	0x53
 1650 00b5 00000000 		.4byte	0
 1651 00b9 00000000 		.4byte	0
 1652              	.LLST3:
 1653 00bd 6E000000 		.4byte	.LVL18
 1654 00c1 A6010000 		.4byte	.LVL53
 1655 00c5 0100     		.2byte	0x1
 1656 00c7 57       		.byte	0x57
 1657 00c8 00000000 		.4byte	0
 1658 00cc 00000000 		.4byte	0
 1659              	.LLST4:
 1660 00d0 B4000000 		.4byte	.LVL28
 1661 00d4 46010000 		.4byte	.LVL41
 1662 00d8 0100     		.2byte	0x1
 1663 00da 55       		.byte	0x55
 1664 00db 46010000 		.4byte	.LVL41
 1665 00df 48010000 		.4byte	.LVL42
 1666 00e3 0500     		.2byte	0x5
 1667 00e5 73       		.byte	0x73
 1668 00e6 00       		.sleb128 0
 1669 00e7 72       		.byte	0x72
 1670 00e8 00       		.sleb128 0
 1671 00e9 22       		.byte	0x22
 1672 00ea 48010000 		.4byte	.LVL42
 1673 00ee 4E010000 		.4byte	.LVL43
ARM GAS  C:\Users\User\AppData\Local\Temp\cc4TyDN4.s 			page 34


 1674 00f2 0800     		.2byte	0x8
 1675 00f4 72       		.byte	0x72
 1676 00f5 00       		.sleb128 0
 1677 00f6 03       		.byte	0x3
 1678 00f7 00000000 		.4byte	hands_position
 1679 00fb 22       		.byte	0x22
 1680 00fc 4E010000 		.4byte	.LVL43
 1681 0100 50010000 		.4byte	.LVL44
 1682 0104 0800     		.2byte	0x8
 1683 0106 78       		.byte	0x78
 1684 0107 00       		.sleb128 0
 1685 0108 03       		.byte	0x3
 1686 0109 00000000 		.4byte	hands_position
 1687 010d 22       		.byte	0x22
 1688 010e 50010000 		.4byte	.LVL44
 1689 0112 52010000 		.4byte	.LVL45
 1690 0116 0800     		.2byte	0x8
 1691 0118 72       		.byte	0x72
 1692 0119 00       		.sleb128 0
 1693 011a 03       		.byte	0x3
 1694 011b 00000000 		.4byte	hands_position
 1695 011f 22       		.byte	0x22
 1696 0120 52010000 		.4byte	.LVL45
 1697 0124 6B010000 		.4byte	.LVL46-1
 1698 0128 0800     		.2byte	0x8
 1699 012a 78       		.byte	0x78
 1700 012b 00       		.sleb128 0
 1701 012c 03       		.byte	0x3
 1702 012d 00000000 		.4byte	hands_position
 1703 0131 22       		.byte	0x22
 1704 0132 00000000 		.4byte	0
 1705 0136 00000000 		.4byte	0
 1706              	.LLST5:
 1707 013a B8000000 		.4byte	.LVL29
 1708 013e A6010000 		.4byte	.LVL52
 1709 0142 0100     		.2byte	0x1
 1710 0144 56       		.byte	0x56
 1711 0145 00000000 		.4byte	0
 1712 0149 00000000 		.4byte	0
 1713              	.LLST6:
 1714 014d C2000000 		.4byte	.LVL30
 1715 0151 A6010000 		.4byte	.LVL55
 1716 0155 0100     		.2byte	0x1
 1717 0157 5A       		.byte	0x5a
 1718 0158 00000000 		.4byte	0
 1719 015c 00000000 		.4byte	0
 1720              	.LLST7:
 1721 0160 CC000000 		.4byte	.LVL31
 1722 0164 A6010000 		.4byte	.LVL54
 1723 0168 0100     		.2byte	0x1
 1724 016a 59       		.byte	0x59
 1725 016b 00000000 		.4byte	0
 1726 016f 00000000 		.4byte	0
 1727              	.LLST8:
 1728 0173 16010000 		.4byte	.LVL38
 1729 0177 2F010000 		.4byte	.LVL39-1
 1730 017b 0100     		.2byte	0x1
ARM GAS  C:\Users\User\AppData\Local\Temp\cc4TyDN4.s 			page 35


 1731 017d 52       		.byte	0x52
 1732 017e 52010000 		.4byte	.LVL45
 1733 0182 6B010000 		.4byte	.LVL46-1
 1734 0186 0100     		.2byte	0x1
 1735 0188 52       		.byte	0x52
 1736 0189 00000000 		.4byte	0
 1737 018d 00000000 		.4byte	0
 1738              	.LLST9:
 1739 0191 18000000 		.4byte	.LVL6
 1740 0195 1C000000 		.4byte	.LVL7
 1741 0199 0200     		.2byte	0x2
 1742 019b 30       		.byte	0x30
 1743 019c 9F       		.byte	0x9f
 1744 019d 1C000000 		.4byte	.LVL7
 1745 01a1 2B000000 		.4byte	.LVL9-1
 1746 01a5 0100     		.2byte	0x1
 1747 01a7 53       		.byte	0x53
 1748 01a8 00000000 		.4byte	0
 1749 01ac 00000000 		.4byte	0
 1750              	.LLST10:
 1751 01b0 98000000 		.4byte	.LVL24
 1752 01b4 AE000000 		.4byte	.LVL26
 1753 01b8 0100     		.2byte	0x1
 1754 01ba 57       		.byte	0x57
 1755 01bb 00000000 		.4byte	0
 1756 01bf 00000000 		.4byte	0
 1757              		.section	.debug_aranges,"",%progbits
 1758 0000 24000000 		.4byte	0x24
 1759 0004 0200     		.2byte	0x2
 1760 0006 00000000 		.4byte	.Ldebug_info0
 1761 000a 04       		.byte	0x4
 1762 000b 00       		.byte	0
 1763 000c 0000     		.2byte	0
 1764 000e 0000     		.2byte	0
 1765 0010 00000000 		.4byte	.LFB35
 1766 0014 58000000 		.4byte	.LFE35-.LFB35
 1767 0018 00000000 		.4byte	.LFB36
 1768 001c CC010000 		.4byte	.LFE36-.LFB36
 1769 0020 00000000 		.4byte	0
 1770 0024 00000000 		.4byte	0
 1771              		.section	.debug_ranges,"",%progbits
 1772              	.Ldebug_ranges0:
 1773 0000 00000000 		.4byte	.LFB35
 1774 0004 58000000 		.4byte	.LFE35
 1775 0008 00000000 		.4byte	.LFB36
 1776 000c CC010000 		.4byte	.LFE36
 1777 0010 00000000 		.4byte	0
 1778 0014 00000000 		.4byte	0
 1779              		.section	.debug_line,"",%progbits
 1780              	.Ldebug_line0:
 1781 0000 85010000 		.section	.debug_str,"MS",%progbits,1
 1781      0200FA00 
 1781      00000201 
 1781      FB0E0D00 
 1781      01010101 
 1782              	.LASF33:
 1783 0000 68616E64 		.ascii	"hands_alphabet\000"
ARM GAS  C:\Users\User\AppData\Local\Temp\cc4TyDN4.s 			page 36


 1783      735F616C 
 1783      70686162 
 1783      657400
 1784              	.LASF38:
 1785 000f 4C43445F 		.ascii	"LCD_Start\000"
 1785      53746172 
 1785      7400
 1786              	.LASF29:
 1787 0019 5F426F6F 		.ascii	"_Bool\000"
 1787      6C00
 1788              	.LASF32:
 1789 001f 6C63645F 		.ascii	"lcd_alphabet\000"
 1789      616C7068 
 1789      61626574 
 1789      00
 1790              	.LASF43:
 1791 002c 53746570 		.ascii	"Stepper_MoveX\000"
 1791      7065725F 
 1791      4D6F7665 
 1791      5800
 1792              	.LASF11:
 1793 003a 666C6F61 		.ascii	"float\000"
 1793      7400
 1794              	.LASF20:
 1795 0040 4D4F544F 		.ascii	"MOTOR_2\000"
 1795      525F3200 
 1796              	.LASF1:
 1797 0048 756E7369 		.ascii	"unsigned char\000"
 1797      676E6564 
 1797      20636861 
 1797      7200
 1798              	.LASF34:
 1799 0056 68616E64 		.ascii	"hands_position\000"
 1799      735F706F 
 1799      73697469 
 1799      6F6E00
 1800              	.LASF16:
 1801 0065 4449525F 		.ascii	"DIR_CNTCLCKWISE\000"
 1801      434E5443 
 1801      4C434B57 
 1801      49534500 
 1802              	.LASF5:
 1803 0075 6C6F6E67 		.ascii	"long unsigned int\000"
 1803      20756E73 
 1803      69676E65 
 1803      6420696E 
 1803      7400
 1804              	.LASF30:
 1805 0087 5F5F6374 		.ascii	"__ctype_ptr__\000"
 1805      7970655F 
 1805      7074725F 
 1805      5F00
 1806              	.LASF3:
 1807 0095 73686F72 		.ascii	"short unsigned int\000"
 1807      7420756E 
 1807      7369676E 
 1807      65642069 
ARM GAS  C:\Users\User\AppData\Local\Temp\cc4TyDN4.s 			page 37


 1807      6E7400
 1808              	.LASF4:
 1809 00a8 6C6F6E67 		.ascii	"long int\000"
 1809      20696E74 
 1809      00
 1810              	.LASF25:
 1811 00b1 6C657474 		.ascii	"letter_ascii\000"
 1811      65725F61 
 1811      73636969 
 1811      00
 1812              	.LASF18:
 1813 00be 585F4449 		.ascii	"X_DIRECTION_ENUM\000"
 1813      52454354 
 1813      494F4E5F 
 1813      454E554D 
 1813      00
 1814              	.LASF12:
 1815 00cf 646F7562 		.ascii	"double\000"
 1815      6C6500
 1816              	.LASF41:
 1817 00d6 53746570 		.ascii	"Stepper_Init\000"
 1817      7065725F 
 1817      496E6974 
 1817      00
 1818              	.LASF2:
 1819 00e3 73686F72 		.ascii	"short int\000"
 1819      7420696E 
 1819      7400
 1820              	.LASF10:
 1821 00ed 75696E74 		.ascii	"uint16\000"
 1821      313600
 1822              	.LASF39:
 1823 00f4 50696E5F 		.ascii	"Pin_EN_Write\000"
 1823      454E5F57 
 1823      72697465 
 1823      00
 1824              	.LASF48:
 1825 0101 6D61696E 		.ascii	"main\000"
 1825      00
 1826              	.LASF24:
 1827 0106 69734E75 		.ascii	"isNum\000"
 1827      6D00
 1828              	.LASF8:
 1829 010c 756E7369 		.ascii	"unsigned int\000"
 1829      676E6564 
 1829      20696E74 
 1829      00
 1830              	.LASF22:
 1831 0119 6172725F 		.ascii	"arr_steps\000"
 1831      73746570 
 1831      7300
 1832              	.LASF7:
 1833 0123 6C6F6E67 		.ascii	"long long unsigned int\000"
 1833      206C6F6E 
 1833      6720756E 
 1833      7369676E 
 1833      65642069 
ARM GAS  C:\Users\User\AppData\Local\Temp\cc4TyDN4.s 			page 38


 1834              	.LASF46:
 1835 013a 433A5C55 		.ascii	"C:\\Users\\User\\Documents\\PSoC Creator\\Workspace"
 1835      73657273 
 1835      5C557365 
 1835      725C446F 
 1835      63756D65 
 1836 0168 30365C44 		.ascii	"06\\Design01.cydsn\000"
 1836      65736967 
 1836      6E30312E 
 1836      63796473 
 1836      6E00
 1837              	.LASF36:
 1838 017a 4C43445F 		.ascii	"LCD_PutChar\000"
 1838      50757443 
 1838      68617200 
 1839              	.LASF28:
 1840 0186 706F735F 		.ascii	"pos_r\000"
 1840      7200
 1841              	.LASF44:
 1842 018c 474E5520 		.ascii	"GNU C11 5.4.1 20160609 (release) [ARM/embedded-5-br"
 1842      43313120 
 1842      352E342E 
 1842      31203230 
 1842      31363036 
 1843 01bf 616E6368 		.ascii	"anch revision 237715] -mcpu=cortex-m0 -mthumb -g -O"
 1843      20726576 
 1843      6973696F 
 1843      6E203233 
 1843      37373135 
 1844 01f2 67202D66 		.ascii	"g -ffunction-sections -ffat-lto-objects\000"
 1844      66756E63 
 1844      74696F6E 
 1844      2D736563 
 1844      74696F6E 
 1845              	.LASF15:
 1846 021a 73697A65 		.ascii	"sizetype\000"
 1846      74797065 
 1846      00
 1847              	.LASF6:
 1848 0223 6C6F6E67 		.ascii	"long long int\000"
 1848      206C6F6E 
 1848      6720696E 
 1848      7400
 1849              	.LASF45:
 1850 0231 6D61696E 		.ascii	"main.c\000"
 1850      2E6300
 1851              	.LASF13:
 1852 0238 63686172 		.ascii	"char\000"
 1852      00
 1853              	.LASF42:
 1854 023d 436F756E 		.ascii	"Counter_Motor_Steps_Start\000"
 1854      7465725F 
 1854      4D6F746F 
 1854      725F5374 
 1854      6570735F 
 1855              	.LASF40:
 1856 0257 4C43445F 		.ascii	"LCD_WriteControl\000"
ARM GAS  C:\Users\User\AppData\Local\Temp\cc4TyDN4.s 			page 39


 1856      57726974 
 1856      65436F6E 
 1856      74726F6C 
 1856      00
 1857              	.LASF17:
 1858 0268 4449525F 		.ascii	"DIR_CLOCKWISE\000"
 1858      434C4F43 
 1858      4B574953 
 1858      4500
 1859              	.LASF19:
 1860 0276 4D4F544F 		.ascii	"MOTOR_1\000"
 1860      525F3100 
 1861              	.LASF9:
 1862 027e 75696E74 		.ascii	"uint8\000"
 1862      3800
 1863              	.LASF47:
 1864 0284 7072696E 		.ascii	"print_num_sign\000"
 1864      745F6E75 
 1864      6D5F7369 
 1864      676E00
 1865              	.LASF31:
 1866 0293 6C63645F 		.ascii	"lcd_i\000"
 1866      6900
 1867              	.LASF21:
 1868 0299 6172725F 		.ascii	"arr_dir\000"
 1868      64697200 
 1869              	.LASF23:
 1870 02a1 6C657474 		.ascii	"letter_i\000"
 1870      65725F69 
 1870      00
 1871              	.LASF14:
 1872 02aa 6C6F6E67 		.ascii	"long double\000"
 1872      20646F75 
 1872      626C6500 
 1873              	.LASF26:
 1874 02b6 6C657474 		.ascii	"letter\000"
 1874      657200
 1875              	.LASF0:
 1876 02bd 7369676E 		.ascii	"signed char\000"
 1876      65642063 
 1876      68617200 
 1877              	.LASF35:
 1878 02c9 4C43445F 		.ascii	"LCD_Position\000"
 1878      506F7369 
 1878      74696F6E 
 1878      00
 1879              	.LASF27:
 1880 02d6 706F735F 		.ascii	"pos_l\000"
 1880      6C00
 1881              	.LASF37:
 1882 02dc 43794465 		.ascii	"CyDelay\000"
 1882      6C617900 
 1883              		.ident	"GCC: (GNU Tools for ARM Embedded Processors) 5.4.1 20160609 (release) [ARM/embedded-5-bran
