ARM GAS  C:\Users\User\AppData\Local\Temp\cc8s2RfV.s 			page 1


   1              		.syntax unified
   2              		.cpu cortex-m0
   3              		.fpu softvfp
   4              		.eabi_attribute 20, 1
   5              		.eabi_attribute 21, 1
   6              		.eabi_attribute 23, 3
   7              		.eabi_attribute 24, 1
   8              		.eabi_attribute 25, 1
   9              		.eabi_attribute 26, 1
  10              		.eabi_attribute 30, 1
  11              		.eabi_attribute 34, 0
  12              		.eabi_attribute 18, 4
  13              		.thumb
  14              		.syntax unified
  15              		.file	"PhaseControl.c"
  16              		.text
  17              	.Ltext0:
  18              		.cfi_sections	.debug_frame
  19              		.section	.text.phaseControl,"ax",%progbits
  20              		.align	2
  21              		.global	phaseControl
  22              		.code	16
  23              		.thumb_func
  24              		.type	phaseControl, %function
  25              	phaseControl:
  26              	.LFB0:
  27              		.file 1 "PhaseControl.c"
   1:PhaseControl.c **** /* ========================================
   2:PhaseControl.c ****  *
   3:PhaseControl.c ****  * Copyright YOUR COMPANY, THE YEAR
   4:PhaseControl.c ****  * All Rights Reserved
   5:PhaseControl.c ****  * UNPUBLISHED, LICENSED SOFTWARE.
   6:PhaseControl.c ****  *
   7:PhaseControl.c ****  * CONFIDENTIAL AND PROPRIETARY INFORMATION
   8:PhaseControl.c ****  * WHICH IS THE PROPERTY OF your company.
   9:PhaseControl.c ****  *
  10:PhaseControl.c ****  * ========================================
  11:PhaseControl.c **** */
  12:PhaseControl.c **** 
  13:PhaseControl.c **** /* [] END OF FILE */
  14:PhaseControl.c **** #include <phaseControl.h>
  15:PhaseControl.c **** 
  16:PhaseControl.c **** void phaseControl (uint8 currentphase){
  28              		.loc 1 16 0
  29              		.cfi_startproc
  30              		@ args = 0, pretend = 0, frame = 0
  31              		@ frame_needed = 0, uses_anonymous_args = 0
  32              	.LVL0:
  33 0000 10B5     		push	{r4, lr}
  34              		.cfi_def_cfa_offset 8
  35              		.cfi_offset 4, -8
  36              		.cfi_offset 14, -4
  17:PhaseControl.c **** /*    uint8 RA0;
  18:PhaseControl.c ****     uint8 RA1;
  19:PhaseControl.c **** 	switch(currentphase)
  20:PhaseControl.c **** 	{
  21:PhaseControl.c **** 		case 0:
ARM GAS  C:\Users\User\AppData\Local\Temp\cc8s2RfV.s 			page 2


  22:PhaseControl.c **** 		    RA0 = 1;
  23:PhaseControl.c **** 		    RA1 = 0;
  24:PhaseControl.c **** 		break;
  25:PhaseControl.c **** 		case 1:
  26:PhaseControl.c **** 			RA0 = 0;
  27:PhaseControl.c **** 			RA1 = 0;
  28:PhaseControl.c **** 		break;
  29:PhaseControl.c **** 		case 2:
  30:PhaseControl.c **** 			RA0 = 1;
  31:PhaseControl.c **** 			RA1 = 1;
  32:PhaseControl.c **** 		break;
  33:PhaseControl.c **** 		case 3:
  34:PhaseControl.c **** 			RA0 = 0;
  35:PhaseControl.c ****             RA1 = 1;
  36:PhaseControl.c **** 		break;
  37:PhaseControl.c **** 		default:
  38:PhaseControl.c **** 		break;
  39:PhaseControl.c **** 	}
  40:PhaseControl.c ****     DIR_OUT_A_Write(RA0);
  41:PhaseControl.c ****     DIR_OUT_B_Write(RA1);*/
  42:PhaseControl.c ****     
  43:PhaseControl.c ****     DIR_REG_Write (currentphase);
  37              		.loc 1 43 0
  38 0002 FFF7FEFF 		bl	DIR_REG_Write
  39              	.LVL1:
  44:PhaseControl.c **** }
  40              		.loc 1 44 0
  41              		@ sp needed
  42 0006 10BD     		pop	{r4, pc}
  43              		.cfi_endproc
  44              	.LFE0:
  45              		.size	phaseControl, .-phaseControl
  46              		.section	.text.phaseMove,"ax",%progbits
  47              		.align	2
  48              		.global	phaseMove
  49              		.code	16
  50              		.thumb_func
  51              		.type	phaseMove, %function
  52              	phaseMove:
  53              	.LFB1:
  45:PhaseControl.c **** 
  46:PhaseControl.c **** void phaseMove(){
  54              		.loc 1 46 0
  55              		.cfi_startproc
  56              		@ args = 0, pretend = 0, frame = 0
  57              		@ frame_needed = 0, uses_anonymous_args = 0
  58              		@ link register save eliminated.
  47:PhaseControl.c **** 	if((currentStepA==0)||(currentStepB==0))
  59              		.loc 1 47 0
  60 0000 204B     		ldr	r3, .L14
  61 0002 1B78     		ldrb	r3, [r3]
  62 0004 002B     		cmp	r3, #0
  63 0006 03D0     		beq	.L3
  64              		.loc 1 47 0 is_stmt 0 discriminator 1
  65 0008 1F4B     		ldr	r3, .L14+4
  66 000a 1B78     		ldrb	r3, [r3]
  67 000c 002B     		cmp	r3, #0
ARM GAS  C:\Users\User\AppData\Local\Temp\cc8s2RfV.s 			page 3


  68 000e 38D1     		bne	.L2
  69              	.L3:
  48:PhaseControl.c **** 	{
  49:PhaseControl.c **** 		if(dirReg==0)	//Clockwise
  70              		.loc 1 49 0 is_stmt 1
  71 0010 1E4B     		ldr	r3, .L14+8
  72 0012 1B78     		ldrb	r3, [r3]
  73 0014 002B     		cmp	r3, #0
  74 0016 1AD1     		bne	.L5
  50:PhaseControl.c **** 		{
  51:PhaseControl.c **** 			switch(phase)
  75              		.loc 1 51 0
  76 0018 1D4B     		ldr	r3, .L14+12
  77 001a 1B78     		ldrb	r3, [r3]
  78 001c 012B     		cmp	r3, #1
  79 001e 0AD0     		beq	.L6
  80 0020 002B     		cmp	r3, #0
  81 0022 04D0     		beq	.L7
  82 0024 022B     		cmp	r3, #2
  83 0026 0AD0     		beq	.L8
  84 0028 032B     		cmp	r3, #3
  85 002a 0CD0     		beq	.L9
  86 002c 29E0     		b	.L2
  87              	.L7:
  52:PhaseControl.c **** 			{
  53:PhaseControl.c **** 				case 0:
  54:PhaseControl.c **** 					phase = 2;
  88              		.loc 1 54 0
  89 002e 0222     		movs	r2, #2
  90 0030 174B     		ldr	r3, .L14+12
  91 0032 1A70     		strb	r2, [r3]
  55:PhaseControl.c **** 				break;
  92              		.loc 1 55 0
  93 0034 25E0     		b	.L2
  94              	.L6:
  56:PhaseControl.c **** 				case 1:
  57:PhaseControl.c **** 					phase = 0;
  95              		.loc 1 57 0
  96 0036 0022     		movs	r2, #0
  97 0038 154B     		ldr	r3, .L14+12
  98 003a 1A70     		strb	r2, [r3]
  58:PhaseControl.c **** 				break;
  99              		.loc 1 58 0
 100 003c 21E0     		b	.L2
 101              	.L8:
  59:PhaseControl.c **** 				case 2:
  60:PhaseControl.c **** 					phase = 3;
 102              		.loc 1 60 0
 103 003e 0322     		movs	r2, #3
 104 0040 134B     		ldr	r3, .L14+12
 105 0042 1A70     		strb	r2, [r3]
  61:PhaseControl.c **** 				break;
 106              		.loc 1 61 0
 107 0044 1DE0     		b	.L2
 108              	.L9:
  62:PhaseControl.c **** 				case 3:
  63:PhaseControl.c **** 					phase = 1;
ARM GAS  C:\Users\User\AppData\Local\Temp\cc8s2RfV.s 			page 4


 109              		.loc 1 63 0
 110 0046 0122     		movs	r2, #1
 111 0048 114B     		ldr	r3, .L14+12
 112 004a 1A70     		strb	r2, [r3]
  64:PhaseControl.c **** 				break;
 113              		.loc 1 64 0
 114 004c 19E0     		b	.L2
 115              	.L5:
  65:PhaseControl.c **** 				default:
  66:PhaseControl.c **** 				break;
  67:PhaseControl.c **** 			}
  68:PhaseControl.c **** 		}
  69:PhaseControl.c **** 		else	//Anti-Clockwise
  70:PhaseControl.c **** 		{
  71:PhaseControl.c **** 			switch(phase)
 116              		.loc 1 71 0
 117 004e 104B     		ldr	r3, .L14+12
 118 0050 1B78     		ldrb	r3, [r3]
 119 0052 012B     		cmp	r3, #1
 120 0054 0AD0     		beq	.L10
 121 0056 002B     		cmp	r3, #0
 122 0058 04D0     		beq	.L11
 123 005a 022B     		cmp	r3, #2
 124 005c 0AD0     		beq	.L12
 125 005e 032B     		cmp	r3, #3
 126 0060 0CD0     		beq	.L13
 127 0062 0EE0     		b	.L2
 128              	.L11:
  72:PhaseControl.c **** 			{
  73:PhaseControl.c **** 				case 0:
  74:PhaseControl.c **** 					phase = 1;
 129              		.loc 1 74 0
 130 0064 0122     		movs	r2, #1
 131 0066 0A4B     		ldr	r3, .L14+12
 132 0068 1A70     		strb	r2, [r3]
  75:PhaseControl.c **** 				break;
 133              		.loc 1 75 0
 134 006a 0AE0     		b	.L2
 135              	.L10:
  76:PhaseControl.c **** 				case 1:
  77:PhaseControl.c **** 					phase = 3;
 136              		.loc 1 77 0
 137 006c 0322     		movs	r2, #3
 138 006e 084B     		ldr	r3, .L14+12
 139 0070 1A70     		strb	r2, [r3]
  78:PhaseControl.c **** 				break;
 140              		.loc 1 78 0
 141 0072 06E0     		b	.L2
 142              	.L12:
  79:PhaseControl.c **** 				case 2:
  80:PhaseControl.c **** 					phase = 0;
 143              		.loc 1 80 0
 144 0074 0022     		movs	r2, #0
 145 0076 064B     		ldr	r3, .L14+12
 146 0078 1A70     		strb	r2, [r3]
  81:PhaseControl.c **** 				break;
 147              		.loc 1 81 0
ARM GAS  C:\Users\User\AppData\Local\Temp\cc8s2RfV.s 			page 5


 148 007a 02E0     		b	.L2
 149              	.L13:
  82:PhaseControl.c **** 				case 3:
  83:PhaseControl.c **** 					phase = 2;
 150              		.loc 1 83 0
 151 007c 0222     		movs	r2, #2
 152 007e 044B     		ldr	r3, .L14+12
 153 0080 1A70     		strb	r2, [r3]
 154              	.L2:
  84:PhaseControl.c **** 				break;
  85:PhaseControl.c **** 				default:
  86:PhaseControl.c **** 				break;
  87:PhaseControl.c **** 			}
  88:PhaseControl.c **** 		}
  89:PhaseControl.c **** 	} 
  90:PhaseControl.c **** }...
 155              		.loc 1 90 0
 156              		@ sp needed
 157 0082 7047     		bx	lr
 158              	.L15:
 159              		.align	2
 160              	.L14:
 161 0084 00000000 		.word	currentStepA
 162 0088 00000000 		.word	currentStepB
 163 008c 00000000 		.word	dirReg
 164 0090 00000000 		.word	phase
 165              		.cfi_endproc
 166              	.LFE1:
 167              		.size	phaseMove, .-phaseMove
 168              		.text
 169              	.Letext0:
 170              		.file 2 "./phaseControl.h"
 171              		.file 3 "Generated_Source\\PSoC4/cytypes.h"
 172              		.file 4 "Generated_Source\\PSoC4/DIR_REG.h"
 173              		.section	.debug_info,"",%progbits
 174              	.Ldebug_info0:
 175 0000 FF000000 		.4byte	0xff
 176 0004 0400     		.2byte	0x4
 177 0006 00000000 		.4byte	.Ldebug_abbrev0
 178 000a 04       		.byte	0x4
 179 000b 01       		.uleb128 0x1
 180 000c 02010000 		.4byte	.LASF16
 181 0010 0C       		.byte	0xc
 182 0011 21000000 		.4byte	.LASF17
 183 0015 C2000000 		.4byte	.LASF18
 184 0019 00000000 		.4byte	.Ldebug_ranges0+0
 185 001d 00000000 		.4byte	0
 186 0021 00000000 		.4byte	.Ldebug_line0
 187 0025 02       		.uleb128 0x2
 188 0026 01       		.byte	0x1
 189 0027 06       		.byte	0x6
 190 0028 C6010000 		.4byte	.LASF0
 191 002c 02       		.uleb128 0x2
 192 002d 01       		.byte	0x1
 193 002e 08       		.byte	0x8
 194 002f 43000000 		.4byte	.LASF1
 195 0033 02       		.uleb128 0x2
ARM GAS  C:\Users\User\AppData\Local\Temp\cc8s2RfV.s 			page 6


 196 0034 02       		.byte	0x2
 197 0035 05       		.byte	0x5
 198 0036 A3010000 		.4byte	.LASF2
 199 003a 02       		.uleb128 0x2
 200 003b 02       		.byte	0x2
 201 003c 07       		.byte	0x7
 202 003d 63000000 		.4byte	.LASF3
 203 0041 02       		.uleb128 0x2
 204 0042 04       		.byte	0x4
 205 0043 05       		.byte	0x5
 206 0044 B3010000 		.4byte	.LASF4
 207 0048 02       		.uleb128 0x2
 208 0049 04       		.byte	0x4
 209 004a 07       		.byte	0x7
 210 004b 51000000 		.4byte	.LASF5
 211 004f 02       		.uleb128 0x2
 212 0050 08       		.byte	0x8
 213 0051 05       		.byte	0x5
 214 0052 90010000 		.4byte	.LASF6
 215 0056 02       		.uleb128 0x2
 216 0057 08       		.byte	0x8
 217 0058 07       		.byte	0x7
 218 0059 AB000000 		.4byte	.LASF7
 219 005d 03       		.uleb128 0x3
 220 005e 04       		.byte	0x4
 221 005f 05       		.byte	0x5
 222 0060 696E7400 		.ascii	"int\000"
 223 0064 02       		.uleb128 0x2
 224 0065 04       		.byte	0x4
 225 0066 07       		.byte	0x7
 226 0067 9E000000 		.4byte	.LASF8
 227 006b 04       		.uleb128 0x4
 228 006c AD010000 		.4byte	.LASF19
 229 0070 03       		.byte	0x3
 230 0071 E401     		.2byte	0x1e4
 231 0073 2C000000 		.4byte	0x2c
 232 0077 02       		.uleb128 0x2
 233 0078 04       		.byte	0x4
 234 0079 04       		.byte	0x4
 235 007a 3D000000 		.4byte	.LASF9
 236 007e 02       		.uleb128 0x2
 237 007f 08       		.byte	0x8
 238 0080 04       		.byte	0x4
 239 0081 97000000 		.4byte	.LASF10
 240 0085 02       		.uleb128 0x2
 241 0086 01       		.byte	0x1
 242 0087 08       		.byte	0x8
 243 0088 9E010000 		.4byte	.LASF11
 244 008c 05       		.uleb128 0x5
 245 008d 30000000 		.4byte	.LASF20
 246 0091 01       		.byte	0x1
 247 0092 10       		.byte	0x10
 248 0093 00000000 		.4byte	.LFB0
 249 0097 08000000 		.4byte	.LFE0-.LFB0
 250 009b 01       		.uleb128 0x1
 251 009c 9C       		.byte	0x9c
 252 009d BA000000 		.4byte	0xba
ARM GAS  C:\Users\User\AppData\Local\Temp\cc8s2RfV.s 			page 7


 253 00a1 06       		.uleb128 0x6
 254 00a2 0D000000 		.4byte	.LASF21
 255 00a6 01       		.byte	0x1
 256 00a7 10       		.byte	0x10
 257 00a8 6B000000 		.4byte	0x6b
 258 00ac 00000000 		.4byte	.LLST0
 259 00b0 07       		.uleb128 0x7
 260 00b1 06000000 		.4byte	.LVL1
 261 00b5 F7000000 		.4byte	0xf7
 262 00b9 00       		.byte	0
 263 00ba 08       		.uleb128 0x8
 264 00bb BC010000 		.4byte	.LASF22
 265 00bf 01       		.byte	0x1
 266 00c0 2E       		.byte	0x2e
 267 00c1 00000000 		.4byte	.LFB1
 268 00c5 94000000 		.4byte	.LFE1-.LFB1
 269 00c9 01       		.uleb128 0x1
 270 00ca 9C       		.byte	0x9c
 271 00cb 09       		.uleb128 0x9
 272 00cc 83000000 		.4byte	.LASF12
 273 00d0 02       		.byte	0x2
 274 00d1 10       		.byte	0x10
 275 00d2 6B000000 		.4byte	0x6b
 276 00d6 09       		.uleb128 0x9
 277 00d7 00000000 		.4byte	.LASF13
 278 00db 02       		.byte	0x2
 279 00dc 11       		.byte	0x11
 280 00dd 6B000000 		.4byte	0x6b
 281 00e1 09       		.uleb128 0x9
 282 00e2 76000000 		.4byte	.LASF14
 283 00e6 02       		.byte	0x2
 284 00e7 12       		.byte	0x12
 285 00e8 6B000000 		.4byte	0x6b
 286 00ec 09       		.uleb128 0x9
 287 00ed 1A000000 		.4byte	.LASF15
 288 00f1 02       		.byte	0x2
 289 00f2 13       		.byte	0x13
 290 00f3 6B000000 		.4byte	0x6b
 291 00f7 0A       		.uleb128 0xa
 292 00f8 89000000 		.4byte	.LASF23
 293 00fc 89000000 		.4byte	.LASF23
 294 0100 04       		.byte	0x4
 295 0101 2F       		.byte	0x2f
 296 0102 00       		.byte	0
 297              		.section	.debug_abbrev,"",%progbits
 298              	.Ldebug_abbrev0:
 299 0000 01       		.uleb128 0x1
 300 0001 11       		.uleb128 0x11
 301 0002 01       		.byte	0x1
 302 0003 25       		.uleb128 0x25
 303 0004 0E       		.uleb128 0xe
 304 0005 13       		.uleb128 0x13
 305 0006 0B       		.uleb128 0xb
 306 0007 03       		.uleb128 0x3
 307 0008 0E       		.uleb128 0xe
 308 0009 1B       		.uleb128 0x1b
 309 000a 0E       		.uleb128 0xe
ARM GAS  C:\Users\User\AppData\Local\Temp\cc8s2RfV.s 			page 8


 310 000b 55       		.uleb128 0x55
 311 000c 17       		.uleb128 0x17
 312 000d 11       		.uleb128 0x11
 313 000e 01       		.uleb128 0x1
 314 000f 10       		.uleb128 0x10
 315 0010 17       		.uleb128 0x17
 316 0011 00       		.byte	0
 317 0012 00       		.byte	0
 318 0013 02       		.uleb128 0x2
 319 0014 24       		.uleb128 0x24
 320 0015 00       		.byte	0
 321 0016 0B       		.uleb128 0xb
 322 0017 0B       		.uleb128 0xb
 323 0018 3E       		.uleb128 0x3e
 324 0019 0B       		.uleb128 0xb
 325 001a 03       		.uleb128 0x3
 326 001b 0E       		.uleb128 0xe
 327 001c 00       		.byte	0
 328 001d 00       		.byte	0
 329 001e 03       		.uleb128 0x3
 330 001f 24       		.uleb128 0x24
 331 0020 00       		.byte	0
 332 0021 0B       		.uleb128 0xb
 333 0022 0B       		.uleb128 0xb
 334 0023 3E       		.uleb128 0x3e
 335 0024 0B       		.uleb128 0xb
 336 0025 03       		.uleb128 0x3
 337 0026 08       		.uleb128 0x8
 338 0027 00       		.byte	0
 339 0028 00       		.byte	0
 340 0029 04       		.uleb128 0x4
 341 002a 16       		.uleb128 0x16
 342 002b 00       		.byte	0
 343 002c 03       		.uleb128 0x3
 344 002d 0E       		.uleb128 0xe
 345 002e 3A       		.uleb128 0x3a
 346 002f 0B       		.uleb128 0xb
 347 0030 3B       		.uleb128 0x3b
 348 0031 05       		.uleb128 0x5
 349 0032 49       		.uleb128 0x49
 350 0033 13       		.uleb128 0x13
 351 0034 00       		.byte	0
 352 0035 00       		.byte	0
 353 0036 05       		.uleb128 0x5
 354 0037 2E       		.uleb128 0x2e
 355 0038 01       		.byte	0x1
 356 0039 3F       		.uleb128 0x3f
 357 003a 19       		.uleb128 0x19
 358 003b 03       		.uleb128 0x3
 359 003c 0E       		.uleb128 0xe
 360 003d 3A       		.uleb128 0x3a
 361 003e 0B       		.uleb128 0xb
 362 003f 3B       		.uleb128 0x3b
 363 0040 0B       		.uleb128 0xb
 364 0041 27       		.uleb128 0x27
 365 0042 19       		.uleb128 0x19
 366 0043 11       		.uleb128 0x11
ARM GAS  C:\Users\User\AppData\Local\Temp\cc8s2RfV.s 			page 9


 367 0044 01       		.uleb128 0x1
 368 0045 12       		.uleb128 0x12
 369 0046 06       		.uleb128 0x6
 370 0047 40       		.uleb128 0x40
 371 0048 18       		.uleb128 0x18
 372 0049 9742     		.uleb128 0x2117
 373 004b 19       		.uleb128 0x19
 374 004c 01       		.uleb128 0x1
 375 004d 13       		.uleb128 0x13
 376 004e 00       		.byte	0
 377 004f 00       		.byte	0
 378 0050 06       		.uleb128 0x6
 379 0051 05       		.uleb128 0x5
 380 0052 00       		.byte	0
 381 0053 03       		.uleb128 0x3
 382 0054 0E       		.uleb128 0xe
 383 0055 3A       		.uleb128 0x3a
 384 0056 0B       		.uleb128 0xb
 385 0057 3B       		.uleb128 0x3b
 386 0058 0B       		.uleb128 0xb
 387 0059 49       		.uleb128 0x49
 388 005a 13       		.uleb128 0x13
 389 005b 02       		.uleb128 0x2
 390 005c 17       		.uleb128 0x17
 391 005d 00       		.byte	0
 392 005e 00       		.byte	0
 393 005f 07       		.uleb128 0x7
 394 0060 898201   		.uleb128 0x4109
 395 0063 00       		.byte	0
 396 0064 11       		.uleb128 0x11
 397 0065 01       		.uleb128 0x1
 398 0066 31       		.uleb128 0x31
 399 0067 13       		.uleb128 0x13
 400 0068 00       		.byte	0
 401 0069 00       		.byte	0
 402 006a 08       		.uleb128 0x8
 403 006b 2E       		.uleb128 0x2e
 404 006c 00       		.byte	0
 405 006d 3F       		.uleb128 0x3f
 406 006e 19       		.uleb128 0x19
 407 006f 03       		.uleb128 0x3
 408 0070 0E       		.uleb128 0xe
 409 0071 3A       		.uleb128 0x3a
 410 0072 0B       		.uleb128 0xb
 411 0073 3B       		.uleb128 0x3b
 412 0074 0B       		.uleb128 0xb
 413 0075 11       		.uleb128 0x11
 414 0076 01       		.uleb128 0x1
 415 0077 12       		.uleb128 0x12
 416 0078 06       		.uleb128 0x6
 417 0079 40       		.uleb128 0x40
 418 007a 18       		.uleb128 0x18
 419 007b 9742     		.uleb128 0x2117
 420 007d 19       		.uleb128 0x19
 421 007e 00       		.byte	0
 422 007f 00       		.byte	0
 423 0080 09       		.uleb128 0x9
ARM GAS  C:\Users\User\AppData\Local\Temp\cc8s2RfV.s 			page 10


 424 0081 34       		.uleb128 0x34
 425 0082 00       		.byte	0
 426 0083 03       		.uleb128 0x3
 427 0084 0E       		.uleb128 0xe
 428 0085 3A       		.uleb128 0x3a
 429 0086 0B       		.uleb128 0xb
 430 0087 3B       		.uleb128 0x3b
 431 0088 0B       		.uleb128 0xb
 432 0089 49       		.uleb128 0x49
 433 008a 13       		.uleb128 0x13
 434 008b 3F       		.uleb128 0x3f
 435 008c 19       		.uleb128 0x19
 436 008d 3C       		.uleb128 0x3c
 437 008e 19       		.uleb128 0x19
 438 008f 00       		.byte	0
 439 0090 00       		.byte	0
 440 0091 0A       		.uleb128 0xa
 441 0092 2E       		.uleb128 0x2e
 442 0093 00       		.byte	0
 443 0094 3F       		.uleb128 0x3f
 444 0095 19       		.uleb128 0x19
 445 0096 3C       		.uleb128 0x3c
 446 0097 19       		.uleb128 0x19
 447 0098 6E       		.uleb128 0x6e
 448 0099 0E       		.uleb128 0xe
 449 009a 03       		.uleb128 0x3
 450 009b 0E       		.uleb128 0xe
 451 009c 3A       		.uleb128 0x3a
 452 009d 0B       		.uleb128 0xb
 453 009e 3B       		.uleb128 0x3b
 454 009f 0B       		.uleb128 0xb
 455 00a0 00       		.byte	0
 456 00a1 00       		.byte	0
 457 00a2 00       		.byte	0
 458              		.section	.debug_loc,"",%progbits
 459              	.Ldebug_loc0:
 460              	.LLST0:
 461 0000 00000000 		.4byte	.LVL0
 462 0004 05000000 		.4byte	.LVL1-1
 463 0008 0100     		.2byte	0x1
 464 000a 50       		.byte	0x50
 465 000b 05000000 		.4byte	.LVL1-1
 466 000f 08000000 		.4byte	.LFE0
 467 0013 0400     		.2byte	0x4
 468 0015 F3       		.byte	0xf3
 469 0016 01       		.uleb128 0x1
 470 0017 50       		.byte	0x50
 471 0018 9F       		.byte	0x9f
 472 0019 00000000 		.4byte	0
 473 001d 00000000 		.4byte	0
 474              		.section	.debug_aranges,"",%progbits
 475 0000 24000000 		.4byte	0x24
 476 0004 0200     		.2byte	0x2
 477 0006 00000000 		.4byte	.Ldebug_info0
 478 000a 04       		.byte	0x4
 479 000b 00       		.byte	0
 480 000c 0000     		.2byte	0
ARM GAS  C:\Users\User\AppData\Local\Temp\cc8s2RfV.s 			page 11


 481 000e 0000     		.2byte	0
 482 0010 00000000 		.4byte	.LFB0
 483 0014 08000000 		.4byte	.LFE0-.LFB0
 484 0018 00000000 		.4byte	.LFB1
 485 001c 94000000 		.4byte	.LFE1-.LFB1
 486 0020 00000000 		.4byte	0
 487 0024 00000000 		.4byte	0
 488              		.section	.debug_ranges,"",%progbits
 489              	.Ldebug_ranges0:
 490 0000 00000000 		.4byte	.LFB0
 491 0004 08000000 		.4byte	.LFE0
 492 0008 00000000 		.4byte	.LFB1
 493 000c 94000000 		.4byte	.LFE1
 494 0010 00000000 		.4byte	0
 495 0014 00000000 		.4byte	0
 496              		.section	.debug_line,"",%progbits
 497              	.Ldebug_line0:
 498 0000 AD000000 		.section	.debug_str,"MS",%progbits,1
 498      02006A00 
 498      00000201 
 498      FB0E0D00 
 498      01010101 
 499              	.LASF13:
 500 0000 63757272 		.ascii	"currentStepA\000"
 500      656E7453 
 500      74657041 
 500      00
 501              	.LASF21:
 502 000d 63757272 		.ascii	"currentphase\000"
 502      656E7470 
 502      68617365 
 502      00
 503              	.LASF15:
 504 001a 64697252 		.ascii	"dirReg\000"
 504      656700
 505              	.LASF17:
 506 0021 50686173 		.ascii	"PhaseControl.c\000"
 506      65436F6E 
 506      74726F6C 
 506      2E6300
 507              	.LASF20:
 508 0030 70686173 		.ascii	"phaseControl\000"
 508      65436F6E 
 508      74726F6C 
 508      00
 509              	.LASF9:
 510 003d 666C6F61 		.ascii	"float\000"
 510      7400
 511              	.LASF1:
 512 0043 756E7369 		.ascii	"unsigned char\000"
 512      676E6564 
 512      20636861 
 512      7200
 513              	.LASF5:
 514 0051 6C6F6E67 		.ascii	"long unsigned int\000"
 514      20756E73 
 514      69676E65 
ARM GAS  C:\Users\User\AppData\Local\Temp\cc8s2RfV.s 			page 12


 514      6420696E 
 514      7400
 515              	.LASF3:
 516 0063 73686F72 		.ascii	"short unsigned int\000"
 516      7420756E 
 516      7369676E 
 516      65642069 
 516      6E7400
 517              	.LASF14:
 518 0076 63757272 		.ascii	"currentStepB\000"
 518      656E7453 
 518      74657042 
 518      00
 519              	.LASF12:
 520 0083 70686173 		.ascii	"phase\000"
 520      6500
 521              	.LASF23:
 522 0089 4449525F 		.ascii	"DIR_REG_Write\000"
 522      5245475F 
 522      57726974 
 522      6500
 523              	.LASF10:
 524 0097 646F7562 		.ascii	"double\000"
 524      6C6500
 525              	.LASF8:
 526 009e 756E7369 		.ascii	"unsigned int\000"
 526      676E6564 
 526      20696E74 
 526      00
 527              	.LASF7:
 528 00ab 6C6F6E67 		.ascii	"long long unsigned int\000"
 528      206C6F6E 
 528      6720756E 
 528      7369676E 
 528      65642069 
 529              	.LASF18:
 530 00c2 433A5C55 		.ascii	"C:\\Users\\User\\Documents\\PSoC Creator\\Workspace"
 530      73657273 
 530      5C557365 
 530      725C446F 
 530      63756D65 
 531 00f0 30365C44 		.ascii	"06\\Design01.cydsn\000"
 531      65736967 
 531      6E30312E 
 531      63796473 
 531      6E00
 532              	.LASF16:
 533 0102 474E5520 		.ascii	"GNU C11 5.4.1 20160609 (release) [ARM/embedded-5-br"
 533      43313120 
 533      352E342E 
 533      31203230 
 533      31363036 
 534 0135 616E6368 		.ascii	"anch revision 237715] -mcpu=cortex-m0 -mthumb -g -O"
 534      20726576 
 534      6973696F 
 534      6E203233 
 534      37373135 
ARM GAS  C:\Users\User\AppData\Local\Temp\cc8s2RfV.s 			page 13


 535 0168 67202D66 		.ascii	"g -ffunction-sections -ffat-lto-objects\000"
 535      66756E63 
 535      74696F6E 
 535      2D736563 
 535      74696F6E 
 536              	.LASF6:
 537 0190 6C6F6E67 		.ascii	"long long int\000"
 537      206C6F6E 
 537      6720696E 
 537      7400
 538              	.LASF11:
 539 019e 63686172 		.ascii	"char\000"
 539      00
 540              	.LASF2:
 541 01a3 73686F72 		.ascii	"short int\000"
 541      7420696E 
 541      7400
 542              	.LASF19:
 543 01ad 75696E74 		.ascii	"uint8\000"
 543      3800
 544              	.LASF4:
 545 01b3 6C6F6E67 		.ascii	"long int\000"
 545      20696E74 
 545      00
 546              	.LASF22:
 547 01bc 70686173 		.ascii	"phaseMove\000"
 547      654D6F76 
 547      6500
 548              	.LASF0:
 549 01c6 7369676E 		.ascii	"signed char\000"
 549      65642063 
 549      68617200 
 550              		.ident	"GCC: (GNU Tools for ARM Embedded Processors) 5.4.1 20160609 (release) [ARM/embedded-5-bran
