ARM GAS  C:\Users\User\AppData\Local\Temp\cc6jjpyc.s 			page 1


   1              		.syntax unified
   2              		.cpu cortex-m0
   3              		.fpu softvfp
   4              		.eabi_attribute 20, 1
   5              		.eabi_attribute 21, 1
   6              		.eabi_attribute 23, 3
   7              		.eabi_attribute 24, 1
   8              		.eabi_attribute 25, 1
   9              		.eabi_attribute 26, 1
  10              		.eabi_attribute 30, 1
  11              		.eabi_attribute 34, 0
  12              		.eabi_attribute 18, 4
  13              		.thumb
  14              		.syntax unified
  15              		.file	"systemInit.c"
  16              		.text
  17              	.Ltext0:
  18              		.cfi_sections	.debug_frame
  19              		.section	.text.systemInit,"ax",%progbits
  20              		.align	2
  21              		.global	systemInit
  22              		.code	16
  23              		.thumb_func
  24              		.type	systemInit, %function
  25              	systemInit:
  26              	.LFB0:
  27              		.file 1 "systemInit.c"
   1:systemInit.c  **** /* ========================================
   2:systemInit.c  ****  *
   3:systemInit.c  ****  * Copyright YOUR COMPANY, THE YEAR
   4:systemInit.c  ****  * All Rights Reserved
   5:systemInit.c  ****  * UNPUBLISHED, LICENSED SOFTWARE.
   6:systemInit.c  ****  *
   7:systemInit.c  ****  * CONFIDENTIAL AND PROPRIETARY INFORMATION
   8:systemInit.c  ****  * WHICH IS THE PROPERTY OF your company.
   9:systemInit.c  ****  *
  10:systemInit.c  ****  * ========================================
  11:systemInit.c  **** */
  12:systemInit.c  **** #include <systemInit.h>
  13:systemInit.c  **** //#include <DIR_INPUT.h>
  14:systemInit.c  **** #include <PWM_1.h>
  15:systemInit.c  **** #include <PWM_2.h>
  16:systemInit.c  **** //#include <PWM1_Sine.h>
  17:systemInit.c  **** //#include <PWM2_Sine.h>
  18:systemInit.c  **** 
  19:systemInit.c  **** /* [] END OF FILE */
  20:systemInit.c  **** void systemInit (){
  28              		.loc 1 20 0
  29              		.cfi_startproc
  30              		@ args = 0, pretend = 0, frame = 0
  31              		@ frame_needed = 0, uses_anonymous_args = 0
  32 0000 10B5     		push	{r4, lr}
  33              		.cfi_def_cfa_offset 8
  34              		.cfi_offset 4, -8
  35              		.cfi_offset 14, -4
  21:systemInit.c  ****     currentStepA = 0;
  36              		.loc 1 21 0
ARM GAS  C:\Users\User\AppData\Local\Temp\cc6jjpyc.s 			page 2


  37 0002 0022     		movs	r2, #0
  38 0004 1A4B     		ldr	r3, .L4
  39 0006 1A70     		strb	r2, [r3]
  22:systemInit.c  ****     currentStepB = 16;
  40              		.loc 1 22 0
  41 0008 1023     		movs	r3, #16
  42 000a 1A4A     		ldr	r2, .L4+4
  43 000c 1370     		strb	r3, [r2]
  23:systemInit.c  ****     divider = 16;
  44              		.loc 1 23 0
  45 000e 1A4A     		ldr	r2, .L4+8
  46 0010 1370     		strb	r3, [r2]
  24:systemInit.c  ****     previousDivider = 16;
  47              		.loc 1 24 0
  48 0012 1A4A     		ldr	r2, .L4+12
  49 0014 1370     		strb	r3, [r2]
  25:systemInit.c  ****     FullScale = 16;
  50              		.loc 1 25 0
  51 0016 1A4A     		ldr	r2, .L4+16
  52 0018 1370     		strb	r3, [r2]
  26:systemInit.c  ****     step = 1;
  53              		.loc 1 26 0
  54 001a 0122     		movs	r2, #1
  55 001c 194B     		ldr	r3, .L4+20
  56 001e 1A70     		strb	r2, [r3]
  27:systemInit.c  ****     pwmA = sineTable[0];
  57              		.loc 1 27 0
  58 0020 194B     		ldr	r3, .L4+24
  59 0022 1878     		ldrb	r0, [r3]
  60 0024 194A     		ldr	r2, .L4+28
  61 0026 1070     		strb	r0, [r2]
  28:systemInit.c  ****     pwmB = sineTable[FullScale];
  62              		.loc 1 28 0
  63 0028 1A7C     		ldrb	r2, [r3, #16]
  64 002a 194B     		ldr	r3, .L4+32
  65 002c 1A70     		strb	r2, [r3]
  29:systemInit.c  ****     if (dirReg == 0 ){
  66              		.loc 1 29 0
  67 002e 194B     		ldr	r3, .L4+36
  68 0030 1B78     		ldrb	r3, [r3]
  69 0032 002B     		cmp	r3, #0
  70 0034 03D1     		bne	.L2
  30:systemInit.c  ****         phase = 0;
  71              		.loc 1 30 0
  72 0036 0022     		movs	r2, #0
  73 0038 174B     		ldr	r3, .L4+40
  74 003a 1A70     		strb	r2, [r3]
  75 003c 02E0     		b	.L3
  76              	.L2:
  31:systemInit.c  ****     }
  32:systemInit.c  ****     else{
  33:systemInit.c  ****         phase = 2;
  77              		.loc 1 33 0
  78 003e 0222     		movs	r2, #2
  79 0040 154B     		ldr	r3, .L4+40
  80 0042 1A70     		strb	r2, [r3]
  81              	.L3:
ARM GAS  C:\Users\User\AppData\Local\Temp\cc6jjpyc.s 			page 3


  34:systemInit.c  ****     }
  35:systemInit.c  ****     
  36:systemInit.c  ****     PWM_1_WriteCompare(pwmA);
  82              		.loc 1 36 0
  83 0044 FFF7FEFF 		bl	PWM_1_WriteCompare
  84              	.LVL0:
  37:systemInit.c  ****     PWM_2_WriteCompare(pwmB);
  85              		.loc 1 37 0
  86 0048 114B     		ldr	r3, .L4+32
  87 004a 1878     		ldrb	r0, [r3]
  88 004c FFF7FEFF 		bl	PWM_2_WriteCompare
  89              	.LVL1:
  38:systemInit.c  ****     Clock_PWM_Start(); 
  90              		.loc 1 38 0
  91 0050 FFF7FEFF 		bl	Clock_PWM_Start
  92              	.LVL2:
  39:systemInit.c  ****     //PWM_Sine_Start();
  40:systemInit.c  **** 	PWM_1_Start();
  93              		.loc 1 40 0
  94 0054 FFF7FEFF 		bl	PWM_1_Start
  95              	.LVL3:
  41:systemInit.c  **** 	PWM_2_Start();
  96              		.loc 1 41 0
  97 0058 FFF7FEFF 		bl	PWM_2_Start
  98              	.LVL4:
  42:systemInit.c  **** 	PWM_1_TriggerCommand (PWM_1_MASK, PWM_1_CMD_START);
  99              		.loc 1 42 0
 100 005c 1821     		movs	r1, #24
 101 005e 0820     		movs	r0, #8
 102 0060 FFF7FEFF 		bl	PWM_1_TriggerCommand
 103              	.LVL5:
  43:systemInit.c  **** 	PWM_2_TriggerCommand (PWM_2_MASK, PWM_2_CMD_START);	
 104              		.loc 1 43 0
 105 0064 1821     		movs	r1, #24
 106 0066 0120     		movs	r0, #1
 107 0068 FFF7FEFF 		bl	PWM_2_TriggerCommand
 108              	.LVL6:
  44:systemInit.c  **** 	//PWM2_Sine_Start();
  45:systemInit.c  **** }...
 109              		.loc 1 45 0
 110              		@ sp needed
 111 006c 10BD     		pop	{r4, pc}
 112              	.L5:
 113 006e C046     		.align	2
 114              	.L4:
 115 0070 00000000 		.word	currentStepA
 116 0074 00000000 		.word	currentStepB
 117 0078 00000000 		.word	divider
 118 007c 00000000 		.word	previousDivider
 119 0080 00000000 		.word	FullScale
 120 0084 00000000 		.word	step
 121 0088 00000000 		.word	sineTable
 122 008c 00000000 		.word	pwmA
 123 0090 00000000 		.word	pwmB
 124 0094 00000000 		.word	dirReg
 125 0098 00000000 		.word	phase
 126              		.cfi_endproc
ARM GAS  C:\Users\User\AppData\Local\Temp\cc6jjpyc.s 			page 4


 127              	.LFE0:
 128              		.size	systemInit, .-systemInit
 129              		.text
 130              	.Letext0:
 131              		.file 2 "Generated_Source\\PSoC4/cytypes.h"
 132              		.file 3 "./systemInit.h"
 133              		.file 4 "Generated_Source\\PSoC4/PWM_1.h"
 134              		.file 5 "Generated_Source\\PSoC4/PWM_2.h"
 135              		.file 6 "Generated_Source\\PSoC4/Clock_PWM.h"
 136              		.section	.debug_info,"",%progbits
 137              	.Ldebug_info0:
 138 0000 F3010000 		.4byte	0x1f3
 139 0004 0400     		.2byte	0x4
 140 0006 00000000 		.4byte	.Ldebug_abbrev0
 141 000a 04       		.byte	0x4
 142 000b 01       		.uleb128 0x1
 143 000c 38010000 		.4byte	.LASF34
 144 0010 0C       		.byte	0xc
 145 0011 1F020000 		.4byte	.LASF35
 146 0015 F8000000 		.4byte	.LASF36
 147 0019 00000000 		.4byte	.Ldebug_ranges0+0
 148 001d 00000000 		.4byte	0
 149 0021 00000000 		.4byte	.Ldebug_line0
 150 0025 02       		.uleb128 0x2
 151 0026 01       		.byte	0x1
 152 0027 06       		.byte	0x6
 153 0028 41020000 		.4byte	.LASF0
 154 002c 02       		.uleb128 0x2
 155 002d 01       		.byte	0x1
 156 002e 08       		.byte	0x8
 157 002f 72000000 		.4byte	.LASF1
 158 0033 02       		.uleb128 0x2
 159 0034 02       		.byte	0x2
 160 0035 05       		.byte	0x5
 161 0036 05020000 		.4byte	.LASF2
 162 003a 02       		.uleb128 0x2
 163 003b 02       		.byte	0x2
 164 003c 07       		.byte	0x7
 165 003d 26000000 		.4byte	.LASF3
 166 0041 02       		.uleb128 0x2
 167 0042 04       		.byte	0x4
 168 0043 05       		.byte	0x5
 169 0044 2C020000 		.4byte	.LASF4
 170 0048 02       		.uleb128 0x2
 171 0049 04       		.byte	0x4
 172 004a 07       		.byte	0x7
 173 004b 80000000 		.4byte	.LASF5
 174 004f 02       		.uleb128 0x2
 175 0050 08       		.byte	0x8
 176 0051 05       		.byte	0x5
 177 0052 E2010000 		.4byte	.LASF6
 178 0056 02       		.uleb128 0x2
 179 0057 08       		.byte	0x8
 180 0058 07       		.byte	0x7
 181 0059 E1000000 		.4byte	.LASF7
 182 005d 03       		.uleb128 0x3
 183 005e 04       		.byte	0x4
ARM GAS  C:\Users\User\AppData\Local\Temp\cc6jjpyc.s 			page 5


 184 005f 05       		.byte	0x5
 185 0060 696E7400 		.ascii	"int\000"
 186 0064 02       		.uleb128 0x2
 187 0065 04       		.byte	0x4
 188 0066 07       		.byte	0x7
 189 0067 D4000000 		.4byte	.LASF8
 190 006b 04       		.uleb128 0x4
 191 006c 92000000 		.4byte	.LASF9
 192 0070 02       		.byte	0x2
 193 0071 E401     		.2byte	0x1e4
 194 0073 2C000000 		.4byte	0x2c
 195 0077 04       		.uleb128 0x4
 196 0078 C3000000 		.4byte	.LASF10
 197 007c 02       		.byte	0x2
 198 007d E601     		.2byte	0x1e6
 199 007f 48000000 		.4byte	0x48
 200 0083 02       		.uleb128 0x2
 201 0084 04       		.byte	0x4
 202 0085 04       		.byte	0x4
 203 0086 6C000000 		.4byte	.LASF11
 204 008a 02       		.uleb128 0x2
 205 008b 08       		.byte	0x8
 206 008c 04       		.byte	0x4
 207 008d A6000000 		.4byte	.LASF12
 208 0091 02       		.uleb128 0x2
 209 0092 01       		.byte	0x1
 210 0093 08       		.byte	0x8
 211 0094 F0010000 		.4byte	.LASF13
 212 0098 02       		.uleb128 0x2
 213 0099 08       		.byte	0x8
 214 009a 04       		.byte	0x4
 215 009b 35020000 		.4byte	.LASF14
 216 009f 02       		.uleb128 0x2
 217 00a0 04       		.byte	0x4
 218 00a1 07       		.byte	0x7
 219 00a2 C6010000 		.4byte	.LASF15
 220 00a6 05       		.uleb128 0x5
 221 00a7 61000000 		.4byte	.LASF37
 222 00ab 01       		.byte	0x1
 223 00ac 14       		.byte	0x14
 224 00ad 00000000 		.4byte	.LFB0
 225 00b1 9C000000 		.4byte	.LFE0-.LFB0
 226 00b5 01       		.uleb128 0x1
 227 00b6 9C       		.byte	0x9c
 228 00b7 15010000 		.4byte	0x115
 229 00bb 06       		.uleb128 0x6
 230 00bc 48000000 		.4byte	.LVL0
 231 00c0 A3010000 		.4byte	0x1a3
 232 00c4 06       		.uleb128 0x6
 233 00c5 50000000 		.4byte	.LVL1
 234 00c9 AF010000 		.4byte	0x1af
 235 00cd 06       		.uleb128 0x6
 236 00ce 54000000 		.4byte	.LVL2
 237 00d2 BB010000 		.4byte	0x1bb
 238 00d6 06       		.uleb128 0x6
 239 00d7 58000000 		.4byte	.LVL3
 240 00db C6010000 		.4byte	0x1c6
ARM GAS  C:\Users\User\AppData\Local\Temp\cc6jjpyc.s 			page 6


 241 00df 06       		.uleb128 0x6
 242 00e0 5C000000 		.4byte	.LVL4
 243 00e4 D2010000 		.4byte	0x1d2
 244 00e8 07       		.uleb128 0x7
 245 00e9 64000000 		.4byte	.LVL5
 246 00ed DE010000 		.4byte	0x1de
 247 00f1 00010000 		.4byte	0x100
 248 00f5 08       		.uleb128 0x8
 249 00f6 01       		.uleb128 0x1
 250 00f7 50       		.byte	0x50
 251 00f8 01       		.uleb128 0x1
 252 00f9 38       		.byte	0x38
 253 00fa 08       		.uleb128 0x8
 254 00fb 01       		.uleb128 0x1
 255 00fc 51       		.byte	0x51
 256 00fd 01       		.uleb128 0x1
 257 00fe 48       		.byte	0x48
 258 00ff 00       		.byte	0
 259 0100 09       		.uleb128 0x9
 260 0101 6C000000 		.4byte	.LVL6
 261 0105 EA010000 		.4byte	0x1ea
 262 0109 08       		.uleb128 0x8
 263 010a 01       		.uleb128 0x1
 264 010b 50       		.byte	0x50
 265 010c 01       		.uleb128 0x1
 266 010d 31       		.byte	0x31
 267 010e 08       		.uleb128 0x8
 268 010f 01       		.uleb128 0x1
 269 0110 51       		.byte	0x51
 270 0111 01       		.uleb128 0x1
 271 0112 48       		.byte	0x48
 272 0113 00       		.byte	0
 273 0114 00       		.byte	0
 274 0115 0A       		.uleb128 0xa
 275 0116 00000000 		.4byte	.LASF16
 276 011a 03       		.byte	0x3
 277 011b 0F       		.byte	0xf
 278 011c 6B000000 		.4byte	0x6b
 279 0120 0A       		.uleb128 0xa
 280 0121 0D000000 		.4byte	.LASF17
 281 0125 03       		.byte	0x3
 282 0126 10       		.byte	0x10
 283 0127 6B000000 		.4byte	0x6b
 284 012b 0A       		.uleb128 0xa
 285 012c 98000000 		.4byte	.LASF18
 286 0130 03       		.byte	0x3
 287 0131 11       		.byte	0x11
 288 0132 6B000000 		.4byte	0x6b
 289 0136 0A       		.uleb128 0xa
 290 0137 0F020000 		.4byte	.LASF19
 291 013b 03       		.byte	0x3
 292 013c 12       		.byte	0x12
 293 013d 6B000000 		.4byte	0x6b
 294 0141 0A       		.uleb128 0xa
 295 0142 CA000000 		.4byte	.LASF20
 296 0146 03       		.byte	0x3
 297 0147 13       		.byte	0x13
ARM GAS  C:\Users\User\AppData\Local\Temp\cc6jjpyc.s 			page 7


 298 0148 6B000000 		.4byte	0x6b
 299 014c 0A       		.uleb128 0xa
 300 014d 1A000000 		.4byte	.LASF21
 301 0151 03       		.byte	0x3
 302 0152 14       		.byte	0x14
 303 0153 6B000000 		.4byte	0x6b
 304 0157 0A       		.uleb128 0xa
 305 0158 A0000000 		.4byte	.LASF22
 306 015c 03       		.byte	0x3
 307 015d 15       		.byte	0x15
 308 015e 6B000000 		.4byte	0x6b
 309 0162 0A       		.uleb128 0xa
 310 0163 B9000000 		.4byte	.LASF23
 311 0167 03       		.byte	0x3
 312 0168 16       		.byte	0x16
 313 0169 6B000000 		.4byte	0x6b
 314 016d 0A       		.uleb128 0xa
 315 016e BE000000 		.4byte	.LASF24
 316 0172 03       		.byte	0x3
 317 0173 17       		.byte	0x17
 318 0174 6B000000 		.4byte	0x6b
 319 0178 0A       		.uleb128 0xa
 320 0179 1F000000 		.4byte	.LASF25
 321 017d 03       		.byte	0x3
 322 017e 18       		.byte	0x18
 323 017f 6B000000 		.4byte	0x6b
 324 0183 0B       		.uleb128 0xb
 325 0184 8E010000 		.4byte	0x18e
 326 0188 8E010000 		.4byte	0x18e
 327 018c 0C       		.uleb128 0xc
 328 018d 00       		.byte	0
 329 018e 0D       		.uleb128 0xd
 330 018f 6B000000 		.4byte	0x6b
 331 0193 0A       		.uleb128 0xa
 332 0194 62020000 		.4byte	.LASF26
 333 0198 03       		.byte	0x3
 334 0199 19       		.byte	0x19
 335 019a 9E010000 		.4byte	0x19e
 336 019e 0D       		.uleb128 0xd
 337 019f 83010000 		.4byte	0x183
 338 01a3 0E       		.uleb128 0xe
 339 01a4 CF010000 		.4byte	.LASF27
 340 01a8 CF010000 		.4byte	.LASF27
 341 01ac 04       		.byte	0x4
 342 01ad 5501     		.2byte	0x155
 343 01af 0E       		.uleb128 0xe
 344 01b0 4E000000 		.4byte	.LASF28
 345 01b4 4E000000 		.4byte	.LASF28
 346 01b8 05       		.byte	0x5
 347 01b9 5501     		.2byte	0x155
 348 01bb 0F       		.uleb128 0xf
 349 01bc F5010000 		.4byte	.LASF29
 350 01c0 F5010000 		.4byte	.LASF29
 351 01c4 06       		.byte	0x6
 352 01c5 23       		.byte	0x23
 353 01c6 0E       		.uleb128 0xe
 354 01c7 6C020000 		.4byte	.LASF30
ARM GAS  C:\Users\User\AppData\Local\Temp\cc6jjpyc.s 			page 8


 355 01cb 6C020000 		.4byte	.LASF30
 356 01cf 04       		.byte	0x4
 357 01d0 3201     		.2byte	0x132
 358 01d2 0E       		.uleb128 0xe
 359 01d3 AD000000 		.4byte	.LASF31
 360 01d7 AD000000 		.4byte	.LASF31
 361 01db 05       		.byte	0x5
 362 01dc 3201     		.2byte	0x132
 363 01de 0E       		.uleb128 0xe
 364 01df 39000000 		.4byte	.LASF32
 365 01e3 39000000 		.4byte	.LASF32
 366 01e7 04       		.byte	0x4
 367 01e8 3B01     		.2byte	0x13b
 368 01ea 0E       		.uleb128 0xe
 369 01eb 4D020000 		.4byte	.LASF33
 370 01ef 4D020000 		.4byte	.LASF33
 371 01f3 05       		.byte	0x5
 372 01f4 3B01     		.2byte	0x13b
 373 01f6 00       		.byte	0
 374              		.section	.debug_abbrev,"",%progbits
 375              	.Ldebug_abbrev0:
 376 0000 01       		.uleb128 0x1
 377 0001 11       		.uleb128 0x11
 378 0002 01       		.byte	0x1
 379 0003 25       		.uleb128 0x25
 380 0004 0E       		.uleb128 0xe
 381 0005 13       		.uleb128 0x13
 382 0006 0B       		.uleb128 0xb
 383 0007 03       		.uleb128 0x3
 384 0008 0E       		.uleb128 0xe
 385 0009 1B       		.uleb128 0x1b
 386 000a 0E       		.uleb128 0xe
 387 000b 55       		.uleb128 0x55
 388 000c 17       		.uleb128 0x17
 389 000d 11       		.uleb128 0x11
 390 000e 01       		.uleb128 0x1
 391 000f 10       		.uleb128 0x10
 392 0010 17       		.uleb128 0x17
 393 0011 00       		.byte	0
 394 0012 00       		.byte	0
 395 0013 02       		.uleb128 0x2
 396 0014 24       		.uleb128 0x24
 397 0015 00       		.byte	0
 398 0016 0B       		.uleb128 0xb
 399 0017 0B       		.uleb128 0xb
 400 0018 3E       		.uleb128 0x3e
 401 0019 0B       		.uleb128 0xb
 402 001a 03       		.uleb128 0x3
 403 001b 0E       		.uleb128 0xe
 404 001c 00       		.byte	0
 405 001d 00       		.byte	0
 406 001e 03       		.uleb128 0x3
 407 001f 24       		.uleb128 0x24
 408 0020 00       		.byte	0
 409 0021 0B       		.uleb128 0xb
 410 0022 0B       		.uleb128 0xb
 411 0023 3E       		.uleb128 0x3e
ARM GAS  C:\Users\User\AppData\Local\Temp\cc6jjpyc.s 			page 9


 412 0024 0B       		.uleb128 0xb
 413 0025 03       		.uleb128 0x3
 414 0026 08       		.uleb128 0x8
 415 0027 00       		.byte	0
 416 0028 00       		.byte	0
 417 0029 04       		.uleb128 0x4
 418 002a 16       		.uleb128 0x16
 419 002b 00       		.byte	0
 420 002c 03       		.uleb128 0x3
 421 002d 0E       		.uleb128 0xe
 422 002e 3A       		.uleb128 0x3a
 423 002f 0B       		.uleb128 0xb
 424 0030 3B       		.uleb128 0x3b
 425 0031 05       		.uleb128 0x5
 426 0032 49       		.uleb128 0x49
 427 0033 13       		.uleb128 0x13
 428 0034 00       		.byte	0
 429 0035 00       		.byte	0
 430 0036 05       		.uleb128 0x5
 431 0037 2E       		.uleb128 0x2e
 432 0038 01       		.byte	0x1
 433 0039 3F       		.uleb128 0x3f
 434 003a 19       		.uleb128 0x19
 435 003b 03       		.uleb128 0x3
 436 003c 0E       		.uleb128 0xe
 437 003d 3A       		.uleb128 0x3a
 438 003e 0B       		.uleb128 0xb
 439 003f 3B       		.uleb128 0x3b
 440 0040 0B       		.uleb128 0xb
 441 0041 11       		.uleb128 0x11
 442 0042 01       		.uleb128 0x1
 443 0043 12       		.uleb128 0x12
 444 0044 06       		.uleb128 0x6
 445 0045 40       		.uleb128 0x40
 446 0046 18       		.uleb128 0x18
 447 0047 9742     		.uleb128 0x2117
 448 0049 19       		.uleb128 0x19
 449 004a 01       		.uleb128 0x1
 450 004b 13       		.uleb128 0x13
 451 004c 00       		.byte	0
 452 004d 00       		.byte	0
 453 004e 06       		.uleb128 0x6
 454 004f 898201   		.uleb128 0x4109
 455 0052 00       		.byte	0
 456 0053 11       		.uleb128 0x11
 457 0054 01       		.uleb128 0x1
 458 0055 31       		.uleb128 0x31
 459 0056 13       		.uleb128 0x13
 460 0057 00       		.byte	0
 461 0058 00       		.byte	0
 462 0059 07       		.uleb128 0x7
 463 005a 898201   		.uleb128 0x4109
 464 005d 01       		.byte	0x1
 465 005e 11       		.uleb128 0x11
 466 005f 01       		.uleb128 0x1
 467 0060 31       		.uleb128 0x31
 468 0061 13       		.uleb128 0x13
ARM GAS  C:\Users\User\AppData\Local\Temp\cc6jjpyc.s 			page 10


 469 0062 01       		.uleb128 0x1
 470 0063 13       		.uleb128 0x13
 471 0064 00       		.byte	0
 472 0065 00       		.byte	0
 473 0066 08       		.uleb128 0x8
 474 0067 8A8201   		.uleb128 0x410a
 475 006a 00       		.byte	0
 476 006b 02       		.uleb128 0x2
 477 006c 18       		.uleb128 0x18
 478 006d 9142     		.uleb128 0x2111
 479 006f 18       		.uleb128 0x18
 480 0070 00       		.byte	0
 481 0071 00       		.byte	0
 482 0072 09       		.uleb128 0x9
 483 0073 898201   		.uleb128 0x4109
 484 0076 01       		.byte	0x1
 485 0077 11       		.uleb128 0x11
 486 0078 01       		.uleb128 0x1
 487 0079 31       		.uleb128 0x31
 488 007a 13       		.uleb128 0x13
 489 007b 00       		.byte	0
 490 007c 00       		.byte	0
 491 007d 0A       		.uleb128 0xa
 492 007e 34       		.uleb128 0x34
 493 007f 00       		.byte	0
 494 0080 03       		.uleb128 0x3
 495 0081 0E       		.uleb128 0xe
 496 0082 3A       		.uleb128 0x3a
 497 0083 0B       		.uleb128 0xb
 498 0084 3B       		.uleb128 0x3b
 499 0085 0B       		.uleb128 0xb
 500 0086 49       		.uleb128 0x49
 501 0087 13       		.uleb128 0x13
 502 0088 3F       		.uleb128 0x3f
 503 0089 19       		.uleb128 0x19
 504 008a 3C       		.uleb128 0x3c
 505 008b 19       		.uleb128 0x19
 506 008c 00       		.byte	0
 507 008d 00       		.byte	0
 508 008e 0B       		.uleb128 0xb
 509 008f 01       		.uleb128 0x1
 510 0090 01       		.byte	0x1
 511 0091 49       		.uleb128 0x49
 512 0092 13       		.uleb128 0x13
 513 0093 01       		.uleb128 0x1
 514 0094 13       		.uleb128 0x13
 515 0095 00       		.byte	0
 516 0096 00       		.byte	0
 517 0097 0C       		.uleb128 0xc
 518 0098 21       		.uleb128 0x21
 519 0099 00       		.byte	0
 520 009a 00       		.byte	0
 521 009b 00       		.byte	0
 522 009c 0D       		.uleb128 0xd
 523 009d 26       		.uleb128 0x26
 524 009e 00       		.byte	0
 525 009f 49       		.uleb128 0x49
ARM GAS  C:\Users\User\AppData\Local\Temp\cc6jjpyc.s 			page 11


 526 00a0 13       		.uleb128 0x13
 527 00a1 00       		.byte	0
 528 00a2 00       		.byte	0
 529 00a3 0E       		.uleb128 0xe
 530 00a4 2E       		.uleb128 0x2e
 531 00a5 00       		.byte	0
 532 00a6 3F       		.uleb128 0x3f
 533 00a7 19       		.uleb128 0x19
 534 00a8 3C       		.uleb128 0x3c
 535 00a9 19       		.uleb128 0x19
 536 00aa 6E       		.uleb128 0x6e
 537 00ab 0E       		.uleb128 0xe
 538 00ac 03       		.uleb128 0x3
 539 00ad 0E       		.uleb128 0xe
 540 00ae 3A       		.uleb128 0x3a
 541 00af 0B       		.uleb128 0xb
 542 00b0 3B       		.uleb128 0x3b
 543 00b1 05       		.uleb128 0x5
 544 00b2 00       		.byte	0
 545 00b3 00       		.byte	0
 546 00b4 0F       		.uleb128 0xf
 547 00b5 2E       		.uleb128 0x2e
 548 00b6 00       		.byte	0
 549 00b7 3F       		.uleb128 0x3f
 550 00b8 19       		.uleb128 0x19
 551 00b9 3C       		.uleb128 0x3c
 552 00ba 19       		.uleb128 0x19
 553 00bb 6E       		.uleb128 0x6e
 554 00bc 0E       		.uleb128 0xe
 555 00bd 03       		.uleb128 0x3
 556 00be 0E       		.uleb128 0xe
 557 00bf 3A       		.uleb128 0x3a
 558 00c0 0B       		.uleb128 0xb
 559 00c1 3B       		.uleb128 0x3b
 560 00c2 0B       		.uleb128 0xb
 561 00c3 00       		.byte	0
 562 00c4 00       		.byte	0
 563 00c5 00       		.byte	0
 564              		.section	.debug_aranges,"",%progbits
 565 0000 1C000000 		.4byte	0x1c
 566 0004 0200     		.2byte	0x2
 567 0006 00000000 		.4byte	.Ldebug_info0
 568 000a 04       		.byte	0x4
 569 000b 00       		.byte	0
 570 000c 0000     		.2byte	0
 571 000e 0000     		.2byte	0
 572 0010 00000000 		.4byte	.LFB0
 573 0014 9C000000 		.4byte	.LFE0-.LFB0
 574 0018 00000000 		.4byte	0
 575 001c 00000000 		.4byte	0
 576              		.section	.debug_ranges,"",%progbits
 577              	.Ldebug_ranges0:
 578 0000 00000000 		.4byte	.LFB0
 579 0004 9C000000 		.4byte	.LFE0
 580 0008 00000000 		.4byte	0
 581 000c 00000000 		.4byte	0
 582              		.section	.debug_line,"",%progbits
ARM GAS  C:\Users\User\AppData\Local\Temp\cc6jjpyc.s 			page 12


 583              	.Ldebug_line0:
 584 0000 A6000000 		.section	.debug_str,"MS",%progbits,1
 584      02007E00 
 584      00000201 
 584      FB0E0D00 
 584      01010101 
 585              	.LASF16:
 586 0000 63757272 		.ascii	"currentStepA\000"
 586      656E7453 
 586      74657041 
 586      00
 587              	.LASF17:
 588 000d 63757272 		.ascii	"currentStepB\000"
 588      656E7453 
 588      74657042 
 588      00
 589              	.LASF21:
 590 001a 73746570 		.ascii	"step\000"
 590      00
 591              	.LASF25:
 592 001f 64697252 		.ascii	"dirReg\000"
 592      656700
 593              	.LASF3:
 594 0026 73686F72 		.ascii	"short unsigned int\000"
 594      7420756E 
 594      7369676E 
 594      65642069 
 594      6E7400
 595              	.LASF32:
 596 0039 50574D5F 		.ascii	"PWM_1_TriggerCommand\000"
 596      315F5472 
 596      69676765 
 596      72436F6D 
 596      6D616E64 
 597              	.LASF28:
 598 004e 50574D5F 		.ascii	"PWM_2_WriteCompare\000"
 598      325F5772 
 598      69746543 
 598      6F6D7061 
 598      726500
 599              	.LASF37:
 600 0061 73797374 		.ascii	"systemInit\000"
 600      656D496E 
 600      697400
 601              	.LASF11:
 602 006c 666C6F61 		.ascii	"float\000"
 602      7400
 603              	.LASF1:
 604 0072 756E7369 		.ascii	"unsigned char\000"
 604      676E6564 
 604      20636861 
 604      7200
 605              	.LASF5:
 606 0080 6C6F6E67 		.ascii	"long unsigned int\000"
 606      20756E73 
 606      69676E65 
 606      6420696E 
ARM GAS  C:\Users\User\AppData\Local\Temp\cc6jjpyc.s 			page 13


 606      7400
 607              	.LASF9:
 608 0092 75696E74 		.ascii	"uint8\000"
 608      3800
 609              	.LASF18:
 610 0098 64697669 		.ascii	"divider\000"
 610      64657200 
 611              	.LASF22:
 612 00a0 70686173 		.ascii	"phase\000"
 612      6500
 613              	.LASF12:
 614 00a6 646F7562 		.ascii	"double\000"
 614      6C6500
 615              	.LASF31:
 616 00ad 50574D5F 		.ascii	"PWM_2_Start\000"
 616      325F5374 
 616      61727400 
 617              	.LASF23:
 618 00b9 70776D41 		.ascii	"pwmA\000"
 618      00
 619              	.LASF24:
 620 00be 70776D42 		.ascii	"pwmB\000"
 620      00
 621              	.LASF10:
 622 00c3 75696E74 		.ascii	"uint32\000"
 622      333200
 623              	.LASF20:
 624 00ca 46756C6C 		.ascii	"FullScale\000"
 624      5363616C 
 624      6500
 625              	.LASF8:
 626 00d4 756E7369 		.ascii	"unsigned int\000"
 626      676E6564 
 626      20696E74 
 626      00
 627              	.LASF7:
 628 00e1 6C6F6E67 		.ascii	"long long unsigned int\000"
 628      206C6F6E 
 628      6720756E 
 628      7369676E 
 628      65642069 
 629              	.LASF36:
 630 00f8 433A5C55 		.ascii	"C:\\Users\\User\\Documents\\PSoC Creator\\Workspace"
 630      73657273 
 630      5C557365 
 630      725C446F 
 630      63756D65 
 631 0126 30365C44 		.ascii	"06\\Design01.cydsn\000"
 631      65736967 
 631      6E30312E 
 631      63796473 
 631      6E00
 632              	.LASF34:
 633 0138 474E5520 		.ascii	"GNU C11 5.4.1 20160609 (release) [ARM/embedded-5-br"
 633      43313120 
 633      352E342E 
 633      31203230 
ARM GAS  C:\Users\User\AppData\Local\Temp\cc6jjpyc.s 			page 14


 633      31363036 
 634 016b 616E6368 		.ascii	"anch revision 237715] -mcpu=cortex-m0 -mthumb -g -O"
 634      20726576 
 634      6973696F 
 634      6E203233 
 634      37373135 
 635 019e 67202D66 		.ascii	"g -ffunction-sections -ffat-lto-objects\000"
 635      66756E63 
 635      74696F6E 
 635      2D736563 
 635      74696F6E 
 636              	.LASF15:
 637 01c6 73697A65 		.ascii	"sizetype\000"
 637      74797065 
 637      00
 638              	.LASF27:
 639 01cf 50574D5F 		.ascii	"PWM_1_WriteCompare\000"
 639      315F5772 
 639      69746543 
 639      6F6D7061 
 639      726500
 640              	.LASF6:
 641 01e2 6C6F6E67 		.ascii	"long long int\000"
 641      206C6F6E 
 641      6720696E 
 641      7400
 642              	.LASF13:
 643 01f0 63686172 		.ascii	"char\000"
 643      00
 644              	.LASF29:
 645 01f5 436C6F63 		.ascii	"Clock_PWM_Start\000"
 645      6B5F5057 
 645      4D5F5374 
 645      61727400 
 646              	.LASF2:
 647 0205 73686F72 		.ascii	"short int\000"
 647      7420696E 
 647      7400
 648              	.LASF19:
 649 020f 70726576 		.ascii	"previousDivider\000"
 649      696F7573 
 649      44697669 
 649      64657200 
 650              	.LASF35:
 651 021f 73797374 		.ascii	"systemInit.c\000"
 651      656D496E 
 651      69742E63 
 651      00
 652              	.LASF4:
 653 022c 6C6F6E67 		.ascii	"long int\000"
 653      20696E74 
 653      00
 654              	.LASF14:
 655 0235 6C6F6E67 		.ascii	"long double\000"
 655      20646F75 
 655      626C6500 
 656              	.LASF0:
ARM GAS  C:\Users\User\AppData\Local\Temp\cc6jjpyc.s 			page 15


 657 0241 7369676E 		.ascii	"signed char\000"
 657      65642063 
 657      68617200 
 658              	.LASF33:
 659 024d 50574D5F 		.ascii	"PWM_2_TriggerCommand\000"
 659      325F5472 
 659      69676765 
 659      72436F6D 
 659      6D616E64 
 660              	.LASF26:
 661 0262 73696E65 		.ascii	"sineTable\000"
 661      5461626C 
 661      6500
 662              	.LASF30:
 663 026c 50574D5F 		.ascii	"PWM_1_Start\000"
 663      315F5374 
 663      61727400 
 664              		.ident	"GCC: (GNU Tools for ARM Embedded Processors) 5.4.1 20160609 (release) [ARM/embedded-5-bran
